 
****************************************
Report : area
Design : MyDesign
Version: P-2019.03-SP1
Date   : Tue Nov  9 03:29:22 2021
****************************************

Library(s) Used:

    NangateOpenCellLibrary_PDKv1_2_v2008_10_slow_nldm (File: /afs/eos.ncsu.edu/lockers/research/ece/wdavis/tech/nangate/NangateOpenCellLibrary_PDKv1_2_v2008_10/liberty/520/NangateOpenCellLibrary_PDKv1_2_v2008_10_slow_nldm.db)

Number of ports:                           89
Number of nets:                          1117
Number of cells:                         1035
Number of combinational cells:            804
Number of sequential cells:               205
Number of macros/black boxes:               0
Number of buf/inv:                        245
Number of references:                      45

Combinational area:                830.717992
Buf/Inv area:                      132.202001
Noncombinational area:            1030.484014
Macro/Black Box area:                0.000000
Net Interconnect area:      undefined  (No wire load specified)

Total cell area:                  1861.202006
Total area:                 undefined
1
