 
****************************************
Report : timing
        -path full
        -delay max
        -max_paths 1
Design : MyDesign
Version: P-2019.03-SP1
Date   : Tue Nov  9 06:26:59 2021
****************************************

Operating Conditions: slow   Library: NangateOpenCellLibrary_PDKv1_2_v2008_10_slow_nldm
Wire Load Model Mode: top

  Startpoint: row1_reg[13]
              (rising edge-triggered flip-flop clocked by clk)
  Endpoint: dut_sram_write_data_reg[11]
            (rising edge-triggered flip-flop clocked by clk)
  Path Group: clk
  Path Type: max

  Point                                                   Incr       Path
  --------------------------------------------------------------------------
  clock clk (rise edge)                                 0.0000     0.0000
  clock network delay (ideal)                           0.0000     0.0000
  row1_reg[13]/CK (DFF_X1)                              0.0000     0.0000 r
  row1_reg[13]/Q (DFF_X1)                               0.5831     0.5831 f
  U954/ZN (XNOR2_X2)                                    0.3044     0.8875 f
  U947/ZN (XNOR2_X2)                                    0.2573     1.1448 f
  U941/ZN (XNOR2_X2)                                    0.2624     1.4072 f
  U797/ZN (NOR2_X1)                                     0.2583     1.6656 r
  U794/ZN (NAND3_X2)                                    0.0833     1.7489 f
  U793/ZN (NAND2_X2)                                    0.1428     1.8917 r
  U499/ZN (INV_X4)                                      0.0354     1.9272 f
  U1085/ZN (AOI21_X2)                                   0.1445     2.0717 r
  dut_sram_write_data_reg[11]/D (DFF_X2)                0.0000     2.0717 r
  data arrival time                                                2.0717

  clock clk (rise edge)                                 2.2400     2.2400
  clock network delay (ideal)                           0.0000     2.2400
  clock uncertainty                                    -0.0500     2.1900
  dut_sram_write_data_reg[11]/CK (DFF_X2)               0.0000     2.1900 r
  library setup time                                   -0.2297     1.9603
  data required time                                               1.9603
  --------------------------------------------------------------------------
  data required time                                               1.9603
  data arrival time                                               -2.0717
  --------------------------------------------------------------------------
  slack (VIOLATED)                                                -0.1113


1
