 
****************************************
Report : area
Design : MyDesign
Version: R-2020.09
Date   : Mon Nov 15 19:34:48 2021
****************************************

Library(s) Used:

    NangateOpenCellLibrary_PDKv1_2_v2008_10_slow_nldm (File: /afs/eos.ncsu.edu/lockers/research/ece/wdavis/tech/nangate/NangateOpenCellLibrary_PDKv1_2_v2008_10/liberty/520/NangateOpenCellLibrary_PDKv1_2_v2008_10_slow_nldm.db)

Number of ports:                           89
Number of nets:                          1056
Number of cells:                          968
Number of combinational cells:            769
Number of sequential cells:               173
Number of macros/black boxes:               0
Number of buf/inv:                        175
Number of references:                      42

Combinational area:                820.343991
Buf/Inv area:                       94.430001
Noncombinational area:             879.130014
Macro/Black Box area:                0.000000
Net Interconnect area:      undefined  (No wire load specified)

Total cell area:                  1699.474005
Total area:                 undefined
1
