 
****************************************
Report : area
Design : MyDesign
Version: P-2019.03-SP1
Date   : Thu Nov 11 00:50:37 2021
****************************************

Library(s) Used:

    NangateOpenCellLibrary_PDKv1_2_v2008_10_slow_nldm (File: /afs/eos.ncsu.edu/lockers/research/ece/wdavis/tech/nangate/NangateOpenCellLibrary_PDKv1_2_v2008_10/liberty/520/NangateOpenCellLibrary_PDKv1_2_v2008_10_slow_nldm.db)

Number of ports:                           89
Number of nets:                           999
Number of cells:                          927
Number of combinational cells:            754
Number of sequential cells:               147
Number of macros/black boxes:               0
Number of buf/inv:                        157
Number of references:                      41

Combinational area:                805.979991
Buf/Inv area:                       85.918001
Noncombinational area:             742.140009
Macro/Black Box area:                0.000000
Net Interconnect area:      undefined  (No wire load specified)

Total cell area:                  1548.120000
Total area:                 undefined
1
