Information: Updating design information... (UID-85)
 
****************************************
Report : timing
        -path full
        -delay max
        -max_paths 1
Design : MyDesign
Version: P-2019.03-SP1
Date   : Thu Nov 11 01:49:33 2021
****************************************

Operating Conditions: slow   Library: NangateOpenCellLibrary_PDKv1_2_v2008_10_slow_nldm
Wire Load Model Mode: top

  Startpoint: flag_last_reg
              (rising edge-triggered flip-flop clocked by clk)
  Endpoint: R_6 (rising edge-triggered flip-flop clocked by clk)
  Path Group: clk
  Path Type: max

  Point                                    Incr       Path
  -----------------------------------------------------------
  clock clk (rise edge)                  0.0000     0.0000
  clock network delay (ideal)            0.0000     0.0000
  flag_last_reg/CK (DFF_X2)              0.0000     0.0000 r
  flag_last_reg/Q (DFF_X2)               0.6048     0.6048 f
  U1041/ZN (NOR3_X2)                     0.3115     0.9163 r
  U940/ZN (NAND3_X1)                     0.1086     1.0249 f
  U1017/ZN (NAND2_X2)                    0.1681     1.1931 r
  U1015/ZN (NAND2_X2)                    0.0869     1.2800 f
  U547/ZN (NAND2_X2)                     0.1388     1.4188 r
  U881/ZN (NOR2_X2)                      0.0843     1.5031 f
  U967/ZN (NOR3_X1)                      0.2122     1.7153 r
  U1045/ZN (OAI22_X1)                    0.1518     1.8671 f
  R_6/D (DFFS_X2)                        0.0000     1.8671 f
  data arrival time                                 1.8671

  clock clk (rise edge)                  2.4330     2.4330
  clock network delay (ideal)            0.0000     2.4330
  clock uncertainty                     -0.0500     2.3830
  R_6/CK (DFFS_X2)                       0.0000     2.3830 r
  library setup time                    -0.5129     1.8701
  data required time                                1.8701
  -----------------------------------------------------------
  data required time                                1.8701
  data arrival time                                -1.8671
  -----------------------------------------------------------
  slack (MET)                                       0.0030


1
