 
****************************************
Report : area
Design : MyDesign
Version: P-2019.03-SP1
Date   : Tue Nov  9 06:00:19 2021
****************************************

Library(s) Used:

    NangateOpenCellLibrary_PDKv1_2_v2008_10_slow_nldm (File: /afs/eos.ncsu.edu/lockers/research/ece/wdavis/tech/nangate/NangateOpenCellLibrary_PDKv1_2_v2008_10/liberty/520/NangateOpenCellLibrary_PDKv1_2_v2008_10_slow_nldm.db)

Number of ports:                           89
Number of nets:                          1021
Number of cells:                          941
Number of combinational cells:            791
Number of sequential cells:               122
Number of macros/black boxes:               0
Number of buf/inv:                        188
Number of references:                      45

Combinational area:                828.855991
Buf/Inv area:                      102.410001
Noncombinational area:             627.760006
Macro/Black Box area:                0.000000
Net Interconnect area:      undefined  (No wire load specified)

Total cell area:                  1456.615998
Total area:                 undefined
1
