 
****************************************
Report : area
Design : MyDesign
Version: P-2019.03-SP1
Date   : Tue Nov  9 04:18:01 2021
****************************************

Library(s) Used:

    NangateOpenCellLibrary_PDKv1_2_v2008_10_slow_nldm (File: /afs/eos.ncsu.edu/lockers/research/ece/wdavis/tech/nangate/NangateOpenCellLibrary_PDKv1_2_v2008_10/liberty/520/NangateOpenCellLibrary_PDKv1_2_v2008_10_slow_nldm.db)

Number of ports:                           89
Number of nets:                          1132
Number of cells:                         1053
Number of combinational cells:            792
Number of sequential cells:               234
Number of macros/black boxes:               0
Number of buf/inv:                        234
Number of references:                      47

Combinational area:                824.599992
Buf/Inv area:                      126.350001
Noncombinational area:            1184.232014
Macro/Black Box area:                0.000000
Net Interconnect area:      undefined  (No wire load specified)

Total cell area:                  2008.832006
Total area:                 undefined
1
