 
****************************************
Report : area
Design : MyDesign
Version: P-2019.03-SP1
Date   : Tue Nov  9 06:20:19 2021
****************************************

Library(s) Used:

    NangateOpenCellLibrary_PDKv1_2_v2008_10_slow_nldm (File: /afs/eos.ncsu.edu/lockers/research/ece/wdavis/tech/nangate/NangateOpenCellLibrary_PDKv1_2_v2008_10/liberty/520/NangateOpenCellLibrary_PDKv1_2_v2008_10_slow_nldm.db)

Number of ports:                           89
Number of nets:                          1039
Number of cells:                          958
Number of combinational cells:            818
Number of sequential cells:               108
Number of macros/black boxes:               0
Number of buf/inv:                        198
Number of references:                      51

Combinational area:                844.283990
Buf/Inv area:                      109.858001
Noncombinational area:             562.058006
Macro/Black Box area:                0.000000
Net Interconnect area:      undefined  (No wire load specified)

Total cell area:                  1406.341995
Total area:                 undefined
1
