 
****************************************
Report : timing
        -path full
        -delay max
        -max_paths 1
Design : MyDesign
Version: P-2019.03-SP1
Date   : Tue Nov  9 06:20:19 2021
****************************************

Operating Conditions: slow   Library: NangateOpenCellLibrary_PDKv1_2_v2008_10_slow_nldm
Wire Load Model Mode: top

  Startpoint: weight_reg[2]
              (rising edge-triggered flip-flop clocked by clk)
  Endpoint: dut_sram_write_data_reg[12]
            (rising edge-triggered flip-flop clocked by clk)
  Path Group: clk
  Path Type: max

  Point                                                   Incr       Path
  --------------------------------------------------------------------------
  clock clk (rise edge)                                 0.0000     0.0000
  clock network delay (ideal)                           0.0000     0.0000
  weight_reg[2]/CK (DFFR_X2)                            0.0000     0.0000 r
  weight_reg[2]/Q (DFFR_X2)                             0.6928     0.6928 f
  U986/ZN (XNOR2_X2)                                    0.2632     0.9560 r
  U1033/ZN (XNOR2_X2)                                   0.3272     1.2832 r
  U911/ZN (XNOR2_X2)                                    0.3220     1.6052 r
  U657/ZN (NAND3_X2)                                    0.1062     1.7114 f
  U1053/ZN (OAI21_X2)                                   0.1994     1.9108 r
  U1054/ZN (AOI21_X2)                                   0.1070     2.0178 f
  dut_sram_write_data_reg[12]/D (DFF_X2)                0.0000     2.0178 f
  data arrival time                                                2.0178

  clock clk (rise edge)                                 2.3400     2.3400
  clock network delay (ideal)                           0.0000     2.3400
  clock uncertainty                                    -0.0500     2.2900
  dut_sram_write_data_reg[12]/CK (DFF_X2)               0.0000     2.2900 r
  library setup time                                   -0.3050     1.9850
  data required time                                               1.9850
  --------------------------------------------------------------------------
  data required time                                               1.9850
  data arrival time                                               -2.0178
  --------------------------------------------------------------------------
  slack (VIOLATED)                                                -0.0328


1
