 
****************************************
Report : timing
        -path full
        -delay max
        -max_paths 1
Design : MyDesign
Version: P-2019.03-SP1
Date   : Tue Nov  9 03:47:48 2021
****************************************

Operating Conditions: slow   Library: NangateOpenCellLibrary_PDKv1_2_v2008_10_slow_nldm
Wire Load Model Mode: top

  Startpoint: R_53 (rising edge-triggered flip-flop clocked by clk)
  Endpoint: R_141 (rising edge-triggered flip-flop clocked by clk)
  Path Group: clk
  Path Type: max

  Point                                    Incr       Path
  -----------------------------------------------------------
  clock clk (rise edge)                  0.0000     0.0000
  clock network delay (ideal)            0.0000     0.0000
  R_53/CK (DFFR_X1)                      0.0000     0.0000 r
  R_53/QN (DFFR_X1)                      0.5886     0.5886 r
  U1100/ZN (INV_X4)                      0.1081     0.6967 f
  U827/ZN (XNOR2_X1)                     0.2548     0.9515 f
  U482/ZN (INV_X1)                       0.1438     1.0953 r
  U901/ZN (XNOR2_X1)                     0.3430     1.4383 r
  U900/ZN (XNOR2_X1)                     0.3785     1.8168 r
  U1085/ZN (INV_X1)                      0.1177     1.9345 f
  U971/ZN (NAND3_X1)                     0.2011     2.1357 r
  R_141/D (DFF_X1)                       0.0000     2.1357 r
  data arrival time                                 2.1357

  clock clk (rise edge)                  2.4100     2.4100
  clock network delay (ideal)            0.0000     2.4100
  clock uncertainty                     -0.0500     2.3600
  R_141/CK (DFF_X1)                      0.0000     2.3600 r
  library setup time                    -0.2236     2.1364
  data required time                                2.1364
  -----------------------------------------------------------
  data required time                                2.1364
  data arrival time                                -2.1357
  -----------------------------------------------------------
  slack (MET)                                       0.0007


1
