 
****************************************
Report : timing
        -path full
        -delay max
        -max_paths 1
Design : MyDesign
Version: P-2019.03-SP1
Date   : Thu Nov 11 02:03:38 2021
****************************************

Operating Conditions: slow   Library: NangateOpenCellLibrary_PDKv1_2_v2008_10_slow_nldm
Wire Load Model Mode: top

  Startpoint: dim_reg[0] (rising edge-triggered flip-flop clocked by clk)
  Endpoint: dut_sram_write_enable_reg
            (rising edge-triggered flip-flop clocked by clk)
  Path Group: clk
  Path Type: max

  Point                                                   Incr       Path
  --------------------------------------------------------------------------
  clock clk (rise edge)                                 0.0000     0.0000
  clock network delay (ideal)                           0.0000     0.0000
  dim_reg[0]/CK (DFFR_X2)                               0.0000     0.0000 r
  dim_reg[0]/Q (DFFR_X2)                                0.7157     0.7157 f
  U676/ZN (NAND2_X2)                                    0.0917     0.8074 r
  U507/ZN (INV_X1)                                      0.0550     0.8624 f
  U567/ZN (OAI21_X2)                                    0.1603     1.0227 r
  U868/ZN (NOR2_X1)                                     0.0771     1.0998 f
  U1136/ZN (NOR2_X1)                                    0.2044     1.3042 r
  U1239/ZN (NOR3_X2)                                    0.1088     1.4130 f
  U677/ZN (AOI211_X1)                                   0.5929     2.0059 r
  dut_sram_write_enable_reg/D (DFFR_X2)                 0.0000     2.0059 r
  data arrival time                                                2.0059

  clock clk (rise edge)                                 2.4310     2.4310
  clock network delay (ideal)                           0.0000     2.4310
  clock uncertainty                                    -0.0500     2.3810
  dut_sram_write_enable_reg/CK (DFFR_X2)                0.0000     2.3810 r
  library setup time                                   -0.3748     2.0062
  data required time                                               2.0062
  --------------------------------------------------------------------------
  data required time                                               2.0062
  data arrival time                                               -2.0059
  --------------------------------------------------------------------------
  slack (MET)                                                      0.0003


1
