 
****************************************
Report : area
Design : MyDesign
Version: P-2019.03-SP1
Date   : Tue Nov  9 06:53:04 2021
****************************************

Library(s) Used:

    NangateOpenCellLibrary_PDKv1_2_v2008_10_slow_nldm (File: /afs/eos.ncsu.edu/lockers/research/ece/wdavis/tech/nangate/NangateOpenCellLibrary_PDKv1_2_v2008_10/liberty/520/NangateOpenCellLibrary_PDKv1_2_v2008_10_slow_nldm.db)

Number of ports:                           89
Number of nets:                          1166
Number of cells:                         1040
Number of combinational cells:            828
Number of sequential cells:               183
Number of macros/black boxes:               0
Number of buf/inv:                        195
Number of references:                      47

Combinational area:                840.027991
Buf/Inv area:                      106.400001
Noncombinational area:             917.700013
Macro/Black Box area:                0.000000
Net Interconnect area:      undefined  (No wire load specified)

Total cell area:                  1757.728005
Total area:                 undefined
1
