 
****************************************
Report : area
Design : MyDesign
Version: P-2019.03-SP1
Date   : Tue Nov  9 04:53:33 2021
****************************************

Library(s) Used:

    NangateOpenCellLibrary_PDKv1_2_v2008_10_slow_nldm (File: /afs/eos.ncsu.edu/lockers/research/ece/wdavis/tech/nangate/NangateOpenCellLibrary_PDKv1_2_v2008_10/liberty/520/NangateOpenCellLibrary_PDKv1_2_v2008_10_slow_nldm.db)

Number of ports:                           89
Number of nets:                          1011
Number of cells:                          945
Number of combinational cells:            790
Number of sequential cells:               129
Number of macros/black boxes:               0
Number of buf/inv:                        167
Number of references:                      40

Combinational area:                829.653990
Buf/Inv area:                       92.568000
Noncombinational area:             658.350007
Macro/Black Box area:                0.000000
Net Interconnect area:      undefined  (No wire load specified)

Total cell area:                  1488.003996
Total area:                 undefined
1
