 
****************************************
Report : area
Design : MyDesign
Version: P-2019.03-SP1
Date   : Sat Oct 30 19:37:55 2021
****************************************

Library(s) Used:

    NangateOpenCellLibrary_PDKv1_2_v2008_10_slow_nldm (File: /afs/eos.ncsu.edu/lockers/research/ece/wdavis/tech/nangate/NangateOpenCellLibrary_PDKv1_2_v2008_10/liberty/520/NangateOpenCellLibrary_PDKv1_2_v2008_10_slow_nldm.db)

Number of ports:                           89
Number of nets:                          1306
Number of cells:                         1166
Number of combinational cells:            934
Number of sequential cells:               217
Number of macros/black boxes:               0
Number of buf/inv:                        156
Number of references:                      42

Combinational area:               1001.223986
Buf/Inv area:                       88.578000
Noncombinational area:            1090.068017
Macro/Black Box area:                0.000000
Net Interconnect area:      undefined  (No wire load specified)

Total cell area:                  2091.292003
Total area:                 undefined
1
