Information: Updating design information... (UID-85)
 
****************************************
Report : timing
        -path full
        -delay min
        -max_paths 1
Design : MyDesign
Version: P-2019.03-SP1
Date   : Sat Oct 30 19:37:54 2021
****************************************

Operating Conditions: fast   Library: NangateOpenCellLibrary_PDKv1_2_v2008_10_fast_nldm
Wire Load Model Mode: top

  Startpoint: clk_r_REG32_S6
              (rising edge-triggered flip-flop clocked by clk)
  Endpoint: clk_r_REG33_S7_IP
            (rising edge-triggered flip-flop clocked by clk)
  Path Group: clk
  Path Type: min

  Point                                    Incr       Path
  -----------------------------------------------------------
  clock clk (rise edge)                  0.0000     0.0000
  clock network delay (ideal)            0.0000     0.0000
  clk_r_REG32_S6/CK (DFF_X1)             0.0000     0.0000 r
  clk_r_REG32_S6/QN (DFF_X1)             0.0632     0.0632 f
  clk_r_REG33_S7_IP/D (DFFR_X1)          0.0000     0.0632 f
  data arrival time                                 0.0632

  clock clk (rise edge)                  0.0000     0.0000
  clock network delay (ideal)            0.0000     0.0000
  clock uncertainty                      0.0500     0.0500
  clk_r_REG33_S7_IP/CK (DFFR_X1)         0.0000     0.0500 r
  library hold time                      0.0016     0.0516
  data required time                                0.0516
  -----------------------------------------------------------
  data required time                                0.0516
  data arrival time                                -0.0632
  -----------------------------------------------------------
  slack (MET)                                       0.0116


1
