 
****************************************
Report : area
Design : MyDesign
Version: P-2019.03-SP1
Date   : Thu Nov 11 01:56:34 2021
****************************************

Library(s) Used:

    NangateOpenCellLibrary_PDKv1_2_v2008_10_slow_nldm (File: /afs/eos.ncsu.edu/lockers/research/ece/wdavis/tech/nangate/NangateOpenCellLibrary_PDKv1_2_v2008_10/liberty/520/NangateOpenCellLibrary_PDKv1_2_v2008_10_slow_nldm.db)

Number of ports:                           89
Number of nets:                           984
Number of cells:                          919
Number of combinational cells:            754
Number of sequential cells:               139
Number of macros/black boxes:               0
Number of buf/inv:                        154
Number of references:                      38

Combinational area:                805.447991
Buf/Inv area:                       84.322001
Noncombinational area:             703.836008
Macro/Black Box area:                0.000000
Net Interconnect area:      undefined  (No wire load specified)

Total cell area:                  1509.283999
Total area:                 undefined
1
