 
****************************************
Report : area
Design : MyDesign
Version: P-2019.03-SP1
Date   : Tue Nov  9 04:52:13 2021
****************************************

Library(s) Used:

    NangateOpenCellLibrary_PDKv1_2_v2008_10_slow_nldm (File: /afs/eos.ncsu.edu/lockers/research/ece/wdavis/tech/nangate/NangateOpenCellLibrary_PDKv1_2_v2008_10/liberty/520/NangateOpenCellLibrary_PDKv1_2_v2008_10_slow_nldm.db)

Number of ports:                           89
Number of nets:                          1014
Number of cells:                          948
Number of combinational cells:            787
Number of sequential cells:               132
Number of macros/black boxes:               0
Number of buf/inv:                        154
Number of references:                      45

Combinational area:                832.047989
Buf/Inv area:                       85.918000
Noncombinational area:             677.236007
Macro/Black Box area:                0.000000
Net Interconnect area:      undefined  (No wire load specified)

Total cell area:                  1509.283996
Total area:                 undefined
1
