 
****************************************
Report : area
Design : MyDesign
Version: P-2019.03-SP1
Date   : Tue Nov  9 04:53:08 2021
****************************************

Library(s) Used:

    NangateOpenCellLibrary_PDKv1_2_v2008_10_slow_nldm (File: /afs/eos.ncsu.edu/lockers/research/ece/wdavis/tech/nangate/NangateOpenCellLibrary_PDKv1_2_v2008_10/liberty/520/NangateOpenCellLibrary_PDKv1_2_v2008_10_slow_nldm.db)

Number of ports:                           89
Number of nets:                          1010
Number of cells:                          943
Number of combinational cells:            785
Number of sequential cells:               132
Number of macros/black boxes:               0
Number of buf/inv:                        167
Number of references:                      42

Combinational area:                825.663990
Buf/Inv area:                       92.834000
Noncombinational area:             672.714007
Macro/Black Box area:                0.000000
Net Interconnect area:      undefined  (No wire load specified)

Total cell area:                  1498.377997
Total area:                 undefined
1
