 
****************************************
Report : area
Design : MyDesign
Version: P-2019.03-SP1
Date   : Tue Nov  9 06:14:23 2021
****************************************

Library(s) Used:

    NangateOpenCellLibrary_PDKv1_2_v2008_10_slow_nldm (File: /afs/eos.ncsu.edu/lockers/research/ece/wdavis/tech/nangate/NangateOpenCellLibrary_PDKv1_2_v2008_10/liberty/520/NangateOpenCellLibrary_PDKv1_2_v2008_10_slow_nldm.db)

Number of ports:                           89
Number of nets:                          1055
Number of cells:                          983
Number of combinational cells:            828
Number of sequential cells:               124
Number of macros/black boxes:               0
Number of buf/inv:                        184
Number of references:                      46

Combinational area:                855.455989
Buf/Inv area:                      102.144001
Noncombinational area:             637.070007
Macro/Black Box area:                0.000000
Net Interconnect area:      undefined  (No wire load specified)

Total cell area:                  1492.525996
Total area:                 undefined
1
