 
****************************************
Report : area
Design : MyDesign
Version: P-2019.03-SP1
Date   : Sat Oct 30 19:41:29 2021
****************************************

Library(s) Used:

    NangateOpenCellLibrary_PDKv1_2_v2008_10_slow_nldm (File: /afs/eos.ncsu.edu/lockers/research/ece/wdavis/tech/nangate/NangateOpenCellLibrary_PDKv1_2_v2008_10/liberty/520/NangateOpenCellLibrary_PDKv1_2_v2008_10_slow_nldm.db)

Number of ports:                           89
Number of nets:                          1427
Number of cells:                         1310
Number of combinational cells:           1077
Number of sequential cells:               214
Number of macros/black boxes:               0
Number of buf/inv:                        289
Number of references:                      49

Combinational area:               1069.053985
Buf/Inv area:                      168.378000
Noncombinational area:            1080.758015
Macro/Black Box area:                0.000000
Net Interconnect area:      undefined  (No wire load specified)

Total cell area:                  2149.812000
Total area:                 undefined
1
