Information: Updating design information... (UID-85)
 
****************************************
Report : timing
        -path full
        -delay max
        -max_paths 1
Design : MyDesign
Version: P-2019.03-SP1
Date   : Sat Oct 30 19:41:25 2021
****************************************

Operating Conditions: slow   Library: NangateOpenCellLibrary_PDKv1_2_v2008_10_slow_nldm
Wire Load Model Mode: top

  Startpoint: clk_r_REG209_S1
              (rising edge-triggered flip-flop clocked by clk)
  Endpoint: clk_r_REG114_S2
            (rising edge-triggered flip-flop clocked by clk)
  Path Group: clk
  Path Type: max

  Point                                    Incr       Path
  -----------------------------------------------------------
  clock clk (rise edge)                  0.0000     0.0000
  clock network delay (ideal)            0.0000     0.0000
  clk_r_REG209_S1/CK (DFFR_X1)           0.0000     0.0000 r
  clk_r_REG209_S1/Q (DFFR_X1)            0.6660     0.6660 f
  U670/Z (CLKBUF_X3)                     0.2065     0.8726 f
  U905/ZN (XNOR2_X2)                     0.2541     1.1267 f
  U904/ZN (XNOR2_X2)                     0.2571     1.3838 f
  U1006/ZN (XNOR2_X2)                    0.2629     1.6467 f
  U676/ZN (NAND2_X2)                     0.1421     1.7888 r
  U675/ZN (NAND3_X2)                     0.0670     1.8558 f
  clk_r_REG114_S2/D (DFF_X1)             0.0000     1.8558 f
  data arrival time                                 1.8558

  clock clk (rise edge)                  2.2000     2.2000
  clock network delay (ideal)            0.0000     2.2000
  clock uncertainty                     -0.0500     2.1500
  clk_r_REG114_S2/CK (DFF_X1)            0.0000     2.1500 r
  library setup time                    -0.3105     1.8395
  data required time                                1.8395
  -----------------------------------------------------------
  data required time                                1.8395
  data arrival time                                -1.8558
  -----------------------------------------------------------
  slack (VIOLATED)                                 -0.0163


1
