 
****************************************
Report : area
Design : MyDesign
Version: P-2019.03-SP1
Date   : Tue Nov  9 03:33:59 2021
****************************************

Library(s) Used:

    NangateOpenCellLibrary_PDKv1_2_v2008_10_slow_nldm (File: /afs/eos.ncsu.edu/lockers/research/ece/wdavis/tech/nangate/NangateOpenCellLibrary_PDKv1_2_v2008_10/liberty/520/NangateOpenCellLibrary_PDKv1_2_v2008_10_slow_nldm.db)

Number of ports:                           89
Number of nets:                          1080
Number of cells:                         1007
Number of combinational cells:            784
Number of sequential cells:               197
Number of macros/black boxes:               0
Number of buf/inv:                        208
Number of references:                      41

Combinational area:                816.087992
Buf/Inv area:                      111.454001
Noncombinational area:             995.372012
Macro/Black Box area:                0.000000
Net Interconnect area:      undefined  (No wire load specified)

Total cell area:                  1811.460004
Total area:                 undefined
1
