 
****************************************
Report : area
Design : MyDesign
Version: P-2019.03-SP1
Date   : Sat Oct 30 19:42:33 2021
****************************************

Library(s) Used:

    NangateOpenCellLibrary_PDKv1_2_v2008_10_slow_nldm (File: /afs/eos.ncsu.edu/lockers/research/ece/wdavis/tech/nangate/NangateOpenCellLibrary_PDKv1_2_v2008_10/liberty/520/NangateOpenCellLibrary_PDKv1_2_v2008_10_slow_nldm.db)

Number of ports:                           89
Number of nets:                          1362
Number of cells:                         1217
Number of combinational cells:            982
Number of sequential cells:               219
Number of macros/black boxes:               0
Number of buf/inv:                        163
Number of references:                      53

Combinational area:               1032.079986
Buf/Inv area:                       92.302000
Noncombinational area:            1104.432015
Macro/Black Box area:                0.000000
Net Interconnect area:      undefined  (No wire load specified)

Total cell area:                  2136.512001
Total area:                 undefined
1
