 
****************************************
Report : area
Design : MyDesign
Version: P-2019.03-SP1
Date   : Wed Nov 10 23:25:00 2021
****************************************

Library(s) Used:

    NangateOpenCellLibrary_PDKv1_2_v2008_10_slow_nldm (File: /afs/eos.ncsu.edu/lockers/research/ece/wdavis/tech/nangate/NangateOpenCellLibrary_PDKv1_2_v2008_10/liberty/520/NangateOpenCellLibrary_PDKv1_2_v2008_10_slow_nldm.db)

Number of ports:                           89
Number of nets:                          1079
Number of cells:                          988
Number of combinational cells:            824
Number of sequential cells:               134
Number of macros/black boxes:               0
Number of buf/inv:                        234
Number of references:                      46

Combinational area:                827.791989
Buf/Inv area:                      128.478001
Noncombinational area:             657.552013
Macro/Black Box area:                0.000000
Net Interconnect area:      undefined  (No wire load specified)

Total cell area:                  1485.344002
Total area:                 undefined
1
