Information: Updating design information... (UID-85)
 
****************************************
Report : timing
        -path full
        -delay min
        -max_paths 1
Design : MyDesign
Version: P-2019.03-SP1
Date   : Wed Nov 10 23:24:59 2021
****************************************

Operating Conditions: fast   Library: NangateOpenCellLibrary_PDKv1_2_v2008_10_fast_nldm
Wire Load Model Mode: top

  Startpoint: row1_reg[4]
              (rising edge-triggered flip-flop clocked by clk)
  Endpoint: row0_reg[4]
            (rising edge-triggered flip-flop clocked by clk)
  Path Group: clk
  Path Type: min

  Point                                    Incr       Path
  -----------------------------------------------------------
  clock clk (rise edge)                  0.0000     0.0000
  clock network delay (ideal)            0.0000     0.0000
  row1_reg[4]/CK (SDFF_X1)               0.0000     0.0000 r
  row1_reg[4]/Q (SDFF_X1)                0.0576     0.0576 f
  row0_reg[4]/D (DFF_X1)                 0.0000     0.0576 f
  data arrival time                                 0.0576

  clock clk (rise edge)                  0.0000     0.0000
  clock network delay (ideal)            0.0000     0.0000
  clock uncertainty                      0.0500     0.0500
  row0_reg[4]/CK (DFF_X1)                0.0000     0.0500 r
  library hold time                     -0.0002     0.0498
  data required time                                0.0498
  -----------------------------------------------------------
  data required time                                0.0498
  data arrival time                                -0.0576
  -----------------------------------------------------------
  slack (MET)                                       0.0078


1
