 
****************************************
Report : area
Design : MyDesign
Version: P-2019.03-SP1
Date   : Thu Nov 11 01:43:43 2021
****************************************

Library(s) Used:

    NangateOpenCellLibrary_PDKv1_2_v2008_10_slow_nldm (File: /afs/eos.ncsu.edu/lockers/research/ece/wdavis/tech/nangate/NangateOpenCellLibrary_PDKv1_2_v2008_10/liberty/520/NangateOpenCellLibrary_PDKv1_2_v2008_10_slow_nldm.db)

Number of ports:                           89
Number of nets:                          1095
Number of cells:                          989
Number of combinational cells:            750
Number of sequential cells:               213
Number of macros/black boxes:               0
Number of buf/inv:                        193
Number of references:                      46

Combinational area:                812.895993
Buf/Inv area:                      104.804001
Noncombinational area:            1019.844023
Macro/Black Box area:                0.000000
Net Interconnect area:      undefined  (No wire load specified)

Total cell area:                  1832.740016
Total area:                 undefined
1
