Information: Updating design information... (UID-85)
 
****************************************
Report : timing
        -path full
        -delay max
        -max_paths 1
Design : MyDesign
Version: P-2019.03-SP1
Date   : Thu Nov 11 02:49:09 2021
****************************************

Operating Conditions: slow   Library: NangateOpenCellLibrary_PDKv1_2_v2008_10_slow_nldm
Wire Load Model Mode: top

  Startpoint: row1_reg[5]
              (rising edge-triggered flip-flop clocked by clk)
  Endpoint: R_50 (rising edge-triggered flip-flop clocked by clk)
  Path Group: clk
  Path Type: max

  Point                                    Incr       Path
  -----------------------------------------------------------
  clock clk (rise edge)                  0.0000     0.0000
  clock network delay (ideal)            0.0000     0.0000
  row1_reg[5]/CK (DFF_X2)                0.0000     0.0000 r
  row1_reg[5]/Q (DFF_X2)                 0.6282     0.6282 f
  U997/ZN (XNOR2_X2)                     0.2374     0.8656 r
  U998/ZN (XNOR2_X2)                     0.3237     1.1893 r
  U999/ZN (XNOR2_X1)                     0.3792     1.5685 r
  U538/ZN (INV_X2)                       0.0797     1.6482 f
  U490/ZN (NAND4_X1)                     0.2391     1.8873 r
  U774/ZN (AOI22_X2)                     0.1588     2.0461 f
  R_50/D (DFF_X1)                        0.0000     2.0461 f
  data arrival time                                 2.0461

  clock clk (rise edge)                  2.4340     2.4340
  clock network delay (ideal)            0.0000     2.4340
  clock uncertainty                     -0.0500     2.3840
  R_50/CK (DFF_X1)                       0.0000     2.3840 r
  library setup time                    -0.3377     2.0463
  data required time                                2.0463
  -----------------------------------------------------------
  data required time                                2.0463
  data arrival time                                -2.0461
  -----------------------------------------------------------
  slack (MET)                                       0.0001


1
