 
****************************************
Report : area
Design : MyDesign
Version: P-2019.03-SP1
Date   : Thu Nov 11 01:50:06 2021
****************************************

Library(s) Used:

    NangateOpenCellLibrary_PDKv1_2_v2008_10_slow_nldm (File: /afs/eos.ncsu.edu/lockers/research/ece/wdavis/tech/nangate/NangateOpenCellLibrary_PDKv1_2_v2008_10/liberty/520/NangateOpenCellLibrary_PDKv1_2_v2008_10_slow_nldm.db)

Number of ports:                           89
Number of nets:                          1035
Number of cells:                          951
Number of combinational cells:            775
Number of sequential cells:               148
Number of macros/black boxes:               0
Number of buf/inv:                        189
Number of references:                      48

Combinational area:                817.151991
Buf/Inv area:                      102.942001
Noncombinational area:             734.426012
Macro/Black Box area:                0.000000
Net Interconnect area:      undefined  (No wire load specified)

Total cell area:                  1551.578003
Total area:                 undefined
1
