 
****************************************
Report : area
Design : MyDesign
Version: P-2019.03-SP1
Date   : Thu Nov 11 02:05:49 2021
****************************************

Library(s) Used:

    NangateOpenCellLibrary_PDKv1_2_v2008_10_slow_nldm (File: /afs/eos.ncsu.edu/lockers/research/ece/wdavis/tech/nangate/NangateOpenCellLibrary_PDKv1_2_v2008_10/liberty/520/NangateOpenCellLibrary_PDKv1_2_v2008_10_slow_nldm.db)

Number of ports:                           89
Number of nets:                          1041
Number of cells:                          966
Number of combinational cells:            714
Number of sequential cells:               225
Number of macros/black boxes:               0
Number of buf/inv:                        173
Number of references:                      47

Combinational area:                783.369993
Buf/Inv area:                       93.366001
Noncombinational area:            1114.806017
Macro/Black Box area:                0.000000
Net Interconnect area:      undefined  (No wire load specified)

Total cell area:                  1898.176010
Total area:                 undefined
1
