 
****************************************
Report : area
Design : MyDesign
Version: P-2019.03-SP1
Date   : Wed Nov 10 23:36:43 2021
****************************************

Library(s) Used:

    NangateOpenCellLibrary_PDKv1_2_v2008_10_slow_nldm (File: /afs/eos.ncsu.edu/lockers/research/ece/wdavis/tech/nangate/NangateOpenCellLibrary_PDKv1_2_v2008_10/liberty/520/NangateOpenCellLibrary_PDKv1_2_v2008_10_slow_nldm.db)

Number of ports:                           89
Number of nets:                          1131
Number of cells:                         1050
Number of combinational cells:            891
Number of sequential cells:               130
Number of macros/black boxes:               0
Number of buf/inv:                        245
Number of references:                      46

Combinational area:                875.937988
Buf/Inv area:                      134.330001
Noncombinational area:             646.114011
Macro/Black Box area:                0.000000
Net Interconnect area:      undefined  (No wire load specified)

Total cell area:                  1522.051999
Total area:                 undefined
1
