 
****************************************
Report : area
Design : MyDesign
Version: P-2019.03-SP1
Date   : Tue Nov  9 02:22:46 2021
****************************************

Library(s) Used:

    NangateOpenCellLibrary_PDKv1_2_v2008_10_slow_nldm (File: /afs/eos.ncsu.edu/lockers/research/ece/wdavis/tech/nangate/NangateOpenCellLibrary_PDKv1_2_v2008_10/liberty/520/NangateOpenCellLibrary_PDKv1_2_v2008_10_slow_nldm.db)

Number of ports:                           89
Number of nets:                          1081
Number of cells:                         1018
Number of combinational cells:            838
Number of sequential cells:               151
Number of macros/black boxes:               0
Number of buf/inv:                        224
Number of references:                      47

Combinational area:                849.337990
Buf/Inv area:                      121.296001
Noncombinational area:             773.794008
Macro/Black Box area:                0.000000
Net Interconnect area:      undefined  (No wire load specified)

Total cell area:                  1623.131998
Total area:                 undefined
1
