 
****************************************
Report : area
Design : MyDesign
Version: P-2019.03-SP1
Date   : Wed Nov 10 01:41:10 2021
****************************************

Library(s) Used:

    NangateOpenCellLibrary_PDKv1_2_v2008_10_slow_nldm (File: /afs/eos.ncsu.edu/lockers/research/ece/wdavis/tech/nangate/NangateOpenCellLibrary_PDKv1_2_v2008_10/liberty/520/NangateOpenCellLibrary_PDKv1_2_v2008_10_slow_nldm.db)

Number of ports:                           89
Number of nets:                          1187
Number of cells:                         1065
Number of combinational cells:            854
Number of sequential cells:               181
Number of macros/black boxes:               0
Number of buf/inv:                        213
Number of references:                      49

Combinational area:                860.243991
Buf/Inv area:                      120.764000
Noncombinational area:             911.316013
Macro/Black Box area:                0.000000
Net Interconnect area:      undefined  (No wire load specified)

Total cell area:                  1771.560004
Total area:                 undefined
1
