 
****************************************
Report : area
Design : MyDesign
Version: P-2019.03-SP1
Date   : Tue Nov  9 06:23:10 2021
****************************************

Library(s) Used:

    NangateOpenCellLibrary_PDKv1_2_v2008_10_slow_nldm (File: /afs/eos.ncsu.edu/lockers/research/ece/wdavis/tech/nangate/NangateOpenCellLibrary_PDKv1_2_v2008_10/liberty/520/NangateOpenCellLibrary_PDKv1_2_v2008_10_slow_nldm.db)

Number of ports:                           89
Number of nets:                          1019
Number of cells:                          947
Number of combinational cells:            768
Number of sequential cells:               149
Number of macros/black boxes:               0
Number of buf/inv:                        152
Number of references:                      46

Combinational area:                817.683990
Buf/Inv area:                       83.524001
Noncombinational area:             762.090008
Macro/Black Box area:                0.000000
Net Interconnect area:      undefined  (No wire load specified)

Total cell area:                  1579.773998
Total area:                 undefined
1
