 
****************************************
Report : timing
        -path full
        -delay max
        -max_paths 1
Design : MyDesign
Version: P-2019.03-SP1
Date   : Tue Nov  9 06:23:10 2021
****************************************

Operating Conditions: slow   Library: NangateOpenCellLibrary_PDKv1_2_v2008_10_slow_nldm
Wire Load Model Mode: top

  Startpoint: row2_reg[3]
              (rising edge-triggered flip-flop clocked by clk)
  Endpoint: R_36 (rising edge-triggered flip-flop clocked by clk)
  Path Group: clk
  Path Type: max

  Point                                    Incr       Path
  -----------------------------------------------------------
  clock clk (rise edge)                  0.0000     0.0000
  clock network delay (ideal)            0.0000     0.0000
  row2_reg[3]/CK (DFF_X1)                0.0000     0.0000 r
  row2_reg[3]/Q (DFF_X1)                 0.5918     0.5918 r
  U797/ZN (XNOR2_X2)                     0.3753     0.9671 r
  U937/ZN (XNOR2_X1)                     0.3754     1.3425 r
  U675/ZN (XNOR2_X2)                     0.3424     1.6849 r
  U673/ZN (NOR2_X2)                      0.0934     1.7783 f
  U1133/ZN (NAND3_X2)                    0.1842     1.9625 r
  U1132/ZN (NAND2_X2)                    0.0789     2.0414 f
  R_36/D (DFF_X2)                        0.0000     2.0414 f
  data arrival time                                 2.0414

  clock clk (rise edge)                  2.3900     2.3900
  clock network delay (ideal)            0.0000     2.3900
  clock uncertainty                     -0.0500     2.3400
  R_36/CK (DFF_X2)                       0.0000     2.3400 r
  library setup time                    -0.2978     2.0422
  data required time                                2.0422
  -----------------------------------------------------------
  data required time                                2.0422
  data arrival time                                -2.0414
  -----------------------------------------------------------
  slack (MET)                                       0.0008


1
