 
****************************************
Report : timing
        -path full
        -delay max
        -max_paths 1
Design : MyDesign
Version: P-2019.03-SP1
Date   : Thu Nov 11 01:43:17 2021
****************************************

Operating Conditions: slow   Library: NangateOpenCellLibrary_PDKv1_2_v2008_10_slow_nldm
Wire Load Model Mode: top

  Startpoint: weight_reg[4]
              (rising edge-triggered flip-flop clocked by clk)
  Endpoint: R_75 (rising edge-triggered flip-flop clocked by clk)
  Path Group: clk
  Path Type: max

  Point                                    Incr       Path
  -----------------------------------------------------------
  clock clk (rise edge)                  0.0000     0.0000
  clock network delay (ideal)            0.0000     0.0000
  weight_reg[4]/CK (DFF_X2)              0.0000     0.0000 r
  weight_reg[4]/QN (DFF_X2)              0.3506     0.3506 f
  U800/ZN (INV_X4)                       0.1907     0.5414 r
  U966/ZN (XNOR2_X1)                     0.4072     0.9486 r
  U858/ZN (XNOR2_X1)                     0.3727     1.3212 r
  U857/ZN (XNOR2_X1)                     0.3951     1.7163 r
  U1046/ZN (INV_X1)                      0.0796     1.7959 f
  U1045/ZN (NOR3_X1)                     0.3367     2.1326 r
  R_75/D (DFF_X1)                        0.0000     2.1326 r
  data arrival time                                 2.1326

  clock clk (rise edge)                  2.4330     2.4330
  clock network delay (ideal)            0.0000     2.4330
  clock uncertainty                     -0.0500     2.3830
  R_75/CK (DFF_X1)                       0.0000     2.3830 r
  library setup time                    -0.2494     2.1336
  data required time                                2.1336
  -----------------------------------------------------------
  data required time                                2.1336
  data arrival time                                -2.1326
  -----------------------------------------------------------
  slack (MET)                                       0.0010


1
