 
****************************************
Report : area
Design : MyDesign
Version: P-2019.03-SP1
Date   : Tue Nov  9 02:51:04 2021
****************************************

Library(s) Used:

    NangateOpenCellLibrary_PDKv1_2_v2008_10_slow_nldm (File: /afs/eos.ncsu.edu/lockers/research/ece/wdavis/tech/nangate/NangateOpenCellLibrary_PDKv1_2_v2008_10/liberty/520/NangateOpenCellLibrary_PDKv1_2_v2008_10_slow_nldm.db)

Number of ports:                           89
Number of nets:                          1115
Number of cells:                         1027
Number of combinational cells:            873
Number of sequential cells:               121
Number of macros/black boxes:               0
Number of buf/inv:                        241
Number of references:                      44

Combinational area:                875.405989
Buf/Inv area:                      131.936001
Noncombinational area:             625.632006
Macro/Black Box area:                0.000000
Net Interconnect area:      undefined  (No wire load specified)

Total cell area:                  1501.037995
Total area:                 undefined
1
