 
****************************************
Report : area
Design : MyDesign
Version: P-2019.03-SP1
Date   : Thu Nov 11 01:04:41 2021
****************************************

Library(s) Used:

    NangateOpenCellLibrary_PDKv1_2_v2008_10_slow_nldm (File: /afs/eos.ncsu.edu/lockers/research/ece/wdavis/tech/nangate/NangateOpenCellLibrary_PDKv1_2_v2008_10/liberty/520/NangateOpenCellLibrary_PDKv1_2_v2008_10_slow_nldm.db)

Number of ports:                           89
Number of nets:                          1027
Number of cells:                          948
Number of combinational cells:            752
Number of sequential cells:               170
Number of macros/black boxes:               0
Number of buf/inv:                        181
Number of references:                      43

Combinational area:                803.585992
Buf/Inv area:                       98.420001
Noncombinational area:             844.284013
Macro/Black Box area:                0.000000
Net Interconnect area:      undefined  (No wire load specified)

Total cell area:                  1647.870005
Total area:                 undefined
1
