 
****************************************
Report : area
Design : MyDesign
Version: P-2019.03-SP1
Date   : Tue Nov  9 04:07:18 2021
****************************************

Library(s) Used:

    NangateOpenCellLibrary_PDKv1_2_v2008_10_slow_nldm (File: /afs/eos.ncsu.edu/lockers/research/ece/wdavis/tech/nangate/NangateOpenCellLibrary_PDKv1_2_v2008_10/liberty/520/NangateOpenCellLibrary_PDKv1_2_v2008_10_slow_nldm.db)

Number of ports:                           89
Number of nets:                          1041
Number of cells:                          973
Number of combinational cells:            827
Number of sequential cells:               116
Number of macros/black boxes:               0
Number of buf/inv:                        219
Number of references:                      44

Combinational area:                843.485989
Buf/Inv area:                      119.434001
Noncombinational area:             599.032005
Macro/Black Box area:                0.000000
Net Interconnect area:      undefined  (No wire load specified)

Total cell area:                  1442.517995
Total area:                 undefined
1
