Information: Updating design information... (UID-85)
 
****************************************
Report : timing
        -path full
        -delay max
        -max_paths 1
Design : MyDesign
Version: P-2019.03-SP1
Date   : Thu Nov 11 01:32:51 2021
****************************************

Operating Conditions: slow   Library: NangateOpenCellLibrary_PDKv1_2_v2008_10_slow_nldm
Wire Load Model Mode: top

  Startpoint: R_3 (rising edge-triggered flip-flop clocked by clk)
  Endpoint: R_119 (rising edge-triggered flip-flop clocked by clk)
  Path Group: clk
  Path Type: max

  Point                                    Incr       Path
  -----------------------------------------------------------
  clock clk (rise edge)                  0.0000     0.0000
  clock network delay (ideal)            0.0000     0.0000
  R_3/CK (DFF_X2)                        0.0000     0.0000 r
  R_3/QN (DFF_X2)                        0.4664     0.4664 r
  U1186/Z (BUF_X4)                       0.2275     0.6939 r
  U819/Z (XOR2_X1)                       0.4139     1.1079 r
  U818/ZN (NAND2_X1)                     0.1210     1.2288 f
  U817/ZN (AOI22_X1)                     0.3238     1.5526 r
  U662/ZN (NAND2_X2)                     0.1159     1.6684 f
  U813/ZN (INV_X1)                       0.0907     1.7591 r
  U811/ZN (NAND2_X1)                     0.0576     1.8167 f
  U944/ZN (NAND4_X1)                     0.3119     2.1286 r
  R_119/D (DFF_X1)                       0.0000     2.1286 r
  data arrival time                                 2.1286

  clock clk (rise edge)                  2.4340     2.4340
  clock network delay (ideal)            0.0000     2.4340
  clock uncertainty                     -0.0500     2.3840
  R_119/CK (DFF_X1)                      0.0000     2.3840 r
  library setup time                    -0.2532     2.1308
  data required time                                2.1308
  -----------------------------------------------------------
  data required time                                2.1308
  data arrival time                                -2.1286
  -----------------------------------------------------------
  slack (MET)                                       0.0022


1
