 
****************************************
Report : area
Design : MyDesign
Version: P-2019.03-SP1
Date   : Wed Nov 10 23:25:45 2021
****************************************

Library(s) Used:

    NangateOpenCellLibrary_PDKv1_2_v2008_10_slow_nldm (File: /afs/eos.ncsu.edu/lockers/research/ece/wdavis/tech/nangate/NangateOpenCellLibrary_PDKv1_2_v2008_10/liberty/520/NangateOpenCellLibrary_PDKv1_2_v2008_10_slow_nldm.db)

Number of ports:                           89
Number of nets:                          1078
Number of cells:                          990
Number of combinational cells:            753
Number of sequential cells:               211
Number of macros/black boxes:               0
Number of buf/inv:                        224
Number of references:                      42

Combinational area:                788.955992
Buf/Inv area:                      119.434001
Noncombinational area:            1023.036020
Macro/Black Box area:                0.000000
Net Interconnect area:      undefined  (No wire load specified)

Total cell area:                  1811.992013
Total area:                 undefined
1
