 
****************************************
Report : timing
        -path full
        -delay max
        -max_paths 1
Design : MyDesign
Version: P-2019.03-SP1
Date   : Tue Nov  9 04:27:31 2021
****************************************

Operating Conditions: slow   Library: NangateOpenCellLibrary_PDKv1_2_v2008_10_slow_nldm
Wire Load Model Mode: top

  Startpoint: row1_reg[5]
              (rising edge-triggered flip-flop clocked by clk)
  Endpoint: dut_sram_write_data_reg[3]
            (rising edge-triggered flip-flop clocked by clk)
  Path Group: clk
  Path Type: max

  Point                                                   Incr       Path
  --------------------------------------------------------------------------
  clock clk (rise edge)                                 0.0000     0.0000
  clock network delay (ideal)                           0.0000     0.0000
  row1_reg[5]/CK (DFF_X1)                               0.0000     0.0000 r
  row1_reg[5]/Q (DFF_X1)                                0.6412     0.6412 f
  U873/ZN (XNOR2_X2)                                    0.2967     0.9379 r
  U967/ZN (XNOR2_X1)                                    0.3700     1.3079 r
  U966/ZN (XNOR2_X1)                                    0.4067     1.7146 r
  U850/ZN (NAND3_X2)                                    0.1501     1.8647 f
  U552/ZN (INV_X2)                                      0.0857     1.9504 r
  U842/ZN (NAND2_X2)                                    0.0474     1.9978 f
  U841/ZN (NAND3_X2)                                    0.1613     2.1591 r
  dut_sram_write_data_reg[3]/D (DFF_X2)                 0.0000     2.1591 r
  data arrival time                                                2.1591

  clock clk (rise edge)                                 2.4100     2.4100
  clock network delay (ideal)                           0.0000     2.4100
  clock uncertainty                                    -0.0500     2.3600
  dut_sram_write_data_reg[3]/CK (DFF_X2)                0.0000     2.3600 r
  library setup time                                   -0.2008     2.1592
  data required time                                               2.1592
  --------------------------------------------------------------------------
  data required time                                               2.1592
  data arrival time                                               -2.1591
  --------------------------------------------------------------------------
  slack (MET)                                                      0.0000


1
