 
****************************************
Report : area
Design : MyDesign
Version: P-2019.03-SP1
Date   : Thu Nov 11 01:52:25 2021
****************************************

Library(s) Used:

    NangateOpenCellLibrary_PDKv1_2_v2008_10_slow_nldm (File: /afs/eos.ncsu.edu/lockers/research/ece/wdavis/tech/nangate/NangateOpenCellLibrary_PDKv1_2_v2008_10/liberty/520/NangateOpenCellLibrary_PDKv1_2_v2008_10_slow_nldm.db)

Number of ports:                           89
Number of nets:                          1030
Number of cells:                          944
Number of combinational cells:            785
Number of sequential cells:               131
Number of macros/black boxes:               0
Number of buf/inv:                        191
Number of references:                      46

Combinational area:                825.131991
Buf/Inv area:                      104.006001
Noncombinational area:             651.434010
Macro/Black Box area:                0.000000
Net Interconnect area:      undefined  (No wire load specified)

Total cell area:                  1476.566001
Total area:                 undefined
1
