 
****************************************
Report : area
Design : MyDesign
Version: P-2019.03-SP1
Date   : Thu Nov 11 00:14:47 2021
****************************************

Library(s) Used:

    NangateOpenCellLibrary_PDKv1_2_v2008_10_slow_nldm (File: /afs/eos.ncsu.edu/lockers/research/ece/wdavis/tech/nangate/NangateOpenCellLibrary_PDKv1_2_v2008_10/liberty/520/NangateOpenCellLibrary_PDKv1_2_v2008_10_slow_nldm.db)

Number of ports:                           89
Number of nets:                          1091
Number of cells:                         1001
Number of combinational cells:            772
Number of sequential cells:               203
Number of macros/black boxes:               0
Number of buf/inv:                        223
Number of references:                      48

Combinational area:                810.235991
Buf/Inv area:                      119.966001
Noncombinational area:            1000.958017
Macro/Black Box area:                0.000000
Net Interconnect area:      undefined  (No wire load specified)

Total cell area:                  1811.194008
Total area:                 undefined
1
