 
****************************************
Report : area
Design : MyDesign
Version: P-2019.03-SP1
Date   : Wed Nov 10 01:32:56 2021
****************************************

Library(s) Used:

    NangateOpenCellLibrary_PDKv1_2_v2008_10_slow_nldm (File: /afs/eos.ncsu.edu/lockers/research/ece/wdavis/tech/nangate/NangateOpenCellLibrary_PDKv1_2_v2008_10/liberty/520/NangateOpenCellLibrary_PDKv1_2_v2008_10_slow_nldm.db)

Number of ports:                           89
Number of nets:                          1111
Number of cells:                         1031
Number of combinational cells:            817
Number of sequential cells:               187
Number of macros/black boxes:               0
Number of buf/inv:                        194
Number of references:                      47

Combinational area:                852.263990
Buf/Inv area:                      106.932001
Noncombinational area:             937.650013
Macro/Black Box area:                0.000000
Net Interconnect area:      undefined  (No wire load specified)

Total cell area:                  1789.914003
Total area:                 undefined
1
