Information: Updating design information... (UID-85)
 
****************************************
Report : timing
        -path full
        -delay max
        -max_paths 1
Design : MyDesign
Version: P-2019.03-SP1
Date   : Wed Nov 10 01:32:52 2021
****************************************

Operating Conditions: slow   Library: NangateOpenCellLibrary_PDKv1_2_v2008_10_slow_nldm
Wire Load Model Mode: top

  Startpoint: dut_run (input port clocked by clk)
  Endpoint: cnt_w_reg[4]
            (rising edge-triggered flip-flop clocked by clk)
  Path Group: clk
  Path Type: max

  Point                                    Incr       Path
  -----------------------------------------------------------
  clock clk (rise edge)                  0.0000     0.0000
  clock network delay (ideal)            0.0000     0.0000
  input external delay                   0.6580     0.6580 r
  dut_run (in)                           0.0703     0.7283 r
  U820/ZN (NAND2_X2)                     0.0747     0.8030 f
  U868/ZN (OAI21_X2)                     0.1657     0.9687 r
  U500/ZN (NAND2_X1)                     0.0848     1.0535 f
  U515/ZN (NAND2_X1)                     0.1958     1.2493 r
  U525/ZN (NAND2_X2)                     0.0998     1.3491 f
  U886/ZN (INV_X4)                       0.0939     1.4430 r
  U896/ZN (NOR2_X2)                      0.0477     1.4907 f
  U552/ZN (INV_X2)                       0.0992     1.5899 r
  U1361/ZN (OAI22_X1)                    0.1021     1.6920 f
  cnt_w_reg[4]/D (DFFR_X1)               0.0000     1.6920 f
  data arrival time                                 1.6920

  clock clk (rise edge)                  2.1800     2.1800
  clock network delay (ideal)            0.0000     2.1800
  clock uncertainty                     -0.0500     2.1300
  cnt_w_reg[4]/CK (DFFR_X1)              0.0000     2.1300 r
  library setup time                    -0.4378     1.6922
  data required time                                1.6922
  -----------------------------------------------------------
  data required time                                1.6922
  data arrival time                                -1.6920
  -----------------------------------------------------------
  slack (MET)                                       0.0002


1
