Information: Updating design information... (UID-85)
 
****************************************
Report : timing
        -path full
        -delay max
        -max_paths 1
Design : MyDesign
Version: P-2019.03-SP1
Date   : Thu Nov 11 01:34:09 2021
****************************************

Operating Conditions: slow   Library: NangateOpenCellLibrary_PDKv1_2_v2008_10_slow_nldm
Wire Load Model Mode: top

  Startpoint: row0_reg[0]
              (rising edge-triggered flip-flop clocked by clk)
  Endpoint: R_109 (rising edge-triggered flip-flop clocked by clk)
  Path Group: clk
  Path Type: max

  Point                                    Incr       Path
  -----------------------------------------------------------
  clock clk (rise edge)                  0.0000     0.0000
  clock network delay (ideal)            0.0000     0.0000
  row0_reg[0]/CK (DFF_X1)                0.0000     0.0000 r
  row0_reg[0]/Q (DFF_X1)                 0.5608     0.5608 f
  U853/ZN (XNOR2_X1)                     0.4016     0.9624 r
  U654/ZN (XNOR2_X2)                     0.3631     1.3255 r
  U653/ZN (XNOR2_X2)                     0.2933     1.6188 r
  U855/ZN (INV_X1)                       0.0913     1.7101 f
  U957/ZN (NAND3_X1)                     0.2404     1.9505 r
  U656/ZN (AOI22_X2)                     0.1120     2.0625 f
  R_109/D (DFF_X2)                       0.0000     2.0625 f
  data arrival time                                 2.0625

  clock clk (rise edge)                  2.4370     2.4370
  clock network delay (ideal)            0.0000     2.4370
  clock uncertainty                     -0.0500     2.3870
  R_109/CK (DFF_X2)                      0.0000     2.3870 r
  library setup time                    -0.3236     2.0634
  data required time                                2.0634
  -----------------------------------------------------------
  data required time                                2.0634
  data arrival time                                -2.0625
  -----------------------------------------------------------
  slack (MET)                                       0.0009


1
