 
****************************************
Report : area
Design : MyDesign
Version: P-2019.03-SP1
Date   : Tue Nov  9 06:25:44 2021
****************************************

Library(s) Used:

    NangateOpenCellLibrary_PDKv1_2_v2008_10_slow_nldm (File: /afs/eos.ncsu.edu/lockers/research/ece/wdavis/tech/nangate/NangateOpenCellLibrary_PDKv1_2_v2008_10/liberty/520/NangateOpenCellLibrary_PDKv1_2_v2008_10_slow_nldm.db)

Number of ports:                           89
Number of nets:                          1084
Number of cells:                         1000
Number of combinational cells:            865
Number of sequential cells:               105
Number of macros/black boxes:               0
Number of buf/inv:                        231
Number of references:                      45

Combinational area:                873.011989
Buf/Inv area:                      129.808001
Noncombinational area:             543.438006
Macro/Black Box area:                0.000000
Net Interconnect area:      undefined  (No wire load specified)

Total cell area:                  1416.449995
Total area:                 undefined
1
