 
****************************************
Report : area
Design : MyDesign
Version: P-2019.03-SP1
Date   : Thu Nov 11 01:45:57 2021
****************************************

Library(s) Used:

    NangateOpenCellLibrary_PDKv1_2_v2008_10_slow_nldm (File: /afs/eos.ncsu.edu/lockers/research/ece/wdavis/tech/nangate/NangateOpenCellLibrary_PDKv1_2_v2008_10/liberty/520/NangateOpenCellLibrary_PDKv1_2_v2008_10_slow_nldm.db)

Number of ports:                           89
Number of nets:                          1103
Number of cells:                         1004
Number of combinational cells:            739
Number of sequential cells:               239
Number of macros/black boxes:               0
Number of buf/inv:                        182
Number of references:                      42

Combinational area:                806.777994
Buf/Inv area:                       97.356001
Noncombinational area:            1144.332026
Macro/Black Box area:                0.000000
Net Interconnect area:      undefined  (No wire load specified)

Total cell area:                  1951.110019
Total area:                 undefined
1
