 
****************************************
Report : area
Design : MyDesign
Version: P-2019.03-SP1
Date   : Thu Nov 11 01:05:07 2021
****************************************

Library(s) Used:

    NangateOpenCellLibrary_PDKv1_2_v2008_10_slow_nldm (File: /afs/eos.ncsu.edu/lockers/research/ece/wdavis/tech/nangate/NangateOpenCellLibrary_PDKv1_2_v2008_10/liberty/520/NangateOpenCellLibrary_PDKv1_2_v2008_10_slow_nldm.db)

Number of ports:                           89
Number of nets:                          1035
Number of cells:                          955
Number of combinational cells:            763
Number of sequential cells:               166
Number of macros/black boxes:               0
Number of buf/inv:                        181
Number of references:                      44

Combinational area:                808.373991
Buf/Inv area:                       98.154001
Noncombinational area:             825.132012
Macro/Black Box area:                0.000000
Net Interconnect area:      undefined  (No wire load specified)

Total cell area:                  1633.506004
Total area:                 undefined
1
