 
****************************************
Report : area
Design : MyDesign
Version: P-2019.03-SP1
Date   : Tue Nov  9 04:48:36 2021
****************************************

Library(s) Used:

    NangateOpenCellLibrary_PDKv1_2_v2008_10_slow_nldm (File: /afs/eos.ncsu.edu/lockers/research/ece/wdavis/tech/nangate/NangateOpenCellLibrary_PDKv1_2_v2008_10/liberty/520/NangateOpenCellLibrary_PDKv1_2_v2008_10_slow_nldm.db)

Number of ports:                           89
Number of nets:                          1077
Number of cells:                          990
Number of combinational cells:            748
Number of sequential cells:               216
Number of macros/black boxes:               0
Number of buf/inv:                        197
Number of references:                      40

Combinational area:                803.851994
Buf/Inv area:                      106.400001
Noncombinational area:            1078.098015
Macro/Black Box area:                0.000000
Net Interconnect area:      undefined  (No wire load specified)

Total cell area:                  1881.950009
Total area:                 undefined
1
