Information: Updating design information... (UID-85)
 
****************************************
Report : timing
        -path full
        -delay max
        -max_paths 1
Design : MyDesign
Version: P-2019.03-SP1
Date   : Sat Oct 30 19:27:56 2021
****************************************

Operating Conditions: slow   Library: NangateOpenCellLibrary_PDKv1_2_v2008_10_slow_nldm
Wire Load Model Mode: top

  Startpoint: clk_r_REG173_S1
              (rising edge-triggered flip-flop clocked by clk)
  Endpoint: clk_r_REG119_S2
            (rising edge-triggered flip-flop clocked by clk)
  Path Group: clk
  Path Type: max

  Point                                    Incr       Path
  -----------------------------------------------------------
  clock clk (rise edge)                  0.0000     0.0000
  clock network delay (ideal)            0.0000     0.0000
  clk_r_REG173_S1/CK (DFFR_X1)           0.0000     0.0000 r
  clk_r_REG173_S1/Q (DFFR_X1)            0.5270     0.5270 r
  U525/ZN (INV_X4)                       0.0770     0.6040 f
  U809/ZN (AOI22_X1)                     0.5552     1.1592 r
  U942/ZN (XNOR2_X1)                     0.3835     1.5428 r
  U943/ZN (XNOR2_X1)                     0.4088     1.9516 r
  U954/ZN (XNOR2_X1)                     0.3988     2.3504 r
  U955/ZN (XNOR2_X1)                     0.3504     2.7008 r
  clk_r_REG119_S2/D (DFF_X1)             0.0000     2.7008 r
  data arrival time                                 2.7008

  clock clk (rise edge)                  3.0000     3.0000
  clock network delay (ideal)            0.0000     3.0000
  clock uncertainty                     -0.0500     2.9500
  clk_r_REG119_S2/CK (DFF_X1)            0.0000     2.9500 r
  library setup time                    -0.2450     2.7050
  data required time                                2.7050
  -----------------------------------------------------------
  data required time                                2.7050
  data arrival time                                -2.7008
  -----------------------------------------------------------
  slack (MET)                                       0.0042


1
