Information: Updating design information... (UID-85)
 
****************************************
Report : timing
        -path full
        -delay min
        -max_paths 1
Design : MyDesign
Version: P-2019.03-SP1
Date   : Sat Oct 30 19:27:58 2021
****************************************

Operating Conditions: fast   Library: NangateOpenCellLibrary_PDKv1_2_v2008_10_fast_nldm
Wire Load Model Mode: top

  Startpoint: clk_r_REG1_S2
              (rising edge-triggered flip-flop clocked by clk)
  Endpoint: clk_r_REG19_S3
            (rising edge-triggered flip-flop clocked by clk)
  Path Group: clk
  Path Type: min

  Point                                    Incr       Path
  -----------------------------------------------------------
  clock clk (rise edge)                  0.0000     0.0000
  clock network delay (ideal)            0.0000     0.0000
  clk_r_REG1_S2/CK (DFF_X1)              0.0000     0.0000 r
  clk_r_REG1_S2/Q (DFF_X1)               0.0541     0.0541 r
  U1270/ZN (OAI22_X1)                    0.0157     0.0698 f
  clk_r_REG19_S3/D (DFFR_X1)             0.0000     0.0698 f
  data arrival time                                 0.0698

  clock clk (rise edge)                  0.0000     0.0000
  clock network delay (ideal)            0.0000     0.0000
  clock uncertainty                      0.0500     0.0500
  clk_r_REG19_S3/CK (DFFR_X1)            0.0000     0.0500 r
  library hold time                      0.0022     0.0522
  data required time                                0.0522
  -----------------------------------------------------------
  data required time                                0.0522
  data arrival time                                -0.0698
  -----------------------------------------------------------
  slack (MET)                                       0.0176


1
