 
****************************************
Report : area
Design : MyDesign
Version: P-2019.03-SP1
Date   : Thu Nov 11 00:05:36 2021
****************************************

Library(s) Used:

    NangateOpenCellLibrary_PDKv1_2_v2008_10_slow_nldm (File: /afs/eos.ncsu.edu/lockers/research/ece/wdavis/tech/nangate/NangateOpenCellLibrary_PDKv1_2_v2008_10/liberty/520/NangateOpenCellLibrary_PDKv1_2_v2008_10_slow_nldm.db)

Number of ports:                           89
Number of nets:                          1108
Number of cells:                         1021
Number of combinational cells:            824
Number of sequential cells:               168
Number of macros/black boxes:               0
Number of buf/inv:                        236
Number of references:                      47

Combinational area:                837.899991
Buf/Inv area:                      127.148001
Noncombinational area:             846.678011
Macro/Black Box area:                0.000000
Net Interconnect area:      undefined  (No wire load specified)

Total cell area:                  1684.578002
Total area:                 undefined
1
