Information: Updating design information... (UID-85)
 
****************************************
Report : timing
        -path full
        -delay min
        -max_paths 1
Design : MyDesign
Version: P-2019.03-SP1
Date   : Tue Nov  9 03:48:53 2021
****************************************

Operating Conditions: fast   Library: NangateOpenCellLibrary_PDKv1_2_v2008_10_fast_nldm
Wire Load Model Mode: top

  Startpoint: row1_reg[11]
              (rising edge-triggered flip-flop clocked by clk)
  Endpoint: R_3 (rising edge-triggered flip-flop clocked by clk)
  Path Group: clk
  Path Type: min

  Point                                    Incr       Path
  -----------------------------------------------------------
  clock clk (rise edge)                  0.0000     0.0000
  clock network delay (ideal)            0.0000     0.0000
  row1_reg[11]/CK (DFF_X1)               0.0000     0.0000 r
  row1_reg[11]/QN (DFF_X1)               0.0546     0.0546 f
  R_3/D (DFF_X1)                         0.0000     0.0546 f
  data arrival time                                 0.0546

  clock clk (rise edge)                  0.0000     0.0000
  clock network delay (ideal)            0.0000     0.0000
  clock uncertainty                      0.0500     0.0500
  R_3/CK (DFF_X1)                        0.0000     0.0500 r
  library hold time                      0.0002     0.0502
  data required time                                0.0502
  -----------------------------------------------------------
  data required time                                0.0502
  data arrival time                                -0.0546
  -----------------------------------------------------------
  slack (MET)                                       0.0044


1
