 
****************************************
Report : area
Design : MyDesign
Version: P-2019.03-SP1
Date   : Tue Nov  9 03:38:19 2021
****************************************

Library(s) Used:

    NangateOpenCellLibrary_PDKv1_2_v2008_10_slow_nldm (File: /afs/eos.ncsu.edu/lockers/research/ece/wdavis/tech/nangate/NangateOpenCellLibrary_PDKv1_2_v2008_10/liberty/520/NangateOpenCellLibrary_PDKv1_2_v2008_10_slow_nldm.db)

Number of ports:                           89
Number of nets:                          1070
Number of cells:                          993
Number of combinational cells:            752
Number of sequential cells:               212
Number of macros/black boxes:               0
Number of buf/inv:                        197
Number of references:                      49

Combinational area:                805.713993
Buf/Inv area:                      106.932001
Noncombinational area:            1076.236012
Macro/Black Box area:                0.000000
Net Interconnect area:      undefined  (No wire load specified)

Total cell area:                  1881.950005
Total area:                 undefined
1
