Information: Updating design information... (UID-85)
 
****************************************
Report : timing
        -path full
        -delay min
        -max_paths 1
Design : MyDesign
Version: P-2019.03-SP1
Date   : Thu Nov 11 01:02:58 2021
****************************************

Operating Conditions: fast   Library: NangateOpenCellLibrary_PDKv1_2_v2008_10_fast_nldm
Wire Load Model Mode: top

  Startpoint: row1_reg[11]
              (rising edge-triggered flip-flop clocked by clk)
  Endpoint: R_143 (rising edge-triggered flip-flop clocked by clk)
  Path Group: clk
  Path Type: min

  Point                                    Incr       Path
  -----------------------------------------------------------
  clock clk (rise edge)                  0.0000     0.0000
  clock network delay (ideal)            0.0000     0.0000
  row1_reg[11]/CK (DFF_X2)               0.0000     0.0000 r
  row1_reg[11]/Q (DFF_X2)                0.0535     0.0535 r
  R_143/D (DFF_X1)                       0.0000     0.0535 r
  data arrival time                                 0.0535

  clock clk (rise edge)                  0.0000     0.0000
  clock network delay (ideal)            0.0000     0.0000
  clock uncertainty                      0.0500     0.0500
  R_143/CK (DFF_X1)                      0.0000     0.0500 r
  library hold time                     -0.0153     0.0347
  data required time                                0.0347
  -----------------------------------------------------------
  data required time                                0.0347
  data arrival time                                -0.0535
  -----------------------------------------------------------
  slack (MET)                                       0.0188


1
