 
****************************************
Report : area
Design : MyDesign
Version: P-2019.03-SP1
Date   : Tue Nov  9 03:40:50 2021
****************************************

Library(s) Used:

    NangateOpenCellLibrary_PDKv1_2_v2008_10_slow_nldm (File: /afs/eos.ncsu.edu/lockers/research/ece/wdavis/tech/nangate/NangateOpenCellLibrary_PDKv1_2_v2008_10/liberty/520/NangateOpenCellLibrary_PDKv1_2_v2008_10_slow_nldm.db)

Number of ports:                           89
Number of nets:                          1091
Number of cells:                         1004
Number of combinational cells:            812
Number of sequential cells:               165
Number of macros/black boxes:               0
Number of buf/inv:                        249
Number of references:                      49

Combinational area:                836.835992
Buf/Inv area:                      134.596001
Noncombinational area:             836.304009
Macro/Black Box area:                0.000000
Net Interconnect area:      undefined  (No wire load specified)

Total cell area:                  1673.140001
Total area:                 undefined
1
