 
****************************************
Report : area
Design : MyDesign
Version: P-2019.03-SP1
Date   : Tue Nov  9 04:13:34 2021
****************************************

Library(s) Used:

    NangateOpenCellLibrary_PDKv1_2_v2008_10_slow_nldm (File: /afs/eos.ncsu.edu/lockers/research/ece/wdavis/tech/nangate/NangateOpenCellLibrary_PDKv1_2_v2008_10/liberty/520/NangateOpenCellLibrary_PDKv1_2_v2008_10_slow_nldm.db)

Number of ports:                           89
Number of nets:                          1077
Number of cells:                          999
Number of combinational cells:            769
Number of sequential cells:               200
Number of macros/black boxes:               0
Number of buf/inv:                        204
Number of references:                      48

Combinational area:                809.437992
Buf/Inv area:                      110.922001
Noncombinational area:            1014.258012
Macro/Black Box area:                0.000000
Net Interconnect area:      undefined  (No wire load specified)

Total cell area:                  1823.696004
Total area:                 undefined
1
