 
****************************************
Report : timing
        -path full
        -delay max
        -max_paths 1
Design : MyDesign
Version: P-2019.03-SP1
Date   : Tue Nov  9 02:13:33 2021
****************************************

Operating Conditions: slow   Library: NangateOpenCellLibrary_PDKv1_2_v2008_10_slow_nldm
Wire Load Model Mode: top

  Startpoint: weight_reg[8]
              (rising edge-triggered flip-flop clocked by clk)
  Endpoint: dut_sram_write_data_reg[11]
            (rising edge-triggered flip-flop clocked by clk)
  Path Group: clk
  Path Type: max

  Point                                                   Incr       Path
  --------------------------------------------------------------------------
  clock clk (rise edge)                                 0.0000     0.0000
  clock network delay (ideal)                           0.0000     0.0000
  weight_reg[8]/CK (DFFR_X2)                            0.0000     0.0000 r
  weight_reg[8]/QN (DFFR_X2)                            0.4121     0.4121 f
  U1130/ZN (INV_X8)                                     0.1841     0.5962 r
  U723/ZN (XNOR2_X2)                                    0.3097     0.9059 r
  U692/ZN (XNOR2_X2)                                    0.3307     1.2366 r
  U691/ZN (XNOR2_X2)                                    0.3098     1.5464 r
  U501/ZN (NAND3_X2)                                    0.1043     1.6507 f
  U533/ZN (OAI211_X2)                                   0.2192     1.8700 r
  U1096/ZN (AOI21_X2)                                   0.1168     1.9867 f
  dut_sram_write_data_reg[11]/D (DFF_X2)                0.0000     1.9867 f
  data arrival time                                                1.9867

  clock clk (rise edge)                                 2.3100     2.3100
  clock network delay (ideal)                           0.0000     2.3100
  clock uncertainty                                    -0.0500     2.2600
  dut_sram_write_data_reg[11]/CK (DFF_X2)               0.0000     2.2600 r
  library setup time                                   -0.3077     1.9523
  data required time                                               1.9523
  --------------------------------------------------------------------------
  data required time                                               1.9523
  data arrival time                                               -1.9867
  --------------------------------------------------------------------------
  slack (VIOLATED)                                                -0.0345


1
