Information: Updating design information... (UID-85)
 
****************************************
Report : timing
        -path full
        -delay min
        -max_paths 1
Design : MyDesign
Version: P-2019.03-SP1
Date   : Tue Nov  9 06:24:49 2021
****************************************

Operating Conditions: fast   Library: NangateOpenCellLibrary_PDKv1_2_v2008_10_fast_nldm
Wire Load Model Mode: top

  Startpoint: flag_last_reg
              (rising edge-triggered flip-flop clocked by clk)
  Endpoint: dut_sram_read_address_reg[1]
            (rising edge-triggered flip-flop clocked by clk)
  Path Group: clk
  Path Type: min

  Point                                                   Incr       Path
  --------------------------------------------------------------------------
  clock clk (rise edge)                                 0.0000     0.0000
  clock network delay (ideal)                           0.0000     0.0000
  flag_last_reg/CK (DFF_X2)                             0.0000     0.0000 r
  flag_last_reg/Q (DFF_X2)                              0.0612     0.0612 r
  U797/ZN (NOR2_X2)                                     0.0142     0.0754 f
  dut_sram_read_address_reg[1]/D (DFFRS_X2)             0.0000     0.0754 f
  data arrival time                                                0.0754

  clock clk (rise edge)                                 0.0000     0.0000
  clock network delay (ideal)                           0.0000     0.0000
  clock uncertainty                                     0.0500     0.0500
  dut_sram_read_address_reg[1]/CK (DFFRS_X2)            0.0000     0.0500 r
  library hold time                                     0.0216     0.0716
  data required time                                               0.0716
  --------------------------------------------------------------------------
  data required time                                               0.0716
  data arrival time                                               -0.0754
  --------------------------------------------------------------------------
  slack (MET)                                                      0.0038


1
