 
****************************************
Report : timing
        -path full
        -delay max
        -max_paths 1
Design : MyDesign
Version: P-2019.03-SP1
Date   : Tue Nov  9 06:24:49 2021
****************************************

Operating Conditions: slow   Library: NangateOpenCellLibrary_PDKv1_2_v2008_10_slow_nldm
Wire Load Model Mode: top

  Startpoint: weight_reg[2]
              (rising edge-triggered flip-flop clocked by clk)
  Endpoint: R_38 (rising edge-triggered flip-flop clocked by clk)
  Path Group: clk
  Path Type: max

  Point                                    Incr       Path
  -----------------------------------------------------------
  clock clk (rise edge)                  0.0000     0.0000
  clock network delay (ideal)            0.0000     0.0000
  weight_reg[2]/CK (DFFR_X2)             0.0000     0.0000 r
  weight_reg[2]/QN (DFFR_X2)             0.4121     0.4121 f
  U1107/ZN (INV_X8)                      0.1815     0.5935 r
  U1010/ZN (XNOR2_X2)                    0.3377     0.9313 r
  U1068/ZN (XNOR2_X2)                    0.3367     1.2679 r
  U739/ZN (XNOR2_X2)                     0.3220     1.5899 r
  U737/ZN (NOR2_X2)                      0.0893     1.6792 f
  U735/ZN (NAND2_X2)                     0.0957     1.7749 r
  U734/ZN (NAND2_X2)                     0.0580     1.8329 f
  U803/ZN (NAND2_X2)                     0.1147     1.9476 r
  U1007/ZN (NAND2_X2)                    0.0586     2.0063 f
  R_38/D (DFF_X2)                        0.0000     2.0063 f
  data arrival time                                 2.0063

  clock clk (rise edge)                  2.2100     2.2100
  clock network delay (ideal)            0.0000     2.2100
  clock uncertainty                     -0.0500     2.1600
  R_38/CK (DFF_X2)                       0.0000     2.1600 r
  library setup time                    -0.2977     1.8623
  data required time                                1.8623
  -----------------------------------------------------------
  data required time                                1.8623
  data arrival time                                -2.0063
  -----------------------------------------------------------
  slack (VIOLATED)                                 -0.1439


1
