 
****************************************
Report : area
Design : MyDesign
Version: P-2019.03-SP1
Date   : Thu Nov 11 00:18:56 2021
****************************************

Library(s) Used:

    NangateOpenCellLibrary_PDKv1_2_v2008_10_slow_nldm (File: /afs/eos.ncsu.edu/lockers/research/ece/wdavis/tech/nangate/NangateOpenCellLibrary_PDKv1_2_v2008_10/liberty/520/NangateOpenCellLibrary_PDKv1_2_v2008_10_slow_nldm.db)

Number of ports:                           89
Number of nets:                          1062
Number of cells:                          994
Number of combinational cells:            816
Number of sequential cells:               152
Number of macros/black boxes:               0
Number of buf/inv:                        225
Number of references:                      46

Combinational area:                836.037991
Buf/Inv area:                      123.424001
Noncombinational area:             762.090010
Macro/Black Box area:                0.000000
Net Interconnect area:      undefined  (No wire load specified)

Total cell area:                  1598.128001
Total area:                 undefined
1
