 
****************************************
Report : area
Design : MyDesign
Version: P-2019.03-SP1
Date   : Wed Nov 10 23:27:18 2021
****************************************

Library(s) Used:

    NangateOpenCellLibrary_PDKv1_2_v2008_10_slow_nldm (File: /afs/eos.ncsu.edu/lockers/research/ece/wdavis/tech/nangate/NangateOpenCellLibrary_PDKv1_2_v2008_10/liberty/520/NangateOpenCellLibrary_PDKv1_2_v2008_10_slow_nldm.db)

Number of ports:                           89
Number of nets:                           981
Number of cells:                          895
Number of combinational cells:            699
Number of sequential cells:               170
Number of macros/black boxes:               0
Number of buf/inv:                        157
Number of references:                      36

Combinational area:                802.521993
Buf/Inv area:                       86.716000
Noncombinational area:             823.536016
Macro/Black Box area:                0.000000
Net Interconnect area:      undefined  (No wire load specified)

Total cell area:                  1626.058009
Total area:                 undefined
1
