 
****************************************
Report : area
Design : MyDesign
Version: P-2019.03-SP1
Date   : Thu Nov 11 00:49:43 2021
****************************************

Library(s) Used:

    NangateOpenCellLibrary_PDKv1_2_v2008_10_slow_nldm (File: /afs/eos.ncsu.edu/lockers/research/ece/wdavis/tech/nangate/NangateOpenCellLibrary_PDKv1_2_v2008_10/liberty/520/NangateOpenCellLibrary_PDKv1_2_v2008_10_slow_nldm.db)

Number of ports:                           89
Number of nets:                          1007
Number of cells:                          934
Number of combinational cells:            760
Number of sequential cells:               148
Number of macros/black boxes:               0
Number of buf/inv:                        158
Number of references:                      41

Combinational area:                812.097991
Buf/Inv area:                       87.248001
Noncombinational area:             745.332009
Macro/Black Box area:                0.000000
Net Interconnect area:      undefined  (No wire load specified)

Total cell area:                  1557.430000
Total area:                 undefined
1
