Information: Updating design information... (UID-85)
 
****************************************
Report : timing
        -path full
        -delay min
        -max_paths 1
Design : MyDesign
Version: P-2019.03-SP1
Date   : Wed Nov 10 01:10:36 2021
****************************************

Operating Conditions: fast   Library: NangateOpenCellLibrary_PDKv1_2_v2008_10_fast_nldm
Wire Load Model Mode: top

  Startpoint: flag_last_reg
              (rising edge-triggered flip-flop clocked by clk)
  Endpoint: R_58 (rising edge-triggered flip-flop clocked by clk)
  Path Group: clk
  Path Type: min

  Point                                    Incr       Path
  -----------------------------------------------------------
  clock clk (rise edge)                  0.0000     0.0000
  clock network delay (ideal)            0.0000     0.0000
  flag_last_reg/CK (DFF_X1)              0.0000     0.0000 r
  flag_last_reg/QN (DFF_X1)              0.0624     0.0624 f
  R_58/D (DFFS_X2)                       0.0000     0.0624 f
  data arrival time                                 0.0624

  clock clk (rise edge)                  0.0000     0.0000
  clock network delay (ideal)            0.0000     0.0000
  clock uncertainty                      0.0500     0.0500
  R_58/CK (DFFS_X2)                      0.0000     0.0500 r
  library hold time                     -0.0048     0.0452
  data required time                                0.0452
  -----------------------------------------------------------
  data required time                                0.0452
  data arrival time                                -0.0624
  -----------------------------------------------------------
  slack (MET)                                       0.0172


1
