Information: Updating design information... (UID-85)
 
****************************************
Report : timing
        -path full
        -delay max
        -max_paths 1
Design : MyDesign
Version: P-2019.03-SP1
Date   : Tue Nov  9 06:01:10 2021
****************************************

Operating Conditions: slow   Library: NangateOpenCellLibrary_PDKv1_2_v2008_10_slow_nldm
Wire Load Model Mode: top

  Startpoint: weight_reg[2]
              (rising edge-triggered flip-flop clocked by clk)
  Endpoint: R_7 (rising edge-triggered flip-flop clocked by clk)
  Path Group: clk
  Path Type: max

  Point                                    Incr       Path
  -----------------------------------------------------------
  clock clk (rise edge)                  0.0000     0.0000
  clock network delay (ideal)            0.0000     0.0000
  weight_reg[2]/CK (DFFR_X2)             0.0000     0.0000 r
  weight_reg[2]/QN (DFFR_X2)             0.5308     0.5308 r
  U828/ZN (INV_X8)                       0.0955     0.6263 f
  U1025/ZN (XNOR2_X2)                    0.3009     0.9272 f
  U1026/ZN (XNOR2_X2)                    0.2963     1.2235 f
  U1141/ZN (XNOR2_X2)                    0.2689     1.4924 f
  U589/ZN (INV_X2)                       0.0825     1.5749 r
  U1089/ZN (OAI21_X1)                    0.1078     1.6827 f
  U1069/ZN (NOR3_X2)                     0.1508     1.8335 r
  U1067/ZN (INV_X2)                      0.0539     1.8874 f
  U1068/ZN (NAND3_X2)                    0.1346     2.0220 r
  U710/ZN (INV_X2)                       0.0480     2.0700 f
  R_7/D (DFF_X1)                         0.0000     2.0700 f
  data arrival time                                 2.0700

  clock clk (rise edge)                  2.4260     2.4260
  clock network delay (ideal)            0.0000     2.4260
  clock uncertainty                     -0.0500     2.3760
  R_7/CK (DFF_X1)                        0.0000     2.3760 r
  library setup time                    -0.3059     2.0701
  data required time                                2.0701
  -----------------------------------------------------------
  data required time                                2.0701
  data arrival time                                -2.0700
  -----------------------------------------------------------
  slack (MET)                                       0.0001


1
