 
****************************************
Report : area
Design : MyDesign
Version: P-2019.03-SP1
Date   : Tue Nov  9 06:12:37 2021
****************************************

Library(s) Used:

    NangateOpenCellLibrary_PDKv1_2_v2008_10_slow_nldm (File: /afs/eos.ncsu.edu/lockers/research/ece/wdavis/tech/nangate/NangateOpenCellLibrary_PDKv1_2_v2008_10/liberty/520/NangateOpenCellLibrary_PDKv1_2_v2008_10_slow_nldm.db)

Number of ports:                           89
Number of nets:                          1041
Number of cells:                          971
Number of combinational cells:            797
Number of sequential cells:               145
Number of macros/black boxes:               0
Number of buf/inv:                        174
Number of references:                      46

Combinational area:                837.633990
Buf/Inv area:                       98.420000
Noncombinational area:             738.150009
Macro/Black Box area:                0.000000
Net Interconnect area:      undefined  (No wire load specified)

Total cell area:                  1575.783998
Total area:                 undefined
1
