 
****************************************
Report : area
Design : MyDesign
Version: P-2019.03-SP1
Date   : Thu Nov 11 01:45:05 2021
****************************************

Library(s) Used:

    NangateOpenCellLibrary_PDKv1_2_v2008_10_slow_nldm (File: /afs/eos.ncsu.edu/lockers/research/ece/wdavis/tech/nangate/NangateOpenCellLibrary_PDKv1_2_v2008_10/liberty/520/NangateOpenCellLibrary_PDKv1_2_v2008_10_slow_nldm.db)

Number of ports:                           89
Number of nets:                          1097
Number of cells:                          995
Number of combinational cells:            748
Number of sequential cells:               221
Number of macros/black boxes:               0
Number of buf/inv:                        186
Number of references:                      43

Combinational area:                813.427994
Buf/Inv area:                      100.016001
Noncombinational area:            1058.148024
Macro/Black Box area:                0.000000
Net Interconnect area:      undefined  (No wire load specified)

Total cell area:                  1871.576017
Total area:                 undefined
1
