Information: Updating design information... (UID-85)
 
****************************************
Report : timing
        -path full
        -delay min
        -max_paths 1
Design : MyDesign
Version: P-2019.03-SP1
Date   : Thu Nov 11 01:45:04 2021
****************************************

Operating Conditions: fast   Library: NangateOpenCellLibrary_PDKv1_2_v2008_10_fast_nldm
Wire Load Model Mode: top

  Startpoint: dim_reg[1] (rising edge-triggered flip-flop clocked by clk)
  Endpoint: R_284 (rising edge-triggered flip-flop clocked by clk)
  Path Group: clk
  Path Type: min

  Point                                    Incr       Path
  -----------------------------------------------------------
  clock clk (rise edge)                  0.0000     0.0000
  clock network delay (ideal)            0.0000     0.0000
  dim_reg[1]/CK (DFF_X1)                 0.0000     0.0000 r
  dim_reg[1]/QN (DFF_X1)                 0.0649     0.0649 f
  R_284/D (DFF_X2)                       0.0000     0.0649 f
  data arrival time                                 0.0649

  clock clk (rise edge)                  0.0000     0.0000
  clock network delay (ideal)            0.0000     0.0000
  clock uncertainty                      0.0500     0.0500
  R_284/CK (DFF_X2)                      0.0000     0.0500 r
  library hold time                     -0.0018     0.0482
  data required time                                0.0482
  -----------------------------------------------------------
  data required time                                0.0482
  data arrival time                                -0.0649
  -----------------------------------------------------------
  slack (MET)                                       0.0167


1
