 
****************************************
Report : area
Design : MyDesign
Version: P-2019.03-SP1
Date   : Wed Nov 10 23:42:28 2021
****************************************

Library(s) Used:

    NangateOpenCellLibrary_PDKv1_2_v2008_10_slow_nldm (File: /afs/eos.ncsu.edu/lockers/research/ece/wdavis/tech/nangate/NangateOpenCellLibrary_PDKv1_2_v2008_10/liberty/520/NangateOpenCellLibrary_PDKv1_2_v2008_10_slow_nldm.db)

Number of ports:                           89
Number of nets:                          1118
Number of cells:                         1035
Number of combinational cells:            860
Number of sequential cells:               142
Number of macros/black boxes:               0
Number of buf/inv:                        237
Number of references:                      50

Combinational area:                862.903989
Buf/Inv area:                      131.138001
Noncombinational area:             726.978009
Macro/Black Box area:                0.000000
Net Interconnect area:      undefined  (No wire load specified)

Total cell area:                  1589.881998
Total area:                 undefined
1
