Information: Updating design information... (UID-85)
 
****************************************
Report : timing
        -path full
        -delay max
        -max_paths 1
Design : MyDesign
Version: P-2019.03-SP1
Date   : Wed Nov 10 23:42:24 2021
****************************************

Operating Conditions: slow   Library: NangateOpenCellLibrary_PDKv1_2_v2008_10_slow_nldm
Wire Load Model Mode: top

  Startpoint: weight_reg[1]
              (rising edge-triggered flip-flop clocked by clk)
  Endpoint: R_43 (rising edge-triggered flip-flop clocked by clk)
  Path Group: clk
  Path Type: max

  Point                                    Incr       Path
  -----------------------------------------------------------
  clock clk (rise edge)                  0.0000     0.0000
  clock network delay (ideal)            0.0000     0.0000
  weight_reg[1]/CK (DFFR_X2)             0.0000     0.0000 r
  weight_reg[1]/QN (DFFR_X2)             0.4121     0.4121 f
  U1210/ZN (INV_X8)                      0.1814     0.5934 r
  U820/ZN (XNOR2_X2)                     0.3377     0.9311 r
  U808/ZN (XNOR2_X2)                     0.3367     1.2678 r
  U807/ZN (XNOR2_X2)                     0.3491     1.6169 r
  U505/ZN (NOR2_X4)                      0.0808     1.6977 f
  U736/ZN (NAND2_X2)                     0.0968     1.7945 r
  U734/ZN (NAND2_X2)                     0.0594     1.8540 f
  U739/ZN (NAND3_X2)                     0.1362     1.9901 r
  R_43/D (DFF_X1)                        0.0000     1.9901 r
  data arrival time                                 1.9901

  clock clk (rise edge)                  2.2000     2.2000
  clock network delay (ideal)            0.0000     2.2000
  clock uncertainty                     -0.0500     2.1500
  R_43/CK (DFF_X1)                       0.0000     2.1500 r
  library setup time                    -0.2008     1.9492
  data required time                                1.9492
  -----------------------------------------------------------
  data required time                                1.9492
  data arrival time                                -1.9901
  -----------------------------------------------------------
  slack (VIOLATED)                                 -0.0409


1
