 
****************************************
Report : area
Design : MyDesign
Version: P-2019.03-SP1
Date   : Tue Nov  9 04:53:57 2021
****************************************

Library(s) Used:

    NangateOpenCellLibrary_PDKv1_2_v2008_10_slow_nldm (File: /afs/eos.ncsu.edu/lockers/research/ece/wdavis/tech/nangate/NangateOpenCellLibrary_PDKv1_2_v2008_10/liberty/520/NangateOpenCellLibrary_PDKv1_2_v2008_10_slow_nldm.db)

Number of ports:                           89
Number of nets:                           997
Number of cells:                          931
Number of combinational cells:            771
Number of sequential cells:               134
Number of macros/black boxes:               0
Number of buf/inv:                        162
Number of references:                      41

Combinational area:                823.535991
Buf/Inv area:                       89.642001
Noncombinational area:             682.290007
Macro/Black Box area:                0.000000
Net Interconnect area:      undefined  (No wire load specified)

Total cell area:                  1505.825998
Total area:                 undefined
1
