 
****************************************
Report : timing
        -path full
        -delay max
        -max_paths 1
Design : MyDesign
Version: P-2019.03-SP1
Date   : Tue Nov  9 03:49:14 2021
****************************************

Operating Conditions: slow   Library: NangateOpenCellLibrary_PDKv1_2_v2008_10_slow_nldm
Wire Load Model Mode: top

  Startpoint: row2_reg[10]
              (rising edge-triggered flip-flop clocked by clk)
  Endpoint: R_162 (rising edge-triggered flip-flop clocked by clk)
  Path Group: clk
  Path Type: max

  Point                                    Incr       Path
  -----------------------------------------------------------
  clock clk (rise edge)                  0.0000     0.0000
  clock network delay (ideal)            0.0000     0.0000
  row2_reg[10]/CK (DFF_X1)               0.0000     0.0000 r
  row2_reg[10]/QN (DFF_X1)               0.5543     0.5543 r
  U746/ZN (XNOR2_X1)                     0.4515     1.0057 r
  U1187/ZN (XNOR2_X2)                    0.3685     1.3742 r
  U1188/ZN (XNOR2_X2)                    0.3023     1.6765 r
  U784/ZN (NAND2_X1)                     0.1131     1.7897 f
  U617/ZN (NOR2_X2)                      0.1570     1.9467 r
  U616/ZN (AOI211_X2)                    0.1017     2.0484 f
  R_162/D (DFF_X1)                       0.0000     2.0484 f
  data arrival time                                 2.0484

  clock clk (rise edge)                  2.4500     2.4500
  clock network delay (ideal)            0.0000     2.4500
  clock uncertainty                     -0.0500     2.4000
  R_162/CK (DFF_X1)                      0.0000     2.4000 r
  library setup time                    -0.3458     2.0542
  data required time                                2.0542
  -----------------------------------------------------------
  data required time                                2.0542
  data arrival time                                -2.0484
  -----------------------------------------------------------
  slack (MET)                                       0.0058


1
