 
****************************************
Report : area
Design : MyDesign
Version: P-2019.03-SP1
Date   : Tue Nov  9 06:16:24 2021
****************************************

Library(s) Used:

    NangateOpenCellLibrary_PDKv1_2_v2008_10_slow_nldm (File: /afs/eos.ncsu.edu/lockers/research/ece/wdavis/tech/nangate/NangateOpenCellLibrary_PDKv1_2_v2008_10/liberty/520/NangateOpenCellLibrary_PDKv1_2_v2008_10_slow_nldm.db)

Number of ports:                           89
Number of nets:                          1047
Number of cells:                          962
Number of combinational cells:            730
Number of sequential cells:               205
Number of macros/black boxes:               0
Number of buf/inv:                        162
Number of references:                      49

Combinational area:                799.861993
Buf/Inv area:                       87.780001
Noncombinational area:            1028.090014
Macro/Black Box area:                0.000000
Net Interconnect area:      undefined  (No wire load specified)

Total cell area:                  1827.952007
Total area:                 undefined
1
