 
****************************************
Report : area
Design : MyDesign
Version: P-2019.03-SP1
Date   : Thu Nov 11 00:42:06 2021
****************************************

Library(s) Used:

    NangateOpenCellLibrary_PDKv1_2_v2008_10_slow_nldm (File: /afs/eos.ncsu.edu/lockers/research/ece/wdavis/tech/nangate/NangateOpenCellLibrary_PDKv1_2_v2008_10/liberty/520/NangateOpenCellLibrary_PDKv1_2_v2008_10_slow_nldm.db)

Number of ports:                           89
Number of nets:                          1064
Number of cells:                          992
Number of combinational cells:            819
Number of sequential cells:               147
Number of macros/black boxes:               0
Number of buf/inv:                        221
Number of references:                      41

Combinational area:                833.643990
Buf/Inv area:                      120.232001
Noncombinational area:             742.140009
Macro/Black Box area:                0.000000
Net Interconnect area:      undefined  (No wire load specified)

Total cell area:                  1575.783999
Total area:                 undefined
1
