 
****************************************
Report : area
Design : MyDesign
Version: P-2019.03-SP1
Date   : Wed Nov 10 01:28:58 2021
****************************************

Library(s) Used:

    NangateOpenCellLibrary_PDKv1_2_v2008_10_slow_nldm (File: /afs/eos.ncsu.edu/lockers/research/ece/wdavis/tech/nangate/NangateOpenCellLibrary_PDKv1_2_v2008_10/liberty/520/NangateOpenCellLibrary_PDKv1_2_v2008_10_slow_nldm.db)

Number of ports:                           89
Number of nets:                          1070
Number of cells:                          992
Number of combinational cells:            846
Number of sequential cells:               117
Number of macros/black boxes:               0
Number of buf/inv:                        215
Number of references:                      50

Combinational area:                865.563989
Buf/Inv area:                      121.828000
Noncombinational area:             596.904006
Macro/Black Box area:                0.000000
Net Interconnect area:      undefined  (No wire load specified)

Total cell area:                  1462.467995
Total area:                 undefined
1
