 
****************************************
Report : area
Design : MyDesign
Version: P-2019.03-SP1
Date   : Tue Nov  9 04:28:45 2021
****************************************

Library(s) Used:

    NangateOpenCellLibrary_PDKv1_2_v2008_10_slow_nldm (File: /afs/eos.ncsu.edu/lockers/research/ece/wdavis/tech/nangate/NangateOpenCellLibrary_PDKv1_2_v2008_10/liberty/520/NangateOpenCellLibrary_PDKv1_2_v2008_10_slow_nldm.db)

Number of ports:                           89
Number of nets:                          1090
Number of cells:                         1022
Number of combinational cells:            864
Number of sequential cells:               132
Number of macros/black boxes:               0
Number of buf/inv:                        237
Number of references:                      44

Combinational area:                862.371989
Buf/Inv area:                      130.606001
Noncombinational area:             672.714007
Macro/Black Box area:                0.000000
Net Interconnect area:      undefined  (No wire load specified)

Total cell area:                  1535.085996
Total area:                 undefined
1
