 
****************************************
Report : area
Design : MyDesign
Version: P-2019.03-SP1
Date   : Wed Nov 10 21:18:29 2021
****************************************

Library(s) Used:

    NangateOpenCellLibrary_PDKv1_2_v2008_10_slow_nldm (File: /afs/eos.ncsu.edu/lockers/research/ece/wdavis/tech/nangate/NangateOpenCellLibrary_PDKv1_2_v2008_10/liberty/520/NangateOpenCellLibrary_PDKv1_2_v2008_10_slow_nldm.db)

Number of ports:                           89
Number of nets:                          1092
Number of cells:                          975
Number of combinational cells:            767
Number of sequential cells:               180
Number of macros/black boxes:               0
Number of buf/inv:                        178
Number of references:                      43

Combinational area:                799.063995
Buf/Inv area:                       96.026001
Noncombinational area:             900.942013
Macro/Black Box area:                0.000000
Net Interconnect area:      undefined  (No wire load specified)

Total cell area:                  1700.006008
Total area:                 undefined
1
