 
****************************************
Report : timing
        -path full
        -delay max
        -max_paths 1
Design : MyDesign
Version: P-2019.03-SP1
Date   : Thu Nov 11 02:42:24 2021
****************************************

Operating Conditions: slow   Library: NangateOpenCellLibrary_PDKv1_2_v2008_10_slow_nldm
Wire Load Model Mode: top

  Startpoint: row2_reg[4]
              (rising edge-triggered flip-flop clocked by clk)
  Endpoint: R_87 (rising edge-triggered flip-flop clocked by clk)
  Path Group: clk
  Path Type: max

  Point                                    Incr       Path
  -----------------------------------------------------------
  clock clk (rise edge)                  0.0000     0.0000
  clock network delay (ideal)            0.0000     0.0000
  row2_reg[4]/CK (DFF_X1)                0.0000     0.0000 r
  row2_reg[4]/Q (DFF_X1)                 0.5608     0.5608 r
  U690/Z (XOR2_X1)                       0.5037     1.0645 r
  U492/ZN (INV_X1)                       0.1338     1.1983 f
  U1278/ZN (XNOR2_X2)                    0.2710     1.4693 r
  U1279/ZN (XNOR2_X2)                    0.3048     1.7741 r
  U495/ZN (INV_X1)                       0.0816     1.8557 f
  U502/ZN (NAND4_X1)                     0.2767     2.1325 r
  R_87/D (DFF_X1)                        0.0000     2.1325 r
  data arrival time                                 2.1325

  clock clk (rise edge)                  2.4360     2.4360
  clock network delay (ideal)            0.0000     2.4360
  clock uncertainty                     -0.0500     2.3860
  R_87/CK (DFF_X1)                       0.0000     2.3860 r
  library setup time                    -0.2532     2.1328
  data required time                                2.1328
  -----------------------------------------------------------
  data required time                                2.1328
  data arrival time                                -2.1325
  -----------------------------------------------------------
  slack (MET)                                       0.0004


1
