 
****************************************
Report : area
Design : MyDesign
Version: P-2019.03-SP1
Date   : Wed Nov 10 01:31:17 2021
****************************************

Library(s) Used:

    NangateOpenCellLibrary_PDKv1_2_v2008_10_slow_nldm (File: /afs/eos.ncsu.edu/lockers/research/ece/wdavis/tech/nangate/NangateOpenCellLibrary_PDKv1_2_v2008_10/liberty/520/NangateOpenCellLibrary_PDKv1_2_v2008_10_slow_nldm.db)

Number of ports:                           89
Number of nets:                          1120
Number of cells:                         1049
Number of combinational cells:            883
Number of sequential cells:               137
Number of macros/black boxes:               0
Number of buf/inv:                        238
Number of references:                      45

Combinational area:                880.725988
Buf/Inv area:                      135.394001
Noncombinational area:             699.846007
Macro/Black Box area:                0.000000
Net Interconnect area:      undefined  (No wire load specified)

Total cell area:                  1580.571995
Total area:                 undefined
1
