 
****************************************
Report : timing
        -path full
        -delay max
        -max_paths 1
Design : MyDesign
Version: P-2019.03-SP1
Date   : Wed Nov 10 01:31:17 2021
****************************************

Operating Conditions: slow   Library: NangateOpenCellLibrary_PDKv1_2_v2008_10_slow_nldm
Wire Load Model Mode: top

  Startpoint: weight_reg[6]
              (rising edge-triggered flip-flop clocked by clk)
  Endpoint: R_35 (rising edge-triggered flip-flop clocked by clk)
  Path Group: clk
  Path Type: max

  Point                                    Incr       Path
  -----------------------------------------------------------
  clock clk (rise edge)                  0.0000     0.0000
  clock network delay (ideal)            0.0000     0.0000
  weight_reg[6]/CK (DFFR_X2)             0.0000     0.0000 r
  weight_reg[6]/QN (DFFR_X2)             0.4121     0.4121 f
  U1169/ZN (INV_X8)                      0.1693     0.5814 r
  U770/ZN (XNOR2_X2)                     0.3207     0.9021 r
  U771/ZN (XNOR2_X2)                     0.3306     1.2327 r
  U1037/ZN (XNOR2_X2)                    0.3170     1.5497 r
  U679/ZN (NOR2_X2)                      0.0897     1.6394 f
  U1045/ZN (NAND3_X2)                    0.1087     1.7481 r
  U1040/ZN (NAND2_X2)                    0.0667     1.8148 f
  U1039/ZN (NAND2_X2)                    0.1148     1.9296 r
  U1038/ZN (INV_X2)                      0.0414     1.9710 f
  R_35/D (DFF_X2)                        0.0000     1.9710 f
  data arrival time                                 1.9710

  clock clk (rise edge)                  2.1500     2.1500
  clock network delay (ideal)            0.0000     2.1500
  clock uncertainty                     -0.0500     2.1000
  R_35/CK (DFF_X2)                       0.0000     2.1000 r
  library setup time                    -0.2922     1.8078
  data required time                                1.8078
  -----------------------------------------------------------
  data required time                                1.8078
  data arrival time                                -1.9710
  -----------------------------------------------------------
  slack (VIOLATED)                                 -0.1632


1
