 
****************************************
Report : area
Design : MyDesign
Version: P-2019.03-SP1
Date   : Tue Nov  9 04:19:51 2021
****************************************

Library(s) Used:

    NangateOpenCellLibrary_PDKv1_2_v2008_10_slow_nldm (File: /afs/eos.ncsu.edu/lockers/research/ece/wdavis/tech/nangate/NangateOpenCellLibrary_PDKv1_2_v2008_10/liberty/520/NangateOpenCellLibrary_PDKv1_2_v2008_10_slow_nldm.db)

Number of ports:                           89
Number of nets:                          1085
Number of cells:                         1001
Number of combinational cells:            811
Number of sequential cells:               163
Number of macros/black boxes:               0
Number of buf/inv:                        253
Number of references:                      45

Combinational area:                831.515992
Buf/Inv area:                      137.522001
Noncombinational area:             822.206010
Macro/Black Box area:                0.000000
Net Interconnect area:      undefined  (No wire load specified)

Total cell area:                  1653.722002
Total area:                 undefined
1
