 
****************************************
Report : area
Design : MyDesign
Version: P-2019.03-SP1
Date   : Thu Nov 11 00:20:07 2021
****************************************

Library(s) Used:

    NangateOpenCellLibrary_PDKv1_2_v2008_10_slow_nldm (File: /afs/eos.ncsu.edu/lockers/research/ece/wdavis/tech/nangate/NangateOpenCellLibrary_PDKv1_2_v2008_10/liberty/520/NangateOpenCellLibrary_PDKv1_2_v2008_10_slow_nldm.db)

Number of ports:                           89
Number of nets:                          1139
Number of cells:                         1038
Number of combinational cells:            798
Number of sequential cells:               214
Number of macros/black boxes:               0
Number of buf/inv:                        236
Number of references:                      47

Combinational area:                829.919992
Buf/Inv area:                      127.148001
Noncombinational area:            1063.468017
Macro/Black Box area:                0.000000
Net Interconnect area:      undefined  (No wire load specified)

Total cell area:                  1893.388009
Total area:                 undefined
1
