 
****************************************
Report : area
Design : MyDesign
Version: P-2019.03-SP1
Date   : Thu Nov 11 01:51:02 2021
****************************************

Library(s) Used:

    NangateOpenCellLibrary_PDKv1_2_v2008_10_slow_nldm (File: /afs/eos.ncsu.edu/lockers/research/ece/wdavis/tech/nangate/NangateOpenCellLibrary_PDKv1_2_v2008_10/liberty/520/NangateOpenCellLibrary_PDKv1_2_v2008_10_slow_nldm.db)

Number of ports:                           89
Number of nets:                          1038
Number of cells:                          955
Number of combinational cells:            788
Number of sequential cells:               134
Number of macros/black boxes:               0
Number of buf/inv:                        189
Number of references:                      47

Combinational area:                826.727991
Buf/Inv area:                      102.410001
Noncombinational area:             676.704010
Macro/Black Box area:                0.000000
Net Interconnect area:      undefined  (No wire load specified)

Total cell area:                  1503.432002
Total area:                 undefined
1
