 
****************************************
Report : timing
        -path full
        -delay max
        -max_paths 1
Design : MyDesign
Version: P-2019.03-SP1
Date   : Thu Nov 11 01:51:02 2021
****************************************

Operating Conditions: slow   Library: NangateOpenCellLibrary_PDKv1_2_v2008_10_slow_nldm
Wire Load Model Mode: top

  Startpoint: row0_reg[3]
              (rising edge-triggered flip-flop clocked by clk)
  Endpoint: dut_sram_write_data_reg[3]
            (rising edge-triggered flip-flop clocked by clk)
  Path Group: clk
  Path Type: max

  Point                                                   Incr       Path
  --------------------------------------------------------------------------
  clock clk (rise edge)                                 0.0000     0.0000
  clock network delay (ideal)                           0.0000     0.0000
  row0_reg[3]/CK (DFF_X1)                               0.0000     0.0000 r
  row0_reg[3]/Q (DFF_X1)                                0.6249     0.6249 f
  U1288/ZN (XNOR2_X2)                                   0.2808     0.9057 f
  U1289/ZN (XNOR2_X2)                                   0.3122     1.2178 f
  U712/ZN (XNOR2_X2)                                    0.2712     1.4890 f
  U583/ZN (NOR3_X2)                                     0.2585     1.7475 r
  U575/ZN (INV_X2)                                      0.0618     1.8094 f
  U528/ZN (NOR2_X1)                                     0.1378     1.9472 r
  U527/ZN (INV_X1)                                      0.0692     2.0164 f
  U1182/ZN (NAND3_X2)                                   0.1682     2.1846 r
  dut_sram_write_data_reg[3]/D (DFF_X2)                 0.0000     2.1846 r
  data arrival time                                                2.1846

  clock clk (rise edge)                                 2.4360     2.4360
  clock network delay (ideal)                           0.0000     2.4360
  clock uncertainty                                    -0.0500     2.3860
  dut_sram_write_data_reg[3]/CK (DFF_X2)                0.0000     2.3860 r
  library setup time                                   -0.2009     2.1851
  data required time                                               2.1851
  --------------------------------------------------------------------------
  data required time                                               2.1851
  data arrival time                                               -2.1846
  --------------------------------------------------------------------------
  slack (MET)                                                      0.0006


1
