 
****************************************
Report : area
Design : MyDesign
Version: P-2019.03-SP1
Date   : Thu Nov 11 01:51:56 2021
****************************************

Library(s) Used:

    NangateOpenCellLibrary_PDKv1_2_v2008_10_slow_nldm (File: /afs/eos.ncsu.edu/lockers/research/ece/wdavis/tech/nangate/NangateOpenCellLibrary_PDKv1_2_v2008_10/liberty/520/NangateOpenCellLibrary_PDKv1_2_v2008_10_slow_nldm.db)

Number of ports:                           89
Number of nets:                          1024
Number of cells:                          940
Number of combinational cells:            779
Number of sequential cells:               133
Number of macros/black boxes:               0
Number of buf/inv:                        179
Number of references:                      48

Combinational area:                824.333991
Buf/Inv area:                       97.356001
Noncombinational area:             661.010010
Macro/Black Box area:                0.000000
Net Interconnect area:      undefined  (No wire load specified)

Total cell area:                  1485.344001
Total area:                 undefined
1
