 
****************************************
Report : area
Design : MyDesign
Version: P-2019.03-SP1
Date   : Thu Nov 11 02:36:15 2021
****************************************

Library(s) Used:

    NangateOpenCellLibrary_PDKv1_2_v2008_10_slow_nldm (File: /afs/eos.ncsu.edu/lockers/research/ece/wdavis/tech/nangate/NangateOpenCellLibrary_PDKv1_2_v2008_10/liberty/520/NangateOpenCellLibrary_PDKv1_2_v2008_10_slow_nldm.db)

Number of ports:                           89
Number of nets:                          1015
Number of cells:                          924
Number of combinational cells:            739
Number of sequential cells:               157
Number of macros/black boxes:               0
Number of buf/inv:                        166
Number of references:                      45

Combinational area:                795.605992
Buf/Inv area:                       89.908001
Noncombinational area:             785.498011
Macro/Black Box area:                0.000000
Net Interconnect area:      undefined  (No wire load specified)

Total cell area:                  1581.104003
Total area:                 undefined
1
