 
****************************************
Report : timing
        -path full
        -delay max
        -max_paths 1
Design : MyDesign
Version: P-2019.03-SP1
Date   : Tue Nov  9 06:29:22 2021
****************************************

Operating Conditions: slow   Library: NangateOpenCellLibrary_PDKv1_2_v2008_10_slow_nldm
Wire Load Model Mode: top

  Startpoint: weight_reg[2]
              (rising edge-triggered flip-flop clocked by clk)
  Endpoint: dut_sram_write_data_reg[9]
            (rising edge-triggered flip-flop clocked by clk)
  Path Group: clk
  Path Type: max

  Point                                                   Incr       Path
  --------------------------------------------------------------------------
  clock clk (rise edge)                                 0.0000     0.0000
  clock network delay (ideal)                           0.0000     0.0000
  weight_reg[2]/CK (DFFR_X2)                            0.0000     0.0000 r
  weight_reg[2]/QN (DFFR_X2)                            0.4121     0.4121 f
  U1043/ZN (INV_X8)                                     0.1842     0.5963 r
  U1072/ZN (XNOR2_X2)                                   0.3334     0.9297 r
  U1075/ZN (XNOR2_X2)                                   0.3231     1.2528 r
  U1076/ZN (XNOR2_X2)                                   0.3188     1.5716 r
  U497/ZN (NAND3_X2)                                    0.1282     1.6998 f
  U1091/ZN (OAI21_X2)                                   0.1971     1.8970 r
  U1092/ZN (AOI21_X2)                                   0.1070     2.0039 f
  dut_sram_write_data_reg[9]/D (DFF_X2)                 0.0000     2.0039 f
  data arrival time                                                2.0039

  clock clk (rise edge)                                 2.2800     2.2800
  clock network delay (ideal)                           0.0000     2.2800
  clock uncertainty                                    -0.0500     2.2300
  dut_sram_write_data_reg[9]/CK (DFF_X2)                0.0000     2.2300 r
  library setup time                                   -0.3082     1.9218
  data required time                                               1.9218
  --------------------------------------------------------------------------
  data required time                                               1.9218
  data arrival time                                               -2.0039
  --------------------------------------------------------------------------
  slack (VIOLATED)                                                -0.0822


1
