 
****************************************
Report : area
Design : MyDesign
Version: P-2019.03-SP1
Date   : Tue Nov  9 06:19:09 2021
****************************************

Library(s) Used:

    NangateOpenCellLibrary_PDKv1_2_v2008_10_slow_nldm (File: /afs/eos.ncsu.edu/lockers/research/ece/wdavis/tech/nangate/NangateOpenCellLibrary_PDKv1_2_v2008_10/liberty/520/NangateOpenCellLibrary_PDKv1_2_v2008_10_slow_nldm.db)

Number of ports:                           89
Number of nets:                          1047
Number of cells:                          968
Number of combinational cells:            827
Number of sequential cells:               111
Number of macros/black boxes:               0
Number of buf/inv:                        205
Number of references:                      48

Combinational area:                854.923989
Buf/Inv area:                      117.040000
Noncombinational area:             572.432006
Macro/Black Box area:                0.000000
Net Interconnect area:      undefined  (No wire load specified)

Total cell area:                  1427.355995
Total area:                 undefined
1
