 
****************************************
Report : area
Design : MyDesign
Version: P-2019.03-SP1
Date   : Tue Nov  9 05:49:40 2021
****************************************

Library(s) Used:

    NangateOpenCellLibrary_PDKv1_2_v2008_10_slow_nldm (File: /afs/eos.ncsu.edu/lockers/research/ece/wdavis/tech/nangate/NangateOpenCellLibrary_PDKv1_2_v2008_10/liberty/520/NangateOpenCellLibrary_PDKv1_2_v2008_10_slow_nldm.db)

Number of ports:                           89
Number of nets:                          1063
Number of cells:                          974
Number of combinational cells:            821
Number of sequential cells:               120
Number of macros/black boxes:               0
Number of buf/inv:                        196
Number of references:                      48

Combinational area:                851.465990
Buf/Inv area:                      107.464001
Noncombinational area:             620.844006
Macro/Black Box area:                0.000000
Net Interconnect area:      undefined  (No wire load specified)

Total cell area:                  1472.309996
Total area:                 undefined
1
