 
****************************************
Report : area
Design : MyDesign
Version: P-2019.03-SP1
Date   : Tue Nov  9 04:15:14 2021
****************************************

Library(s) Used:

    NangateOpenCellLibrary_PDKv1_2_v2008_10_slow_nldm (File: /afs/eos.ncsu.edu/lockers/research/ece/wdavis/tech/nangate/NangateOpenCellLibrary_PDKv1_2_v2008_10/liberty/520/NangateOpenCellLibrary_PDKv1_2_v2008_10_slow_nldm.db)

Number of ports:                           89
Number of nets:                          1108
Number of cells:                         1035
Number of combinational cells:            778
Number of sequential cells:               230
Number of macros/black boxes:               0
Number of buf/inv:                        233
Number of references:                      45

Combinational area:                812.629992
Buf/Inv area:                      126.084001
Noncombinational area:            1149.918016
Macro/Black Box area:                0.000000
Net Interconnect area:      undefined  (No wire load specified)

Total cell area:                  1962.548008
Total area:                 undefined
1
