 
****************************************
Report : area
Design : MyDesign
Version: P-2019.03-SP1
Date   : Tue Nov  9 06:21:00 2021
****************************************

Library(s) Used:

    NangateOpenCellLibrary_PDKv1_2_v2008_10_slow_nldm (File: /afs/eos.ncsu.edu/lockers/research/ece/wdavis/tech/nangate/NangateOpenCellLibrary_PDKv1_2_v2008_10/liberty/520/NangateOpenCellLibrary_PDKv1_2_v2008_10_slow_nldm.db)

Number of ports:                           89
Number of nets:                          1033
Number of cells:                          954
Number of combinational cells:            806
Number of sequential cells:               114
Number of macros/black boxes:               0
Number of buf/inv:                        170
Number of references:                      49

Combinational area:                842.421989
Buf/Inv area:                       94.962000
Noncombinational area:             592.914006
Macro/Black Box area:                0.000000
Net Interconnect area:      undefined  (No wire load specified)

Total cell area:                  1435.335995
Total area:                 undefined
1
