Information: Updating design information... (UID-85)
 
****************************************
Report : timing
        -path full
        -delay max
        -max_paths 1
Design : MyDesign
Version: P-2019.03-SP1
Date   : Tue Nov  9 06:20:56 2021
****************************************

Operating Conditions: slow   Library: NangateOpenCellLibrary_PDKv1_2_v2008_10_slow_nldm
Wire Load Model Mode: top

  Startpoint: weight_reg[5]
              (rising edge-triggered flip-flop clocked by clk)
  Endpoint: dut_sram_write_data_reg[12]
            (rising edge-triggered flip-flop clocked by clk)
  Path Group: clk
  Path Type: max

  Point                                                   Incr       Path
  --------------------------------------------------------------------------
  clock clk (rise edge)                                 0.0000     0.0000
  clock network delay (ideal)                           0.0000     0.0000
  weight_reg[5]/CK (DFFR_X2)                            0.0000     0.0000 r
  weight_reg[5]/Q (DFFR_X2)                             0.6928     0.6928 f
  U1056/ZN (XNOR2_X2)                                   0.2492     0.9420 r
  U773/ZN (XNOR2_X2)                                    0.3231     1.2651 r
  U771/ZN (XNOR2_X2)                                    0.3192     1.5843 r
  U730/ZN (NAND3_X2)                                    0.1055     1.6898 f
  U1184/ZN (OAI21_X2)                                   0.1990     1.8888 r
  U1185/ZN (AOI21_X2)                                   0.1070     1.9957 f
  dut_sram_write_data_reg[12]/D (DFF_X2)                0.0000     1.9957 f
  data arrival time                                                1.9957

  clock clk (rise edge)                                 2.3500     2.3500
  clock network delay (ideal)                           0.0000     2.3500
  clock uncertainty                                    -0.0500     2.3000
  dut_sram_write_data_reg[12]/CK (DFF_X2)               0.0000     2.3000 r
  library setup time                                   -0.3050     1.9950
  data required time                                               1.9950
  --------------------------------------------------------------------------
  data required time                                               1.9950
  data arrival time                                               -1.9957
  --------------------------------------------------------------------------
  slack (VIOLATED)                                                -0.0007


1
