 
****************************************
Report : area
Design : MyDesign
Version: P-2019.03-SP1
Date   : Tue Nov  9 02:41:00 2021
****************************************

Library(s) Used:

    NangateOpenCellLibrary_PDKv1_2_v2008_10_slow_nldm (File: /afs/eos.ncsu.edu/lockers/research/ece/wdavis/tech/nangate/NangateOpenCellLibrary_PDKv1_2_v2008_10/liberty/520/NangateOpenCellLibrary_PDKv1_2_v2008_10_slow_nldm.db)

Number of ports:                           89
Number of nets:                          1068
Number of cells:                          999
Number of combinational cells:            811
Number of sequential cells:               162
Number of macros/black boxes:               0
Number of buf/inv:                        229
Number of references:                      39

Combinational area:                836.037992
Buf/Inv area:                      123.690001
Noncombinational area:             822.738009
Macro/Black Box area:                0.000000
Net Interconnect area:      undefined  (No wire load specified)

Total cell area:                  1658.776001
Total area:                 undefined
1
