Information: Updating design information... (UID-85)
 
****************************************
Report : timing
        -path full
        -delay max
        -max_paths 1
Design : MyDesign
Version: P-2019.03-SP1
Date   : Tue Nov  9 02:40:58 2021
****************************************

Operating Conditions: slow   Library: NangateOpenCellLibrary_PDKv1_2_v2008_10_slow_nldm
Wire Load Model Mode: top

  Startpoint: weight_reg[6]
              (rising edge-triggered flip-flop clocked by clk)
  Endpoint: R_35 (rising edge-triggered flip-flop clocked by clk)
  Path Group: clk
  Path Type: max

  Point                                    Incr       Path
  -----------------------------------------------------------
  clock clk (rise edge)                  0.0000     0.0000
  clock network delay (ideal)            0.0000     0.0000
  weight_reg[6]/CK (DFFR_X2)             0.0000     0.0000 r
  weight_reg[6]/QN (DFFR_X2)             0.5828     0.5828 r
  U744/ZN (INV_X8)                       0.1102     0.6930 f
  U736/ZN (XNOR2_X2)                     0.3027     0.9957 f
  U588/ZN (INV_X4)                       0.0928     1.0885 r
  U749/ZN (XNOR2_X2)                     0.2795     1.3681 r
  U748/ZN (XNOR2_X2)                     0.3214     1.6895 r
  U747/ZN (INV_X4)                       0.0490     1.7385 f
  U1239/ZN (NAND4_X2)                    0.2103     1.9488 r
  U1240/ZN (AOI22_X2)                    0.1363     2.0850 f
  R_35/D (DFF_X2)                        0.0000     2.0850 f
  data arrival time                                 2.0850

  clock clk (rise edge)                  2.4600     2.4600
  clock network delay (ideal)            0.0000     2.4600
  clock uncertainty                     -0.0500     2.4100
  R_35/CK (DFF_X2)                       0.0000     2.4100 r
  library setup time                    -0.3237     2.0863
  data required time                                2.0863
  -----------------------------------------------------------
  data required time                                2.0863
  data arrival time                                -2.0850
  -----------------------------------------------------------
  slack (MET)                                       0.0013


1
