 
****************************************
Report : area
Design : MyDesign
Version: P-2019.03-SP1
Date   : Tue Nov  9 03:39:04 2021
****************************************

Library(s) Used:

    NangateOpenCellLibrary_PDKv1_2_v2008_10_slow_nldm (File: /afs/eos.ncsu.edu/lockers/research/ece/wdavis/tech/nangate/NangateOpenCellLibrary_PDKv1_2_v2008_10/liberty/520/NangateOpenCellLibrary_PDKv1_2_v2008_10_slow_nldm.db)

Number of ports:                           89
Number of nets:                          1113
Number of cells:                         1027
Number of combinational cells:            797
Number of sequential cells:               203
Number of macros/black boxes:               0
Number of buf/inv:                        236
Number of references:                      47

Combinational area:                824.865992
Buf/Inv area:                      127.680001
Noncombinational area:            1018.248013
Macro/Black Box area:                0.000000
Net Interconnect area:      undefined  (No wire load specified)

Total cell area:                  1843.114005
Total area:                 undefined
1
