 
****************************************
Report : area
Design : MyDesign
Version: P-2019.03-SP1
Date   : Wed Nov 10 23:37:43 2021
****************************************

Library(s) Used:

    NangateOpenCellLibrary_PDKv1_2_v2008_10_slow_nldm (File: /afs/eos.ncsu.edu/lockers/research/ece/wdavis/tech/nangate/NangateOpenCellLibrary_PDKv1_2_v2008_10/liberty/520/NangateOpenCellLibrary_PDKv1_2_v2008_10_slow_nldm.db)

Number of ports:                           89
Number of nets:                          1095
Number of cells:                         1025
Number of combinational cells:            846
Number of sequential cells:               149
Number of macros/black boxes:               0
Number of buf/inv:                        238
Number of references:                      47

Combinational area:                850.933989
Buf/Inv area:                      133.266001
Noncombinational area:             743.470011
Macro/Black Box area:                0.000000
Net Interconnect area:      undefined  (No wire load specified)

Total cell area:                  1594.404000
Total area:                 undefined
1
