 
****************************************
Report : area
Design : MyDesign
Version: P-2019.03-SP1
Date   : Tue Nov  9 03:52:32 2021
****************************************

Library(s) Used:

    NangateOpenCellLibrary_PDKv1_2_v2008_10_slow_nldm (File: /afs/eos.ncsu.edu/lockers/research/ece/wdavis/tech/nangate/NangateOpenCellLibrary_PDKv1_2_v2008_10/liberty/520/NangateOpenCellLibrary_PDKv1_2_v2008_10_slow_nldm.db)

Number of ports:                           89
Number of nets:                          1043
Number of cells:                          964
Number of combinational cells:            786
Number of sequential cells:               150
Number of macros/black boxes:               0
Number of buf/inv:                        212
Number of references:                      45

Combinational area:                819.811992
Buf/Inv area:                      116.774001
Noncombinational area:             755.174010
Macro/Black Box area:                0.000000
Net Interconnect area:      undefined  (No wire load specified)

Total cell area:                  1574.986002
Total area:                 undefined
1
