 
****************************************
Report : timing
        -path full
        -delay max
        -max_paths 1
Design : MyDesign
Version: P-2019.03-SP1
Date   : Tue Nov  9 03:52:32 2021
****************************************

Operating Conditions: slow   Library: NangateOpenCellLibrary_PDKv1_2_v2008_10_slow_nldm
Wire Load Model Mode: top

  Startpoint: weight_reg[1]
              (rising edge-triggered flip-flop clocked by clk)
  Endpoint: R_10 (rising edge-triggered flip-flop clocked by clk)
  Path Group: clk
  Path Type: max

  Point                                    Incr       Path
  -----------------------------------------------------------
  clock clk (rise edge)                  0.0000     0.0000
  clock network delay (ideal)            0.0000     0.0000
  weight_reg[1]/CK (DFFR_X2)             0.0000     0.0000 r
  weight_reg[1]/QN (DFFR_X2)             0.3857     0.3857 f
  U1078/ZN (INV_X4)                      0.0942     0.4799 r
  U725/ZN (INV_X8)                       0.0502     0.5300 f
  U912/ZN (INV_X8)                       0.1070     0.6371 r
  U740/ZN (XNOR2_X2)                     0.2902     0.9272 r
  U841/ZN (XNOR2_X1)                     0.3490     1.2762 r
  U840/ZN (XNOR2_X1)                     0.3571     1.6333 r
  U1191/ZN (NAND3_X1)                    0.1353     1.7686 f
  U1246/ZN (NAND2_X1)                    0.1719     1.9405 r
  U1251/ZN (AOI22_X2)                    0.0930     2.0335 f
  R_10/D (DFF_X2)                        0.0000     2.0335 f
  data arrival time                                 2.0335

  clock clk (rise edge)                  2.4100     2.4100
  clock network delay (ideal)            0.0000     2.4100
  clock uncertainty                     -0.0500     2.3600
  R_10/CK (DFF_X2)                       0.0000     2.3600 r
  library setup time                    -0.3237     2.0363
  data required time                                2.0363
  -----------------------------------------------------------
  data required time                                2.0363
  data arrival time                                -2.0335
  -----------------------------------------------------------
  slack (MET)                                       0.0028


1
