 
****************************************
Report : area
Design : MyDesign
Version: P-2019.03-SP1
Date   : Tue Nov  9 03:35:21 2021
****************************************

Library(s) Used:

    NangateOpenCellLibrary_PDKv1_2_v2008_10_slow_nldm (File: /afs/eos.ncsu.edu/lockers/research/ece/wdavis/tech/nangate/NangateOpenCellLibrary_PDKv1_2_v2008_10/liberty/520/NangateOpenCellLibrary_PDKv1_2_v2008_10_slow_nldm.db)

Number of ports:                           89
Number of nets:                          1132
Number of cells:                         1049
Number of combinational cells:            820
Number of sequential cells:               203
Number of macros/black boxes:               0
Number of buf/inv:                        243
Number of references:                      48

Combinational area:                843.751991
Buf/Inv area:                      132.202001
Noncombinational area:            1025.430012
Macro/Black Box area:                0.000000
Net Interconnect area:      undefined  (No wire load specified)

Total cell area:                  1869.182004
Total area:                 undefined
1
