 
****************************************
Report : timing
        -path full
        -delay max
        -max_paths 1
Design : MyDesign
Version: P-2019.03-SP1
Date   : Tue Nov  9 03:35:21 2021
****************************************

Operating Conditions: slow   Library: NangateOpenCellLibrary_PDKv1_2_v2008_10_slow_nldm
Wire Load Model Mode: top

  Startpoint: row0_reg[2]
              (rising edge-triggered flip-flop clocked by clk)
  Endpoint: R_78 (rising edge-triggered flip-flop clocked by clk)
  Path Group: clk
  Path Type: max

  Point                                    Incr       Path
  -----------------------------------------------------------
  clock clk (rise edge)                  0.0000     0.0000
  clock network delay (ideal)            0.0000     0.0000
  row0_reg[2]/CK (DFF_X1)                0.0000     0.0000 r
  row0_reg[2]/Q (DFF_X1)                 0.5608     0.5608 f
  U701/ZN (XNOR2_X1)                     0.4326     0.9934 r
  U727/ZN (XNOR2_X2)                     0.3564     1.3498 r
  U786/ZN (XNOR2_X1)                     0.3622     1.7120 r
  U547/ZN (INV_X2)                       0.0624     1.7744 f
  U494/ZN (NAND3_X1)                     0.2621     2.0365 r
  U506/ZN (OR2_X1)                       0.1989     2.2355 r
  R_78/D (DFF_X1)                        0.0000     2.2355 r
  data arrival time                                 2.2355

  clock clk (rise edge)                  2.4700     2.4700
  clock network delay (ideal)            0.0000     2.4700
  clock uncertainty                     -0.0500     2.4200
  R_78/CK (DFF_X1)                       0.0000     2.4200 r
  library setup time                    -0.1835     2.2365
  data required time                                2.2365
  -----------------------------------------------------------
  data required time                                2.2365
  data arrival time                                -2.2355
  -----------------------------------------------------------
  slack (MET)                                       0.0010


1
