 
****************************************
Report : area
Design : MyDesign
Version: P-2019.03-SP1
Date   : Tue Nov  9 04:46:34 2021
****************************************

Library(s) Used:

    NangateOpenCellLibrary_PDKv1_2_v2008_10_slow_nldm (File: /afs/eos.ncsu.edu/lockers/research/ece/wdavis/tech/nangate/NangateOpenCellLibrary_PDKv1_2_v2008_10/liberty/520/NangateOpenCellLibrary_PDKv1_2_v2008_10_slow_nldm.db)

Number of ports:                           89
Number of nets:                           985
Number of cells:                          917
Number of combinational cells:            715
Number of sequential cells:               172
Number of macros/black boxes:               0
Number of buf/inv:                        142
Number of references:                      45

Combinational area:                792.147993
Buf/Inv area:                       77.938001
Noncombinational area:             873.810011
Macro/Black Box area:                0.000000
Net Interconnect area:      undefined  (No wire load specified)

Total cell area:                  1665.958004
Total area:                 undefined
1
