 
****************************************
Report : area
Design : MyDesign
Version: P-2019.03-SP1
Date   : Thu Nov 11 01:35:06 2021
****************************************

Library(s) Used:

    NangateOpenCellLibrary_PDKv1_2_v2008_10_slow_nldm (File: /afs/eos.ncsu.edu/lockers/research/ece/wdavis/tech/nangate/NangateOpenCellLibrary_PDKv1_2_v2008_10/liberty/520/NangateOpenCellLibrary_PDKv1_2_v2008_10_slow_nldm.db)

Number of ports:                           89
Number of nets:                           996
Number of cells:                          920
Number of combinational cells:            699
Number of sequential cells:               195
Number of macros/black boxes:               0
Number of buf/inv:                        134
Number of references:                      40

Combinational area:                777.783992
Buf/Inv area:                       71.820001
Noncombinational area:             969.570014
Macro/Black Box area:                0.000000
Net Interconnect area:      undefined  (No wire load specified)

Total cell area:                  1747.354007
Total area:                 undefined
1
