 
****************************************
Report : area
Design : MyDesign
Version: P-2019.03-SP1
Date   : Thu Nov 11 01:58:40 2021
****************************************

Library(s) Used:

    NangateOpenCellLibrary_PDKv1_2_v2008_10_slow_nldm (File: /afs/eos.ncsu.edu/lockers/research/ece/wdavis/tech/nangate/NangateOpenCellLibrary_PDKv1_2_v2008_10/liberty/520/NangateOpenCellLibrary_PDKv1_2_v2008_10_slow_nldm.db)

Number of ports:                           89
Number of nets:                           997
Number of cells:                          925
Number of combinational cells:            716
Number of sequential cells:               183
Number of macros/black boxes:               0
Number of buf/inv:                        148
Number of references:                      39

Combinational area:                785.231993
Buf/Inv area:                       79.268001
Noncombinational area:             905.198015
Macro/Black Box area:                0.000000
Net Interconnect area:      undefined  (No wire load specified)

Total cell area:                  1690.430007
Total area:                 undefined
1
