 
****************************************
Report : area
Design : MyDesign
Version: P-2019.03-SP1
Date   : Wed Nov 10 21:44:15 2021
****************************************

Library(s) Used:

    NangateOpenCellLibrary_PDKv1_2_v2008_10_slow_nldm (File: /afs/eos.ncsu.edu/lockers/research/ece/wdavis/tech/nangate/NangateOpenCellLibrary_PDKv1_2_v2008_10/liberty/520/NangateOpenCellLibrary_PDKv1_2_v2008_10_slow_nldm.db)

Number of ports:                           89
Number of nets:                          1084
Number of cells:                         1006
Number of combinational cells:            866
Number of sequential cells:               110
Number of macros/black boxes:               0
Number of buf/inv:                        226
Number of references:                      46

Combinational area:                864.233988
Buf/Inv area:                      123.424001
Noncombinational area:             568.974006
Macro/Black Box area:                0.000000
Net Interconnect area:      undefined  (No wire load specified)

Total cell area:                  1433.207994
Total area:                 undefined
1
