 
****************************************
Report : area
Design : MyDesign
Version: P-2019.03-SP1
Date   : Tue Nov  9 03:44:25 2021
****************************************

Library(s) Used:

    NangateOpenCellLibrary_PDKv1_2_v2008_10_slow_nldm (File: /afs/eos.ncsu.edu/lockers/research/ece/wdavis/tech/nangate/NangateOpenCellLibrary_PDKv1_2_v2008_10/liberty/520/NangateOpenCellLibrary_PDKv1_2_v2008_10_slow_nldm.db)

Number of ports:                           89
Number of nets:                          1082
Number of cells:                          993
Number of combinational cells:            802
Number of sequential cells:               164
Number of macros/black boxes:               0
Number of buf/inv:                        243
Number of references:                      49

Combinational area:                827.259992
Buf/Inv area:                      131.138001
Noncombinational area:             828.324010
Macro/Black Box area:                0.000000
Net Interconnect area:      undefined  (No wire load specified)

Total cell area:                  1655.584002
Total area:                 undefined
1
