 
****************************************
Report : timing
        -path full
        -delay max
        -max_paths 1
Design : MyDesign
Version: P-2019.03-SP1
Date   : Tue Nov  9 06:53:38 2021
****************************************

Operating Conditions: slow   Library: NangateOpenCellLibrary_PDKv1_2_v2008_10_slow_nldm
Wire Load Model Mode: top

  Startpoint: clk_r_REG175_S1
              (rising edge-triggered flip-flop clocked by clk)
  Endpoint: R_2_clk_r_REG150_S2
            (rising edge-triggered flip-flop clocked by clk)
  Path Group: clk
  Path Type: max

  Point                                    Incr       Path
  -----------------------------------------------------------
  clock clk (rise edge)                  0.0000     0.0000
  clock network delay (ideal)            0.0000     0.0000
  clk_r_REG175_S1/CK (DFFR_X2)           0.0000     0.0000 r
  clk_r_REG175_S1/Q (DFFR_X2)            0.7356     0.7356 f
  U1049/ZN (XNOR2_X2)                    0.2395     0.9751 r
  U1048/ZN (XNOR2_X2)                    0.3179     1.2931 r
  U805/ZN (XNOR2_X2)                     0.3208     1.6139 r
  U804/ZN (INV_X4)                       0.0851     1.6989 f
  U687/ZN (NAND3_X4)                     0.1167     1.8156 r
  U686/ZN (NAND2_X2)                     0.0565     1.8721 f
  R_2_clk_r_REG150_S2/D (DFF_X2)         0.0000     1.8721 f
  data arrival time                                 1.8721

  clock clk (rise edge)                  2.2200     2.2200
  clock network delay (ideal)            0.0000     2.2200
  clock uncertainty                     -0.0500     2.1700
  R_2_clk_r_REG150_S2/CK (DFF_X2)        0.0000     2.1700 r
  library setup time                    -0.2965     1.8735
  data required time                                1.8735
  -----------------------------------------------------------
  data required time                                1.8735
  data arrival time                                -1.8721
  -----------------------------------------------------------
  slack (MET)                                       0.0014


1
