 
****************************************
Report : area
Design : MyDesign
Version: P-2019.03-SP1
Date   : Thu Nov 11 01:03:23 2021
****************************************

Library(s) Used:

    NangateOpenCellLibrary_PDKv1_2_v2008_10_slow_nldm (File: /afs/eos.ncsu.edu/lockers/research/ece/wdavis/tech/nangate/NangateOpenCellLibrary_PDKv1_2_v2008_10/liberty/520/NangateOpenCellLibrary_PDKv1_2_v2008_10_slow_nldm.db)

Number of ports:                           89
Number of nets:                          1030
Number of cells:                          951
Number of combinational cells:            776
Number of sequential cells:               149
Number of macros/black boxes:               0
Number of buf/inv:                        184
Number of references:                      43

Combinational area:                813.161991
Buf/Inv area:                      100.548001
Noncombinational area:             741.342011
Macro/Black Box area:                0.000000
Net Interconnect area:      undefined  (No wire load specified)

Total cell area:                  1554.504002
Total area:                 undefined
1
