 
****************************************
Report : timing
        -path full
        -delay max
        -max_paths 1
Design : MyDesign
Version: P-2019.03-SP1
Date   : Tue Nov  9 02:22:02 2021
****************************************

Operating Conditions: slow   Library: NangateOpenCellLibrary_PDKv1_2_v2008_10_slow_nldm
Wire Load Model Mode: top

  Startpoint: weight_reg[2]
              (rising edge-triggered flip-flop clocked by clk)
  Endpoint: R_17 (rising edge-triggered flip-flop clocked by clk)
  Path Group: clk
  Path Type: max

  Point                                    Incr       Path
  -----------------------------------------------------------
  clock clk (rise edge)                  0.0000     0.0000
  clock network delay (ideal)            0.0000     0.0000
  weight_reg[2]/CK (DFFR_X2)             0.0000     0.0000 r
  weight_reg[2]/QN (DFFR_X2)             0.5025     0.5025 r
  U769/ZN (INV_X8)                       0.0929     0.5953 f
  U777/ZN (XNOR2_X1)                     0.4323     1.0276 r
  U635/ZN (XNOR2_X2)                     0.3463     1.3739 r
  U634/ZN (XNOR2_X2)                     0.3188     1.6927 r
  U725/ZN (NOR2_X2)                      0.0737     1.7664 f
  U724/ZN (NAND3_X2)                     0.1753     1.9417 r
  U729/ZN (NAND2_X2)                     0.0789     2.0206 f
  R_17/D (DFF_X2)                        0.0000     2.0206 f
  data arrival time                                 2.0206

  clock clk (rise edge)                  2.3750     2.3750
  clock network delay (ideal)            0.0000     2.3750
  clock uncertainty                     -0.0500     2.3250
  R_17/CK (DFF_X2)                       0.0000     2.3250 r
  library setup time                    -0.3024     2.0226
  data required time                                2.0226
  -----------------------------------------------------------
  data required time                                2.0226
  data arrival time                                -2.0206
  -----------------------------------------------------------
  slack (MET)                                       0.0020


1
