 
****************************************
Report : area
Design : MyDesign
Version: P-2019.03-SP1
Date   : Wed Nov 10 23:44:16 2021
****************************************

Library(s) Used:

    NangateOpenCellLibrary_PDKv1_2_v2008_10_slow_nldm (File: /afs/eos.ncsu.edu/lockers/research/ece/wdavis/tech/nangate/NangateOpenCellLibrary_PDKv1_2_v2008_10/liberty/520/NangateOpenCellLibrary_PDKv1_2_v2008_10_slow_nldm.db)

Number of ports:                           89
Number of nets:                          1142
Number of cells:                         1053
Number of combinational cells:            861
Number of sequential cells:               164
Number of macros/black boxes:               0
Number of buf/inv:                        208
Number of references:                      41

Combinational area:                882.321990
Buf/Inv area:                      111.986001
Noncombinational area:             839.762008
Macro/Black Box area:                0.000000
Net Interconnect area:      undefined  (No wire load specified)

Total cell area:                  1722.083998
Total area:                 undefined
1
