 
****************************************
Report : area
Design : MyDesign
Version: P-2019.03-SP1
Date   : Thu Nov 11 01:36:12 2021
****************************************

Library(s) Used:

    NangateOpenCellLibrary_PDKv1_2_v2008_10_slow_nldm (File: /afs/eos.ncsu.edu/lockers/research/ece/wdavis/tech/nangate/NangateOpenCellLibrary_PDKv1_2_v2008_10/liberty/520/NangateOpenCellLibrary_PDKv1_2_v2008_10_slow_nldm.db)

Number of ports:                           89
Number of nets:                          1007
Number of cells:                          935
Number of combinational cells:            761
Number of sequential cells:               148
Number of macros/black boxes:               0
Number of buf/inv:                        166
Number of references:                      43

Combinational area:                813.693991
Buf/Inv area:                       92.568001
Noncombinational area:             745.332009
Macro/Black Box area:                0.000000
Net Interconnect area:      undefined  (No wire load specified)

Total cell area:                  1559.026000
Total area:                 undefined
1
