 
****************************************
Report : area
Design : MyDesign
Version: P-2019.03-SP1
Date   : Tue Nov  9 03:55:40 2021
****************************************

Library(s) Used:

    NangateOpenCellLibrary_PDKv1_2_v2008_10_slow_nldm (File: /afs/eos.ncsu.edu/lockers/research/ece/wdavis/tech/nangate/NangateOpenCellLibrary_PDKv1_2_v2008_10/liberty/520/NangateOpenCellLibrary_PDKv1_2_v2008_10_slow_nldm.db)

Number of ports:                           89
Number of nets:                          1148
Number of cells:                         1061
Number of combinational cells:            807
Number of sequential cells:               227
Number of macros/black boxes:               0
Number of buf/inv:                        245
Number of references:                      44

Combinational area:                834.175992
Buf/Inv area:                      133.266001
Noncombinational area:            1129.968017
Macro/Black Box area:                0.000000
Net Interconnect area:      undefined  (No wire load specified)

Total cell area:                  1964.144008
Total area:                 undefined
1
