Information: Updating design information... (UID-85)
 
****************************************
Report : timing
        -path full
        -delay max
        -max_paths 1
Design : MyDesign
Version: P-2019.03-SP1
Date   : Tue Nov  9 03:55:38 2021
****************************************

Operating Conditions: slow   Library: NangateOpenCellLibrary_PDKv1_2_v2008_10_slow_nldm
Wire Load Model Mode: top

  Startpoint: row0_reg[5]
              (rising edge-triggered flip-flop clocked by clk)
  Endpoint: R_150 (rising edge-triggered flip-flop clocked by clk)
  Path Group: clk
  Path Type: max

  Point                                    Incr       Path
  -----------------------------------------------------------
  clock clk (rise edge)                  0.0000     0.0000
  clock network delay (ideal)            0.0000     0.0000
  row0_reg[5]/CK (DFF_X1)                0.0000     0.0000 r
  row0_reg[5]/Q (DFF_X1)                 0.5880     0.5880 f
  U704/ZN (XNOR2_X1)                     0.4513     1.0392 r
  U675/ZN (XNOR2_X2)                     0.3479     1.3871 r
  U673/ZN (XNOR2_X2)                     0.1035     1.4907 f
  U1183/ZN (NAND4_X1)                    0.3266     1.8172 r
  U839/ZN (NAND3_X1)                     0.1165     1.9338 f
  U1262/ZN (NAND2_X2)                    0.1391     2.0729 r
  U1264/ZN (NAND2_X2)                    0.0587     2.1316 f
  R_150/D (DFF_X1)                       0.0000     2.1316 f
  data arrival time                                 2.1316

  clock clk (rise edge)                  2.4900     2.4900
  clock network delay (ideal)            0.0000     2.4900
  clock uncertainty                     -0.0500     2.4400
  R_150/CK (DFF_X1)                      0.0000     2.4400 r
  library setup time                    -0.3071     2.1329
  data required time                                2.1329
  -----------------------------------------------------------
  data required time                                2.1329
  data arrival time                                -2.1316
  -----------------------------------------------------------
  slack (MET)                                       0.0012


1
