 
****************************************
Report : area
Design : MyDesign
Version: P-2019.03-SP1
Date   : Tue Nov  9 03:34:37 2021
****************************************

Library(s) Used:

    NangateOpenCellLibrary_PDKv1_2_v2008_10_slow_nldm (File: /afs/eos.ncsu.edu/lockers/research/ece/wdavis/tech/nangate/NangateOpenCellLibrary_PDKv1_2_v2008_10/liberty/520/NangateOpenCellLibrary_PDKv1_2_v2008_10_slow_nldm.db)

Number of ports:                           89
Number of nets:                          1083
Number of cells:                         1010
Number of combinational cells:            796
Number of sequential cells:               188
Number of macros/black boxes:               0
Number of buf/inv:                        218
Number of references:                      45

Combinational area:                824.067991
Buf/Inv area:                      117.838001
Noncombinational area:             951.216011
Macro/Black Box area:                0.000000
Net Interconnect area:      undefined  (No wire load specified)

Total cell area:                  1775.284002
Total area:                 undefined
1
