 
****************************************
Report : area
Design : MyDesign
Version: P-2019.03-SP1
Date   : Tue Nov  9 05:08:31 2021
****************************************

Library(s) Used:

    NangateOpenCellLibrary_PDKv1_2_v2008_10_slow_nldm (File: /afs/eos.ncsu.edu/lockers/research/ece/wdavis/tech/nangate/NangateOpenCellLibrary_PDKv1_2_v2008_10/liberty/520/NangateOpenCellLibrary_PDKv1_2_v2008_10_slow_nldm.db)

Number of ports:                           89
Number of nets:                           983
Number of cells:                          915
Number of combinational cells:            714
Number of sequential cells:               175
Number of macros/black boxes:               0
Number of buf/inv:                        146
Number of references:                      43

Combinational area:                784.965992
Buf/Inv area:                       79.268001
Noncombinational area:             880.992011
Macro/Black Box area:                0.000000
Net Interconnect area:      undefined  (No wire load specified)

Total cell area:                  1665.958004
Total area:                 undefined
1
