 
****************************************
Report : area
Design : MyDesign
Version: P-2019.03-SP1
Date   : Tue Nov  9 05:08:57 2021
****************************************

Library(s) Used:

    NangateOpenCellLibrary_PDKv1_2_v2008_10_slow_nldm (File: /afs/eos.ncsu.edu/lockers/research/ece/wdavis/tech/nangate/NangateOpenCellLibrary_PDKv1_2_v2008_10/liberty/520/NangateOpenCellLibrary_PDKv1_2_v2008_10_slow_nldm.db)

Number of ports:                           89
Number of nets:                          1060
Number of cells:                          975
Number of combinational cells:            774
Number of sequential cells:               170
Number of macros/black boxes:               0
Number of buf/inv:                        202
Number of references:                      51

Combinational area:                819.811993
Buf/Inv area:                      109.060001
Noncombinational area:             868.756010
Macro/Black Box area:                0.000000
Net Interconnect area:      undefined  (No wire load specified)

Total cell area:                  1688.568003
Total area:                 undefined
1
