 
****************************************
Report : timing
        -path full
        -delay max
        -max_paths 1
Design : MyDesign
Version: P-2019.03-SP1
Date   : Tue Nov  9 06:57:33 2021
****************************************

Operating Conditions: slow   Library: NangateOpenCellLibrary_PDKv1_2_v2008_10_slow_nldm
Wire Load Model Mode: top

  Startpoint: clk_r_REG177_S1_IP
              (rising edge-triggered flip-flop clocked by clk)
  Endpoint: clk_r_REG139_S2
            (rising edge-triggered flip-flop clocked by clk)
  Path Group: clk
  Path Type: max

  Point                                    Incr       Path
  -----------------------------------------------------------
  clock clk (rise edge)                  0.0000     0.0000
  clock network delay (ideal)            0.0000     0.0000
  clk_r_REG177_S1_IP/CK (DFFS_X1)        0.0000     0.0000 r
  clk_r_REG177_S1_IP/QN (DFFS_X1)        0.4483     0.4483 r
  U585/Z (CLKBUF_X3)                     0.2226     0.6708 r
  U972/ZN (XNOR2_X2)                     0.3365     1.0073 r
  U971/ZN (XNOR2_X2)                     0.3367     1.3440 r
  U1020/ZN (XNOR2_X2)                    0.3160     1.6600 r
  U1019/ZN (NOR2_X2)                     0.0923     1.7523 f
  U996/ZN (NAND2_X2)                     0.1436     1.8959 r
  U994/ZN (INV_X2)                       0.0459     1.9418 f
  clk_r_REG139_S2/D (DFF_X2)             0.0000     1.9418 f
  data arrival time                                 1.9418

  clock clk (rise edge)                  2.2900     2.2900
  clock network delay (ideal)            0.0000     2.2900
  clock uncertainty                     -0.0500     2.2400
  clk_r_REG139_S2/CK (DFF_X2)            0.0000     2.2400 r
  library setup time                    -0.2950     1.9450
  data required time                                1.9450
  -----------------------------------------------------------
  data required time                                1.9450
  data arrival time                                -1.9418
  -----------------------------------------------------------
  slack (MET)                                       0.0032


1
