Information: Updating design information... (UID-85)
 
****************************************
Report : timing
        -path full
        -delay max
        -max_paths 1
Design : MyDesign
Version: P-2019.03-SP1
Date   : Thu Nov 11 01:11:58 2021
****************************************

Operating Conditions: slow   Library: NangateOpenCellLibrary_PDKv1_2_v2008_10_slow_nldm
Wire Load Model Mode: top

  Startpoint: row1_reg[8]
              (rising edge-triggered flip-flop clocked by clk)
  Endpoint: R_29 (rising edge-triggered flip-flop clocked by clk)
  Path Group: clk
  Path Type: max

  Point                                    Incr       Path
  -----------------------------------------------------------
  clock clk (rise edge)                  0.0000     0.0000
  clock network delay (ideal)            0.0000     0.0000
  row1_reg[8]/CK (DFF_X2)                0.0000     0.0000 r
  row1_reg[8]/Q (DFF_X2)                 0.6213     0.6213 f
  U851/ZN (XNOR2_X1)                     0.3298     0.9510 r
  U750/ZN (XNOR2_X2)                     0.3413     1.2923 r
  U749/ZN (XNOR2_X2)                     0.3142     1.6065 r
  U567/ZN (INV_X2)                       0.0727     1.6792 f
  U720/ZN (NAND3_X2)                     0.1342     1.8134 r
  U717/ZN (OAI21_X1)                     0.0976     1.9110 f
  U716/ZN (NAND2_X2)                     0.1368     2.0478 r
  U715/ZN (INV_X2)                       0.0415     2.0893 f
  R_29/D (DFF_X2)                        0.0000     2.0893 f
  data arrival time                                 2.0893

  clock clk (rise edge)                  2.4320     2.4320
  clock network delay (ideal)            0.0000     2.4320
  clock uncertainty                     -0.0500     2.3820
  R_29/CK (DFF_X2)                       0.0000     2.3820 r
  library setup time                    -0.2923     2.0897
  data required time                                2.0897
  -----------------------------------------------------------
  data required time                                2.0897
  data arrival time                                -2.0893
  -----------------------------------------------------------
  slack (MET)                                       0.0004


1
