 
****************************************
Report : area
Design : MyDesign
Version: P-2019.03-SP1
Date   : Tue Nov  9 03:37:58 2021
****************************************

Library(s) Used:

    NangateOpenCellLibrary_PDKv1_2_v2008_10_slow_nldm (File: /afs/eos.ncsu.edu/lockers/research/ece/wdavis/tech/nangate/NangateOpenCellLibrary_PDKv1_2_v2008_10/liberty/520/NangateOpenCellLibrary_PDKv1_2_v2008_10_slow_nldm.db)

Number of ports:                           89
Number of nets:                          1069
Number of cells:                          992
Number of combinational cells:            733
Number of sequential cells:               232
Number of macros/black boxes:               0
Number of buf/inv:                        190
Number of references:                      46

Combinational area:                793.743993
Buf/Inv area:                      102.942001
Noncombinational area:            1172.262014
Macro/Black Box area:                0.000000
Net Interconnect area:      undefined  (No wire load specified)

Total cell area:                  1966.006007
Total area:                 undefined
1
