 
****************************************
Report : area
Design : MyDesign
Version: P-2019.03-SP1
Date   : Thu Nov 11 02:05:22 2021
****************************************

Library(s) Used:

    NangateOpenCellLibrary_PDKv1_2_v2008_10_slow_nldm (File: /afs/eos.ncsu.edu/lockers/research/ece/wdavis/tech/nangate/NangateOpenCellLibrary_PDKv1_2_v2008_10/liberty/520/NangateOpenCellLibrary_PDKv1_2_v2008_10_slow_nldm.db)

Number of ports:                           89
Number of nets:                          1053
Number of cells:                          976
Number of combinational cells:            721
Number of sequential cells:               228
Number of macros/black boxes:               0
Number of buf/inv:                        177
Number of references:                      47

Combinational area:                788.689993
Buf/Inv area:                       95.760001
Noncombinational area:            1131.564017
Macro/Black Box area:                0.000000
Net Interconnect area:      undefined  (No wire load specified)

Total cell area:                  1920.254010
Total area:                 undefined
1
