 
****************************************
Report : area
Design : MyDesign
Version: P-2019.03-SP1
Date   : Sun Oct 31 03:41:44 2021
****************************************

Library(s) Used:

    NangateOpenCellLibrary_PDKv1_2_v2008_10_slow_nldm (File: /afs/eos.ncsu.edu/lockers/research/ece/wdavis/tech/nangate/NangateOpenCellLibrary_PDKv1_2_v2008_10/liberty/520/NangateOpenCellLibrary_PDKv1_2_v2008_10_slow_nldm.db)

Number of ports:                           89
Number of nets:                          1433
Number of cells:                         1295
Number of combinational cells:           1047
Number of sequential cells:               231
Number of macros/black boxes:               0
Number of buf/inv:                        215
Number of references:                      48

Combinational area:               1076.501986
Buf/Inv area:                      121.562001
Noncombinational area:            1161.090017
Macro/Black Box area:                0.000000
Net Interconnect area:      undefined  (No wire load specified)

Total cell area:                  2237.592003
Total area:                 undefined
1
