 
****************************************
Report : area
Design : MyDesign
Version: P-2019.03-SP1
Date   : Thu Nov 11 01:33:48 2021
****************************************

Library(s) Used:

    NangateOpenCellLibrary_PDKv1_2_v2008_10_slow_nldm (File: /afs/eos.ncsu.edu/lockers/research/ece/wdavis/tech/nangate/NangateOpenCellLibrary_PDKv1_2_v2008_10/liberty/520/NangateOpenCellLibrary_PDKv1_2_v2008_10_slow_nldm.db)

Number of ports:                           89
Number of nets:                           993
Number of cells:                          919
Number of combinational cells:            703
Number of sequential cells:               190
Number of macros/black boxes:               0
Number of buf/inv:                        135
Number of references:                      44

Combinational area:                784.433992
Buf/Inv area:                       73.416001
Noncombinational area:             942.438015
Macro/Black Box area:                0.000000
Net Interconnect area:      undefined  (No wire load specified)

Total cell area:                  1726.872007
Total area:                 undefined
1
