 
****************************************
Report : area
Design : MyDesign
Version: P-2019.03-SP1
Date   : Thu Nov 11 00:28:40 2021
****************************************

Library(s) Used:

    NangateOpenCellLibrary_PDKv1_2_v2008_10_slow_nldm (File: /afs/eos.ncsu.edu/lockers/research/ece/wdavis/tech/nangate/NangateOpenCellLibrary_PDKv1_2_v2008_10/liberty/520/NangateOpenCellLibrary_PDKv1_2_v2008_10_slow_nldm.db)

Number of ports:                           89
Number of nets:                          1078
Number of cells:                         1005
Number of combinational cells:            837
Number of sequential cells:               142
Number of macros/black boxes:               0
Number of buf/inv:                        236
Number of references:                      44

Combinational area:                849.071991
Buf/Inv area:                      129.010001
Noncombinational area:             716.604009
Macro/Black Box area:                0.000000
Net Interconnect area:      undefined  (No wire load specified)

Total cell area:                  1565.675999
Total area:                 undefined
1
