 
****************************************
Report : area
Design : MyDesign
Version: P-2019.03-SP1
Date   : Sun Oct 31 03:39:59 2021
****************************************

Library(s) Used:

    NangateOpenCellLibrary_PDKv1_2_v2008_10_slow_nldm (File: /afs/eos.ncsu.edu/lockers/research/ece/wdavis/tech/nangate/NangateOpenCellLibrary_PDKv1_2_v2008_10/liberty/520/NangateOpenCellLibrary_PDKv1_2_v2008_10_slow_nldm.db)

Number of ports:                           89
Number of nets:                          1365
Number of cells:                         1217
Number of combinational cells:            979
Number of sequential cells:               220
Number of macros/black boxes:               0
Number of buf/inv:                        160
Number of references:                      48

Combinational area:               1023.567986
Buf/Inv area:                       88.844000
Noncombinational area:            1114.806015
Macro/Black Box area:                0.000000
Net Interconnect area:      undefined  (No wire load specified)

Total cell area:                  2138.374001
Total area:                 undefined
1
