 
****************************************
Report : area
Design : MyDesign
Version: P-2019.03-SP1
Date   : Thu Nov 11 02:43:44 2021
****************************************

Library(s) Used:

    NangateOpenCellLibrary_PDKv1_2_v2008_10_slow_nldm (File: /afs/eos.ncsu.edu/lockers/research/ece/wdavis/tech/nangate/NangateOpenCellLibrary_PDKv1_2_v2008_10/liberty/520/NangateOpenCellLibrary_PDKv1_2_v2008_10_slow_nldm.db)

Number of ports:                           89
Number of nets:                          1044
Number of cells:                          959
Number of combinational cells:            744
Number of sequential cells:               189
Number of macros/black boxes:               0
Number of buf/inv:                        145
Number of references:                      40

Combinational area:                810.235992
Buf/Inv area:                       79.002001
Noncombinational area:             940.842014
Macro/Black Box area:                0.000000
Net Interconnect area:      undefined  (No wire load specified)

Total cell area:                  1751.078006
Total area:                 undefined
1
