Information: Updating design information... (UID-85)
 
****************************************
Report : timing
        -path full
        -delay min
        -max_paths 1
Design : MyDesign
Version: P-2019.03-SP1
Date   : Thu Nov 11 02:43:43 2021
****************************************

Operating Conditions: fast   Library: NangateOpenCellLibrary_PDKv1_2_v2008_10_fast_nldm
Wire Load Model Mode: top

  Startpoint: R_161 (rising edge-triggered flip-flop clocked by clk)
  Endpoint: R_84 (rising edge-triggered flip-flop clocked by clk)
  Path Group: clk
  Path Type: min

  Point                                    Incr       Path
  -----------------------------------------------------------
  clock clk (rise edge)                  0.0000     0.0000
  clock network delay (ideal)            0.0000     0.0000
  R_161/CK (DFF_X1)                      0.0000     0.0000 r
  R_161/Q (DFF_X1)                       0.0540     0.0540 r
  R_84/D (DFF_X1)                        0.0000     0.0540 r
  data arrival time                                 0.0540

  clock clk (rise edge)                  0.0000     0.0000
  clock network delay (ideal)            0.0000     0.0000
  clock uncertainty                      0.0500     0.0500
  R_84/CK (DFF_X1)                       0.0000     0.0500 r
  library hold time                     -0.0156     0.0344
  data required time                                0.0344
  -----------------------------------------------------------
  data required time                                0.0344
  data arrival time                                -0.0540
  -----------------------------------------------------------
  slack (MET)                                       0.0196


1
