 
****************************************
Report : area
Design : MyDesign
Version: P-2019.03-SP1
Date   : Tue Nov  9 04:14:15 2021
****************************************

Library(s) Used:

    NangateOpenCellLibrary_PDKv1_2_v2008_10_slow_nldm (File: /afs/eos.ncsu.edu/lockers/research/ece/wdavis/tech/nangate/NangateOpenCellLibrary_PDKv1_2_v2008_10/liberty/520/NangateOpenCellLibrary_PDKv1_2_v2008_10_slow_nldm.db)

Number of ports:                           89
Number of nets:                          1108
Number of cells:                         1029
Number of combinational cells:            801
Number of sequential cells:               201
Number of macros/black boxes:               0
Number of buf/inv:                        235
Number of references:                      44

Combinational area:                827.259991
Buf/Inv area:                      127.414001
Noncombinational area:            1009.470013
Macro/Black Box area:                0.000000
Net Interconnect area:      undefined  (No wire load specified)

Total cell area:                  1836.730005
Total area:                 undefined
1
