Information: Updating design information... (UID-85)
 
****************************************
Report : timing
        -path full
        -delay max
        -max_paths 1
Design : MyDesign
Version: P-2019.03-SP1
Date   : Tue Nov  9 04:14:12 2021
****************************************

Operating Conditions: slow   Library: NangateOpenCellLibrary_PDKv1_2_v2008_10_slow_nldm
Wire Load Model Mode: top

  Startpoint: R_186 (rising edge-triggered flip-flop clocked by clk)
  Endpoint: R_176 (rising edge-triggered flip-flop clocked by clk)
  Path Group: clk
  Path Type: max

  Point                                    Incr       Path
  -----------------------------------------------------------
  clock clk (rise edge)                  0.0000     0.0000
  clock network delay (ideal)            0.0000     0.0000
  R_186/CK (DFFR_X2)                     0.0000     0.0000 r
  R_186/Q (DFFR_X2)                      0.7306     0.7306 f
  U1245/ZN (NOR2_X2)                     0.2263     0.9568 r
  U486/ZN (AOI21_X1)                     0.1280     1.0848 f
  U1247/ZN (NOR3_X2)                     0.4063     1.4912 r
  U699/ZN (INV_X4)                       0.0657     1.5568 f
  U531/ZN (OAI211_X2)                    0.2458     1.8026 r
  U700/ZN (NAND2_X2)                     0.0991     1.9017 f
  R_176/D (DFFS_X2)                      0.0000     1.9017 f
  data arrival time                                 1.9017

  clock clk (rise edge)                  2.4300     2.4300
  clock network delay (ideal)            0.0000     2.4300
  clock uncertainty                     -0.0500     2.3800
  R_176/CK (DFFS_X2)                     0.0000     2.3800 r
  library setup time                    -0.4753     1.9047
  data required time                                1.9047
  -----------------------------------------------------------
  data required time                                1.9047
  data arrival time                                -1.9017
  -----------------------------------------------------------
  slack (MET)                                       0.0030


1
