Information: Updating design information... (UID-85)
 
****************************************
Report : timing
        -path full
        -delay max
        -max_paths 1
Design : MyDesign
Version: P-2019.03-SP1
Date   : Tue Nov  9 03:54:35 2021
****************************************

Operating Conditions: slow   Library: NangateOpenCellLibrary_PDKv1_2_v2008_10_slow_nldm
Wire Load Model Mode: top

  Startpoint: weight_reg[1]
              (rising edge-triggered flip-flop clocked by clk)
  Endpoint: R_66 (rising edge-triggered flip-flop clocked by clk)
  Path Group: clk
  Path Type: max

  Point                                    Incr       Path
  -----------------------------------------------------------
  clock clk (rise edge)                  0.0000     0.0000
  clock network delay (ideal)            0.0000     0.0000
  weight_reg[1]/CK (DFFR_X2)             0.0000     0.0000 r
  weight_reg[1]/QN (DFFR_X2)             0.4038     0.4038 f
  U489/ZN (INV_X4)                       0.2463     0.6502 r
  U928/ZN (XNOR2_X1)                     0.4279     1.0780 r
  U747/ZN (XNOR2_X2)                     0.3693     1.4474 r
  U746/ZN (XNOR2_X2)                     0.3336     1.7810 r
  U828/ZN (NOR2_X2)                      0.0754     1.8563 f
  U827/ZN (NAND2_X2)                     0.1274     1.9837 r
  U826/ZN (AOI22_X1)                     0.0880     2.0718 f
  R_66/D (DFF_X2)                        0.0000     2.0718 f
  data arrival time                                 2.0718

  clock clk (rise edge)                  2.4600     2.4600
  clock network delay (ideal)            0.0000     2.4600
  clock uncertainty                     -0.0500     2.4100
  R_66/CK (DFF_X2)                       0.0000     2.4100 r
  library setup time                    -0.3298     2.0802
  data required time                                2.0802
  -----------------------------------------------------------
  data required time                                2.0802
  data arrival time                                -2.0718
  -----------------------------------------------------------
  slack (MET)                                       0.0085


1
