 
****************************************
Report : area
Design : MyDesign
Version: R-2020.09
Date   : Mon Nov 15 19:35:13 2021
****************************************

Library(s) Used:

    NangateOpenCellLibrary_PDKv1_2_v2008_10_slow_nldm (File: /afs/eos.ncsu.edu/lockers/research/ece/wdavis/tech/nangate/NangateOpenCellLibrary_PDKv1_2_v2008_10/liberty/520/NangateOpenCellLibrary_PDKv1_2_v2008_10_slow_nldm.db)

Number of ports:                           89
Number of nets:                          1048
Number of cells:                          960
Number of combinational cells:            757
Number of sequential cells:               177
Number of macros/black boxes:               0
Number of buf/inv:                        156
Number of references:                      41

Combinational area:                815.289991
Buf/Inv area:                       83.790001
Noncombinational area:             898.016015
Macro/Black Box area:                0.000000
Net Interconnect area:      undefined  (No wire load specified)

Total cell area:                  1713.306006
Total area:                 undefined
1
