 
****************************************
Report : area
Design : MyDesign
Version: P-2019.03-SP1
Date   : Tue Nov  9 05:48:34 2021
****************************************

Library(s) Used:

    NangateOpenCellLibrary_PDKv1_2_v2008_10_slow_nldm (File: /afs/eos.ncsu.edu/lockers/research/ece/wdavis/tech/nangate/NangateOpenCellLibrary_PDKv1_2_v2008_10/liberty/520/NangateOpenCellLibrary_PDKv1_2_v2008_10_slow_nldm.db)

Number of ports:                           89
Number of nets:                          1060
Number of cells:                          972
Number of combinational cells:            818
Number of sequential cells:               121
Number of macros/black boxes:               0
Number of buf/inv:                        192
Number of references:                      44

Combinational area:                849.603990
Buf/Inv area:                      105.602001
Noncombinational area:             625.632006
Macro/Black Box area:                0.000000
Net Interconnect area:      undefined  (No wire load specified)

Total cell area:                  1475.235996
Total area:                 undefined
1
