 
****************************************
Report : area
Design : MyDesign
Version: P-2019.03-SP1
Date   : Thu Nov 11 00:29:49 2021
****************************************

Library(s) Used:

    NangateOpenCellLibrary_PDKv1_2_v2008_10_slow_nldm (File: /afs/eos.ncsu.edu/lockers/research/ece/wdavis/tech/nangate/NangateOpenCellLibrary_PDKv1_2_v2008_10/liberty/520/NangateOpenCellLibrary_PDKv1_2_v2008_10_slow_nldm.db)

Number of ports:                           89
Number of nets:                          1063
Number of cells:                          989
Number of combinational cells:            851
Number of sequential cells:               109
Number of macros/black boxes:               0
Number of buf/inv:                        231
Number of references:                      45

Combinational area:                853.593990
Buf/Inv area:                      125.818001
Noncombinational area:             553.546007
Macro/Black Box area:                0.000000
Net Interconnect area:      undefined  (No wire load specified)

Total cell area:                  1407.139997
Total area:                 undefined
1
