Information: Updating design information... (UID-85)
 
****************************************
Report : timing
        -path full
        -delay max
        -max_paths 1
Design : MyDesign
Version: P-2019.03-SP1
Date   : Tue Nov  9 05:51:55 2021
****************************************

Operating Conditions: slow   Library: NangateOpenCellLibrary_PDKv1_2_v2008_10_slow_nldm
Wire Load Model Mode: top

  Startpoint: row0_reg[10]
              (rising edge-triggered flip-flop clocked by clk)
  Endpoint: R_46 (rising edge-triggered flip-flop clocked by clk)
  Path Group: clk
  Path Type: max

  Point                                    Incr       Path
  -----------------------------------------------------------
  clock clk (rise edge)                  0.0000     0.0000
  clock network delay (ideal)            0.0000     0.0000
  row0_reg[10]/CK (DFF_X1)               0.0000     0.0000 r
  row0_reg[10]/Q (DFF_X1)                0.6264     0.6264 f
  U1153/ZN (XNOR2_X2)                    0.3258     0.9522 r
  U1046/ZN (XNOR2_X2)                    0.3228     1.2750 r
  U724/ZN (XNOR2_X2)                     0.3049     1.5799 r
  U739/ZN (OAI21_X2)                     0.1370     1.7169 f
  U845/ZN (INV_X1)                       0.0891     1.8060 r
  U510/ZN (NAND2_X1)                     0.0645     1.8705 f
  U532/ZN (NAND3_X2)                     0.1375     2.0080 r
  U1050/ZN (NAND2_X2)                    0.0675     2.0754 f
  R_46/D (DFF_X2)                        0.0000     2.0754 f
  data arrival time                                 2.0754

  clock clk (rise edge)                  2.4380     2.4380
  clock network delay (ideal)            0.0000     2.4380
  clock uncertainty                     -0.0500     2.3880
  R_46/CK (DFF_X2)                       0.0000     2.3880 r
  library setup time                    -0.3115     2.0765
  data required time                                2.0765
  -----------------------------------------------------------
  data required time                                2.0765
  data arrival time                                -2.0754
  -----------------------------------------------------------
  slack (MET)                                       0.0011


1
