 
****************************************
Report : area
Design : MyDesign
Version: P-2019.03-SP1
Date   : Tue Nov  9 03:52:53 2021
****************************************

Library(s) Used:

    NangateOpenCellLibrary_PDKv1_2_v2008_10_slow_nldm (File: /afs/eos.ncsu.edu/lockers/research/ece/wdavis/tech/nangate/NangateOpenCellLibrary_PDKv1_2_v2008_10/liberty/520/NangateOpenCellLibrary_PDKv1_2_v2008_10_slow_nldm.db)

Number of ports:                           89
Number of nets:                          1073
Number of cells:                         1000
Number of combinational cells:            792
Number of sequential cells:               181
Number of macros/black boxes:               0
Number of buf/inv:                        206
Number of references:                      45

Combinational area:                824.067991
Buf/Inv area:                      111.986001
Noncombinational area:             918.764010
Macro/Black Box area:                0.000000
Net Interconnect area:      undefined  (No wire load specified)

Total cell area:                  1742.832002
Total area:                 undefined
1
