Information: Updating design information... (UID-85)
 
****************************************
Report : timing
        -path full
        -delay max
        -max_paths 1
Design : MyDesign
Version: P-2019.03-SP1
Date   : Tue Nov  9 03:52:50 2021
****************************************

Operating Conditions: slow   Library: NangateOpenCellLibrary_PDKv1_2_v2008_10_slow_nldm
Wire Load Model Mode: top

  Startpoint: row1_reg[5]
              (rising edge-triggered flip-flop clocked by clk)
  Endpoint: R_15 (rising edge-triggered flip-flop clocked by clk)
  Path Group: clk
  Path Type: max

  Point                                    Incr       Path
  -----------------------------------------------------------
  clock clk (rise edge)                  0.0000     0.0000
  clock network delay (ideal)            0.0000     0.0000
  row1_reg[5]/CK (DFF_X1)                0.0000     0.0000 r
  row1_reg[5]/Q (DFF_X1)                 0.6412     0.6412 f
  U874/ZN (XNOR2_X2)                     0.3252     0.9663 f
  U873/ZN (XNOR2_X2)                     0.3155     1.2818 f
  U707/ZN (XNOR2_X2)                     0.2681     1.5499 f
  U580/ZN (NOR2_X2)                      0.2230     1.7729 r
  U509/ZN (INV_X2)                       0.0447     1.8176 f
  U486/ZN (OAI21_X1)                     0.2207     2.0383 r
  U695/ZN (NAND2_X2)                     0.0975     2.1358 f
  U694/ZN (INV_X2)                       0.0664     2.2022 r
  R_15/D (DFF_X2)                        0.0000     2.2022 r
  data arrival time                                 2.2022

  clock clk (rise edge)                  2.4200     2.4200
  clock network delay (ideal)            0.0000     2.4200
  clock uncertainty                     -0.0500     2.3700
  R_15/CK (DFF_X2)                       0.0000     2.3700 r
  library setup time                    -0.1674     2.2026
  data required time                                2.2026
  -----------------------------------------------------------
  data required time                                2.2026
  data arrival time                                -2.2022
  -----------------------------------------------------------
  slack (MET)                                       0.0004


1
