 
****************************************
Report : area
Design : MyDesign
Version: P-2019.03-SP1
Date   : Thu Nov 11 00:57:51 2021
****************************************

Library(s) Used:

    NangateOpenCellLibrary_PDKv1_2_v2008_10_slow_nldm (File: /afs/eos.ncsu.edu/lockers/research/ece/wdavis/tech/nangate/NangateOpenCellLibrary_PDKv1_2_v2008_10/liberty/520/NangateOpenCellLibrary_PDKv1_2_v2008_10_slow_nldm.db)

Number of ports:                           89
Number of nets:                          1041
Number of cells:                          949
Number of combinational cells:            767
Number of sequential cells:               156
Number of macros/black boxes:               0
Number of buf/inv:                        175
Number of references:                      42

Combinational area:                808.373991
Buf/Inv area:                       94.164001
Noncombinational area:             775.656012
Macro/Black Box area:                0.000000
Net Interconnect area:      undefined  (No wire load specified)

Total cell area:                  1584.030002
Total area:                 undefined
1
