Information: Updating design information... (UID-85)
 
****************************************
Report : timing
        -path full
        -delay max
        -max_paths 1
Design : MyDesign
Version: P-2019.03-SP1
Date   : Thu Nov 11 00:57:47 2021
****************************************

Operating Conditions: slow   Library: NangateOpenCellLibrary_PDKv1_2_v2008_10_slow_nldm
Wire Load Model Mode: top

  Startpoint: R_112 (rising edge-triggered flip-flop clocked by clk)
  Endpoint: R_21 (rising edge-triggered flip-flop clocked by clk)
  Path Group: clk
  Path Type: max

  Point                                    Incr       Path
  -----------------------------------------------------------
  clock clk (rise edge)                  0.0000     0.0000
  clock network delay (ideal)            0.0000     0.0000
  R_112/CK (DFF_X2)                      0.0000     0.0000 r
  R_112/Q (DFF_X2)                       0.6461     0.6461 f
  U884/ZN (XNOR2_X1)                     0.3733     1.0194 r
  U809/ZN (XNOR2_X2)                     0.3473     1.3667 r
  U801/ZN (XNOR2_X2)                     0.3220     1.6887 r
  U795/ZN (NAND3_X2)                     0.1030     1.7917 f
  U793/ZN (NAND2_X2)                     0.0915     1.8832 r
  U792/ZN (NAND2_X1)                     0.0828     1.9660 f
  U788/ZN (NAND2_X2)                     0.0832     2.0492 r
  U787/ZN (INV_X2)                       0.0414     2.0906 f
  R_21/D (DFF_X2)                        0.0000     2.0906 f
  data arrival time                                 2.0906

  clock clk (rise edge)                  2.4330     2.4330
  clock network delay (ideal)            0.0000     2.4330
  clock uncertainty                     -0.0500     2.3830
  R_21/CK (DFF_X2)                       0.0000     2.3830 r
  library setup time                    -0.2922     2.0908
  data required time                                2.0908
  -----------------------------------------------------------
  data required time                                2.0908
  data arrival time                                -2.0906
  -----------------------------------------------------------
  slack (MET)                                       0.0002


1
