 
****************************************
Report : timing
        -path full
        -delay max
        -max_paths 1
Design : MyDesign
Version: P-2019.03-SP1
Date   : Tue Nov  9 04:29:29 2021
****************************************

Operating Conditions: slow   Library: NangateOpenCellLibrary_PDKv1_2_v2008_10_slow_nldm
Wire Load Model Mode: top

  Startpoint: row0_reg[12]
              (rising edge-triggered flip-flop clocked by clk)
  Endpoint: dut_sram_write_data_reg[11]
            (rising edge-triggered flip-flop clocked by clk)
  Path Group: clk
  Path Type: max

  Point                                                   Incr       Path
  --------------------------------------------------------------------------
  clock clk (rise edge)                                 0.0000     0.0000
  clock network delay (ideal)                           0.0000     0.0000
  row0_reg[12]/CK (DFF_X1)                              0.0000     0.0000 r
  row0_reg[12]/Q (DFF_X1)                               0.6312     0.6312 f
  U1253/ZN (XNOR2_X2)                                   0.3093     0.9405 r
  U755/ZN (XNOR2_X2)                                    0.3176     1.2581 r
  U725/ZN (XNOR2_X2)                                    0.3285     1.5866 r
  U488/ZN (NAND4_X1)                                    0.1844     1.7710 f
  U701/ZN (NAND3_X2)                                    0.1322     1.9032 r
  U722/ZN (NAND3_X2)                                    0.0760     1.9792 f
  U532/ZN (INV_X2)                                      0.0738     2.0531 r
  U1263/ZN (NOR2_X2)                                    0.0399     2.0930 f
  dut_sram_write_data_reg[11]/D (DFF_X2)                0.0000     2.0930 f
  data arrival time                                                2.0930

  clock clk (rise edge)                                 2.4600     2.4600
  clock network delay (ideal)                           0.0000     2.4600
  clock uncertainty                                    -0.0500     2.4100
  dut_sram_write_data_reg[11]/CK (DFF_X2)               0.0000     2.4100 r
  library setup time                                   -0.3136     2.0964
  data required time                                               2.0964
  --------------------------------------------------------------------------
  data required time                                               2.0964
  data arrival time                                               -2.0930
  --------------------------------------------------------------------------
  slack (MET)                                                      0.0034


1
