 
****************************************
Report : area
Design : MyDesign
Version: P-2019.03-SP1
Date   : Wed Nov 10 01:37:37 2021
****************************************

Library(s) Used:

    NangateOpenCellLibrary_PDKv1_2_v2008_10_slow_nldm (File: /afs/eos.ncsu.edu/lockers/research/ece/wdavis/tech/nangate/NangateOpenCellLibrary_PDKv1_2_v2008_10/liberty/520/NangateOpenCellLibrary_PDKv1_2_v2008_10_slow_nldm.db)

Number of ports:                           89
Number of nets:                          1218
Number of cells:                         1092
Number of combinational cells:            882
Number of sequential cells:               179
Number of macros/black boxes:               0
Number of buf/inv:                        227
Number of references:                      51

Combinational area:                874.341990
Buf/Inv area:                      127.148001
Noncombinational area:             901.740014
Macro/Black Box area:                0.000000
Net Interconnect area:      undefined  (No wire load specified)

Total cell area:                  1776.082004
Total area:                 undefined
1
