Information: Updating design information... (UID-85)
 
****************************************
Report : timing
        -path full
        -delay min
        -max_paths 1
Design : MyDesign
Version: P-2019.03-SP1
Date   : Wed Nov 10 01:39:59 2021
****************************************

Operating Conditions: fast   Library: NangateOpenCellLibrary_PDKv1_2_v2008_10_fast_nldm
Wire Load Model Mode: top

  Startpoint: clk_r_REG166_S1
              (rising edge-triggered flip-flop clocked by clk)
  Endpoint: clk_r_REG167_S2
            (rising edge-triggered flip-flop clocked by clk)
  Path Group: clk
  Path Type: min

  Point                                    Incr       Path
  -----------------------------------------------------------
  clock clk (rise edge)                  0.0000     0.0000
  clock network delay (ideal)            0.0000     0.0000
  clk_r_REG166_S1/CK (SDFF_X1)           0.0000     0.0000 r
  clk_r_REG166_S1/Q (SDFF_X1)            0.0592     0.0592 f
  clk_r_REG167_S2/D (DFF_X1)             0.0000     0.0592 f
  data arrival time                                 0.0592

  clock clk (rise edge)                  0.0000     0.0000
  clock network delay (ideal)            0.0000     0.0000
  clock uncertainty                      0.0500     0.0500
  clk_r_REG167_S2/CK (DFF_X1)            0.0000     0.0500 r
  library hold time                     -0.0004     0.0496
  data required time                                0.0496
  -----------------------------------------------------------
  data required time                                0.0496
  data arrival time                                -0.0592
  -----------------------------------------------------------
  slack (MET)                                       0.0096


1
