 
****************************************
Report : area
Design : MyDesign
Version: P-2019.03-SP1
Date   : Tue Nov  9 06:24:49 2021
****************************************

Library(s) Used:

    NangateOpenCellLibrary_PDKv1_2_v2008_10_slow_nldm (File: /afs/eos.ncsu.edu/lockers/research/ece/wdavis/tech/nangate/NangateOpenCellLibrary_PDKv1_2_v2008_10/liberty/520/NangateOpenCellLibrary_PDKv1_2_v2008_10_slow_nldm.db)

Number of ports:                           89
Number of nets:                          1082
Number of cells:                          998
Number of combinational cells:            846
Number of sequential cells:               121
Number of macros/black boxes:               0
Number of buf/inv:                        213
Number of references:                      51

Combinational area:                858.913989
Buf/Inv area:                      117.838001
Noncombinational area:             621.376008
Macro/Black Box area:                0.000000
Net Interconnect area:      undefined  (No wire load specified)

Total cell area:                  1480.289996
Total area:                 undefined
1
