 
****************************************
Report : area
Design : MyDesign
Version: P-2019.03-SP1
Date   : Tue Nov  2 13:27:59 2021
****************************************

Library(s) Used:

    NangateOpenCellLibrary_PDKv1_2_v2008_10_slow_nldm (File: /afs/eos.ncsu.edu/lockers/research/ece/wdavis/tech/nangate/NangateOpenCellLibrary_PDKv1_2_v2008_10/liberty/520/NangateOpenCellLibrary_PDKv1_2_v2008_10_slow_nldm.db)

Number of ports:                           89
Number of nets:                          1249
Number of cells:                         1131
Number of combinational cells:            919
Number of sequential cells:               180
Number of macros/black boxes:               0
Number of buf/inv:                        226
Number of references:                      51

Combinational area:                895.621990
Buf/Inv area:                      125.286001
Noncombinational area:             908.390014
Macro/Black Box area:                0.000000
Net Interconnect area:      undefined  (No wire load specified)

Total cell area:                  1804.012003
Total area:                 undefined
1
