 
****************************************
Report : timing
        -path full
        -delay max
        -max_paths 1
Design : MyDesign
Version: P-2019.03-SP1
Date   : Tue Nov  2 13:27:58 2021
****************************************

Operating Conditions: slow   Library: NangateOpenCellLibrary_PDKv1_2_v2008_10_slow_nldm
Wire Load Model Mode: top

  Startpoint: clk_r_REG174_S1
              (rising edge-triggered flip-flop clocked by clk)
  Endpoint: clk_r_REG156_S2
            (rising edge-triggered flip-flop clocked by clk)
  Path Group: clk
  Path Type: max

  Point                                    Incr       Path
  -----------------------------------------------------------
  clock clk (rise edge)                  0.0000     0.0000
  clock network delay (ideal)            0.0000     0.0000
  clk_r_REG174_S1/CK (DFFR_X1)           0.0000     0.0000 r
  clk_r_REG174_S1/Q (DFFR_X1)            0.7213     0.7213 f
  U700/ZN (XNOR2_X2)                     0.2239     0.9452 r
  U671/ZN (XNOR2_X2)                     0.3126     1.2577 r
  U668/ZN (XNOR2_X2)                     0.3142     1.5719 r
  U667/ZN (INV_X2)                       0.0566     1.6285 f
  U665/ZN (NAND3_X2)                     0.1610     1.7895 r
  U1129/ZN (INV_X2)                      0.0517     1.8412 f
  clk_r_REG156_S2/D (DFF_X1)             0.0000     1.8412 f
  data arrival time                                 1.8412

  clock clk (rise edge)                  2.2000     2.2000
  clock network delay (ideal)            0.0000     2.2000
  clock uncertainty                     -0.0500     2.1500
  clk_r_REG156_S2/CK (DFF_X1)            0.0000     2.1500 r
  library setup time                    -0.3082     1.8418
  data required time                                1.8418
  -----------------------------------------------------------
  data required time                                1.8418
  data arrival time                                -1.8412
  -----------------------------------------------------------
  slack (MET)                                       0.0006


1
