 
****************************************
Report : area
Design : MyDesign
Version: P-2019.03-SP1
Date   : Tue Nov  9 06:55:19 2021
****************************************

Library(s) Used:

    NangateOpenCellLibrary_PDKv1_2_v2008_10_slow_nldm (File: /afs/eos.ncsu.edu/lockers/research/ece/wdavis/tech/nangate/NangateOpenCellLibrary_PDKv1_2_v2008_10/liberty/520/NangateOpenCellLibrary_PDKv1_2_v2008_10_slow_nldm.db)

Number of ports:                           89
Number of nets:                          1163
Number of cells:                         1037
Number of combinational cells:            827
Number of sequential cells:               179
Number of macros/black boxes:               0
Number of buf/inv:                        189
Number of references:                      48

Combinational area:                839.229992
Buf/Inv area:                      103.740001
Noncombinational area:             901.208014
Macro/Black Box area:                0.000000
Net Interconnect area:      undefined  (No wire load specified)

Total cell area:                  1740.438005
Total area:                 undefined
1
