 
****************************************
Report : area
Design : MyDesign
Version: P-2019.03-SP1
Date   : Wed Nov 10 23:57:32 2021
****************************************

Library(s) Used:

    NangateOpenCellLibrary_PDKv1_2_v2008_10_slow_nldm (File: /afs/eos.ncsu.edu/lockers/research/ece/wdavis/tech/nangate/NangateOpenCellLibrary_PDKv1_2_v2008_10/liberty/520/NangateOpenCellLibrary_PDKv1_2_v2008_10_slow_nldm.db)

Number of ports:                           89
Number of nets:                          1143
Number of cells:                         1045
Number of combinational cells:            823
Number of sequential cells:               193
Number of macros/black boxes:               0
Number of buf/inv:                        243
Number of references:                      51

Combinational area:                844.549992
Buf/Inv area:                      131.404001
Noncombinational area:             971.964013
Macro/Black Box area:                0.000000
Net Interconnect area:      undefined  (No wire load specified)

Total cell area:                  1816.514004
Total area:                 undefined
1
