Information: Updating design information... (UID-85)
 
****************************************
Report : timing
        -path full
        -delay max
        -max_paths 1
Design : MyDesign
Version: P-2019.03-SP1
Date   : Wed Nov 10 23:57:28 2021
****************************************

Operating Conditions: slow   Library: NangateOpenCellLibrary_PDKv1_2_v2008_10_slow_nldm
Wire Load Model Mode: top

  Startpoint: R_150 (rising edge-triggered flip-flop clocked by clk)
  Endpoint: R_171 (rising edge-triggered flip-flop clocked by clk)
  Path Group: clk
  Path Type: max

  Point                                    Incr       Path
  -----------------------------------------------------------
  clock clk (rise edge)                  0.0000     0.0000
  clock network delay (ideal)            0.0000     0.0000
  R_150/CK (DFF_X2)                      0.0000     0.0000 r
  R_150/Q (DFF_X2)                       0.6545     0.6545 f
  U720/ZN (XNOR2_X2)                     0.3204     0.9749 f
  U1309/ZN (XNOR2_X2)                    0.3069     1.2818 f
  U1153/ZN (XNOR2_X2)                    0.2791     1.5609 f
  U1061/ZN (NAND2_X1)                    0.1314     1.6923 r
  U1060/ZN (INV_X1)                      0.0548     1.7470 f
  U1059/ZN (AOI22_X1)                    0.3934     2.1405 r
  R_171/D (DFF_X1)                       0.0000     2.1405 r
  data arrival time                                 2.1405

  clock clk (rise edge)                  2.4700     2.4700
  clock network delay (ideal)            0.0000     2.4700
  clock uncertainty                     -0.0500     2.4200
  R_171/CK (DFF_X1)                      0.0000     2.4200 r
  library setup time                    -0.2764     2.1436
  data required time                                2.1436
  -----------------------------------------------------------
  data required time                                2.1436
  data arrival time                                -2.1405
  -----------------------------------------------------------
  slack (MET)                                       0.0032


1
