 
****************************************
Report : area
Design : MyDesign
Version: P-2019.03-SP1
Date   : Tue Nov  9 03:53:53 2021
****************************************

Library(s) Used:

    NangateOpenCellLibrary_PDKv1_2_v2008_10_slow_nldm (File: /afs/eos.ncsu.edu/lockers/research/ece/wdavis/tech/nangate/NangateOpenCellLibrary_PDKv1_2_v2008_10/liberty/520/NangateOpenCellLibrary_PDKv1_2_v2008_10_slow_nldm.db)

Number of ports:                           89
Number of nets:                          1107
Number of cells:                         1021
Number of combinational cells:            865
Number of sequential cells:               127
Number of macros/black boxes:               0
Number of buf/inv:                        254
Number of references:                      44

Combinational area:                866.893990
Buf/Inv area:                      138.054001
Noncombinational area:             650.636006
Macro/Black Box area:                0.000000
Net Interconnect area:      undefined  (No wire load specified)

Total cell area:                  1517.529996
Total area:                 undefined
1
