 
****************************************
Report : area
Design : MyDesign
Version: P-2019.03-SP1
Date   : Tue Nov  9 05:50:13 2021
****************************************

Library(s) Used:

    NangateOpenCellLibrary_PDKv1_2_v2008_10_slow_nldm (File: /afs/eos.ncsu.edu/lockers/research/ece/wdavis/tech/nangate/NangateOpenCellLibrary_PDKv1_2_v2008_10/liberty/520/NangateOpenCellLibrary_PDKv1_2_v2008_10_slow_nldm.db)

Number of ports:                           89
Number of nets:                          1035
Number of cells:                          950
Number of combinational cells:            801
Number of sequential cells:               116
Number of macros/black boxes:               0
Number of buf/inv:                        179
Number of references:                      42

Combinational area:                839.229990
Buf/Inv area:                       97.090001
Noncombinational area:             601.692005
Macro/Black Box area:                0.000000
Net Interconnect area:      undefined  (No wire load specified)

Total cell area:                  1440.921995
Total area:                 undefined
1
