 
****************************************
Report : area
Design : MyDesign
Version: P-2019.03-SP1
Date   : Tue Nov  9 05:59:30 2021
****************************************

Library(s) Used:

    NangateOpenCellLibrary_PDKv1_2_v2008_10_slow_nldm (File: /afs/eos.ncsu.edu/lockers/research/ece/wdavis/tech/nangate/NangateOpenCellLibrary_PDKv1_2_v2008_10/liberty/520/NangateOpenCellLibrary_PDKv1_2_v2008_10_slow_nldm.db)

Number of ports:                           89
Number of nets:                           990
Number of cells:                          926
Number of combinational cells:            696
Number of sequential cells:               203
Number of macros/black boxes:               0
Number of buf/inv:                        144
Number of references:                      47

Combinational area:                784.965994
Buf/Inv area:                       78.204001
Noncombinational area:            1028.622012
Macro/Black Box area:                0.000000
Net Interconnect area:      undefined  (No wire load specified)

Total cell area:                  1813.588006
Total area:                 undefined
1
