 
****************************************
Report : area
Design : MyDesign
Version: P-2019.03-SP1
Date   : Thu Nov 11 02:37:12 2021
****************************************

Library(s) Used:

    NangateOpenCellLibrary_PDKv1_2_v2008_10_slow_nldm (File: /afs/eos.ncsu.edu/lockers/research/ece/wdavis/tech/nangate/NangateOpenCellLibrary_PDKv1_2_v2008_10/liberty/520/NangateOpenCellLibrary_PDKv1_2_v2008_10_slow_nldm.db)

Number of ports:                           89
Number of nets:                          1035
Number of cells:                          940
Number of combinational cells:            750
Number of sequential cells:               161
Number of macros/black boxes:               0
Number of buf/inv:                        175
Number of references:                      50

Combinational area:                802.521992
Buf/Inv area:                       94.696001
Noncombinational area:             807.576011
Macro/Black Box area:                0.000000
Net Interconnect area:      undefined  (No wire load specified)

Total cell area:                  1610.098003
Total area:                 undefined
1
