 
****************************************
Report : area
Design : MyDesign
Version: P-2019.03-SP1
Date   : Tue Nov  9 06:02:44 2021
****************************************

Library(s) Used:

    NangateOpenCellLibrary_PDKv1_2_v2008_10_slow_nldm (File: /afs/eos.ncsu.edu/lockers/research/ece/wdavis/tech/nangate/NangateOpenCellLibrary_PDKv1_2_v2008_10/liberty/520/NangateOpenCellLibrary_PDKv1_2_v2008_10_slow_nldm.db)

Number of ports:                           89
Number of nets:                          1052
Number of cells:                          961
Number of combinational cells:            815
Number of sequential cells:               114
Number of macros/black boxes:               0
Number of buf/inv:                        185
Number of references:                      45

Combinational area:                848.007990
Buf/Inv area:                      101.346001
Noncombinational area:             590.786005
Macro/Black Box area:                0.000000
Net Interconnect area:      undefined  (No wire load specified)

Total cell area:                  1438.793995
Total area:                 undefined
1
