 
****************************************
Report : area
Design : MyDesign
Version: P-2019.03-SP1
Date   : Tue Nov  9 06:15:29 2021
****************************************

Library(s) Used:

    NangateOpenCellLibrary_PDKv1_2_v2008_10_slow_nldm (File: /afs/eos.ncsu.edu/lockers/research/ece/wdavis/tech/nangate/NangateOpenCellLibrary_PDKv1_2_v2008_10/liberty/520/NangateOpenCellLibrary_PDKv1_2_v2008_10_slow_nldm.db)

Number of ports:                           89
Number of nets:                          1004
Number of cells:                          931
Number of combinational cells:            767
Number of sequential cells:               134
Number of macros/black boxes:               0
Number of buf/inv:                        153
Number of references:                      45

Combinational area:                823.003991
Buf/Inv area:                       84.322001
Noncombinational area:             682.556008
Macro/Black Box area:                0.000000
Net Interconnect area:      undefined  (No wire load specified)

Total cell area:                  1505.559999
Total area:                 undefined
1
