Information: Updating design information... (UID-85)
 
****************************************
Report : timing
        -path full
        -delay min
        -max_paths 1
Design : MyDesign
Version: P-2019.03-SP1
Date   : Tue Nov  9 06:15:28 2021
****************************************

Operating Conditions: fast   Library: NangateOpenCellLibrary_PDKv1_2_v2008_10_fast_nldm
Wire Load Model Mode: top

  Startpoint: row1_reg[3]
              (rising edge-triggered flip-flop clocked by clk)
  Endpoint: row0_reg[3]
            (rising edge-triggered flip-flop clocked by clk)
  Path Group: clk
  Path Type: min

  Point                                    Incr       Path
  -----------------------------------------------------------
  clock clk (rise edge)                  0.0000     0.0000
  clock network delay (ideal)            0.0000     0.0000
  row1_reg[3]/CK (SDFF_X2)               0.0000     0.0000 r
  row1_reg[3]/Q (SDFF_X2)                0.0572     0.0572 f
  row0_reg[3]/D (DFF_X2)                 0.0000     0.0572 f
  data arrival time                                 0.0572

  clock clk (rise edge)                  0.0000     0.0000
  clock network delay (ideal)            0.0000     0.0000
  clock uncertainty                      0.0500     0.0500
  row0_reg[3]/CK (DFF_X2)                0.0000     0.0500 r
  library hold time                     -0.0011     0.0489
  data required time                                0.0489
  -----------------------------------------------------------
  data required time                                0.0489
  data arrival time                                -0.0572
  -----------------------------------------------------------
  slack (MET)                                       0.0083


1
