 
****************************************
Report : area
Design : MyDesign
Version: P-2019.03-SP1
Date   : Tue Nov  9 02:14:36 2021
****************************************

Library(s) Used:

    NangateOpenCellLibrary_PDKv1_2_v2008_10_slow_nldm (File: /afs/eos.ncsu.edu/lockers/research/ece/wdavis/tech/nangate/NangateOpenCellLibrary_PDKv1_2_v2008_10/liberty/520/NangateOpenCellLibrary_PDKv1_2_v2008_10_slow_nldm.db)

Number of ports:                           89
Number of nets:                          1077
Number of cells:                         1004
Number of combinational cells:            867
Number of sequential cells:               105
Number of macros/black boxes:               0
Number of buf/inv:                        226
Number of references:                      48

Combinational area:                875.405988
Buf/Inv area:                      127.680001
Noncombinational area:             543.438005
Macro/Black Box area:                0.000000
Net Interconnect area:      undefined  (No wire load specified)

Total cell area:                  1418.843993
Total area:                 undefined
1
