Information: Updating design information... (UID-85)
 
****************************************
Report : timing
        -path full
        -delay max
        -max_paths 1
Design : MyDesign
Version: P-2019.03-SP1
Date   : Thu Nov 11 00:30:33 2021
****************************************

Operating Conditions: slow   Library: NangateOpenCellLibrary_PDKv1_2_v2008_10_slow_nldm
Wire Load Model Mode: top

  Startpoint: R_160 (rising edge-triggered flip-flop clocked by clk)
  Endpoint: R_173 (rising edge-triggered flip-flop clocked by clk)
  Path Group: clk
  Path Type: max

  Point                                    Incr       Path
  -----------------------------------------------------------
  clock clk (rise edge)                  0.0000     0.0000
  clock network delay (ideal)            0.0000     0.0000
  R_160/CK (DFF_X2)                      0.0000     0.0000 r
  R_160/QN (DFF_X2)                      0.3320     0.3320 f
  U490/ZN (INV_X4)                       0.1954     0.5274 r
  U1279/ZN (XNOR2_X2)                    0.3326     0.8600 r
  U718/ZN (XNOR2_X1)                     0.3490     1.2090 r
  U717/ZN (XNOR2_X1)                     0.3791     1.5881 r
  U1118/ZN (AND3_X1)                     0.2581     1.8461 r
  U1117/ZN (NAND2_X1)                    0.0705     1.9166 f
  U971/ZN (INV_X1)                       0.1028     2.0194 r
  U970/ZN (NOR3_X1)                      0.0641     2.0836 f
  R_173/D (DFF_X1)                       0.0000     2.0836 f
  data arrival time                                 2.0836

  clock clk (rise edge)                  2.4700     2.4700
  clock network delay (ideal)            0.0000     2.4700
  clock uncertainty                     -0.0500     2.4200
  R_173/CK (DFF_X1)                      0.0000     2.4200 r
  library setup time                    -0.3357     2.0843
  data required time                                2.0843
  -----------------------------------------------------------
  data required time                                2.0843
  data arrival time                                -2.0836
  -----------------------------------------------------------
  slack (MET)                                       0.0007


1
