 
****************************************
Report : area
Design : MyDesign
Version: P-2019.03-SP1
Date   : Wed Nov 10 23:38:04 2021
****************************************

Library(s) Used:

    NangateOpenCellLibrary_PDKv1_2_v2008_10_slow_nldm (File: /afs/eos.ncsu.edu/lockers/research/ece/wdavis/tech/nangate/NangateOpenCellLibrary_PDKv1_2_v2008_10/liberty/520/NangateOpenCellLibrary_PDKv1_2_v2008_10_slow_nldm.db)

Number of ports:                           89
Number of nets:                          1062
Number of cells:                          989
Number of combinational cells:            789
Number of sequential cells:               174
Number of macros/black boxes:               0
Number of buf/inv:                        213
Number of references:                      41

Combinational area:                817.417991
Buf/Inv area:                      114.912001
Noncombinational area:             860.244014
Macro/Black Box area:                0.000000
Net Interconnect area:      undefined  (No wire load specified)

Total cell area:                  1677.662005
Total area:                 undefined
1
