 
****************************************
Report : timing
        -path full
        -delay max
        -max_paths 1
Design : MyDesign
Version: P-2019.03-SP1
Date   : Wed Nov 10 23:38:04 2021
****************************************

Operating Conditions: slow   Library: NangateOpenCellLibrary_PDKv1_2_v2008_10_slow_nldm
Wire Load Model Mode: top

  Startpoint: R_57 (rising edge-triggered flip-flop clocked by clk)
  Endpoint: R_82 (rising edge-triggered flip-flop clocked by clk)
  Path Group: clk
  Path Type: max

  Point                                    Incr       Path
  -----------------------------------------------------------
  clock clk (rise edge)                  0.0000     0.0000
  clock network delay (ideal)            0.0000     0.0000
  R_57/CK (DFF_X2)                       0.0000     0.0000 r
  R_57/Q (DFF_X2)                        0.6159     0.6159 f
  U1178/ZN (INV_X4)                      0.1069     0.7228 r
  U1179/ZN (XNOR2_X2)                    0.2927     1.0155 r
  U1180/ZN (XNOR2_X2)                    0.3183     1.3337 r
  U1181/ZN (XNOR2_X2)                    0.3324     1.6661 r
  U1238/ZN (INV_X4)                      0.0504     1.7165 f
  U1240/ZN (NAND3_X1)                    0.1956     1.9122 r
  U1242/ZN (AOI22_X2)                    0.1120     2.0241 f
  R_82/D (DFF_X2)                        0.0000     2.0241 f
  data arrival time                                 2.0241

  clock clk (rise edge)                  2.4000     2.4000
  clock network delay (ideal)            0.0000     2.4000
  clock uncertainty                     -0.0500     2.3500
  R_82/CK (DFF_X2)                       0.0000     2.3500 r
  library setup time                    -0.3236     2.0264
  data required time                                2.0264
  -----------------------------------------------------------
  data required time                                2.0264
  data arrival time                                -2.0241
  -----------------------------------------------------------
  slack (MET)                                       0.0022


1
