 
****************************************
Report : area
Design : MyDesign
Version: P-2019.03-SP1
Date   : Tue Nov  9 05:27:50 2021
****************************************

Library(s) Used:

    NangateOpenCellLibrary_PDKv1_2_v2008_10_slow_nldm (File: /afs/eos.ncsu.edu/lockers/research/ece/wdavis/tech/nangate/NangateOpenCellLibrary_PDKv1_2_v2008_10/liberty/520/NangateOpenCellLibrary_PDKv1_2_v2008_10_slow_nldm.db)

Number of ports:                           89
Number of nets:                           979
Number of cells:                          914
Number of combinational cells:            703
Number of sequential cells:               185
Number of macros/black boxes:               0
Number of buf/inv:                        142
Number of references:                      42

Combinational area:                781.507993
Buf/Inv area:                       76.608001
Noncombinational area:             933.660011
Macro/Black Box area:                0.000000
Net Interconnect area:      undefined  (No wire load specified)

Total cell area:                  1715.168004
Total area:                 undefined
1
