 
****************************************
Report : area
Design : MyDesign
Version: P-2019.03-SP1
Date   : Wed Nov 10 01:33:31 2021
****************************************

Library(s) Used:

    NangateOpenCellLibrary_PDKv1_2_v2008_10_slow_nldm (File: /afs/eos.ncsu.edu/lockers/research/ece/wdavis/tech/nangate/NangateOpenCellLibrary_PDKv1_2_v2008_10/liberty/520/NangateOpenCellLibrary_PDKv1_2_v2008_10_slow_nldm.db)

Number of ports:                           89
Number of nets:                          1118
Number of cells:                         1041
Number of combinational cells:            842
Number of sequential cells:               168
Number of macros/black boxes:               0
Number of buf/inv:                        221
Number of references:                      45

Combinational area:                861.573990
Buf/Inv area:                      124.754001
Noncombinational area:             848.806012
Macro/Black Box area:                0.000000
Net Interconnect area:      undefined  (No wire load specified)

Total cell area:                  1710.380002
Total area:                 undefined
1
