 
****************************************
Report : area
Design : MyDesign
Version: P-2019.03-SP1
Date   : Tue Nov  9 04:38:42 2021
****************************************

Library(s) Used:

    NangateOpenCellLibrary_PDKv1_2_v2008_10_slow_nldm (File: /afs/eos.ncsu.edu/lockers/research/ece/wdavis/tech/nangate/NangateOpenCellLibrary_PDKv1_2_v2008_10/liberty/520/NangateOpenCellLibrary_PDKv1_2_v2008_10_slow_nldm.db)

Number of ports:                           89
Number of nets:                          1130
Number of cells:                         1052
Number of combinational cells:            801
Number of sequential cells:               225
Number of macros/black boxes:               0
Number of buf/inv:                        242
Number of references:                      48

Combinational area:                826.727992
Buf/Inv area:                      131.936001
Noncombinational area:            1129.170015
Macro/Black Box area:                0.000000
Net Interconnect area:      undefined  (No wire load specified)

Total cell area:                  1955.898007
Total area:                 undefined
1
