 
****************************************
Report : area
Design : MyDesign
Version: P-2019.03-SP1
Date   : Tue Nov  9 06:22:42 2021
****************************************

Library(s) Used:

    NangateOpenCellLibrary_PDKv1_2_v2008_10_slow_nldm (File: /afs/eos.ncsu.edu/lockers/research/ece/wdavis/tech/nangate/NangateOpenCellLibrary_PDKv1_2_v2008_10/liberty/520/NangateOpenCellLibrary_PDKv1_2_v2008_10_slow_nldm.db)

Number of ports:                           89
Number of nets:                          1005
Number of cells:                          933
Number of combinational cells:            755
Number of sequential cells:               149
Number of macros/black boxes:               0
Number of buf/inv:                        162
Number of references:                      43

Combinational area:                805.447991
Buf/Inv area:                       89.376001
Noncombinational area:             760.494008
Macro/Black Box area:                0.000000
Net Interconnect area:      undefined  (No wire load specified)

Total cell area:                  1565.941999
Total area:                 undefined
1
