 
****************************************
Report : area
Design : MyDesign
Version: P-2019.03-SP1
Date   : Tue Nov  9 04:29:07 2021
****************************************

Library(s) Used:

    NangateOpenCellLibrary_PDKv1_2_v2008_10_slow_nldm (File: /afs/eos.ncsu.edu/lockers/research/ece/wdavis/tech/nangate/NangateOpenCellLibrary_PDKv1_2_v2008_10/liberty/520/NangateOpenCellLibrary_PDKv1_2_v2008_10_slow_nldm.db)

Number of ports:                           89
Number of nets:                          1088
Number of cells:                         1022
Number of combinational cells:            867
Number of sequential cells:               129
Number of macros/black boxes:               0
Number of buf/inv:                        236
Number of references:                      41

Combinational area:                863.967989
Buf/Inv area:                      129.276001
Noncombinational area:             658.350007
Macro/Black Box area:                0.000000
Net Interconnect area:      undefined  (No wire load specified)

Total cell area:                  1522.317995
Total area:                 undefined
1
