Information: Updating design information... (UID-85)
 
****************************************
Report : timing
        -path full
        -delay max
        -max_paths 1
Design : MyDesign
Version: P-2019.03-SP1
Date   : Wed Nov 10 01:38:06 2021
****************************************

Operating Conditions: slow   Library: NangateOpenCellLibrary_PDKv1_2_v2008_10_slow_nldm
Wire Load Model Mode: top

  Startpoint: clk_r_REG177_S1
              (rising edge-triggered flip-flop clocked by clk)
  Endpoint: clk_r_REG114_S2
            (rising edge-triggered flip-flop clocked by clk)
  Path Group: clk
  Path Type: max

  Point                                    Incr       Path
  -----------------------------------------------------------
  clock clk (rise edge)                  0.0000     0.0000
  clock network delay (ideal)            0.0000     0.0000
  clk_r_REG177_S1/CK (DFFR_X2)           0.0000     0.0000 r
  clk_r_REG177_S1/Q (DFFR_X2)            0.7340     0.7340 f
  U999/ZN (XNOR2_X2)                     0.2716     1.0056 f
  U1020/ZN (XNOR2_X2)                    0.3057     1.3113 f
  U671/ZN (XNOR2_X2)                     0.2736     1.5849 f
  U670/ZN (INV_X4)                       0.0724     1.6573 r
  U666/ZN (NAND2_X2)                     0.0506     1.7079 f
  U663/ZN (NAND2_X2)                     0.0834     1.7913 r
  U1040/ZN (NAND2_X2)                    0.0586     1.8499 f
  clk_r_REG114_S2/D (DFF_X1)             0.0000     1.8499 f
  data arrival time                                 1.8499

  clock clk (rise edge)                  2.1300     2.1300
  clock network delay (ideal)            0.0000     2.1300
  clock uncertainty                     -0.0500     2.0800
  clk_r_REG114_S2/CK (DFF_X1)            0.0000     2.0800 r
  library setup time                    -0.3072     1.7728
  data required time                                1.7728
  -----------------------------------------------------------
  data required time                                1.7728
  data arrival time                                -1.8499
  -----------------------------------------------------------
  slack (VIOLATED)                                 -0.0772


1
