 
****************************************
Report : area
Design : MyDesign
Version: P-2019.03-SP1
Date   : Wed Nov 10 23:55:54 2021
****************************************

Library(s) Used:

    NangateOpenCellLibrary_PDKv1_2_v2008_10_slow_nldm (File: /afs/eos.ncsu.edu/lockers/research/ece/wdavis/tech/nangate/NangateOpenCellLibrary_PDKv1_2_v2008_10/liberty/520/NangateOpenCellLibrary_PDKv1_2_v2008_10_slow_nldm.db)

Number of ports:                           89
Number of nets:                          1073
Number of cells:                         1002
Number of combinational cells:            824
Number of sequential cells:               152
Number of macros/black boxes:               0
Number of buf/inv:                        227
Number of references:                      43

Combinational area:                839.495991
Buf/Inv area:                      123.690001
Noncombinational area:             766.878009
Macro/Black Box area:                0.000000
Net Interconnect area:      undefined  (No wire load specified)

Total cell area:                  1606.374000
Total area:                 undefined
1
