 
****************************************
Report : area
Design : MyDesign
Version: P-2019.03-SP1
Date   : Tue Nov  9 05:29:47 2021
****************************************

Library(s) Used:

    NangateOpenCellLibrary_PDKv1_2_v2008_10_slow_nldm (File: /afs/eos.ncsu.edu/lockers/research/ece/wdavis/tech/nangate/NangateOpenCellLibrary_PDKv1_2_v2008_10/liberty/520/NangateOpenCellLibrary_PDKv1_2_v2008_10_slow_nldm.db)

Number of ports:                           89
Number of nets:                          1003
Number of cells:                          926
Number of combinational cells:            785
Number of sequential cells:               111
Number of macros/black boxes:               0
Number of buf/inv:                        151
Number of references:                      44

Combinational area:                825.397989
Buf/Inv area:                       82.992001
Noncombinational area:             573.762006
Macro/Black Box area:                0.000000
Net Interconnect area:      undefined  (No wire load specified)

Total cell area:                  1399.159995
Total area:                 undefined
1
