 
****************************************
Report : timing
        -path full
        -delay max
        -max_paths 1
Design : MyDesign
Version: P-2019.03-SP1
Date   : Wed Nov 10 01:38:50 2021
****************************************

Operating Conditions: slow   Library: NangateOpenCellLibrary_PDKv1_2_v2008_10_slow_nldm
Wire Load Model Mode: top

  Startpoint: clk_r_REG171_S1
              (rising edge-triggered flip-flop clocked by clk)
  Endpoint: clk_r_REG141_S2
            (rising edge-triggered flip-flop clocked by clk)
  Path Group: clk
  Path Type: max

  Point                                    Incr       Path
  -----------------------------------------------------------
  clock clk (rise edge)                  0.0000     0.0000
  clock network delay (ideal)            0.0000     0.0000
  clk_r_REG171_S1/CK (DFFR_X2)           0.0000     0.0000 r
  clk_r_REG171_S1/Q (DFFR_X2)            0.7014     0.7014 f
  U1071/ZN (XNOR2_X2)                    0.2150     0.9164 r
  U705/ZN (XNOR2_X2)                     0.3129     1.2293 r
  U703/ZN (XNOR2_X2)                     0.3140     1.5433 r
  U702/ZN (NAND3_X2)                     0.1267     1.6700 f
  U1061/ZN (NAND2_X2)                    0.0909     1.7609 r
  U1106/ZN (NAND2_X2)                    0.0586     1.8195 f
  clk_r_REG141_S2/D (DFF_X1)             0.0000     1.8195 f
  data arrival time                                 1.8195

  clock clk (rise edge)                  2.1400     2.1400
  clock network delay (ideal)            0.0000     2.1400
  clock uncertainty                     -0.0500     2.0900
  clk_r_REG141_S2/CK (DFF_X1)            0.0000     2.0900 r
  library setup time                    -0.3072     1.7828
  data required time                                1.7828
  -----------------------------------------------------------
  data required time                                1.7828
  data arrival time                                -1.8195
  -----------------------------------------------------------
  slack (VIOLATED)                                 -0.0367


1
