 
****************************************
Report : area
Design : MyDesign
Version: P-2019.03-SP1
Date   : Tue Nov  9 03:36:03 2021
****************************************

Library(s) Used:

    NangateOpenCellLibrary_PDKv1_2_v2008_10_slow_nldm (File: /afs/eos.ncsu.edu/lockers/research/ece/wdavis/tech/nangate/NangateOpenCellLibrary_PDKv1_2_v2008_10/liberty/520/NangateOpenCellLibrary_PDKv1_2_v2008_10_slow_nldm.db)

Number of ports:                           89
Number of nets:                          1131
Number of cells:                         1046
Number of combinational cells:            823
Number of sequential cells:               189
Number of macros/black boxes:               0
Number of buf/inv:                        238
Number of references:                      49

Combinational area:                844.815991
Buf/Inv area:                      129.010001
Noncombinational area:             974.092010
Macro/Black Box area:                0.000000
Net Interconnect area:      undefined  (No wire load specified)

Total cell area:                  1818.908001
Total area:                 undefined
1
