 
****************************************
Report : area
Design : MyDesign
Version: P-2019.03-SP1
Date   : Thu Nov 11 00:03:17 2021
****************************************

Library(s) Used:

    NangateOpenCellLibrary_PDKv1_2_v2008_10_slow_nldm (File: /afs/eos.ncsu.edu/lockers/research/ece/wdavis/tech/nangate/NangateOpenCellLibrary_PDKv1_2_v2008_10/liberty/520/NangateOpenCellLibrary_PDKv1_2_v2008_10_slow_nldm.db)

Number of ports:                           89
Number of nets:                          1076
Number of cells:                          996
Number of combinational cells:            819
Number of sequential cells:               151
Number of macros/black boxes:               0
Number of buf/inv:                        230
Number of references:                      44

Combinational area:                830.717990
Buf/Inv area:                      124.754001
Noncombinational area:             747.726012
Macro/Black Box area:                0.000000
Net Interconnect area:      undefined  (No wire load specified)

Total cell area:                  1578.444002
Total area:                 undefined
1
