 
****************************************
Report : area
Design : MyDesign
Version: P-2019.03-SP1
Date   : Tue Nov  9 06:00:46 2021
****************************************

Library(s) Used:

    NangateOpenCellLibrary_PDKv1_2_v2008_10_slow_nldm (File: /afs/eos.ncsu.edu/lockers/research/ece/wdavis/tech/nangate/NangateOpenCellLibrary_PDKv1_2_v2008_10/liberty/520/NangateOpenCellLibrary_PDKv1_2_v2008_10_slow_nldm.db)

Number of ports:                           89
Number of nets:                          1034
Number of cells:                          944
Number of combinational cells:            792
Number of sequential cells:               125
Number of macros/black boxes:               0
Number of buf/inv:                        175
Number of references:                      47

Combinational area:                833.377991
Buf/Inv area:                       95.760001
Noncombinational area:             639.198006
Macro/Black Box area:                0.000000
Net Interconnect area:      undefined  (No wire load specified)

Total cell area:                  1472.575997
Total area:                 undefined
1
