 
****************************************
Report : timing
        -path full
        -delay max
        -max_paths 1
Design : MyDesign
Version: P-2019.03-SP1
Date   : Tue Nov  9 04:41:29 2021
****************************************

Operating Conditions: slow   Library: NangateOpenCellLibrary_PDKv1_2_v2008_10_slow_nldm
Wire Load Model Mode: top

  Startpoint: weight_reg[8]
              (rising edge-triggered flip-flop clocked by clk)
  Endpoint: R_66 (rising edge-triggered flip-flop clocked by clk)
  Path Group: clk
  Path Type: max

  Point                                    Incr       Path
  -----------------------------------------------------------
  clock clk (rise edge)                  0.0000     0.0000
  clock network delay (ideal)            0.0000     0.0000
  weight_reg[8]/CK (DFFR_X2)             0.0000     0.0000 r
  weight_reg[8]/QN (DFFR_X2)             0.5699     0.5699 r
  U706/ZN (XNOR2_X1)                     0.4199     0.9899 r
  U1156/ZN (XNOR2_X2)                    0.3455     1.3354 r
  U710/ZN (XNOR2_X2)                     0.3175     1.6529 r
  U707/ZN (NAND2_X2)                     0.0693     1.7222 f
  U1061/ZN (NOR2_X1)                     0.2026     1.9248 r
  U1060/ZN (AOI21_X1)                    0.1186     2.0434 f
  R_66/D (DFF_X1)                        0.0000     2.0434 f
  data arrival time                                 2.0434

  clock clk (rise edge)                  2.4100     2.4100
  clock network delay (ideal)            0.0000     2.4100
  clock uncertainty                     -0.0500     2.3600
  R_66/CK (DFF_X1)                       0.0000     2.3600 r
  library setup time                    -0.3161     2.0439
  data required time                                2.0439
  -----------------------------------------------------------
  data required time                                2.0439
  data arrival time                                -2.0434
  -----------------------------------------------------------
  slack (MET)                                       0.0005


1
