 
****************************************
Report : timing
        -path full
        -delay max
        -max_paths 1
Design : MyDesign
Version: P-2019.03-SP1
Date   : Tue Nov  9 05:03:11 2021
****************************************

Operating Conditions: slow   Library: NangateOpenCellLibrary_PDKv1_2_v2008_10_slow_nldm
Wire Load Model Mode: top

  Startpoint: weight_reg[8]
              (rising edge-triggered flip-flop clocked by clk)
  Endpoint: R_7 (rising edge-triggered flip-flop clocked by clk)
  Path Group: clk
  Path Type: max

  Point                                    Incr       Path
  -----------------------------------------------------------
  clock clk (rise edge)                  0.0000     0.0000
  clock network delay (ideal)            0.0000     0.0000
  weight_reg[8]/CK (DFFR_X2)             0.0000     0.0000 r
  weight_reg[8]/Q (DFFR_X2)              0.6928     0.6928 f
  U1259/ZN (XNOR2_X2)                    0.2126     0.9054 r
  U946/ZN (XNOR2_X1)                     0.3488     1.2543 r
  U1261/ZN (XNOR2_X1)                    0.3785     1.6328 r
  U1265/ZN (INV_X1)                      0.0979     1.7307 f
  U1267/ZN (NAND4_X2)                    0.2229     1.9536 r
  U1268/ZN (NAND3_X2)                    0.1138     2.0674 f
  R_7/D (DFF_X2)                         0.0000     2.0674 f
  data arrival time                                 2.0674

  clock clk (rise edge)                  2.4300     2.4300
  clock network delay (ideal)            0.0000     2.4300
  clock uncertainty                     -0.0500     2.3800
  R_7/CK (DFF_X2)                        0.0000     2.3800 r
  library setup time                    -0.3119     2.0681
  data required time                                2.0681
  -----------------------------------------------------------
  data required time                                2.0681
  data arrival time                                -2.0674
  -----------------------------------------------------------
  slack (MET)                                       0.0007


1
