Information: Updating design information... (UID-85)
 
****************************************
Report : timing
        -path full
        -delay min
        -max_paths 1
Design : MyDesign
Version: P-2019.03-SP1
Date   : Thu Nov 11 02:50:08 2021
****************************************

Operating Conditions: fast   Library: NangateOpenCellLibrary_PDKv1_2_v2008_10_fast_nldm
Wire Load Model Mode: top

  Startpoint: row1_reg[7]
              (rising edge-triggered flip-flop clocked by clk)
  Endpoint: row0_reg[7]
            (rising edge-triggered flip-flop clocked by clk)
  Path Group: clk
  Path Type: min

  Point                                    Incr       Path
  -----------------------------------------------------------
  clock clk (rise edge)                  0.0000     0.0000
  clock network delay (ideal)            0.0000     0.0000
  row1_reg[7]/CK (SDFF_X2)               0.0000     0.0000 r
  row1_reg[7]/Q (SDFF_X2)                0.0552     0.0552 f
  row0_reg[7]/D (DFF_X1)                 0.0000     0.0552 f
  data arrival time                                 0.0552

  clock clk (rise edge)                  0.0000     0.0000
  clock network delay (ideal)            0.0000     0.0000
  clock uncertainty                      0.0500     0.0500
  row0_reg[7]/CK (DFF_X1)                0.0000     0.0500 r
  library hold time                      0.0001     0.0501
  data required time                                0.0501
  -----------------------------------------------------------
  data required time                                0.0501
  data arrival time                                -0.0552
  -----------------------------------------------------------
  slack (MET)                                       0.0052


1
