 
****************************************
Report : area
Design : MyDesign
Version: P-2019.03-SP1
Date   : Tue Nov  9 03:35:00 2021
****************************************

Library(s) Used:

    NangateOpenCellLibrary_PDKv1_2_v2008_10_slow_nldm (File: /afs/eos.ncsu.edu/lockers/research/ece/wdavis/tech/nangate/NangateOpenCellLibrary_PDKv1_2_v2008_10/liberty/520/NangateOpenCellLibrary_PDKv1_2_v2008_10_slow_nldm.db)

Number of ports:                           89
Number of nets:                          1079
Number of cells:                         1014
Number of combinational cells:            854
Number of sequential cells:               134
Number of macros/black boxes:               0
Number of buf/inv:                        235
Number of references:                      41

Combinational area:                860.509990
Buf/Inv area:                      128.478001
Noncombinational area:             682.290007
Macro/Black Box area:                0.000000
Net Interconnect area:      undefined  (No wire load specified)

Total cell area:                  1542.799997
Total area:                 undefined
1
