Information: Updating design information... (UID-85)
 
****************************************
Report : timing
        -path full
        -delay max
        -max_paths 1
Design : MyDesign
Version: P-2019.03-SP1
Date   : Thu Nov 11 00:41:11 2021
****************************************

Operating Conditions: slow   Library: NangateOpenCellLibrary_PDKv1_2_v2008_10_slow_nldm
Wire Load Model Mode: top

  Startpoint: row2_reg[5]
              (rising edge-triggered flip-flop clocked by clk)
  Endpoint: dut_sram_write_data_reg[5]
            (rising edge-triggered flip-flop clocked by clk)
  Path Group: clk
  Path Type: max

  Point                                                   Incr       Path
  --------------------------------------------------------------------------
  clock clk (rise edge)                                 0.0000     0.0000
  clock network delay (ideal)                           0.0000     0.0000
  row2_reg[5]/CK (DFF_X1)                               0.0000     0.0000 r
  row2_reg[5]/Q (DFF_X1)                                0.6463     0.6463 f
  U726/ZN (XNOR2_X2)                                    0.3289     0.9752 f
  U724/ZN (XNOR2_X2)                                    0.2817     1.2569 f
  U1100/ZN (XNOR2_X2)                                   0.2678     1.5247 f
  U1101/ZN (NAND3_X2)                                   0.2079     1.7325 r
  U1104/ZN (NAND2_X1)                                   0.0842     1.8167 f
  U543/ZN (NAND3_X1)                                    0.1640     1.9807 r
  U722/ZN (NAND3_X2)                                    0.0853     2.0660 f
  dut_sram_write_data_reg[5]/D (DFF_X2)                 0.0000     2.0660 f
  data arrival time                                                2.0660

  clock clk (rise edge)                                 2.4330     2.4330
  clock network delay (ideal)                           0.0000     2.4330
  clock uncertainty                                    -0.0500     2.3830
  dut_sram_write_data_reg[5]/CK (DFF_X2)                0.0000     2.3830 r
  library setup time                                   -0.3136     2.0694
  data required time                                               2.0694
  --------------------------------------------------------------------------
  data required time                                               2.0694
  data arrival time                                               -2.0660
  --------------------------------------------------------------------------
  slack (MET)                                                      0.0034


1
