 
****************************************
Report : area
Design : MyDesign
Version: P-2019.03-SP1
Date   : Thu Nov 11 02:23:37 2021
****************************************

Library(s) Used:

    NangateOpenCellLibrary_PDKv1_2_v2008_10_slow_nldm (File: /afs/eos.ncsu.edu/lockers/research/ece/wdavis/tech/nangate/NangateOpenCellLibrary_PDKv1_2_v2008_10/liberty/520/NangateOpenCellLibrary_PDKv1_2_v2008_10_slow_nldm.db)

Number of ports:                           89
Number of nets:                          1071
Number of cells:                          978
Number of combinational cells:            772
Number of sequential cells:               176
Number of macros/black boxes:               0
Number of buf/inv:                        192
Number of references:                      48

Combinational area:                815.555992
Buf/Inv area:                      103.474001
Noncombinational area:             885.514012
Macro/Black Box area:                0.000000
Net Interconnect area:      undefined  (No wire load specified)

Total cell area:                  1701.070004
Total area:                 undefined
1
