 
****************************************
Report : area
Design : MyDesign
Version: P-2019.03-SP1
Date   : Tue Nov  9 02:20:59 2021
****************************************

Library(s) Used:

    NangateOpenCellLibrary_PDKv1_2_v2008_10_slow_nldm (File: /afs/eos.ncsu.edu/lockers/research/ece/wdavis/tech/nangate/NangateOpenCellLibrary_PDKv1_2_v2008_10/liberty/520/NangateOpenCellLibrary_PDKv1_2_v2008_10_slow_nldm.db)

Number of ports:                           89
Number of nets:                          1091
Number of cells:                         1025
Number of combinational cells:            845
Number of sequential cells:               149
Number of macros/black boxes:               0
Number of buf/inv:                        237
Number of references:                      50

Combinational area:                859.179990
Buf/Inv area:                      131.404001
Noncombinational area:             765.548007
Macro/Black Box area:                0.000000
Net Interconnect area:      undefined  (No wire load specified)

Total cell area:                  1624.727997
Total area:                 undefined
1
