 
****************************************
Report : area
Design : MyDesign
Version: P-2019.03-SP1
Date   : Tue Nov  9 04:09:03 2021
****************************************

Library(s) Used:

    NangateOpenCellLibrary_PDKv1_2_v2008_10_slow_nldm (File: /afs/eos.ncsu.edu/lockers/research/ece/wdavis/tech/nangate/NangateOpenCellLibrary_PDKv1_2_v2008_10/liberty/520/NangateOpenCellLibrary_PDKv1_2_v2008_10_slow_nldm.db)

Number of ports:                           89
Number of nets:                          1043
Number of cells:                          967
Number of combinational cells:            805
Number of sequential cells:               136
Number of macros/black boxes:               0
Number of buf/inv:                        220
Number of references:                      41

Combinational area:                828.057990
Buf/Inv area:                      119.168001
Noncombinational area:             685.482008
Macro/Black Box area:                0.000000
Net Interconnect area:      undefined  (No wire load specified)

Total cell area:                  1513.539999
Total area:                 undefined
1
