 
****************************************
Report : timing
        -path full
        -delay max
        -max_paths 1
Design : MyDesign
Version: P-2019.03-SP1
Date   : Tue Nov  9 04:55:24 2021
****************************************

Operating Conditions: slow   Library: NangateOpenCellLibrary_PDKv1_2_v2008_10_slow_nldm
Wire Load Model Mode: top

  Startpoint: weight_reg[1]
              (rising edge-triggered flip-flop clocked by clk)
  Endpoint: R_99 (rising edge-triggered flip-flop clocked by clk)
  Path Group: clk
  Path Type: max

  Point                                    Incr       Path
  -----------------------------------------------------------
  clock clk (rise edge)                  0.0000     0.0000
  clock network delay (ideal)            0.0000     0.0000
  weight_reg[1]/CK (DFFR_X2)             0.0000     0.0000 r
  weight_reg[1]/QN (DFFR_X2)             0.5025     0.5025 r
  U714/ZN (INV_X8)                       0.0913     0.5938 f
  U1090/ZN (XNOR2_X2)                    0.2944     0.8881 f
  U875/ZN (OR2_X1)                       0.2988     1.1869 f
  U834/ZN (AOI22_X1)                     0.4713     1.6582 r
  U857/ZN (NAND2_X1)                     0.1479     1.8061 f
  U584/ZN (NOR2_X1)                      0.1492     1.9553 r
  U583/ZN (INV_X1)                       0.0591     2.0145 f
  U1032/ZN (NAND3_X1)                    0.1308     2.1453 r
  R_99/D (DFF_X2)                        0.0000     2.1453 r
  data arrival time                                 2.1453

  clock clk (rise edge)                  2.4200     2.4200
  clock network delay (ideal)            0.0000     2.4200
  clock uncertainty                     -0.0500     2.3700
  R_99/CK (DFF_X2)                       0.0000     2.3700 r
  library setup time                    -0.2235     2.1465
  data required time                                2.1465
  -----------------------------------------------------------
  data required time                                2.1465
  data arrival time                                -2.1453
  -----------------------------------------------------------
  slack (MET)                                       0.0012


1
