Information: Updating design information... (UID-85)
 
****************************************
Report : timing
        -path full
        -delay min
        -max_paths 1
Design : MyDesign
Version: P-2019.03-SP1
Date   : Tue Nov  9 03:19:49 2021
****************************************

Operating Conditions: fast   Library: NangateOpenCellLibrary_PDKv1_2_v2008_10_fast_nldm
Wire Load Model Mode: top

  Startpoint: row1_reg[14]
              (rising edge-triggered flip-flop clocked by clk)
  Endpoint: row0_reg[14]
            (rising edge-triggered flip-flop clocked by clk)
  Path Group: clk
  Path Type: min

  Point                                    Incr       Path
  -----------------------------------------------------------
  clock clk (rise edge)                  0.0000     0.0000
  clock network delay (ideal)            0.0000     0.0000
  row1_reg[14]/CK (SDFF_X1)              0.0000     0.0000 r
  row1_reg[14]/Q (SDFF_X1)               0.0655     0.0655 f
  row0_reg[14]/D (DFF_X1)                0.0000     0.0655 f
  data arrival time                                 0.0655

  clock clk (rise edge)                  0.0000     0.0000
  clock network delay (ideal)            0.0000     0.0000
  clock uncertainty                      0.0500     0.0500
  row0_reg[14]/CK (DFF_X1)               0.0000     0.0500 r
  library hold time                     -0.0009     0.0491
  data required time                                0.0491
  -----------------------------------------------------------
  data required time                                0.0491
  data arrival time                                -0.0655
  -----------------------------------------------------------
  slack (MET)                                       0.0164


1
