 
****************************************
Report : area
Design : MyDesign
Version: P-2019.03-SP1
Date   : Tue Nov  9 02:14:12 2021
****************************************

Library(s) Used:

    NangateOpenCellLibrary_PDKv1_2_v2008_10_slow_nldm (File: /afs/eos.ncsu.edu/lockers/research/ece/wdavis/tech/nangate/NangateOpenCellLibrary_PDKv1_2_v2008_10/liberty/520/NangateOpenCellLibrary_PDKv1_2_v2008_10_slow_nldm.db)

Number of ports:                           89
Number of nets:                          1084
Number of cells:                         1010
Number of combinational cells:            867
Number of sequential cells:               107
Number of macros/black boxes:               0
Number of buf/inv:                        237
Number of references:                      49

Combinational area:                871.149988
Buf/Inv area:                      133.798001
Noncombinational area:             562.324006
Macro/Black Box area:                0.000000
Net Interconnect area:      undefined  (No wire load specified)

Total cell area:                  1433.473994
Total area:                 undefined
1
