 
****************************************
Report : area
Design : MyDesign
Version: P-2019.03-SP1
Date   : Tue Nov  9 03:17:39 2021
****************************************

Library(s) Used:

    NangateOpenCellLibrary_PDKv1_2_v2008_10_slow_nldm (File: /afs/eos.ncsu.edu/lockers/research/ece/wdavis/tech/nangate/NangateOpenCellLibrary_PDKv1_2_v2008_10/liberty/520/NangateOpenCellLibrary_PDKv1_2_v2008_10_slow_nldm.db)

Number of ports:                           89
Number of nets:                          1036
Number of cells:                          965
Number of combinational cells:            783
Number of sequential cells:               156
Number of macros/black boxes:               0
Number of buf/inv:                        211
Number of references:                      44

Combinational area:                820.875991
Buf/Inv area:                      114.646001
Noncombinational area:             790.818009
Macro/Black Box area:                0.000000
Net Interconnect area:      undefined  (No wire load specified)

Total cell area:                  1611.694000
Total area:                 undefined
1
