Information: Updating design information... (UID-85)
 
****************************************
Report : timing
        -path full
        -delay max
        -max_paths 1
Design : MyDesign
Version: P-2019.03-SP1
Date   : Tue Nov  9 03:17:37 2021
****************************************

Operating Conditions: slow   Library: NangateOpenCellLibrary_PDKv1_2_v2008_10_slow_nldm
Wire Load Model Mode: top

  Startpoint: R_26 (rising edge-triggered flip-flop clocked by clk)
  Endpoint: R_39 (rising edge-triggered flip-flop clocked by clk)
  Path Group: clk
  Path Type: max

  Point                                    Incr       Path
  -----------------------------------------------------------
  clock clk (rise edge)                  0.0000     0.0000
  clock network delay (ideal)            0.0000     0.0000
  R_26/CK (DFFR_X2)                      0.0000     0.0000 r
  R_26/Q (DFFR_X2)                       0.7395     0.7395 f
  U747/ZN (XNOR2_X2)                     0.2421     0.9816 r
  U746/ZN (XNOR2_X2)                     0.3054     1.2870 r
  U831/ZN (XNOR2_X1)                     0.3373     1.6243 r
  U1235/ZN (INV_X1)                      0.1097     1.7340 f
  U1237/ZN (NAND3_X1)                    0.2069     1.9410 r
  U1239/ZN (AOI22_X2)                    0.1120     2.0529 f
  R_39/D (DFF_X1)                        0.0000     2.0529 f
  data arrival time                                 2.0529

  clock clk (rise edge)                  2.4320     2.4320
  clock network delay (ideal)            0.0000     2.4320
  clock uncertainty                     -0.0500     2.3820
  R_39/CK (DFF_X1)                       0.0000     2.3820 r
  library setup time                    -0.3290     2.0530
  data required time                                2.0530
  -----------------------------------------------------------
  data required time                                2.0530
  data arrival time                                -2.0529
  -----------------------------------------------------------
  slack (MET)                                       0.0001


1
