Information: Updating design information... (UID-85)
 
****************************************
Report : timing
        -path full
        -delay min
        -max_paths 1
Design : MyDesign
Version: P-2019.03-SP1
Date   : Tue Nov  9 03:17:38 2021
****************************************

Operating Conditions: fast   Library: NangateOpenCellLibrary_PDKv1_2_v2008_10_fast_nldm
Wire Load Model Mode: top

  Startpoint: dut_sram_read_address_reg[1]
              (rising edge-triggered flip-flop clocked by clk)
  Endpoint: R_5 (rising edge-triggered flip-flop clocked by clk)
  Path Group: clk
  Path Type: min

  Point                                                   Incr       Path
  --------------------------------------------------------------------------
  clock clk (rise edge)                                 0.0000     0.0000
  clock network delay (ideal)                           0.0000     0.0000
  dut_sram_read_address_reg[1]/CK (DFFR_X2)             0.0000     0.0000 r
  dut_sram_read_address_reg[1]/QN (DFFR_X2)             0.0558     0.0558 f
  R_5/D (DFFR_X1)                                       0.0000     0.0558 f
  data arrival time                                                0.0558

  clock clk (rise edge)                                 0.0000     0.0000
  clock network delay (ideal)                           0.0000     0.0000
  clock uncertainty                                     0.0500     0.0500
  R_5/CK (DFFR_X1)                                      0.0000     0.0500 r
  library hold time                                     0.0022     0.0522
  data required time                                               0.0522
  --------------------------------------------------------------------------
  data required time                                               0.0522
  data arrival time                                               -0.0558
  --------------------------------------------------------------------------
  slack (MET)                                                      0.0037


1
