Information: Updating design information... (UID-85)
 
****************************************
Report : timing
        -path full
        -delay min
        -max_paths 1
Design : MyDesign
Version: P-2019.03-SP1
Date   : Tue Nov  9 05:09:45 2021
****************************************

Operating Conditions: fast   Library: NangateOpenCellLibrary_PDKv1_2_v2008_10_fast_nldm
Wire Load Model Mode: top

  Startpoint: dut_sram_write_address_reg[4]
              (rising edge-triggered flip-flop clocked by clk)
  Endpoint: R_105 (rising edge-triggered flip-flop clocked by clk)
  Path Group: clk
  Path Type: min

  Point                                                   Incr       Path
  --------------------------------------------------------------------------
  clock clk (rise edge)                                 0.0000     0.0000
  clock network delay (ideal)                           0.0000     0.0000
  dut_sram_write_address_reg[4]/CK (DFFR_X2)            0.0000     0.0000 r
  dut_sram_write_address_reg[4]/QN (DFFR_X2)            0.0556     0.0556 f
  R_105/D (DFFS_X2)                                     0.0000     0.0556 f
  data arrival time                                                0.0556

  clock clk (rise edge)                                 0.0000     0.0000
  clock network delay (ideal)                           0.0000     0.0000
  clock uncertainty                                     0.0500     0.0500
  R_105/CK (DFFS_X2)                                    0.0000     0.0500 r
  library hold time                                    -0.0032     0.0468
  data required time                                               0.0468
  --------------------------------------------------------------------------
  data required time                                               0.0468
  data arrival time                                               -0.0556
  --------------------------------------------------------------------------
  slack (MET)                                                      0.0088


1
