 
****************************************
Report : area
Design : MyDesign
Version: P-2019.03-SP1
Date   : Tue Nov  9 06:29:58 2021
****************************************

Library(s) Used:

    NangateOpenCellLibrary_PDKv1_2_v2008_10_slow_nldm (File: /afs/eos.ncsu.edu/lockers/research/ece/wdavis/tech/nangate/NangateOpenCellLibrary_PDKv1_2_v2008_10/liberty/520/NangateOpenCellLibrary_PDKv1_2_v2008_10_slow_nldm.db)

Number of ports:                           89
Number of nets:                          1086
Number of cells:                         1003
Number of combinational cells:            858
Number of sequential cells:               113
Number of macros/black boxes:               0
Number of buf/inv:                        225
Number of references:                      46

Combinational area:                863.701990
Buf/Inv area:                      124.222001
Noncombinational area:             583.870006
Macro/Black Box area:                0.000000
Net Interconnect area:      undefined  (No wire load specified)

Total cell area:                  1447.571996
Total area:                 undefined
1
