 
****************************************
Report : area
Design : MyDesign
Version: P-2019.03-SP1
Date   : Thu Nov 11 02:38:08 2021
****************************************

Library(s) Used:

    NangateOpenCellLibrary_PDKv1_2_v2008_10_slow_nldm (File: /afs/eos.ncsu.edu/lockers/research/ece/wdavis/tech/nangate/NangateOpenCellLibrary_PDKv1_2_v2008_10/liberty/520/NangateOpenCellLibrary_PDKv1_2_v2008_10_slow_nldm.db)

Number of ports:                           89
Number of nets:                          1041
Number of cells:                          950
Number of combinational cells:            760
Number of sequential cells:               161
Number of macros/black boxes:               0
Number of buf/inv:                        184
Number of references:                      50

Combinational area:                807.575992
Buf/Inv area:                      100.814001
Noncombinational area:             809.172012
Macro/Black Box area:                0.000000
Net Interconnect area:      undefined  (No wire load specified)

Total cell area:                  1616.748004
Total area:                 undefined
1
