 
****************************************
Report : timing
        -path full
        -delay max
        -max_paths 1
Design : MyDesign
Version: P-2019.03-SP1
Date   : Thu Nov 11 01:03:48 2021
****************************************

Operating Conditions: slow   Library: NangateOpenCellLibrary_PDKv1_2_v2008_10_slow_nldm
Wire Load Model Mode: top

  Startpoint: R_17 (rising edge-triggered flip-flop clocked by clk)
  Endpoint: dut_sram_write_data_reg[11]
            (rising edge-triggered flip-flop clocked by clk)
  Path Group: clk
  Path Type: max

  Point                                                   Incr       Path
  --------------------------------------------------------------------------
  clock clk (rise edge)                                 0.0000     0.0000
  clock network delay (ideal)                           0.0000     0.0000
  R_17/CK (DFF_X2)                                      0.0000     0.0000 r
  R_17/QN (DFF_X2)                                      0.3586     0.3586 f
  U796/ZN (INV_X8)                                      0.1606     0.5192 r
  U1247/ZN (XNOR2_X2)                                   0.2889     0.8082 r
  U797/ZN (XNOR2_X1)                                    0.3443     1.1525 r
  U1248/ZN (XNOR2_X1)                                   0.3852     1.5376 r
  U727/ZN (NAND3_X1)                                    0.1508     1.6884 f
  U564/ZN (NAND3_X1)                                    0.1312     1.8197 r
  U554/ZN (AND3_X2)                                     0.2049     2.0245 r
  U513/ZN (NOR2_X1)                                     0.0497     2.0742 f
  dut_sram_write_data_reg[11]/D (DFF_X2)                0.0000     2.0742 f
  data arrival time                                                2.0742

  clock clk (rise edge)                                 2.4360     2.4360
  clock network delay (ideal)                           0.0000     2.4360
  clock uncertainty                                    -0.0500     2.3860
  dut_sram_write_data_reg[11]/CK (DFF_X2)               0.0000     2.3860 r
  library setup time                                   -0.3116     2.0744
  data required time                                               2.0744
  --------------------------------------------------------------------------
  data required time                                               2.0744
  data arrival time                                               -2.0742
  --------------------------------------------------------------------------
  slack (MET)                                                      0.0002


1
