 
****************************************
Report : area
Design : MyDesign
Version: P-2019.03-SP1
Date   : Thu Nov 11 00:19:20 2021
****************************************

Library(s) Used:

    NangateOpenCellLibrary_PDKv1_2_v2008_10_slow_nldm (File: /afs/eos.ncsu.edu/lockers/research/ece/wdavis/tech/nangate/NangateOpenCellLibrary_PDKv1_2_v2008_10/liberty/520/NangateOpenCellLibrary_PDKv1_2_v2008_10_slow_nldm.db)

Number of ports:                           89
Number of nets:                          1072
Number of cells:                         1005
Number of combinational cells:            834
Number of sequential cells:               143
Number of macros/black boxes:               0
Number of buf/inv:                        224
Number of references:                      41

Combinational area:                844.283990
Buf/Inv area:                      121.828001
Noncombinational area:             721.658009
Macro/Black Box area:                0.000000
Net Interconnect area:      undefined  (No wire load specified)

Total cell area:                  1565.941999
Total area:                 undefined
1
