 
****************************************
Report : area
Design : MyDesign
Version: P-2019.03-SP1
Date   : Tue Nov  9 02:22:17 2021
****************************************

Library(s) Used:

    NangateOpenCellLibrary_PDKv1_2_v2008_10_slow_nldm (File: /afs/eos.ncsu.edu/lockers/research/ece/wdavis/tech/nangate/NangateOpenCellLibrary_PDKv1_2_v2008_10/liberty/520/NangateOpenCellLibrary_PDKv1_2_v2008_10_slow_nldm.db)

Number of ports:                           89
Number of nets:                          1077
Number of cells:                         1013
Number of combinational cells:            829
Number of sequential cells:               155
Number of macros/black boxes:               0
Number of buf/inv:                        223
Number of references:                      44

Combinational area:                843.485990
Buf/Inv area:                      120.764001
Noncombinational area:             792.946009
Macro/Black Box area:                0.000000
Net Interconnect area:      undefined  (No wire load specified)

Total cell area:                  1636.431999
Total area:                 undefined
1
