Information: Updating design information... (UID-85)
 
****************************************
Report : timing
        -path full
        -delay max
        -max_paths 1
Design : MyDesign
Version: P-2019.03-SP1
Date   : Tue Nov  9 02:22:15 2021
****************************************

Operating Conditions: slow   Library: NangateOpenCellLibrary_PDKv1_2_v2008_10_slow_nldm
Wire Load Model Mode: top

  Startpoint: weight_reg[4]
              (rising edge-triggered flip-flop clocked by clk)
  Endpoint: R_57 (rising edge-triggered flip-flop clocked by clk)
  Path Group: clk
  Path Type: max

  Point                                    Incr       Path
  -----------------------------------------------------------
  clock clk (rise edge)                  0.0000     0.0000
  clock network delay (ideal)            0.0000     0.0000
  weight_reg[4]/CK (DFFR_X2)             0.0000     0.0000 r
  weight_reg[4]/QN (DFFR_X2)             0.4110     0.4110 f
  U652/ZN (INV_X4)                       0.2171     0.6281 r
  U663/ZN (XNOR2_X2)                     0.3336     0.9616 r
  U662/ZN (INV_X4)                       0.0608     1.0225 f
  U661/ZN (XNOR2_X2)                     0.2874     1.3098 f
  U1121/ZN (XNOR2_X2)                    0.2709     1.5808 f
  U542/ZN (INV_X2)                       0.0868     1.6676 r
  U687/ZN (NAND3_X2)                     0.0600     1.7276 f
  U525/ZN (OAI21_X2)                     0.1718     1.8993 r
  U500/ZN (NAND3_X1)                     0.1043     2.0036 f
  R_57/D (DFF_X1)                        0.0000     2.0036 f
  data arrival time                                 2.0036

  clock clk (rise edge)                  2.3760     2.3760
  clock network delay (ideal)            0.0000     2.3760
  clock uncertainty                     -0.0500     2.3260
  R_57/CK (DFF_X1)                       0.0000     2.3260 r
  library setup time                    -0.3222     2.0038
  data required time                                2.0038
  -----------------------------------------------------------
  data required time                                2.0038
  data arrival time                                -2.0036
  -----------------------------------------------------------
  slack (MET)                                       0.0002


1
