 
****************************************
Report : area
Design : MyDesign
Version: P-2019.03-SP1
Date   : Thu Nov 11 00:15:55 2021
****************************************

Library(s) Used:

    NangateOpenCellLibrary_PDKv1_2_v2008_10_slow_nldm (File: /afs/eos.ncsu.edu/lockers/research/ece/wdavis/tech/nangate/NangateOpenCellLibrary_PDKv1_2_v2008_10/liberty/520/NangateOpenCellLibrary_PDKv1_2_v2008_10_slow_nldm.db)

Number of ports:                           89
Number of nets:                          1086
Number of cells:                          998
Number of combinational cells:            805
Number of sequential cells:               167
Number of macros/black boxes:               0
Number of buf/inv:                        223
Number of references:                      46

Combinational area:                831.249990
Buf/Inv area:                      119.700001
Noncombinational area:             830.718012
Macro/Black Box area:                0.000000
Net Interconnect area:      undefined  (No wire load specified)

Total cell area:                  1661.968003
Total area:                 undefined
1
