Information: Updating design information... (UID-85)
 
****************************************
Report : timing
        -path full
        -delay max
        -max_paths 1
Design : MyDesign
Version: P-2019.03-SP1
Date   : Thu Nov 11 00:15:51 2021
****************************************

Operating Conditions: slow   Library: NangateOpenCellLibrary_PDKv1_2_v2008_10_slow_nldm
Wire Load Model Mode: top

  Startpoint: R_51 (rising edge-triggered flip-flop clocked by clk)
  Endpoint: dim_reg[0] (rising edge-triggered flip-flop clocked by clk)
  Path Group: clk
  Path Type: max

  Point                                    Incr       Path
  -----------------------------------------------------------
  clock clk (rise edge)                  0.0000     0.0000
  clock network delay (ideal)            0.0000     0.0000
  R_51/CK (DFFR_X1)                      0.0000     0.0000 r
  R_51/Q (DFFR_X1)                       0.6809     0.6809 f
  U492/ZN (NAND2_X1)                     0.1644     0.8453 r
  U785/ZN (NOR2_X2)                      0.0690     0.9143 f
  U784/ZN (NAND2_X2)                     0.0909     1.0053 r
  U781/ZN (NAND3_X2)                     0.0982     1.1035 f
  U1051/ZN (NAND2_X4)                    0.1365     1.2400 r
  U601/Z (MUX2_X1)                       0.7660     2.0060 f
  dim_reg[0]/D (DFFR_X2)                 0.0000     2.0060 f
  data arrival time                                 2.0060

  clock clk (rise edge)                  2.4900     2.4900
  clock network delay (ideal)            0.0000     2.4900
  clock uncertainty                     -0.0500     2.4400
  dim_reg[0]/CK (DFFR_X2)                0.0000     2.4400 r
  library setup time                    -0.4330     2.0070
  data required time                                2.0070
  -----------------------------------------------------------
  data required time                                2.0070
  data arrival time                                -2.0060
  -----------------------------------------------------------
  slack (MET)                                       0.0010


1
