Information: Updating design information... (UID-85)
 
****************************************
Report : timing
        -path full
        -delay min
        -max_paths 1
Design : MyDesign
Version: P-2019.03-SP1
Date   : Tue Nov  9 06:55:54 2021
****************************************

Operating Conditions: fast   Library: NangateOpenCellLibrary_PDKv1_2_v2008_10_fast_nldm
Wire Load Model Mode: top

  Startpoint: clk_r_REG39_S2
              (rising edge-triggered flip-flop clocked by clk)
  Endpoint: clk_r_REG43_S3
            (rising edge-triggered flip-flop clocked by clk)
  Path Group: clk
  Path Type: min

  Point                                    Incr       Path
  -----------------------------------------------------------
  clock clk (rise edge)                  0.0000     0.0000
  clock network delay (ideal)            0.0000     0.0000
  clk_r_REG39_S2/CK (SDFF_X1)            0.0000     0.0000 r
  clk_r_REG39_S2/Q (SDFF_X1)             0.0497     0.0497 f
  clk_r_REG43_S3/D (DFF_X1)              0.0000     0.0497 f
  data arrival time                                 0.0497

  clock clk (rise edge)                  0.0000     0.0000
  clock network delay (ideal)            0.0000     0.0000
  clock uncertainty                      0.0500     0.0500
  clk_r_REG43_S3/CK (DFF_X1)             0.0000     0.0500 r
  library hold time                      0.0004     0.0504
  data required time                                0.0504
  -----------------------------------------------------------
  data required time                                0.0504
  data arrival time                                -0.0497
  -----------------------------------------------------------
  slack (VIOLATED)                                 -0.0007


1
