 
****************************************
Report : area
Design : MyDesign
Version: P-2019.03-SP1
Date   : Tue Nov  9 06:57:33 2021
****************************************

Library(s) Used:

    NangateOpenCellLibrary_PDKv1_2_v2008_10_slow_nldm (File: /afs/eos.ncsu.edu/lockers/research/ece/wdavis/tech/nangate/NangateOpenCellLibrary_PDKv1_2_v2008_10/liberty/520/NangateOpenCellLibrary_PDKv1_2_v2008_10_slow_nldm.db)

Number of ports:                           89
Number of nets:                          1172
Number of cells:                         1053
Number of combinational cells:            843
Number of sequential cells:               179
Number of macros/black boxes:               0
Number of buf/inv:                        201
Number of references:                      45

Combinational area:                848.539991
Buf/Inv area:                      113.050000
Noncombinational area:             901.740014
Macro/Black Box area:                0.000000
Net Interconnect area:      undefined  (No wire load specified)

Total cell area:                  1750.280004
Total area:                 undefined
1
