 
****************************************
Report : area
Design : MyDesign
Version: P-2019.03-SP1
Date   : Thu Nov 11 00:06:00 2021
****************************************

Library(s) Used:

    NangateOpenCellLibrary_PDKv1_2_v2008_10_slow_nldm (File: /afs/eos.ncsu.edu/lockers/research/ece/wdavis/tech/nangate/NangateOpenCellLibrary_PDKv1_2_v2008_10/liberty/520/NangateOpenCellLibrary_PDKv1_2_v2008_10_slow_nldm.db)

Number of ports:                           89
Number of nets:                          1106
Number of cells:                         1010
Number of combinational cells:            794
Number of sequential cells:               190
Number of macros/black boxes:               0
Number of buf/inv:                        231
Number of references:                      46

Combinational area:                821.141991
Buf/Inv area:                      123.158001
Noncombinational area:             937.650015
Macro/Black Box area:                0.000000
Net Interconnect area:      undefined  (No wire load specified)

Total cell area:                  1758.792007
Total area:                 undefined
1
