 
****************************************
Report : area
Design : MyDesign
Version: P-2019.03-SP1
Date   : Thu Nov 11 01:13:24 2021
****************************************

Library(s) Used:

    NangateOpenCellLibrary_PDKv1_2_v2008_10_slow_nldm (File: /afs/eos.ncsu.edu/lockers/research/ece/wdavis/tech/nangate/NangateOpenCellLibrary_PDKv1_2_v2008_10/liberty/520/NangateOpenCellLibrary_PDKv1_2_v2008_10_slow_nldm.db)

Number of ports:                           89
Number of nets:                          1022
Number of cells:                          941
Number of combinational cells:            766
Number of sequential cells:               149
Number of macros/black boxes:               0
Number of buf/inv:                        178
Number of references:                      43

Combinational area:                809.437991
Buf/Inv area:                       97.090001
Noncombinational area:             737.352012
Macro/Black Box area:                0.000000
Net Interconnect area:      undefined  (No wire load specified)

Total cell area:                  1546.790003
Total area:                 undefined
1
