 
****************************************
Report : timing
        -path full
        -delay max
        -max_paths 1
Design : MyDesign
Version: P-2019.03-SP1
Date   : Thu Nov 11 01:13:23 2021
****************************************

Operating Conditions: slow   Library: NangateOpenCellLibrary_PDKv1_2_v2008_10_slow_nldm
Wire Load Model Mode: top

  Startpoint: R_1 (rising edge-triggered flip-flop clocked by clk)
  Endpoint: dut_sram_write_data_reg[9]
            (rising edge-triggered flip-flop clocked by clk)
  Path Group: clk
  Path Type: max

  Point                                                   Incr       Path
  --------------------------------------------------------------------------
  clock clk (rise edge)                                 0.0000     0.0000
  clock network delay (ideal)                           0.0000     0.0000
  R_1/CK (DFF_X1)                                       0.0000     0.0000 r
  R_1/Q (DFF_X1)                                        0.5948     0.5948 r
  U1236/ZN (XNOR2_X2)                                   0.3660     0.9607 r
  U1243/ZN (XNOR2_X2)                                   0.3366     1.2973 r
  U750/ZN (XNOR2_X2)                                    0.3188     1.6161 r
  U748/ZN (NAND3_X2)                                    0.1282     1.7443 f
  U747/ZN (NAND3_X2)                                    0.1053     1.8497 r
  U488/ZN (NAND2_X1)                                    0.0828     1.9324 f
  U534/ZN (INV_X2)                                      0.0752     2.0076 r
  U1248/ZN (AOI21_X2)                                   0.0591     2.0666 f
  dut_sram_write_data_reg[9]/D (DFF_X2)                 0.0000     2.0666 f
  data arrival time                                                2.0666

  clock clk (rise edge)                                 2.4350     2.4350
  clock network delay (ideal)                           0.0000     2.4350
  clock uncertainty                                    -0.0500     2.3850
  dut_sram_write_data_reg[9]/CK (DFF_X2)                0.0000     2.3850 r
  library setup time                                   -0.3172     2.0678
  data required time                                               2.0678
  --------------------------------------------------------------------------
  data required time                                               2.0678
  data arrival time                                               -2.0666
  --------------------------------------------------------------------------
  slack (MET)                                                      0.0012


1
