 
****************************************
Report : area
Design : MyDesign
Version: P-2019.03-SP1
Date   : Tue Nov  9 04:14:36 2021
****************************************

Library(s) Used:

    NangateOpenCellLibrary_PDKv1_2_v2008_10_slow_nldm (File: /afs/eos.ncsu.edu/lockers/research/ece/wdavis/tech/nangate/NangateOpenCellLibrary_PDKv1_2_v2008_10/liberty/520/NangateOpenCellLibrary_PDKv1_2_v2008_10_slow_nldm.db)

Number of ports:                           89
Number of nets:                          1106
Number of cells:                         1029
Number of combinational cells:            804
Number of sequential cells:               198
Number of macros/black boxes:               0
Number of buf/inv:                        246
Number of references:                      47

Combinational area:                830.451991
Buf/Inv area:                      133.532001
Noncombinational area:             996.702013
Macro/Black Box area:                0.000000
Net Interconnect area:      undefined  (No wire load specified)

Total cell area:                  1827.154004
Total area:                 undefined
1
