 
****************************************
Report : area
Design : MyDesign
Version: P-2019.03-SP1
Date   : Tue Nov  9 04:46:59 2021
****************************************

Library(s) Used:

    NangateOpenCellLibrary_PDKv1_2_v2008_10_slow_nldm (File: /afs/eos.ncsu.edu/lockers/research/ece/wdavis/tech/nangate/NangateOpenCellLibrary_PDKv1_2_v2008_10/liberty/520/NangateOpenCellLibrary_PDKv1_2_v2008_10_slow_nldm.db)

Number of ports:                           89
Number of nets:                           968
Number of cells:                          897
Number of combinational cells:            725
Number of sequential cells:               146
Number of macros/black boxes:               0
Number of buf/inv:                        153
Number of references:                      47

Combinational area:                795.871993
Buf/Inv area:                       84.588000
Noncombinational area:             734.160009
Macro/Black Box area:                0.000000
Net Interconnect area:      undefined  (No wire load specified)

Total cell area:                  1530.032002
Total area:                 undefined
1
