 
****************************************
Report : area
Design : MyDesign
Version: P-2019.03-SP1
Date   : Tue Nov  9 02:21:15 2021
****************************************

Library(s) Used:

    NangateOpenCellLibrary_PDKv1_2_v2008_10_slow_nldm (File: /afs/eos.ncsu.edu/lockers/research/ece/wdavis/tech/nangate/NangateOpenCellLibrary_PDKv1_2_v2008_10/liberty/520/NangateOpenCellLibrary_PDKv1_2_v2008_10_slow_nldm.db)

Number of ports:                           89
Number of nets:                          1099
Number of cells:                         1034
Number of combinational cells:            844
Number of sequential cells:               159
Number of macros/black boxes:               0
Number of buf/inv:                        233
Number of references:                      49

Combinational area:                858.115990
Buf/Inv area:                      128.478001
Noncombinational area:             813.428009
Macro/Black Box area:                0.000000
Net Interconnect area:      undefined  (No wire load specified)

Total cell area:                  1671.543999
Total area:                 undefined
1
