 
****************************************
Report : area
Design : MyDesign
Version: P-2019.03-SP1
Date   : Tue Nov  9 02:41:24 2021
****************************************

Library(s) Used:

    NangateOpenCellLibrary_PDKv1_2_v2008_10_slow_nldm (File: /afs/eos.ncsu.edu/lockers/research/ece/wdavis/tech/nangate/NangateOpenCellLibrary_PDKv1_2_v2008_10/liberty/520/NangateOpenCellLibrary_PDKv1_2_v2008_10_slow_nldm.db)

Number of ports:                           89
Number of nets:                          1077
Number of cells:                         1013
Number of combinational cells:            817
Number of sequential cells:               170
Number of macros/black boxes:               0
Number of buf/inv:                        233
Number of references:                      41

Combinational area:                839.761992
Buf/Inv area:                      126.350001
Noncombinational area:             861.840010
Macro/Black Box area:                0.000000
Net Interconnect area:      undefined  (No wire load specified)

Total cell area:                  1701.602001
Total area:                 undefined
1
