 
****************************************
Report : timing
        -path full
        -delay max
        -max_paths 1
Design : MyDesign
Version: P-2019.03-SP1
Date   : Tue Nov  9 02:41:24 2021
****************************************

Operating Conditions: slow   Library: NangateOpenCellLibrary_PDKv1_2_v2008_10_slow_nldm
Wire Load Model Mode: top

  Startpoint: row2_reg[12]
              (rising edge-triggered flip-flop clocked by clk)
  Endpoint: R_58 (rising edge-triggered flip-flop clocked by clk)
  Path Group: clk
  Path Type: max

  Point                                    Incr       Path
  -----------------------------------------------------------
  clock clk (rise edge)                  0.0000     0.0000
  clock network delay (ideal)            0.0000     0.0000
  row2_reg[12]/CK (DFF_X1)               0.0000     0.0000 r
  row2_reg[12]/Q (DFF_X1)                0.6332     0.6332 f
  U951/ZN (XNOR2_X1)                     0.4132     1.0464 r
  U1241/ZN (XNOR2_X2)                    0.3397     1.3862 r
  U1243/ZN (XNOR2_X2)                    0.3050     1.6912 r
  U1248/ZN (INV_X1)                      0.0821     1.7733 f
  U1249/ZN (NAND4_X2)                    0.2026     1.9758 r
  U1073/ZN (NAND3_X1)                    0.1309     2.1067 f
  R_58/D (DFF_X1)                        0.0000     2.1067 f
  data arrival time                                 2.1067

  clock clk (rise edge)                  2.4800     2.4800
  clock network delay (ideal)            0.0000     2.4800
  clock uncertainty                     -0.0500     2.4300
  R_58/CK (DFF_X1)                       0.0000     2.4300 r
  library setup time                    -0.3222     2.1078
  data required time                                2.1078
  -----------------------------------------------------------
  data required time                                2.1078
  data arrival time                                -2.1067
  -----------------------------------------------------------
  slack (MET)                                       0.0011


1
