 
****************************************
Report : area
Design : MyDesign
Version: P-2019.03-SP1
Date   : Wed Nov 10 23:56:20 2021
****************************************

Library(s) Used:

    NangateOpenCellLibrary_PDKv1_2_v2008_10_slow_nldm (File: /afs/eos.ncsu.edu/lockers/research/ece/wdavis/tech/nangate/NangateOpenCellLibrary_PDKv1_2_v2008_10/liberty/520/NangateOpenCellLibrary_PDKv1_2_v2008_10_slow_nldm.db)

Number of ports:                           89
Number of nets:                          1059
Number of cells:                          987
Number of combinational cells:            844
Number of sequential cells:               114
Number of macros/black boxes:               0
Number of buf/inv:                        221
Number of references:                      43

Combinational area:                850.933989
Buf/Inv area:                      120.232001
Noncombinational area:             578.284008
Macro/Black Box area:                0.000000
Net Interconnect area:      undefined  (No wire load specified)

Total cell area:                  1429.217997
Total area:                 undefined
1
