 
****************************************
Report : area
Design : MyDesign
Version: P-2019.03-SP1
Date   : Tue Nov  9 04:16:20 2021
****************************************

Library(s) Used:

    NangateOpenCellLibrary_PDKv1_2_v2008_10_slow_nldm (File: /afs/eos.ncsu.edu/lockers/research/ece/wdavis/tech/nangate/NangateOpenCellLibrary_PDKv1_2_v2008_10/liberty/520/NangateOpenCellLibrary_PDKv1_2_v2008_10_slow_nldm.db)

Number of ports:                           89
Number of nets:                          1131
Number of cells:                         1046
Number of combinational cells:            802
Number of sequential cells:               217
Number of macros/black boxes:               0
Number of buf/inv:                        239
Number of references:                      49

Combinational area:                832.047991
Buf/Inv area:                      129.276001
Noncombinational area:            1091.132014
Macro/Black Box area:                0.000000
Net Interconnect area:      undefined  (No wire load specified)

Total cell area:                  1923.180006
Total area:                 undefined
1
