 
****************************************
Report : area
Design : MyDesign
Version: P-2019.03-SP1
Date   : Thu Nov 11 02:22:17 2021
****************************************

Library(s) Used:

    NangateOpenCellLibrary_PDKv1_2_v2008_10_slow_nldm (File: /afs/eos.ncsu.edu/lockers/research/ece/wdavis/tech/nangate/NangateOpenCellLibrary_PDKv1_2_v2008_10/liberty/520/NangateOpenCellLibrary_PDKv1_2_v2008_10_slow_nldm.db)

Number of ports:                           89
Number of nets:                          1066
Number of cells:                          982
Number of combinational cells:            733
Number of sequential cells:               222
Number of macros/black boxes:               0
Number of buf/inv:                        189
Number of references:                      48

Combinational area:                796.403993
Buf/Inv area:                      102.676001
Noncombinational area:            1110.816015
Macro/Black Box area:                0.000000
Net Interconnect area:      undefined  (No wire load specified)

Total cell area:                  1907.220008
Total area:                 undefined
1
