Information: Updating design information... (UID-85)
 
****************************************
Report : timing
        -path full
        -delay min
        -max_paths 1
Design : MyDesign
Version: P-2019.03-SP1
Date   : Thu Nov 11 02:22:16 2021
****************************************

Operating Conditions: fast   Library: NangateOpenCellLibrary_PDKv1_2_v2008_10_fast_nldm
Wire Load Model Mode: top

  Startpoint: R_15 (rising edge-triggered flip-flop clocked by clk)
  Endpoint: R_83 (rising edge-triggered flip-flop clocked by clk)
  Path Group: clk
  Path Type: min

  Point                                    Incr       Path
  -----------------------------------------------------------
  clock clk (rise edge)                  0.0000     0.0000
  clock network delay (ideal)            0.0000     0.0000
  R_15/CK (DFF_X1)                       0.0000     0.0000 r
  R_15/QN (DFF_X1)                       0.0546     0.0546 f
  R_83/D (DFF_X1)                        0.0000     0.0546 f
  data arrival time                                 0.0546

  clock clk (rise edge)                  0.0000     0.0000
  clock network delay (ideal)            0.0000     0.0000
  clock uncertainty                      0.0500     0.0500
  R_83/CK (DFF_X1)                       0.0000     0.0500 r
  library hold time                      0.0002     0.0502
  data required time                                0.0502
  -----------------------------------------------------------
  data required time                                0.0502
  data arrival time                                -0.0546
  -----------------------------------------------------------
  slack (MET)                                       0.0044


1
