 
****************************************
Report : area
Design : MyDesign
Version: P-2019.03-SP1
Date   : Thu Nov 11 02:09:23 2021
****************************************

Library(s) Used:

    NangateOpenCellLibrary_PDKv1_2_v2008_10_slow_nldm (File: /afs/eos.ncsu.edu/lockers/research/ece/wdavis/tech/nangate/NangateOpenCellLibrary_PDKv1_2_v2008_10/liberty/520/NangateOpenCellLibrary_PDKv1_2_v2008_10_slow_nldm.db)

Number of ports:                           89
Number of nets:                          1027
Number of cells:                          952
Number of combinational cells:            734
Number of sequential cells:               191
Number of macros/black boxes:               0
Number of buf/inv:                        194
Number of references:                      46

Combinational area:                796.669993
Buf/Inv area:                      104.538001
Noncombinational area:             951.216014
Macro/Black Box area:                0.000000
Net Interconnect area:      undefined  (No wire load specified)

Total cell area:                  1747.886007
Total area:                 undefined
1
