Information: Updating design information... (UID-85)
 
****************************************
Report : timing
        -path full
        -delay max
        -max_paths 1
Design : MyDesign
Version: P-2019.03-SP1
Date   : Tue Nov  9 05:09:18 2021
****************************************

Operating Conditions: slow   Library: NangateOpenCellLibrary_PDKv1_2_v2008_10_slow_nldm
Wire Load Model Mode: top

  Startpoint: weight_reg[0]
              (rising edge-triggered flip-flop clocked by clk)
  Endpoint: R_82 (rising edge-triggered flip-flop clocked by clk)
  Path Group: clk
  Path Type: max

  Point                                    Incr       Path
  -----------------------------------------------------------
  clock clk (rise edge)                  0.0000     0.0000
  clock network delay (ideal)            0.0000     0.0000
  weight_reg[0]/CK (DFFR_X1)             0.0000     0.0000 r
  weight_reg[0]/QN (DFFR_X1)             0.4341     0.4341 f
  U703/ZN (INV_X4)                       0.2097     0.6439 r
  U867/ZN (XNOR2_X1)                     0.3903     1.0342 r
  U1325/ZN (AOI21_X1)                    0.1792     1.2134 f
  U1326/ZN (AOI21_X1)                    0.4990     1.7123 r
  U498/ZN (NAND3_X1)                     0.1323     1.8447 f
  U969/ZN (NOR2_X2)                      0.1390     1.9837 r
  U1329/ZN (NOR3_X1)                     0.0764     2.0601 f
  R_82/D (DFF_X1)                        0.0000     2.0601 f
  data arrival time                                 2.0601

  clock clk (rise edge)                  2.4500     2.4500
  clock network delay (ideal)            0.0000     2.4500
  clock uncertainty                     -0.0500     2.4000
  R_82/CK (DFF_X1)                       0.0000     2.4000 r
  library setup time                    -0.3383     2.0617
  data required time                                2.0617
  -----------------------------------------------------------
  data required time                                2.0617
  data arrival time                                -2.0601
  -----------------------------------------------------------
  slack (MET)                                       0.0016


1
