 
****************************************
Report : area
Design : MyDesign
Version: P-2019.03-SP1
Date   : Tue Nov  9 04:15:36 2021
****************************************

Library(s) Used:

    NangateOpenCellLibrary_PDKv1_2_v2008_10_slow_nldm (File: /afs/eos.ncsu.edu/lockers/research/ece/wdavis/tech/nangate/NangateOpenCellLibrary_PDKv1_2_v2008_10/liberty/520/NangateOpenCellLibrary_PDKv1_2_v2008_10_slow_nldm.db)

Number of ports:                           89
Number of nets:                          1100
Number of cells:                         1017
Number of combinational cells:            803
Number of sequential cells:               187
Number of macros/black boxes:               0
Number of buf/inv:                        245
Number of references:                      48

Combinational area:                828.855992
Buf/Inv area:                      132.468001
Noncombinational area:             944.300012
Macro/Black Box area:                0.000000
Net Interconnect area:      undefined  (No wire load specified)

Total cell area:                  1773.156004
Total area:                 undefined
1
