 
****************************************
Report : timing
        -path full
        -delay max
        -max_paths 1
Design : MyDesign
Version: P-2019.03-SP1
Date   : Tue Nov  9 04:15:36 2021
****************************************

Operating Conditions: slow   Library: NangateOpenCellLibrary_PDKv1_2_v2008_10_slow_nldm
Wire Load Model Mode: top

  Startpoint: state_c_reg[2]
              (rising edge-triggered flip-flop clocked by clk)
  Endpoint: dim_reg[1] (rising edge-triggered flip-flop clocked by clk)
  Path Group: clk
  Path Type: max

  Point                                    Incr       Path
  -----------------------------------------------------------
  clock clk (rise edge)                  0.0000     0.0000
  clock network delay (ideal)            0.0000     0.0000
  state_c_reg[2]/CK (DFFR_X1)            0.0000     0.0000 r
  state_c_reg[2]/Q (DFFR_X1)             0.6483     0.6483 f
  U787/ZN (NAND2_X1)                     0.1480     0.7962 r
  U1168/ZN (NOR3_X2)                     0.0827     0.8790 f
  U1169/ZN (NAND2_X2)                    0.1022     0.9812 r
  U1173/ZN (NAND3_X2)                    0.1020     1.0832 f
  U1259/ZN (NAND2_X4)                    0.1281     1.2113 r
  U551/Z (MUX2_X1)                       0.7650     1.9763 f
  dim_reg[1]/D (DFFR_X1)                 0.0000     1.9763 f
  data arrival time                                 1.9763

  clock clk (rise edge)                  2.4700     2.4700
  clock network delay (ideal)            0.0000     2.4700
  clock uncertainty                     -0.0500     2.4200
  dim_reg[1]/CK (DFFR_X1)                0.0000     2.4200 r
  library setup time                    -0.4426     1.9774
  data required time                                1.9774
  -----------------------------------------------------------
  data required time                                1.9774
  data arrival time                                -1.9763
  -----------------------------------------------------------
  slack (MET)                                       0.0010


1
