 
****************************************
Report : area
Design : MyDesign
Version: P-2019.03-SP1
Date   : Tue Nov  9 06:16:01 2021
****************************************

Library(s) Used:

    NangateOpenCellLibrary_PDKv1_2_v2008_10_slow_nldm (File: /afs/eos.ncsu.edu/lockers/research/ece/wdavis/tech/nangate/NangateOpenCellLibrary_PDKv1_2_v2008_10/liberty/520/NangateOpenCellLibrary_PDKv1_2_v2008_10_slow_nldm.db)

Number of ports:                           89
Number of nets:                          1014
Number of cells:                          939
Number of combinational cells:            785
Number of sequential cells:               124
Number of macros/black boxes:               0
Number of buf/inv:                        179
Number of references:                      46

Combinational area:                827.259990
Buf/Inv area:                      100.282001
Noncombinational area:             633.612007
Macro/Black Box area:                0.000000
Net Interconnect area:      undefined  (No wire load specified)

Total cell area:                  1460.871997
Total area:                 undefined
1
