 
****************************************
Report : area
Design : MyDesign
Version: P-2019.03-SP1
Date   : Wed Nov 10 23:26:53 2021
****************************************

Library(s) Used:

    NangateOpenCellLibrary_PDKv1_2_v2008_10_slow_nldm (File: /afs/eos.ncsu.edu/lockers/research/ece/wdavis/tech/nangate/NangateOpenCellLibrary_PDKv1_2_v2008_10/liberty/520/NangateOpenCellLibrary_PDKv1_2_v2008_10_slow_nldm.db)

Number of ports:                           89
Number of nets:                          1020
Number of cells:                          939
Number of combinational cells:            761
Number of sequential cells:               152
Number of macros/black boxes:               0
Number of buf/inv:                        196
Number of references:                      38

Combinational area:                812.629992
Buf/Inv area:                      105.070001
Noncombinational area:             735.756015
Macro/Black Box area:                0.000000
Net Interconnect area:      undefined  (No wire load specified)

Total cell area:                  1548.386007
Total area:                 undefined
1
