Information: Updating design information... (UID-85)
 
****************************************
Report : timing
        -path full
        -delay max
        -max_paths 1
Design : MyDesign
Version: P-2019.03-SP1
Date   : Wed Nov 10 23:26:50 2021
****************************************

Operating Conditions: slow   Library: NangateOpenCellLibrary_PDKv1_2_v2008_10_slow_nldm
Wire Load Model Mode: top

  Startpoint: R_37 (rising edge-triggered flip-flop clocked by clk)
  Endpoint: R_63 (rising edge-triggered flip-flop clocked by clk)
  Path Group: clk
  Path Type: max

  Point                                    Incr       Path
  -----------------------------------------------------------
  clock clk (rise edge)                  0.0000     0.0000
  clock network delay (ideal)            0.0000     0.0000
  R_37/CK (DFF_X1)                       0.0000     0.0000 r
  R_37/QN (DFF_X1)                       0.6637     0.6637 r
  U673/ZN (XNOR2_X1)                     0.4028     1.0665 r
  U585/ZN (INV_X1)                       0.1055     1.1720 f
  U674/ZN (XNOR2_X1)                     0.2452     1.4172 r
  U676/ZN (XNOR2_X1)                     0.3524     1.7696 r
  U582/ZN (INV_X1)                       0.0712     1.8409 f
  U535/ZN (AND3_X1)                      0.3037     2.1446 f
  U468/ZN (NAND2_X1)                     0.1039     2.2485 r
  U464/ZN (AND2_X4)                      0.1460     2.3945 r
  U691/ZN (NOR2_X1)                      0.0447     2.4392 f
  R_63/D (DFF_X1)                        0.0000     2.4392 f
  data arrival time                                 2.4392

  clock clk (rise edge)                  2.8000     2.8000
  clock network delay (ideal)            0.0000     2.8000
  clock uncertainty                     -0.0500     2.7500
  R_63/CK (DFF_X1)                       0.0000     2.7500 r
  library setup time                    -0.3074     2.4426
  data required time                                2.4426
  -----------------------------------------------------------
  data required time                                2.4426
  data arrival time                                -2.4392
  -----------------------------------------------------------
  slack (MET)                                       0.0034


1
