 
****************************************
Report : area
Design : MyDesign
Version: P-2019.03-SP1
Date   : Wed Nov 10 01:32:25 2021
****************************************

Library(s) Used:

    NangateOpenCellLibrary_PDKv1_2_v2008_10_slow_nldm (File: /afs/eos.ncsu.edu/lockers/research/ece/wdavis/tech/nangate/NangateOpenCellLibrary_PDKv1_2_v2008_10/liberty/520/NangateOpenCellLibrary_PDKv1_2_v2008_10_slow_nldm.db)

Number of ports:                           89
Number of nets:                          1097
Number of cells:                         1026
Number of combinational cells:            855
Number of sequential cells:               141
Number of macros/black boxes:               0
Number of buf/inv:                        236
Number of references:                      50

Combinational area:                865.031989
Buf/Inv area:                      134.064000
Noncombinational area:             722.722008
Macro/Black Box area:                0.000000
Net Interconnect area:      undefined  (No wire load specified)

Total cell area:                  1587.753997
Total area:                 undefined
1
