 
****************************************
Report : area
Design : MyDesign
Version: P-2019.03-SP1
Date   : Wed Nov 10 23:25:22 2021
****************************************

Library(s) Used:

    NangateOpenCellLibrary_PDKv1_2_v2008_10_slow_nldm (File: /afs/eos.ncsu.edu/lockers/research/ece/wdavis/tech/nangate/NangateOpenCellLibrary_PDKv1_2_v2008_10/liberty/520/NangateOpenCellLibrary_PDKv1_2_v2008_10_slow_nldm.db)

Number of ports:                           89
Number of nets:                          1072
Number of cells:                          977
Number of combinational cells:            766
Number of sequential cells:               185
Number of macros/black boxes:               0
Number of buf/inv:                        233
Number of references:                      43

Combinational area:                796.137992
Buf/Inv area:                      125.020001
Noncombinational area:             895.356018
Macro/Black Box area:                0.000000
Net Interconnect area:      undefined  (No wire load specified)

Total cell area:                  1691.494010
Total area:                 undefined
1
