Information: Updating design information... (UID-85)
 
****************************************
Report : timing
        -path full
        -delay max
        -max_paths 1
Design : MyDesign
Version: P-2019.03-SP1
Date   : Wed Nov 10 23:25:18 2021
****************************************

Operating Conditions: slow   Library: NangateOpenCellLibrary_PDKv1_2_v2008_10_slow_nldm
Wire Load Model Mode: top

  Startpoint: row0_reg[8]
              (rising edge-triggered flip-flop clocked by clk)
  Endpoint: R_93 (rising edge-triggered flip-flop clocked by clk)
  Path Group: clk
  Path Type: max

  Point                                    Incr       Path
  -----------------------------------------------------------
  clock clk (rise edge)                  0.0000     0.0000
  clock network delay (ideal)            0.0000     0.0000
  row0_reg[8]/CK (DFF_X1)                0.0000     0.0000 r
  row0_reg[8]/Q (DFF_X1)                 0.5182     0.5182 r
  U747/ZN (XNOR2_X2)                     0.3368     0.8550 r
  U882/ZN (XNOR2_X1)                     0.3754     1.2305 r
  U649/ZN (XNOR2_X2)                     0.3683     1.5988 r
  U893/ZN (INV_X1)                       0.0692     1.6680 f
  U1188/ZN (NOR2_X1)                     0.1824     1.8505 r
  U1189/ZN (NAND2_X2)                    0.0746     1.9251 f
  U1191/ZN (NAND2_X2)                    0.1002     2.0253 r
  U1194/ZN (NAND2_X2)                    0.0591     2.0845 f
  U1195/ZN (NAND2_X2)                    0.0805     2.1649 r
  R_93/D (DFF_X1)                        0.0000     2.1649 r
  data arrival time                                 2.1649

  clock clk (rise edge)                  2.4000     2.4000
  clock network delay (ideal)            0.0000     2.4000
  clock uncertainty                     -0.0500     2.3500
  R_93/CK (DFF_X1)                       0.0000     2.3500 r
  library setup time                    -0.1846     2.1654
  data required time                                2.1654
  -----------------------------------------------------------
  data required time                                2.1654
  data arrival time                                -2.1649
  -----------------------------------------------------------
  slack (MET)                                       0.0005


1
