 
****************************************
Report : area
Design : MyDesign
Version: P-2019.03-SP1
Date   : Wed Nov 10 23:41:47 2021
****************************************

Library(s) Used:

    NangateOpenCellLibrary_PDKv1_2_v2008_10_slow_nldm (File: /afs/eos.ncsu.edu/lockers/research/ece/wdavis/tech/nangate/NangateOpenCellLibrary_PDKv1_2_v2008_10/liberty/520/NangateOpenCellLibrary_PDKv1_2_v2008_10_slow_nldm.db)

Number of ports:                           89
Number of nets:                          1093
Number of cells:                         1019
Number of combinational cells:            883
Number of sequential cells:               105
Number of macros/black boxes:               0
Number of buf/inv:                        232
Number of references:                      51

Combinational area:                884.715988
Buf/Inv area:                      131.138001
Noncombinational area:             543.438005
Macro/Black Box area:                0.000000
Net Interconnect area:      undefined  (No wire load specified)

Total cell area:                  1428.153993
Total area:                 undefined
1
