 
****************************************
Report : area
Design : MyDesign
Version: R-2020.09
Date   : Mon Nov 15 19:36:03 2021
****************************************

Library(s) Used:

    NangateOpenCellLibrary_PDKv1_2_v2008_10_slow_nldm (File: /afs/eos.ncsu.edu/lockers/research/ece/wdavis/tech/nangate/NangateOpenCellLibrary_PDKv1_2_v2008_10/liberty/520/NangateOpenCellLibrary_PDKv1_2_v2008_10_slow_nldm.db)

Number of ports:                           89
Number of nets:                          1052
Number of cells:                          964
Number of combinational cells:            771
Number of sequential cells:               166
Number of macros/black boxes:               0
Number of buf/inv:                        175
Number of references:                      45

Combinational area:                820.609991
Buf/Inv area:                       94.430001
Noncombinational area:             844.550014
Macro/Black Box area:                0.000000
Net Interconnect area:      undefined  (No wire load specified)

Total cell area:                  1665.160005
Total area:                 undefined
1
