 
****************************************
Report : area
Design : MyDesign
Version: P-2019.03-SP1
Date   : Wed Nov 10 01:31:48 2021
****************************************

Library(s) Used:

    NangateOpenCellLibrary_PDKv1_2_v2008_10_slow_nldm (File: /afs/eos.ncsu.edu/lockers/research/ece/wdavis/tech/nangate/NangateOpenCellLibrary_PDKv1_2_v2008_10/liberty/520/NangateOpenCellLibrary_PDKv1_2_v2008_10_slow_nldm.db)

Number of ports:                           89
Number of nets:                          1069
Number of cells:                         1000
Number of combinational cells:            825
Number of sequential cells:               145
Number of macros/black boxes:               0
Number of buf/inv:                        239
Number of references:                      52

Combinational area:                851.997990
Buf/Inv area:                      136.192001
Noncombinational area:             740.810009
Macro/Black Box area:                0.000000
Net Interconnect area:      undefined  (No wire load specified)

Total cell area:                  1592.807999
Total area:                 undefined
1
