 
****************************************
Report : area
Design : MyDesign
Version: P-2019.03-SP1
Date   : Thu Nov 11 00:14:25 2021
****************************************

Library(s) Used:

    NangateOpenCellLibrary_PDKv1_2_v2008_10_slow_nldm (File: /afs/eos.ncsu.edu/lockers/research/ece/wdavis/tech/nangate/NangateOpenCellLibrary_PDKv1_2_v2008_10/liberty/520/NangateOpenCellLibrary_PDKv1_2_v2008_10_slow_nldm.db)

Number of ports:                           89
Number of nets:                          1088
Number of cells:                          991
Number of combinational cells:            765
Number of sequential cells:               200
Number of macros/black boxes:               0
Number of buf/inv:                        215
Number of references:                      47

Combinational area:                804.649992
Buf/Inv area:                      115.710001
Noncombinational area:             990.318016
Macro/Black Box area:                0.000000
Net Interconnect area:      undefined  (No wire load specified)

Total cell area:                  1794.968007
Total area:                 undefined
1
