Information: Updating design information... (UID-85)
 
****************************************
Report : timing
        -path full
        -delay max
        -max_paths 1
Design : MyDesign
Version: P-2019.03-SP1
Date   : Thu Nov 11 00:14:21 2021
****************************************

Operating Conditions: slow   Library: NangateOpenCellLibrary_PDKv1_2_v2008_10_slow_nldm
Wire Load Model Mode: top

  Startpoint: state_c_reg[0]
              (rising edge-triggered flip-flop clocked by clk)
  Endpoint: R_128 (rising edge-triggered flip-flop clocked by clk)
  Path Group: clk
  Path Type: max

  Point                                    Incr       Path
  -----------------------------------------------------------
  clock clk (rise edge)                  0.0000     0.0000
  clock network delay (ideal)            0.0000     0.0000
  state_c_reg[0]/CK (DFFR_X1)            0.0000     0.0000 r
  state_c_reg[0]/Q (DFFR_X1)             0.7304     0.7304 f
  U1179/ZN (NAND4_X2)                    0.2964     1.0268 r
  U682/ZN (NAND3_X2)                     0.1531     1.1799 f
  U513/ZN (NAND2_X2)                     0.1365     1.3164 r
  U658/ZN (INV_X4)                       0.0463     1.3627 f
  U999/ZN (AOI21_X1)                     0.4122     1.7749 r
  U1024/ZN (NAND2_X1)                    0.1397     1.9145 f
  R_128/D (DFFS_X2)                      0.0000     1.9145 f
  data arrival time                                 1.9145

  clock clk (rise edge)                  2.4500     2.4500
  clock network delay (ideal)            0.0000     2.4500
  clock uncertainty                     -0.0500     2.4000
  R_128/CK (DFFS_X2)                     0.0000     2.4000 r
  library setup time                    -0.4850     1.9150
  data required time                                1.9150
  -----------------------------------------------------------
  data required time                                1.9150
  data arrival time                                -1.9145
  -----------------------------------------------------------
  slack (MET)                                       0.0005


1
