Information: Updating design information... (UID-85)
 
****************************************
Report : timing
        -path full
        -delay max
        -max_paths 1
Design : MyDesign
Version: P-2019.03-SP1
Date   : Thu Nov 11 01:48:35 2021
****************************************

Operating Conditions: slow   Library: NangateOpenCellLibrary_PDKv1_2_v2008_10_slow_nldm
Wire Load Model Mode: top

  Startpoint: row2_reg[8]
              (rising edge-triggered flip-flop clocked by clk)
  Endpoint: R_42 (rising edge-triggered flip-flop clocked by clk)
  Path Group: clk
  Path Type: max

  Point                                    Incr       Path
  -----------------------------------------------------------
  clock clk (rise edge)                  0.0000     0.0000
  clock network delay (ideal)            0.0000     0.0000
  row2_reg[8]/CK (DFF_X1)                0.0000     0.0000 r
  row2_reg[8]/Q (DFF_X1)                 0.5352     0.5352 r
  U883/ZN (XNOR2_X1)                     0.3939     0.9291 r
  U1338/ZN (XNOR2_X1)                    0.3685     1.2975 r
  U709/ZN (XNOR2_X1)                     0.4013     1.6988 r
  U529/ZN (NAND3_X2)                     0.1502     1.8490 f
  U558/ZN (OAI21_X2)                     0.2041     2.0531 r
  U702/ZN (NAND3_X2)                     0.0828     2.1358 f
  U1047/ZN (INV_X2)                      0.0752     2.2110 r
  R_42/D (DFF_X2)                        0.0000     2.2110 r
  data arrival time                                 2.2110

  clock clk (rise edge)                  2.4310     2.4310
  clock network delay (ideal)            0.0000     2.4310
  clock uncertainty                     -0.0500     2.3810
  R_42/CK (DFF_X2)                       0.0000     2.3810 r
  library setup time                    -0.1682     2.2128
  data required time                                2.2128
  -----------------------------------------------------------
  data required time                                2.2128
  data arrival time                                -2.2110
  -----------------------------------------------------------
  slack (MET)                                       0.0018


1
