Information: Updating design information... (UID-85)
 
****************************************
Report : timing
        -path full
        -delay max
        -max_paths 1
Design : MyDesign
Version: P-2019.03-SP1
Date   : Tue Nov  9 05:59:27 2021
****************************************

Operating Conditions: slow   Library: NangateOpenCellLibrary_PDKv1_2_v2008_10_slow_nldm
Wire Load Model Mode: top

  Startpoint: R_166 (rising edge-triggered flip-flop clocked by clk)
  Endpoint: cnt_r_reg[3]
            (rising edge-triggered flip-flop clocked by clk)
  Path Group: clk
  Path Type: max

  Point                                    Incr       Path
  -----------------------------------------------------------
  clock clk (rise edge)                  0.0000     0.0000
  clock network delay (ideal)            0.0000     0.0000
  R_166/CK (DFFR_X1)                     0.0000     0.0000 r
  R_166/Q (DFFR_X1)                      0.6884     0.6884 f
  U740/Z (XOR2_X2)                       0.2187     0.9071 r
  U1229/ZN (NOR2_X2)                     0.1034     1.0105 f
  U1260/ZN (AND3_X2)                     0.2064     1.2169 f
  U1020/ZN (NAND2_X1)                    0.1797     1.3967 r
  U1262/Z (XOR2_X1)                      0.4431     1.8398 r
  U1263/ZN (NOR2_X1)                     0.1043     1.9441 f
  cnt_r_reg[3]/D (DFFR_X1)               0.0000     1.9441 f
  data arrival time                                 1.9441

  clock clk (rise edge)                  2.4220     2.4220
  clock network delay (ideal)            0.0000     2.4220
  clock uncertainty                     -0.0500     2.3720
  cnt_r_reg[3]/CK (DFFR_X1)              0.0000     2.3720 r
  library setup time                    -0.4276     1.9444
  data required time                                1.9444
  -----------------------------------------------------------
  data required time                                1.9444
  data arrival time                                -1.9441
  -----------------------------------------------------------
  slack (MET)                                       0.0003


1
