Information: Updating design information... (UID-85)
 
****************************************
Report : timing
        -path full
        -delay max
        -max_paths 1
Design : MyDesign
Version: P-2019.03-SP1
Date   : Wed Nov 10 23:24:56 2021
****************************************

Operating Conditions: slow   Library: NangateOpenCellLibrary_PDKv1_2_v2008_10_slow_nldm
Wire Load Model Mode: top

  Startpoint: weight_reg[0]
              (rising edge-triggered flip-flop clocked by clk)
  Endpoint: R_17 (rising edge-triggered flip-flop clocked by clk)
  Path Group: clk
  Path Type: max

  Point                                    Incr       Path
  -----------------------------------------------------------
  clock clk (rise edge)                  0.0000     0.0000
  clock network delay (ideal)            0.0000     0.0000
  weight_reg[0]/CK (DFF_X2)              0.0000     0.0000 r
  weight_reg[0]/QN (DFF_X2)              0.3503     0.3503 f
  U465/ZN (INV_X4)                       0.2096     0.5599 r
  U884/ZN (XNOR2_X1)                     0.4178     0.9777 r
  U1218/ZN (XNOR2_X2)                    0.3631     1.3408 r
  U1100/ZN (XNOR2_X2)                    0.3186     1.6594 r
  U708/ZN (NAND3_X2)                     0.1289     1.7884 f
  U756/ZN (NAND2_X2)                     0.0955     1.8839 r
  U762/ZN (NAND2_X2)                     0.0586     1.9425 f
  R_17/D (DFF_X1)                        0.0000     1.9425 f
  data arrival time                                 1.9425

  clock clk (rise edge)                  2.3000     2.3000
  clock network delay (ideal)            0.0000     2.3000
  clock uncertainty                     -0.0500     2.2500
  R_17/CK (DFF_X1)                       0.0000     2.2500 r
  library setup time                    -0.3071     1.9429
  data required time                                1.9429
  -----------------------------------------------------------
  data required time                                1.9429
  data arrival time                                -1.9425
  -----------------------------------------------------------
  slack (MET)                                       0.0004


1
