 
****************************************
Report : area
Design : MyDesign
Version: P-2019.03-SP1
Date   : Thu Nov 11 01:56:07 2021
****************************************

Library(s) Used:

    NangateOpenCellLibrary_PDKv1_2_v2008_10_slow_nldm (File: /afs/eos.ncsu.edu/lockers/research/ece/wdavis/tech/nangate/NangateOpenCellLibrary_PDKv1_2_v2008_10/liberty/520/NangateOpenCellLibrary_PDKv1_2_v2008_10_slow_nldm.db)

Number of ports:                           89
Number of nets:                          1002
Number of cells:                          933
Number of combinational cells:            767
Number of sequential cells:               140
Number of macros/black boxes:               0
Number of buf/inv:                        161
Number of references:                      40

Combinational area:                812.895990
Buf/Inv area:                       87.514001
Noncombinational area:             708.624008
Macro/Black Box area:                0.000000
Net Interconnect area:      undefined  (No wire load specified)

Total cell area:                  1521.519999
Total area:                 undefined
1
