 
****************************************
Report : area
Design : MyDesign
Version: P-2019.03-SP1
Date   : Tue Nov  9 04:48:13 2021
****************************************

Library(s) Used:

    NangateOpenCellLibrary_PDKv1_2_v2008_10_slow_nldm (File: /afs/eos.ncsu.edu/lockers/research/ece/wdavis/tech/nangate/NangateOpenCellLibrary_PDKv1_2_v2008_10/liberty/520/NangateOpenCellLibrary_PDKv1_2_v2008_10_slow_nldm.db)

Number of ports:                           89
Number of nets:                          1078
Number of cells:                         1001
Number of combinational cells:            750
Number of sequential cells:               225
Number of macros/black boxes:               0
Number of buf/inv:                        201
Number of references:                      47

Combinational area:                803.851993
Buf/Inv area:                      110.124001
Noncombinational area:            1129.170015
Macro/Black Box area:                0.000000
Net Interconnect area:      undefined  (No wire load specified)

Total cell area:                  1933.022008
Total area:                 undefined
1
