 
****************************************
Report : area
Design : MyDesign
Version: P-2019.03-SP1
Date   : Wed Nov 10 23:58:18 2021
****************************************

Library(s) Used:

    NangateOpenCellLibrary_PDKv1_2_v2008_10_slow_nldm (File: /afs/eos.ncsu.edu/lockers/research/ece/wdavis/tech/nangate/NangateOpenCellLibrary_PDKv1_2_v2008_10/liberty/520/NangateOpenCellLibrary_PDKv1_2_v2008_10_slow_nldm.db)

Number of ports:                           89
Number of nets:                          1135
Number of cells:                         1046
Number of combinational cells:            786
Number of sequential cells:               234
Number of macros/black boxes:               0
Number of buf/inv:                        223
Number of references:                      44

Combinational area:                821.673992
Buf/Inv area:                      120.498001
Noncombinational area:            1164.282017
Macro/Black Box area:                0.000000
Net Interconnect area:      undefined  (No wire load specified)

Total cell area:                  1985.956009
Total area:                 undefined
1
