 
****************************************
Report : area
Design : MyDesign
Version: P-2019.03-SP1
Date   : Tue Nov  9 06:12:00 2021
****************************************

Library(s) Used:

    NangateOpenCellLibrary_PDKv1_2_v2008_10_slow_nldm (File: /afs/eos.ncsu.edu/lockers/research/ece/wdavis/tech/nangate/NangateOpenCellLibrary_PDKv1_2_v2008_10/liberty/520/NangateOpenCellLibrary_PDKv1_2_v2008_10_slow_nldm.db)

Number of ports:                           89
Number of nets:                          1088
Number of cells:                         1014
Number of combinational cells:            845
Number of sequential cells:               139
Number of macros/black boxes:               0
Number of buf/inv:                        201
Number of references:                      48

Combinational area:                865.297989
Buf/Inv area:                      111.720001
Noncombinational area:             710.752008
Macro/Black Box area:                0.000000
Net Interconnect area:      undefined  (No wire load specified)

Total cell area:                  1576.049997
Total area:                 undefined
1
