 
****************************************
Report : timing
        -path full
        -delay max
        -max_paths 1
Design : MyDesign
Version: P-2019.03-SP1
Date   : Tue Nov  9 06:12:00 2021
****************************************

Operating Conditions: slow   Library: NangateOpenCellLibrary_PDKv1_2_v2008_10_slow_nldm
Wire Load Model Mode: top

  Startpoint: row1_reg[6]
              (rising edge-triggered flip-flop clocked by clk)
  Endpoint: R_28 (rising edge-triggered flip-flop clocked by clk)
  Path Group: clk
  Path Type: max

  Point                                    Incr       Path
  -----------------------------------------------------------
  clock clk (rise edge)                  0.0000     0.0000
  clock network delay (ideal)            0.0000     0.0000
  row1_reg[6]/CK (DFF_X1)                0.0000     0.0000 r
  row1_reg[6]/Q (DFF_X1)                 0.6348     0.6348 f
  U1000/ZN (XNOR2_X2)                    0.2848     0.9197 f
  U998/ZN (XNOR2_X2)                     0.3146     1.2342 f
  U721/ZN (XNOR2_X2)                     0.2750     1.5093 f
  U1122/ZN (NAND2_X2)                    0.1353     1.6445 r
  U1121/ZN (NAND2_X2)                    0.0592     1.7037 f
  U1158/ZN (NAND2_X2)                    0.0829     1.7866 r
  U1157/ZN (NAND2_X2)                    0.0595     1.8461 f
  U1159/ZN (NAND2_X2)                    0.0800     1.9261 r
  U716/ZN (INV_X2)                       0.0414     1.9676 f
  R_28/D (DFF_X2)                        0.0000     1.9676 f
  data arrival time                                 1.9676

  clock clk (rise edge)                  2.3100     2.3100
  clock network delay (ideal)            0.0000     2.3100
  clock uncertainty                     -0.0500     2.2600
  R_28/CK (DFF_X2)                       0.0000     2.2600 r
  library setup time                    -0.2922     1.9678
  data required time                                1.9678
  -----------------------------------------------------------
  data required time                                1.9678
  data arrival time                                -1.9676
  -----------------------------------------------------------
  slack (MET)                                       0.0002


1
