 
****************************************
Report : area
Design : MyDesign
Version: P-2019.03-SP1
Date   : Wed Nov 10 23:43:52 2021
****************************************

Library(s) Used:

    NangateOpenCellLibrary_PDKv1_2_v2008_10_slow_nldm (File: /afs/eos.ncsu.edu/lockers/research/ece/wdavis/tech/nangate/NangateOpenCellLibrary_PDKv1_2_v2008_10/liberty/520/NangateOpenCellLibrary_PDKv1_2_v2008_10_slow_nldm.db)

Number of ports:                           89
Number of nets:                          1124
Number of cells:                         1041
Number of combinational cells:            790
Number of sequential cells:               225
Number of macros/black boxes:               0
Number of buf/inv:                        238
Number of references:                      44

Combinational area:                820.609992
Buf/Inv area:                      127.680001
Noncombinational area:            1125.446016
Macro/Black Box area:                0.000000
Net Interconnect area:      undefined  (No wire load specified)

Total cell area:                  1946.056008
Total area:                 undefined
1
