 
****************************************
Report : timing
        -path full
        -delay max
        -max_paths 1
Design : MyDesign
Version: P-2019.03-SP1
Date   : Wed Nov 10 23:43:52 2021
****************************************

Operating Conditions: slow   Library: NangateOpenCellLibrary_PDKv1_2_v2008_10_slow_nldm
Wire Load Model Mode: top

  Startpoint: row1_reg[12]
              (rising edge-triggered flip-flop clocked by clk)
  Endpoint: R_60 (rising edge-triggered flip-flop clocked by clk)
  Path Group: clk
  Path Type: max

  Point                                    Incr       Path
  -----------------------------------------------------------
  clock clk (rise edge)                  0.0000     0.0000
  clock network delay (ideal)            0.0000     0.0000
  row1_reg[12]/CK (DFF_X1)               0.0000     0.0000 r
  row1_reg[12]/Q (DFF_X1)                0.6332     0.6332 f
  U1241/ZN (XNOR2_X2)                    0.3211     0.9543 f
  U1116/ZN (INV_X1)                      0.1032     1.0575 r
  U1114/ZN (NAND2_X1)                    0.0767     1.1342 f
  U1242/ZN (AOI22_X2)                    0.2852     1.4195 r
  U546/ZN (INV_X2)                       0.0594     1.4788 f
  U1245/ZN (NOR2_X2)                     0.1386     1.6174 r
  U926/ZN (INV_X1)                       0.0697     1.6871 f
  U681/ZN (OAI21_X2)                     0.2036     1.8906 r
  U1129/ZN (INV_X1)                      0.0630     1.9537 f
  U530/ZN (NAND3_X1)                     0.1318     2.0855 r
  U529/ZN (INV_X2)                       0.0537     2.1393 f
  R_60/D (DFF_X1)                        0.0000     2.1393 f
  data arrival time                                 2.1393

  clock clk (rise edge)                  2.5000     2.5000
  clock network delay (ideal)            0.0000     2.5000
  clock uncertainty                     -0.0500     2.4500
  R_60/CK (DFF_X1)                       0.0000     2.4500 r
  library setup time                    -0.3103     2.1397
  data required time                                2.1397
  -----------------------------------------------------------
  data required time                                2.1397
  data arrival time                                -2.1393
  -----------------------------------------------------------
  slack (MET)                                       0.0004


1
