 
****************************************
Report : area
Design : MyDesign
Version: P-2019.03-SP1
Date   : Thu Nov 11 02:22:44 2021
****************************************

Library(s) Used:

    NangateOpenCellLibrary_PDKv1_2_v2008_10_slow_nldm (File: /afs/eos.ncsu.edu/lockers/research/ece/wdavis/tech/nangate/NangateOpenCellLibrary_PDKv1_2_v2008_10/liberty/520/NangateOpenCellLibrary_PDKv1_2_v2008_10_slow_nldm.db)

Number of ports:                           89
Number of nets:                          1073
Number of cells:                          984
Number of combinational cells:            741
Number of sequential cells:               216
Number of macros/black boxes:               0
Number of buf/inv:                        189
Number of references:                      44

Combinational area:                798.531993
Buf/Inv area:                      101.346001
Noncombinational area:            1078.098015
Macro/Black Box area:                0.000000
Net Interconnect area:      undefined  (No wire load specified)

Total cell area:                  1876.630008
Total area:                 undefined
1
