 
****************************************
Report : area
Design : MyDesign
Version: P-2019.03-SP1
Date   : Tue Nov  9 03:39:47 2021
****************************************

Library(s) Used:

    NangateOpenCellLibrary_PDKv1_2_v2008_10_slow_nldm (File: /afs/eos.ncsu.edu/lockers/research/ece/wdavis/tech/nangate/NangateOpenCellLibrary_PDKv1_2_v2008_10/liberty/520/NangateOpenCellLibrary_PDKv1_2_v2008_10_slow_nldm.db)

Number of ports:                           89
Number of nets:                          1112
Number of cells:                         1030
Number of combinational cells:            834
Number of sequential cells:               168
Number of macros/black boxes:               0
Number of buf/inv:                        267
Number of references:                      47

Combinational area:                844.017991
Buf/Inv area:                      145.768001
Noncombinational area:             853.594009
Macro/Black Box area:                0.000000
Net Interconnect area:      undefined  (No wire load specified)

Total cell area:                  1697.612001
Total area:                 undefined
1
