 
****************************************
Report : timing
        -path full
        -delay max
        -max_paths 1
Design : MyDesign
Version: P-2019.03-SP1
Date   : Tue Nov  9 03:39:47 2021
****************************************

Operating Conditions: slow   Library: NangateOpenCellLibrary_PDKv1_2_v2008_10_slow_nldm
Wire Load Model Mode: top

  Startpoint: R_115 (rising edge-triggered flip-flop clocked by clk)
  Endpoint: R_127 (rising edge-triggered flip-flop clocked by clk)
  Path Group: clk
  Path Type: max

  Point                                    Incr       Path
  -----------------------------------------------------------
  clock clk (rise edge)                  0.0000     0.0000
  clock network delay (ideal)            0.0000     0.0000
  R_115/CK (DFFS_X2)                     0.0000     0.0000 r
  R_115/Q (DFFS_X2)                      0.6785     0.6785 f
  U630/ZN (NOR3_X2)                      0.2761     0.9546 r
  U1199/ZN (NAND2_X2)                    0.0894     1.0440 f
  U532/ZN (INV_X2)                       0.0817     1.1257 r
  U610/ZN (AOI21_X2)                     0.0589     1.1846 f
  U742/ZN (OAI21_X2)                     0.3078     1.4924 r
  U745/ZN (NOR2_X2)                      0.0971     1.5896 f
  U1278/ZN (NOR2_X1)                     0.2272     1.8167 r
  U1322/ZN (NAND2_X1)                    0.1159     1.9326 f
  R_127/D (DFFS_X2)                      0.0000     1.9326 f
  data arrival time                                 1.9326

  clock clk (rise edge)                  2.4600     2.4600
  clock network delay (ideal)            0.0000     2.4600
  clock uncertainty                     -0.0500     2.4100
  R_127/CK (DFFS_X2)                     0.0000     2.4100 r
  library setup time                    -0.4741     1.9359
  data required time                                1.9359
  -----------------------------------------------------------
  data required time                                1.9359
  data arrival time                                -1.9326
  -----------------------------------------------------------
  slack (MET)                                       0.0033


1
