 
****************************************
Report : area
Design : MyDesign
Version: P-2019.03-SP1
Date   : Thu Nov 11 01:11:34 2021
****************************************

Library(s) Used:

    NangateOpenCellLibrary_PDKv1_2_v2008_10_slow_nldm (File: /afs/eos.ncsu.edu/lockers/research/ece/wdavis/tech/nangate/NangateOpenCellLibrary_PDKv1_2_v2008_10/liberty/520/NangateOpenCellLibrary_PDKv1_2_v2008_10_slow_nldm.db)

Number of ports:                           89
Number of nets:                          1010
Number of cells:                          917
Number of combinational cells:            734
Number of sequential cells:               157
Number of macros/black boxes:               0
Number of buf/inv:                        157
Number of references:                      43

Combinational area:                793.743991
Buf/Inv area:                       85.386001
Noncombinational area:             776.454012
Macro/Black Box area:                0.000000
Net Interconnect area:      undefined  (No wire load specified)

Total cell area:                  1570.198004
Total area:                 undefined
1
