 
****************************************
Report : area
Design : MyDesign
Version: P-2019.03-SP1
Date   : Thu Nov 11 00:12:56 2021
****************************************

Library(s) Used:

    NangateOpenCellLibrary_PDKv1_2_v2008_10_slow_nldm (File: /afs/eos.ncsu.edu/lockers/research/ece/wdavis/tech/nangate/NangateOpenCellLibrary_PDKv1_2_v2008_10/liberty/520/NangateOpenCellLibrary_PDKv1_2_v2008_10_slow_nldm.db)

Number of ports:                           89
Number of nets:                          1118
Number of cells:                         1015
Number of combinational cells:            754
Number of sequential cells:               235
Number of macros/black boxes:               0
Number of buf/inv:                        210
Number of references:                      46

Combinational area:                799.063992
Buf/Inv area:                      113.316001
Noncombinational area:            1157.898019
Macro/Black Box area:                0.000000
Net Interconnect area:      undefined  (No wire load specified)

Total cell area:                  1956.962011
Total area:                 undefined
1
