Information: Updating design information... (UID-85)
 
****************************************
Report : timing
        -path full
        -delay min
        -max_paths 1
Design : MyDesign
Version: P-2019.03-SP1
Date   : Thu Nov 11 00:12:55 2021
****************************************

Operating Conditions: fast   Library: NangateOpenCellLibrary_PDKv1_2_v2008_10_fast_nldm
Wire Load Model Mode: top

  Startpoint: R_240 (rising edge-triggered flip-flop clocked by clk)
  Endpoint: R_98 (rising edge-triggered flip-flop clocked by clk)
  Path Group: clk
  Path Type: min

  Point                                    Incr       Path
  -----------------------------------------------------------
  clock clk (rise edge)                  0.0000     0.0000
  clock network delay (ideal)            0.0000     0.0000
  R_240/CK (DFF_X2)                      0.0000     0.0000 r
  R_240/QN (DFF_X2)                      0.0535     0.0535 f
  R_98/D (DFF_X1)                        0.0000     0.0535 f
  data arrival time                                 0.0535

  clock clk (rise edge)                  0.0000     0.0000
  clock network delay (ideal)            0.0000     0.0000
  clock uncertainty                      0.0500     0.0500
  R_98/CK (DFF_X1)                       0.0000     0.0500 r
  library hold time                      0.0004     0.0504
  data required time                                0.0504
  -----------------------------------------------------------
  data required time                                0.0504
  data arrival time                                -0.0535
  -----------------------------------------------------------
  slack (MET)                                       0.0031


1
