 
****************************************
Report : area
Design : MyDesign
Version: P-2019.03-SP1
Date   : Thu Nov 11 00:29:25 2021
****************************************

Library(s) Used:

    NangateOpenCellLibrary_PDKv1_2_v2008_10_slow_nldm (File: /afs/eos.ncsu.edu/lockers/research/ece/wdavis/tech/nangate/NangateOpenCellLibrary_PDKv1_2_v2008_10/liberty/520/NangateOpenCellLibrary_PDKv1_2_v2008_10_slow_nldm.db)

Number of ports:                           89
Number of nets:                          1062
Number of cells:                          993
Number of combinational cells:            852
Number of sequential cells:               112
Number of macros/black boxes:               0
Number of buf/inv:                        232
Number of references:                      40

Combinational area:                853.061989
Buf/Inv area:                      125.286001
Noncombinational area:             567.910007
Macro/Black Box area:                0.000000
Net Interconnect area:      undefined  (No wire load specified)

Total cell area:                  1420.971997
Total area:                 undefined
1
