 
****************************************
Report : area
Design : MyDesign
Version: P-2019.03-SP1
Date   : Thu Nov 11 01:55:12 2021
****************************************

Library(s) Used:

    NangateOpenCellLibrary_PDKv1_2_v2008_10_slow_nldm (File: /afs/eos.ncsu.edu/lockers/research/ece/wdavis/tech/nangate/NangateOpenCellLibrary_PDKv1_2_v2008_10/liberty/520/NangateOpenCellLibrary_PDKv1_2_v2008_10_slow_nldm.db)

Number of ports:                           89
Number of nets:                           984
Number of cells:                          918
Number of combinational cells:            755
Number of sequential cells:               137
Number of macros/black boxes:               0
Number of buf/inv:                        153
Number of references:                      39

Combinational area:                807.309991
Buf/Inv area:                       84.322001
Noncombinational area:             694.260008
Macro/Black Box area:                0.000000
Net Interconnect area:      undefined  (No wire load specified)

Total cell area:                  1501.569998
Total area:                 undefined
1
