 
****************************************
Report : area
Design : MyDesign
Version: P-2019.03-SP1
Date   : Thu Nov 11 00:41:39 2021
****************************************

Library(s) Used:

    NangateOpenCellLibrary_PDKv1_2_v2008_10_slow_nldm (File: /afs/eos.ncsu.edu/lockers/research/ece/wdavis/tech/nangate/NangateOpenCellLibrary_PDKv1_2_v2008_10/liberty/520/NangateOpenCellLibrary_PDKv1_2_v2008_10_slow_nldm.db)

Number of ports:                           89
Number of nets:                          1065
Number of cells:                          991
Number of combinational cells:            825
Number of sequential cells:               140
Number of macros/black boxes:               0
Number of buf/inv:                        218
Number of references:                      42

Combinational area:                839.761990
Buf/Inv area:                      118.902001
Noncombinational area:             707.028008
Macro/Black Box area:                0.000000
Net Interconnect area:      undefined  (No wire load specified)

Total cell area:                  1546.789999
Total area:                 undefined
1
