 
****************************************
Report : area
Design : MyDesign
Version: P-2019.03-SP1
Date   : Tue Nov  9 05:52:33 2021
****************************************

Library(s) Used:

    NangateOpenCellLibrary_PDKv1_2_v2008_10_slow_nldm (File: /afs/eos.ncsu.edu/lockers/research/ece/wdavis/tech/nangate/NangateOpenCellLibrary_PDKv1_2_v2008_10/liberty/520/NangateOpenCellLibrary_PDKv1_2_v2008_10_slow_nldm.db)

Number of ports:                           89
Number of nets:                          1029
Number of cells:                          948
Number of combinational cells:            802
Number of sequential cells:               117
Number of macros/black boxes:               0
Number of buf/inv:                        193
Number of references:                      46

Combinational area:                837.899991
Buf/Inv area:                      105.868001
Noncombinational area:             601.160006
Macro/Black Box area:                0.000000
Net Interconnect area:      undefined  (No wire load specified)

Total cell area:                  1439.059996
Total area:                 undefined
1
