Information: Updating design information... (UID-85)
 
****************************************
Report : timing
        -path full
        -delay max
        -max_paths 1
Design : MyDesign
Version: P-2019.03-SP1
Date   : Tue Nov  9 05:52:30 2021
****************************************

Operating Conditions: slow   Library: NangateOpenCellLibrary_PDKv1_2_v2008_10_slow_nldm
Wire Load Model Mode: top

  Startpoint: weight_reg[7]
              (rising edge-triggered flip-flop clocked by clk)
  Endpoint: R_40 (rising edge-triggered flip-flop clocked by clk)
  Path Group: clk
  Path Type: max

  Point                                    Incr       Path
  -----------------------------------------------------------
  clock clk (rise edge)                  0.0000     0.0000
  clock network delay (ideal)            0.0000     0.0000
  weight_reg[7]/CK (DFFR_X2)             0.0000     0.0000 r
  weight_reg[7]/Q (DFFR_X2)              0.8155     0.8155 f
  U946/ZN (XNOR2_X1)                     0.3901     1.2056 r
  U901/ZN (OR2_X1)                       0.2157     1.4213 r
  U911/ZN (NAND2_X1)                     0.0596     1.4809 f
  U909/ZN (NAND2_X1)                     0.1747     1.6556 r
  U580/ZN (NOR2_X2)                      0.0859     1.7415 f
  U579/ZN (INV_X1)                       0.1151     1.8566 r
  U1044/ZN (NAND4_X2)                    0.0751     1.9317 f
  U1043/ZN (NAND2_X2)                    0.1233     2.0550 r
  U702/ZN (INV_X2)                       0.0414     2.0964 f
  R_40/D (DFF_X2)                        0.0000     2.0964 f
  data arrival time                                 2.0964

  clock clk (rise edge)                  2.4390     2.4390
  clock network delay (ideal)            0.0000     2.4390
  clock uncertainty                     -0.0500     2.3890
  R_40/CK (DFF_X2)                       0.0000     2.3890 r
  library setup time                    -0.2922     2.0968
  data required time                                2.0968
  -----------------------------------------------------------
  data required time                                2.0968
  data arrival time                                -2.0964
  -----------------------------------------------------------
  slack (MET)                                       0.0004


1
