 
****************************************
Report : area
Design : MyDesign
Version: P-2019.03-SP1
Date   : Tue Nov  9 05:28:56 2021
****************************************

Library(s) Used:

    NangateOpenCellLibrary_PDKv1_2_v2008_10_slow_nldm (File: /afs/eos.ncsu.edu/lockers/research/ece/wdavis/tech/nangate/NangateOpenCellLibrary_PDKv1_2_v2008_10/liberty/520/NangateOpenCellLibrary_PDKv1_2_v2008_10_slow_nldm.db)

Number of ports:                           89
Number of nets:                           974
Number of cells:                          908
Number of combinational cells:            710
Number of sequential cells:               172
Number of macros/black boxes:               0
Number of buf/inv:                        140
Number of references:                      39

Combinational area:                785.763992
Buf/Inv area:                       76.608001
Noncombinational area:             866.628011
Macro/Black Box area:                0.000000
Net Interconnect area:      undefined  (No wire load specified)

Total cell area:                  1652.392003
Total area:                 undefined
1
