Information: Updating design information... (UID-85)
 
****************************************
Report : timing
        -path full
        -delay max
        -max_paths 1
Design : MyDesign
Version: P-2019.03-SP1
Date   : Thu Nov 11 02:29:02 2021
****************************************

Operating Conditions: slow   Library: NangateOpenCellLibrary_PDKv1_2_v2008_10_slow_nldm
Wire Load Model Mode: top

  Startpoint: weight_reg[5]
              (rising edge-triggered flip-flop clocked by clk)
  Endpoint: R_50 (rising edge-triggered flip-flop clocked by clk)
  Path Group: clk
  Path Type: max

  Point                                    Incr       Path
  -----------------------------------------------------------
  clock clk (rise edge)                  0.0000     0.0000
  clock network delay (ideal)            0.0000     0.0000
  weight_reg[5]/CK (DFF_X2)              0.0000     0.0000 r
  weight_reg[5]/QN (DFF_X2)              0.3586     0.3586 f
  U738/ZN (INV_X8)                       0.1753     0.5340 r
  U967/ZN (XNOR2_X2)                     0.3256     0.8596 r
  U741/ZN (XNOR2_X1)                     0.3705     1.2300 r
  U968/ZN (XNOR2_X1)                     0.3785     1.6085 r
  U803/ZN (INV_X1)                       0.1177     1.7263 f
  U1043/ZN (NAND3_X1)                    0.2275     1.9538 r
  U750/ZN (AOI22_X2)                     0.1013     2.0551 f
  R_50/D (DFF_X1)                        0.0000     2.0551 f
  data arrival time                                 2.0551

  clock clk (rise edge)                  2.4350     2.4350
  clock network delay (ideal)            0.0000     2.4350
  clock uncertainty                     -0.0500     2.3850
  R_50/CK (DFF_X1)                       0.0000     2.3850 r
  library setup time                    -0.3289     2.0561
  data required time                                2.0561
  -----------------------------------------------------------
  data required time                                2.0561
  data arrival time                                -2.0551
  -----------------------------------------------------------
  slack (MET)                                       0.0010


1
