 
****************************************
Report : area
Design : MyDesign
Version: P-2019.03-SP1
Date   : Wed Nov 10 01:39:25 2021
****************************************

Library(s) Used:

    NangateOpenCellLibrary_PDKv1_2_v2008_10_slow_nldm (File: /afs/eos.ncsu.edu/lockers/research/ece/wdavis/tech/nangate/NangateOpenCellLibrary_PDKv1_2_v2008_10/liberty/520/NangateOpenCellLibrary_PDKv1_2_v2008_10_slow_nldm.db)

Number of ports:                           89
Number of nets:                          1196
Number of cells:                         1075
Number of combinational cells:            861
Number of sequential cells:               183
Number of macros/black boxes:               0
Number of buf/inv:                        207
Number of references:                      51

Combinational area:                858.381991
Buf/Inv area:                      114.912001
Noncombinational area:             924.084013
Macro/Black Box area:                0.000000
Net Interconnect area:      undefined  (No wire load specified)

Total cell area:                  1782.466004
Total area:                 undefined
1
