 
****************************************
Report : area
Design : MyDesign
Version: P-2019.03-SP1
Date   : Tue Nov  9 02:21:31 2021
****************************************

Library(s) Used:

    NangateOpenCellLibrary_PDKv1_2_v2008_10_slow_nldm (File: /afs/eos.ncsu.edu/lockers/research/ece/wdavis/tech/nangate/NangateOpenCellLibrary_PDKv1_2_v2008_10/liberty/520/NangateOpenCellLibrary_PDKv1_2_v2008_10_slow_nldm.db)

Number of ports:                           89
Number of nets:                          1088
Number of cells:                         1023
Number of combinational cells:            837
Number of sequential cells:               155
Number of macros/black boxes:               0
Number of buf/inv:                        228
Number of references:                      45

Combinational area:                848.539990
Buf/Inv area:                      123.690001
Noncombinational area:             794.542008
Macro/Black Box area:                0.000000
Net Interconnect area:      undefined  (No wire load specified)

Total cell area:                  1643.081999
Total area:                 undefined
1
