 
****************************************
Report : area
Design : MyDesign
Version: P-2019.03-SP1
Date   : Tue Nov  9 06:22:13 2021
****************************************

Library(s) Used:

    NangateOpenCellLibrary_PDKv1_2_v2008_10_slow_nldm (File: /afs/eos.ncsu.edu/lockers/research/ece/wdavis/tech/nangate/NangateOpenCellLibrary_PDKv1_2_v2008_10/liberty/520/NangateOpenCellLibrary_PDKv1_2_v2008_10_slow_nldm.db)

Number of ports:                           89
Number of nets:                          1006
Number of cells:                          930
Number of combinational cells:            778
Number of sequential cells:               117
Number of macros/black boxes:               0
Number of buf/inv:                        151
Number of references:                      44

Combinational area:                825.131989
Buf/Inv area:                       82.460001
Noncombinational area:             609.140007
Macro/Black Box area:                0.000000
Net Interconnect area:      undefined  (No wire load specified)

Total cell area:                  1434.271996
Total area:                 undefined
1
