 
****************************************
Report : timing
        -path full
        -delay max
        -max_paths 1
Design : MyDesign
Version: P-2019.03-SP1
Date   : Tue Nov  9 06:22:13 2021
****************************************

Operating Conditions: slow   Library: NangateOpenCellLibrary_PDKv1_2_v2008_10_slow_nldm
Wire Load Model Mode: top

  Startpoint: weight_reg[6]
              (rising edge-triggered flip-flop clocked by clk)
  Endpoint: dut_sram_write_data_reg[1]
            (rising edge-triggered flip-flop clocked by clk)
  Path Group: clk
  Path Type: max

  Point                                                   Incr       Path
  --------------------------------------------------------------------------
  clock clk (rise edge)                                 0.0000     0.0000
  clock network delay (ideal)                           0.0000     0.0000
  weight_reg[6]/CK (DFFR_X2)                            0.0000     0.0000 r
  weight_reg[6]/QN (DFFR_X2)                            0.5159     0.5159 r
  U806/ZN (INV_X8)                                      0.0942     0.6101 f
  U814/ZN (XNOR2_X2)                                    0.2992     0.9093 f
  U696/ZN (XNOR2_X2)                                    0.3083     1.2176 f
  U695/ZN (XNOR2_X2)                                    0.2677     1.4853 f
  U689/ZN (NOR2_X2)                                     0.2320     1.7173 r
  U688/ZN (NAND2_X2)                                    0.0729     1.7902 f
  U687/ZN (NAND3_X2)                                    0.1457     1.9359 r
  U683/ZN (NAND3_X2)                                    0.0768     2.0127 f
  dut_sram_write_data_reg[1]/D (DFF_X2)                 0.0000     2.0127 f
  data arrival time                                                2.0127

  clock clk (rise edge)                                 2.3700     2.3700
  clock network delay (ideal)                           0.0000     2.3700
  clock uncertainty                                    -0.0500     2.3200
  dut_sram_write_data_reg[1]/CK (DFF_X2)                0.0000     2.3200 r
  library setup time                                   -0.3066     2.0134
  data required time                                               2.0134
  --------------------------------------------------------------------------
  data required time                                               2.0134
  data arrival time                                               -2.0127
  --------------------------------------------------------------------------
  slack (MET)                                                      0.0007


1
