 
****************************************
Report : area
Design : MyDesign
Version: P-2019.03-SP1
Date   : Thu Nov 11 01:14:17 2021
****************************************

Library(s) Used:

    NangateOpenCellLibrary_PDKv1_2_v2008_10_slow_nldm (File: /afs/eos.ncsu.edu/lockers/research/ece/wdavis/tech/nangate/NangateOpenCellLibrary_PDKv1_2_v2008_10/liberty/520/NangateOpenCellLibrary_PDKv1_2_v2008_10_slow_nldm.db)

Number of ports:                           89
Number of nets:                          1022
Number of cells:                          934
Number of combinational cells:            753
Number of sequential cells:               155
Number of macros/black boxes:               0
Number of buf/inv:                        171
Number of references:                      42

Combinational area:                803.585991
Buf/Inv area:                       92.302001
Noncombinational area:             766.878012
Macro/Black Box area:                0.000000
Net Interconnect area:      undefined  (No wire load specified)

Total cell area:                  1570.464003
Total area:                 undefined
1
