 
****************************************
Report : timing
        -path full
        -delay max
        -max_paths 1
Design : MyDesign
Version: P-2019.03-SP1
Date   : Thu Nov 11 01:14:17 2021
****************************************

Operating Conditions: slow   Library: NangateOpenCellLibrary_PDKv1_2_v2008_10_slow_nldm
Wire Load Model Mode: top

  Startpoint: row1_reg[1]
              (rising edge-triggered flip-flop clocked by clk)
  Endpoint: R_61 (rising edge-triggered flip-flop clocked by clk)
  Path Group: clk
  Path Type: max

  Point                                    Incr       Path
  -----------------------------------------------------------
  clock clk (rise edge)                  0.0000     0.0000
  clock network delay (ideal)            0.0000     0.0000
  row1_reg[1]/CK (DFF_X1)                0.0000     0.0000 r
  row1_reg[1]/Q (DFF_X1)                 0.5642     0.5642 r
  U1182/ZN (XNOR2_X2)                    0.3637     0.9279 r
  U1183/ZN (XNOR2_X2)                    0.3380     1.2659 r
  U708/ZN (XNOR2_X2)                     0.3142     1.5801 r
  U568/ZN (INV_X2)                       0.0645     1.6446 f
  U477/ZN (NAND2_X1)                     0.1053     1.7499 r
  U480/ZN (OAI21_X1)                     0.1062     1.8561 f
  U526/ZN (AND2_X1)                      0.2208     2.0769 f
  R_61/D (DFF_X1)                        0.0000     2.0769 f
  data arrival time                                 2.0769

  clock clk (rise edge)                  2.4370     2.4370
  clock network delay (ideal)            0.0000     2.4370
  clock uncertainty                     -0.0500     2.3870
  R_61/CK (DFF_X1)                       0.0000     2.3870 r
  library setup time                    -0.3097     2.0773
  data required time                                2.0773
  -----------------------------------------------------------
  data required time                                2.0773
  data arrival time                                -2.0769
  -----------------------------------------------------------
  slack (MET)                                       0.0003


1
