 
****************************************
Report : area
Design : MyDesign
Version: P-2019.03-SP1
Date   : Wed Nov 10 23:26:31 2021
****************************************

Library(s) Used:

    NangateOpenCellLibrary_PDKv1_2_v2008_10_slow_nldm (File: /afs/eos.ncsu.edu/lockers/research/ece/wdavis/tech/nangate/NangateOpenCellLibrary_PDKv1_2_v2008_10/liberty/520/NangateOpenCellLibrary_PDKv1_2_v2008_10_slow_nldm.db)

Number of ports:                           89
Number of nets:                          1007
Number of cells:                          926
Number of combinational cells:            751
Number of sequential cells:               149
Number of macros/black boxes:               0
Number of buf/inv:                        177
Number of references:                      33

Combinational area:                807.575991
Buf/Inv area:                       94.696001
Noncombinational area:             721.392015
Macro/Black Box area:                0.000000
Net Interconnect area:      undefined  (No wire load specified)

Total cell area:                  1528.968006
Total area:                 undefined
1
