Information: Updating design information... (UID-85)
 
****************************************
Report : timing
        -path full
        -delay max
        -max_paths 1
Design : MyDesign
Version: P-2019.03-SP1
Date   : Wed Nov 10 23:26:27 2021
****************************************

Operating Conditions: slow   Library: NangateOpenCellLibrary_PDKv1_2_v2008_10_slow_nldm
Wire Load Model Mode: top

  Startpoint: row0_reg[14]
              (rising edge-triggered flip-flop clocked by clk)
  Endpoint: R_76 (rising edge-triggered flip-flop clocked by clk)
  Path Group: clk
  Path Type: max

  Point                                    Incr       Path
  -----------------------------------------------------------
  clock clk (rise edge)                  0.0000     0.0000
  clock network delay (ideal)            0.0000     0.0000
  row0_reg[14]/CK (DFF_X1)               0.0000     0.0000 r
  row0_reg[14]/Q (DFF_X1)                0.5880     0.5880 f
  U1206/ZN (XNOR2_X1)                    0.4096     0.9976 r
  U1212/ZN (XNOR2_X1)                    0.3737     1.3713 r
  U1213/ZN (XNOR2_X1)                    0.1551     1.5264 f
  U1222/ZN (NOR3_X1)                     0.3735     1.8998 r
  U1224/ZN (NOR2_X1)                     0.0868     1.9866 f
  U1225/ZN (AOI21_X1)                    0.3946     2.3812 r
  R_76/D (DFF_X1)                        0.0000     2.3812 r
  data arrival time                                 2.3812

  clock clk (rise edge)                  2.7000     2.7000
  clock network delay (ideal)            0.0000     2.7000
  clock uncertainty                     -0.0500     2.6500
  R_76/CK (DFF_X1)                       0.0000     2.6500 r
  library setup time                    -0.2641     2.3859
  data required time                                2.3859
  -----------------------------------------------------------
  data required time                                2.3859
  data arrival time                                -2.3812
  -----------------------------------------------------------
  slack (MET)                                       0.0047


1
