Information: Updating design information... (UID-85)
 
****************************************
Report : timing
        -path full
        -delay max
        -max_paths 1
Design : MyDesign
Version: P-2019.03-SP1
Date   : Wed Nov 10 23:38:50 2021
****************************************

Operating Conditions: slow   Library: NangateOpenCellLibrary_PDKv1_2_v2008_10_slow_nldm
Wire Load Model Mode: top

  Startpoint: R_77 (rising edge-triggered flip-flop clocked by clk)
  Endpoint: dut_sram_write_data_reg[3]
            (rising edge-triggered flip-flop clocked by clk)
  Path Group: clk
  Path Type: max

  Point                                                   Incr       Path
  --------------------------------------------------------------------------
  clock clk (rise edge)                                 0.0000     0.0000
  clock network delay (ideal)                           0.0000     0.0000
  R_77/CK (DFF_X2)                                      0.0000     0.0000 r
  R_77/Q (DFF_X2)                                       0.6322     0.6322 f
  U873/ZN (XNOR2_X1)                                    0.4149     1.0471 r
  U881/ZN (XNOR2_X1)                                    0.3998     1.4469 r
  U673/ZN (XNOR2_X1)                                    0.3556     1.8025 r
  U726/ZN (NAND3_X1)                                    0.1392     1.9416 f
  U500/ZN (NAND3_X1)                                    0.1867     2.1283 r
  U731/ZN (NAND3_X1)                                    0.1049     2.2332 f
  dut_sram_write_data_reg[3]/D (DFF_X2)                 0.0000     2.2332 f
  data arrival time                                                2.2332

  clock clk (rise edge)                                 2.6000     2.6000
  clock network delay (ideal)                           0.0000     2.6000
  clock uncertainty                                    -0.0500     2.5500
  dut_sram_write_data_reg[3]/CK (DFF_X2)                0.0000     2.5500 r
  library setup time                                   -0.3160     2.2340
  data required time                                               2.2340
  --------------------------------------------------------------------------
  data required time                                               2.2340
  data arrival time                                               -2.2332
  --------------------------------------------------------------------------
  slack (MET)                                                      0.0007


1
