 
****************************************
Report : area
Design : MyDesign
Version: P-2019.03-SP1
Date   : Tue Nov  9 06:28:43 2021
****************************************

Library(s) Used:

    NangateOpenCellLibrary_PDKv1_2_v2008_10_slow_nldm (File: /afs/eos.ncsu.edu/lockers/research/ece/wdavis/tech/nangate/NangateOpenCellLibrary_PDKv1_2_v2008_10/liberty/520/NangateOpenCellLibrary_PDKv1_2_v2008_10_slow_nldm.db)

Number of ports:                           89
Number of nets:                          1054
Number of cells:                          979
Number of combinational cells:            835
Number of sequential cells:               111
Number of macros/black boxes:               0
Number of buf/inv:                        210
Number of references:                      50

Combinational area:                854.125989
Buf/Inv area:                      117.040001
Noncombinational area:             576.156006
Macro/Black Box area:                0.000000
Net Interconnect area:      undefined  (No wire load specified)

Total cell area:                  1430.281995
Total area:                 undefined
1
