 
****************************************
Report : area
Design : MyDesign
Version: P-2019.03-SP1
Date   : Tue Nov  9 03:55:20 2021
****************************************

Library(s) Used:

    NangateOpenCellLibrary_PDKv1_2_v2008_10_slow_nldm (File: /afs/eos.ncsu.edu/lockers/research/ece/wdavis/tech/nangate/NangateOpenCellLibrary_PDKv1_2_v2008_10/liberty/520/NangateOpenCellLibrary_PDKv1_2_v2008_10_slow_nldm.db)

Number of ports:                           89
Number of nets:                          1154
Number of cells:                         1073
Number of combinational cells:            828
Number of sequential cells:               218
Number of macros/black boxes:               0
Number of buf/inv:                        253
Number of references:                      48

Combinational area:                848.273992
Buf/Inv area:                      135.926001
Noncombinational area:            1085.280016
Macro/Black Box area:                0.000000
Net Interconnect area:      undefined  (No wire load specified)

Total cell area:                  1933.554008
Total area:                 undefined
1
