 
****************************************
Report : timing
        -path full
        -delay max
        -max_paths 1
Design : MyDesign
Version: P-2019.03-SP1
Date   : Tue Nov  9 03:55:20 2021
****************************************

Operating Conditions: slow   Library: NangateOpenCellLibrary_PDKv1_2_v2008_10_slow_nldm
Wire Load Model Mode: top

  Startpoint: weight_reg[4]
              (rising edge-triggered flip-flop clocked by clk)
  Endpoint: R_133 (rising edge-triggered flip-flop clocked by clk)
  Path Group: clk
  Path Type: max

  Point                                    Incr       Path
  -----------------------------------------------------------
  clock clk (rise edge)                  0.0000     0.0000
  clock network delay (ideal)            0.0000     0.0000
  weight_reg[4]/CK (DFFR_X1)             0.0000     0.0000 r
  weight_reg[4]/QN (DFFR_X1)             0.5886     0.5886 r
  U720/ZN (INV_X4)                       0.1396     0.7282 f
  U996/ZN (XNOR2_X1)                     0.2825     1.0107 f
  U1164/ZN (INV_X1)                      0.1055     1.1162 r
  U1162/ZN (NAND2_X1)                    0.0596     1.1758 f
  U1161/ZN (AOI22_X1)                    0.3732     1.5490 r
  U1138/ZN (INV_X1)                      0.0755     1.6245 f
  U1137/ZN (NOR2_X1)                     0.2175     1.8420 r
  U1246/ZN (INV_X1)                      0.0688     1.9108 f
  U1104/ZN (OAI21_X1)                    0.2778     2.1886 r
  R_133/D (DFF_X1)                       0.0000     2.1886 r
  data arrival time                                 2.1886

  clock clk (rise edge)                  2.4800     2.4800
  clock network delay (ideal)            0.0000     2.4800
  clock uncertainty                     -0.0500     2.4300
  R_133/CK (DFF_X1)                      0.0000     2.4300 r
  library setup time                    -0.2409     2.1891
  data required time                                2.1891
  -----------------------------------------------------------
  data required time                                2.1891
  data arrival time                                -2.1886
  -----------------------------------------------------------
  slack (MET)                                       0.0004


1
