 
****************************************
Report : area
Design : MyDesign
Version: P-2019.03-SP1
Date   : Wed Nov 10 23:45:04 2021
****************************************

Library(s) Used:

    NangateOpenCellLibrary_PDKv1_2_v2008_10_slow_nldm (File: /afs/eos.ncsu.edu/lockers/research/ece/wdavis/tech/nangate/NangateOpenCellLibrary_PDKv1_2_v2008_10/liberty/520/NangateOpenCellLibrary_PDKv1_2_v2008_10_slow_nldm.db)

Number of ports:                           89
Number of nets:                           983
Number of cells:                          913
Number of combinational cells:            723
Number of sequential cells:               164
Number of macros/black boxes:               0
Number of buf/inv:                        135
Number of references:                      40

Combinational area:                826.727991
Buf/Inv area:                       73.682001
Noncombinational area:             829.920010
Macro/Black Box area:                0.000000
Net Interconnect area:      undefined  (No wire load specified)

Total cell area:                  1656.648001
Total area:                 undefined
1
