 
****************************************
Report : area
Design : MyDesign
Version: P-2019.03-SP1
Date   : Wed Nov 10 23:26:09 2021
****************************************

Library(s) Used:

    NangateOpenCellLibrary_PDKv1_2_v2008_10_slow_nldm (File: /afs/eos.ncsu.edu/lockers/research/ece/wdavis/tech/nangate/NangateOpenCellLibrary_PDKv1_2_v2008_10/liberty/520/NangateOpenCellLibrary_PDKv1_2_v2008_10_slow_nldm.db)

Number of ports:                           89
Number of nets:                          1016
Number of cells:                          912
Number of combinational cells:            746
Number of sequential cells:               139
Number of macros/black boxes:               0
Number of buf/inv:                        153
Number of references:                      41

Combinational area:                801.723991
Buf/Inv area:                       82.194001
Noncombinational area:             674.310013
Macro/Black Box area:                0.000000
Net Interconnect area:      undefined  (No wire load specified)

Total cell area:                  1476.034004
Total area:                 undefined
1
