Information: Updating design information... (UID-85)
 
****************************************
Report : timing
        -path full
        -delay max
        -max_paths 1
Design : MyDesign
Version: P-2019.03-SP1
Date   : Thu Nov 11 00:03:37 2021
****************************************

Operating Conditions: slow   Library: NangateOpenCellLibrary_PDKv1_2_v2008_10_slow_nldm
Wire Load Model Mode: top

  Startpoint: R_124 (rising edge-triggered flip-flop clocked by clk)
  Endpoint: R_17 (rising edge-triggered flip-flop clocked by clk)
  Path Group: clk
  Path Type: max

  Point                                    Incr       Path
  -----------------------------------------------------------
  clock clk (rise edge)                  0.0000     0.0000
  clock network delay (ideal)            0.0000     0.0000
  R_124/CK (DFF_X2)                      0.0000     0.0000 r
  R_124/Q (DFF_X2)                       0.6666     0.6666 f
  U1177/ZN (XNOR2_X2)                    0.3193     0.9860 f
  U1178/ZN (XNOR2_X2)                    0.3097     1.2956 f
  U1179/ZN (XNOR2_X2)                    0.2687     1.5643 f
  U1128/ZN (NAND3_X1)                    0.2682     1.8326 r
  U1256/ZN (NAND2_X2)                    0.0890     1.9216 f
  U1260/ZN (AOI22_X2)                    0.2137     2.1353 r
  R_17/D (DFF_X2)                        0.0000     2.1353 r
  data arrival time                                 2.1353

  clock clk (rise edge)                  2.4300     2.4300
  clock network delay (ideal)            0.0000     2.4300
  clock uncertainty                     -0.0500     2.3800
  R_17/CK (DFF_X2)                       0.0000     2.3800 r
  library setup time                    -0.2439     2.1361
  data required time                                2.1361
  -----------------------------------------------------------
  data required time                                2.1361
  data arrival time                                -2.1353
  -----------------------------------------------------------
  slack (MET)                                       0.0008


1
