 
****************************************
Report : area
Design : MyDesign
Version: P-2019.03-SP1
Date   : Tue Nov  9 05:48:01 2021
****************************************

Library(s) Used:

    NangateOpenCellLibrary_PDKv1_2_v2008_10_slow_nldm (File: /afs/eos.ncsu.edu/lockers/research/ece/wdavis/tech/nangate/NangateOpenCellLibrary_PDKv1_2_v2008_10/liberty/520/NangateOpenCellLibrary_PDKv1_2_v2008_10_slow_nldm.db)

Number of ports:                           89
Number of nets:                          1061
Number of cells:                          971
Number of combinational cells:            814
Number of sequential cells:               123
Number of macros/black boxes:               0
Number of buf/inv:                        191
Number of references:                      47

Combinational area:                845.879990
Buf/Inv area:                      104.272001
Noncombinational area:             636.538006
Macro/Black Box area:                0.000000
Net Interconnect area:      undefined  (No wire load specified)

Total cell area:                  1482.417996
Total area:                 undefined
1
