Information: Updating design information... (UID-85)
 
****************************************
Report : timing
        -path full
        -delay max
        -max_paths 1
Design : MyDesign
Version: P-2019.03-SP1
Date   : Tue Nov  9 05:47:58 2021
****************************************

Operating Conditions: slow   Library: NangateOpenCellLibrary_PDKv1_2_v2008_10_slow_nldm
Wire Load Model Mode: top

  Startpoint: row2_reg[6]
              (rising edge-triggered flip-flop clocked by clk)
  Endpoint: dut_sram_write_data_reg[4]
            (rising edge-triggered flip-flop clocked by clk)
  Path Group: clk
  Path Type: max

  Point                                                   Incr       Path
  --------------------------------------------------------------------------
  clock clk (rise edge)                                 0.0000     0.0000
  clock network delay (ideal)                           0.0000     0.0000
  row2_reg[6]/CK (DFF_X1)                               0.0000     0.0000 r
  row2_reg[6]/Q (DFF_X1)                                0.6234     0.6234 f
  U966/ZN (XNOR2_X1)                                    0.4500     1.0734 r
  U875/ZN (XNOR2_X2)                                    0.3461     1.4195 r
  U867/ZN (XNOR2_X2)                                    0.3174     1.7369 r
  U600/ZN (INV_X2)                                      0.0658     1.8027 f
  U780/ZN (NAND3_X1)                                    0.1881     1.9908 r
  U779/ZN (NAND2_X2)                                    0.0931     2.0839 f
  U772/ZN (NAND3_X2)                                    0.0962     2.1801 r
  dut_sram_write_data_reg[4]/D (DFF_X2)                 0.0000     2.1801 r
  data arrival time                                                2.1801

  clock clk (rise edge)                                 2.4310     2.4310
  clock network delay (ideal)                           0.0000     2.4310
  clock uncertainty                                    -0.0500     2.3810
  dut_sram_write_data_reg[4]/CK (DFF_X2)                0.0000     2.3810 r
  library setup time                                   -0.2009     2.1801
  data required time                                               2.1801
  --------------------------------------------------------------------------
  data required time                                               2.1801
  data arrival time                                               -2.1801
  --------------------------------------------------------------------------
  slack (MET)                                                      0.0000


1
