 
****************************************
Report : area
Design : MyDesign
Version: P-2019.03-SP1
Date   : Thu Nov 11 02:46:43 2021
****************************************

Library(s) Used:

    NangateOpenCellLibrary_PDKv1_2_v2008_10_slow_nldm (File: /afs/eos.ncsu.edu/lockers/research/ece/wdavis/tech/nangate/NangateOpenCellLibrary_PDKv1_2_v2008_10/liberty/520/NangateOpenCellLibrary_PDKv1_2_v2008_10_slow_nldm.db)

Number of ports:                           89
Number of nets:                           571
Number of cells:                          529
Number of combinational cells:            409
Number of sequential cells:                73
Number of macros/black boxes:               0
Number of buf/inv:                        125
Number of references:                      27

Combinational area:                412.565995
Buf/Inv area:                       66.766001
Noncombinational area:             350.854008
Macro/Black Box area:                0.000000
Net Interconnect area:      undefined  (No wire load specified)

Total cell area:                   763.420002
Total area:                 undefined
1
