 
****************************************
Report : timing
        -path full
        -delay max
        -max_paths 1
Design : MyDesign
Version: P-2019.03-SP1
Date   : Thu Nov 11 02:46:43 2021
****************************************

Operating Conditions: slow   Library: NangateOpenCellLibrary_PDKv1_2_v2008_10_slow_nldm
Wire Load Model Mode: top

  Startpoint: row1_reg[7]
              (rising edge-triggered flip-flop clocked by clk)
  Endpoint: R_30 (rising edge-triggered flip-flop clocked by clk)
  Path Group: clk
  Path Type: max

  Point                                    Incr       Path
  -----------------------------------------------------------
  clock clk (rise edge)                  0.0000     0.0000
  clock network delay (ideal)            0.0000     0.0000
  row1_reg[7]/CK (DFF_X1)                0.0000     0.0000 r
  row1_reg[7]/Q (DFF_X1)                 0.6387     0.6387 f
  U684/ZN (XNOR2_X1)                     0.2718     0.9105 f
  U685/ZN (INV_X1)                       0.1565     1.0671 r
  U688/ZN (XNOR2_X1)                     0.3228     1.3899 r
  U690/ZN (XNOR2_X1)                     0.3562     1.7461 r
  U914/ZN (NOR2_X1)                      0.0929     1.8390 f
  U915/ZN (OAI211_X1)                    0.2769     2.1159 r
  R_30/D (DFF_X1)                        0.0000     2.1159 r
  data arrival time                                 2.1159

  clock clk (rise edge)                  2.4310     2.4310
  clock network delay (ideal)            0.0000     2.4310
  clock uncertainty                     -0.0500     2.3810
  R_30/CK (DFF_X1)                       0.0000     2.3810 r
  library setup time                    -0.2644     2.1166
  data required time                                2.1166
  -----------------------------------------------------------
  data required time                                2.1166
  data arrival time                                -2.1159
  -----------------------------------------------------------
  slack (MET)                                       0.0008


1
