 
****************************************
Report : area
Design : MyDesign
Version: P-2019.03-SP1
Date   : Tue Nov  9 03:19:07 2021
****************************************

Library(s) Used:

    NangateOpenCellLibrary_PDKv1_2_v2008_10_slow_nldm (File: /afs/eos.ncsu.edu/lockers/research/ece/wdavis/tech/nangate/NangateOpenCellLibrary_PDKv1_2_v2008_10/liberty/520/NangateOpenCellLibrary_PDKv1_2_v2008_10_slow_nldm.db)

Number of ports:                           89
Number of nets:                          1068
Number of cells:                          991
Number of combinational cells:            799
Number of sequential cells:               166
Number of macros/black boxes:               0
Number of buf/inv:                        219
Number of references:                      43

Combinational area:                826.727991
Buf/Inv area:                      119.168001
Noncombinational area:             837.900010
Macro/Black Box area:                0.000000
Net Interconnect area:      undefined  (No wire load specified)

Total cell area:                  1664.628001
Total area:                 undefined
1
