Information: Updating design information... (UID-85)
 
****************************************
Report : timing
        -path full
        -delay min
        -max_paths 1
Design : MyDesign
Version: P-2019.03-SP1
Date   : Tue Nov  9 03:19:07 2021
****************************************

Operating Conditions: fast   Library: NangateOpenCellLibrary_PDKv1_2_v2008_10_fast_nldm
Wire Load Model Mode: top

  Startpoint: row2_reg[13]
              (rising edge-triggered flip-flop clocked by clk)
  Endpoint: R_55 (rising edge-triggered flip-flop clocked by clk)
  Path Group: clk
  Path Type: min

  Point                                    Incr       Path
  -----------------------------------------------------------
  clock clk (rise edge)                  0.0000     0.0000
  clock network delay (ideal)            0.0000     0.0000
  row2_reg[13]/CK (DFF_X1)               0.0000     0.0000 r
  row2_reg[13]/QN (DFF_X1)               0.0670     0.0670 f
  R_55/D (DFF_X1)                        0.0000     0.0670 f
  data arrival time                                 0.0670

  clock clk (rise edge)                  0.0000     0.0000
  clock network delay (ideal)            0.0000     0.0000
  clock uncertainty                      0.0500     0.0500
  R_55/CK (DFF_X1)                       0.0000     0.0500 r
  library hold time                     -0.0008     0.0492
  data required time                                0.0492
  -----------------------------------------------------------
  data required time                                0.0492
  data arrival time                                -0.0670
  -----------------------------------------------------------
  slack (MET)                                       0.0178


1
