 
****************************************
Report : area
Design : MyDesign
Version: P-2019.03-SP1
Date   : Tue Nov  9 06:26:18 2021
****************************************

Library(s) Used:

    NangateOpenCellLibrary_PDKv1_2_v2008_10_slow_nldm (File: /afs/eos.ncsu.edu/lockers/research/ece/wdavis/tech/nangate/NangateOpenCellLibrary_PDKv1_2_v2008_10/liberty/520/NangateOpenCellLibrary_PDKv1_2_v2008_10_slow_nldm.db)

Number of ports:                           89
Number of nets:                          1067
Number of cells:                          982
Number of combinational cells:            840
Number of sequential cells:               111
Number of macros/black boxes:               0
Number of buf/inv:                        212
Number of references:                      52

Combinational area:                857.051989
Buf/Inv area:                      117.306001
Noncombinational area:             573.496006
Macro/Black Box area:                0.000000
Net Interconnect area:      undefined  (No wire load specified)

Total cell area:                  1430.547996
Total area:                 undefined
1
