 
****************************************
Report : area
Design : MyDesign
Version: P-2019.03-SP1
Date   : Wed Nov 10 01:38:11 2021
****************************************

Library(s) Used:

    NangateOpenCellLibrary_PDKv1_2_v2008_10_slow_nldm (File: /afs/eos.ncsu.edu/lockers/research/ece/wdavis/tech/nangate/NangateOpenCellLibrary_PDKv1_2_v2008_10/liberty/520/NangateOpenCellLibrary_PDKv1_2_v2008_10_slow_nldm.db)

Number of ports:                           89
Number of nets:                          1196
Number of cells:                         1079
Number of combinational cells:            866
Number of sequential cells:               182
Number of macros/black boxes:               0
Number of buf/inv:                        220
Number of references:                      52

Combinational area:                873.277991
Buf/Inv area:                      123.690001
Noncombinational area:             916.104014
Macro/Black Box area:                0.000000
Net Interconnect area:      undefined  (No wire load specified)

Total cell area:                  1789.382005
Total area:                 undefined
1
