 
****************************************
Report : area
Design : MyDesign
Version: P-2019.03-SP1
Date   : Thu Nov 11 01:32:04 2021
****************************************

Library(s) Used:

    NangateOpenCellLibrary_PDKv1_2_v2008_10_slow_nldm (File: /afs/eos.ncsu.edu/lockers/research/ece/wdavis/tech/nangate/NangateOpenCellLibrary_PDKv1_2_v2008_10/liberty/520/NangateOpenCellLibrary_PDKv1_2_v2008_10_slow_nldm.db)

Number of ports:                           89
Number of nets:                          1007
Number of cells:                          928
Number of combinational cells:            704
Number of sequential cells:               198
Number of macros/black boxes:               0
Number of buf/inv:                        139
Number of references:                      42

Combinational area:                780.975992
Buf/Inv area:                       74.480001
Noncombinational area:             982.338015
Macro/Black Box area:                0.000000
Net Interconnect area:      undefined  (No wire load specified)

Total cell area:                  1763.314007
Total area:                 undefined
1
