 
****************************************
Report : area
Design : MyDesign
Version: P-2019.03-SP1
Date   : Tue Nov  9 02:41:12 2021
****************************************

Library(s) Used:

    NangateOpenCellLibrary_PDKv1_2_v2008_10_slow_nldm (File: /afs/eos.ncsu.edu/lockers/research/ece/wdavis/tech/nangate/NangateOpenCellLibrary_PDKv1_2_v2008_10/liberty/520/NangateOpenCellLibrary_PDKv1_2_v2008_10_slow_nldm.db)

Number of ports:                           89
Number of nets:                          1050
Number of cells:                          989
Number of combinational cells:            795
Number of sequential cells:               168
Number of macros/black boxes:               0
Number of buf/inv:                        219
Number of references:                      42

Combinational area:                827.791992
Buf/Inv area:                      118.902001
Noncombinational area:             854.658009
Macro/Black Box area:                0.000000
Net Interconnect area:      undefined  (No wire load specified)

Total cell area:                  1682.450001
Total area:                 undefined
1
