 
****************************************
Report : timing
        -path full
        -delay max
        -max_paths 1
Design : MyDesign
Version: P-2019.03-SP1
Date   : Wed Nov 10 01:30:31 2021
****************************************

Operating Conditions: slow   Library: NangateOpenCellLibrary_PDKv1_2_v2008_10_slow_nldm
Wire Load Model Mode: top

  Startpoint: row1_reg[8]
              (rising edge-triggered flip-flop clocked by clk)
  Endpoint: dut_sram_write_data_reg[6]
            (rising edge-triggered flip-flop clocked by clk)
  Path Group: clk
  Path Type: max

  Point                                                   Incr       Path
  --------------------------------------------------------------------------
  clock clk (rise edge)                                 0.0000     0.0000
  clock network delay (ideal)                           0.0000     0.0000
  row1_reg[8]/CK (DFF_X2)                               0.0000     0.0000 r
  row1_reg[8]/Q (DFF_X2)                                0.6258     0.6258 f
  U645/ZN (XNOR2_X2)                                    0.2679     0.8938 f
  U642/ZN (XNOR2_X2)                                    0.2954     1.1891 f
  U641/ZN (XNOR2_X2)                                    0.2789     1.4681 f
  U649/ZN (NAND3_X2)                                    0.2358     1.7038 r
  U892/ZN (NAND2_X2)                                    0.0770     1.7808 f
  U1010/ZN (NAND3_X2)                                   0.1086     1.8894 r
  U1008/ZN (NAND3_X2)                                   0.0768     1.9662 f
  dut_sram_write_data_reg[6]/D (DFF_X2)                 0.0000     1.9662 f
  data arrival time                                                1.9662

  clock clk (rise edge)                                 2.1400     2.1400
  clock network delay (ideal)                           0.0000     2.1400
  clock uncertainty                                    -0.0500     2.0900
  dut_sram_write_data_reg[6]/CK (DFF_X2)                0.0000     2.0900 r
  library setup time                                   -0.3066     1.7834
  data required time                                               1.7834
  --------------------------------------------------------------------------
  data required time                                               1.7834
  data arrival time                                               -1.9662
  --------------------------------------------------------------------------
  slack (VIOLATED)                                                -0.1828


1
