 
****************************************
Report : area
Design : MyDesign
Version: P-2019.03-SP1
Date   : Wed Nov 10 23:57:56 2021
****************************************

Library(s) Used:

    NangateOpenCellLibrary_PDKv1_2_v2008_10_slow_nldm (File: /afs/eos.ncsu.edu/lockers/research/ece/wdavis/tech/nangate/NangateOpenCellLibrary_PDKv1_2_v2008_10/liberty/520/NangateOpenCellLibrary_PDKv1_2_v2008_10_slow_nldm.db)

Number of ports:                           89
Number of nets:                          1129
Number of cells:                         1040
Number of combinational cells:            814
Number of sequential cells:               199
Number of macros/black boxes:               0
Number of buf/inv:                        242
Number of references:                      49

Combinational area:                837.367992
Buf/Inv area:                      131.404001
Noncombinational area:            1000.426013
Macro/Black Box area:                0.000000
Net Interconnect area:      undefined  (No wire load specified)

Total cell area:                  1837.794005
Total area:                 undefined
1
