 
****************************************
Report : timing
        -path full
        -delay max
        -max_paths 1
Design : MyDesign
Version: P-2019.03-SP1
Date   : Thu Nov 11 00:20:30 2021
****************************************

Operating Conditions: slow   Library: NangateOpenCellLibrary_PDKv1_2_v2008_10_slow_nldm
Wire Load Model Mode: top

  Startpoint: row0_reg[8]
              (rising edge-triggered flip-flop clocked by clk)
  Endpoint: R_124 (rising edge-triggered flip-flop clocked by clk)
  Path Group: clk
  Path Type: max

  Point                                    Incr       Path
  -----------------------------------------------------------
  clock clk (rise edge)                  0.0000     0.0000
  clock network delay (ideal)            0.0000     0.0000
  row0_reg[8]/CK (DFF_X1)                0.0000     0.0000 r
  row0_reg[8]/Q (DFF_X1)                 0.5841     0.5841 f
  U523/Z (BUF_X2)                        0.1807     0.7647 f
  U759/ZN (XNOR2_X1)                     0.3446     1.1093 r
  U704/ZN (XNOR2_X2)                     0.3694     1.4787 r
  U661/ZN (XNOR2_X2)                     0.3290     1.8078 r
  U540/ZN (AND4_X2)                      0.2315     2.0392 r
  U690/ZN (NOR3_X2)                      0.0547     2.0939 f
  R_124/D (DFF_X1)                       0.0000     2.0939 f
  data arrival time                                 2.0939

  clock clk (rise edge)                  2.4800     2.4800
  clock network delay (ideal)            0.0000     2.4800
  clock uncertainty                     -0.0500     2.4300
  R_124/CK (DFF_X1)                      0.0000     2.4300 r
  library setup time                    -0.3354     2.0946
  data required time                                2.0946
  -----------------------------------------------------------
  data required time                                2.0946
  data arrival time                                -2.0939
  -----------------------------------------------------------
  slack (MET)                                       0.0007


1
