Information: Updating design information... (UID-85)
 
****************************************
Report : timing
        -path full
        -delay max
        -max_paths 1
Design : MyDesign
Version: P-2019.03-SP1
Date   : Thu Nov 11 00:15:05 2021
****************************************

Operating Conditions: slow   Library: NangateOpenCellLibrary_PDKv1_2_v2008_10_slow_nldm
Wire Load Model Mode: top

  Startpoint: R_123 (rising edge-triggered flip-flop clocked by clk)
  Endpoint: R_87 (rising edge-triggered flip-flop clocked by clk)
  Path Group: clk
  Path Type: max

  Point                                    Incr       Path
  -----------------------------------------------------------
  clock clk (rise edge)                  0.0000     0.0000
  clock network delay (ideal)            0.0000     0.0000
  R_123/CK (DFF_X2)                      0.0000     0.0000 r
  R_123/QN (DFF_X2)                      0.3524     0.3524 f
  U482/ZN (INV_X4)                       0.2142     0.5666 r
  U917/ZN (XNOR2_X1)                     0.4145     0.9812 r
  U537/ZN (XNOR2_X1)                     0.3994     1.3805 r
  U758/ZN (XNOR2_X2)                     0.3347     1.7153 r
  U757/ZN (NOR3_X2)                      0.1067     1.8219 f
  U1079/ZN (AOI211_X1)                   0.2927     2.1147 r
  R_87/D (DFF_X1)                        0.0000     2.1147 r
  data arrival time                                 2.1147

  clock clk (rise edge)                  2.4700     2.4700
  clock network delay (ideal)            0.0000     2.4700
  clock uncertainty                     -0.0500     2.4200
  R_87/CK (DFF_X1)                       0.0000     2.4200 r
  library setup time                    -0.3043     2.1157
  data required time                                2.1157
  -----------------------------------------------------------
  data required time                                2.1157
  data arrival time                                -2.1147
  -----------------------------------------------------------
  slack (MET)                                       0.0010


1
