 
****************************************
Report : area
Design : MyDesign
Version: P-2019.03-SP1
Date   : Tue Nov  9 06:27:32 2021
****************************************

Library(s) Used:

    NangateOpenCellLibrary_PDKv1_2_v2008_10_slow_nldm (File: /afs/eos.ncsu.edu/lockers/research/ece/wdavis/tech/nangate/NangateOpenCellLibrary_PDKv1_2_v2008_10/liberty/520/NangateOpenCellLibrary_PDKv1_2_v2008_10_slow_nldm.db)

Number of ports:                           89
Number of nets:                          1076
Number of cells:                          996
Number of combinational cells:            819
Number of sequential cells:               148
Number of macros/black boxes:               0
Number of buf/inv:                        201
Number of references:                      49

Combinational area:                847.209990
Buf/Inv area:                      111.720001
Noncombinational area:             753.312008
Macro/Black Box area:                0.000000
Net Interconnect area:      undefined  (No wire load specified)

Total cell area:                  1600.521998
Total area:                 undefined
1
