Information: Updating design information... (UID-85)
 
****************************************
Report : timing
        -path full
        -delay max
        -max_paths 1
Design : MyDesign
Version: P-2019.03-SP1
Date   : Wed Nov 10 01:39:21 2021
****************************************

Operating Conditions: slow   Library: NangateOpenCellLibrary_PDKv1_2_v2008_10_slow_nldm
Wire Load Model Mode: top

  Startpoint: R_6_clk_r_REG178_S1
              (rising edge-triggered flip-flop clocked by clk)
  Endpoint: clk_r_REG139_S2
            (rising edge-triggered flip-flop clocked by clk)
  Path Group: clk
  Path Type: max

  Point                                    Incr       Path
  -----------------------------------------------------------
  clock clk (rise edge)                  0.0000     0.0000
  clock network delay (ideal)            0.0000     0.0000
  R_6_clk_r_REG178_S1/CK (DFFR_X2)       0.0000     0.0000 r
  R_6_clk_r_REG178_S1/Q (DFFR_X2)        0.7192     0.7192 f
  U1053/ZN (XNOR2_X2)                    0.2174     0.9366 r
  U1026/ZN (XNOR2_X2)                    0.3126     1.2491 r
  U772/ZN (XNOR2_X2)                     0.3140     1.5631 r
  U578/ZN (INV_X2)                       0.0566     1.6197 f
  U745/ZN (NAND3_X2)                     0.1610     1.7807 r
  U484/ZN (INV_X2)                       0.0517     1.8324 f
  clk_r_REG139_S2/D (DFF_X1)             0.0000     1.8324 f
  data arrival time                                 1.8324

  clock clk (rise edge)                  2.1500     2.1500
  clock network delay (ideal)            0.0000     2.1500
  clock uncertainty                     -0.0500     2.1000
  clk_r_REG139_S2/CK (DFF_X1)            0.0000     2.1000 r
  library setup time                    -0.3082     1.7918
  data required time                                1.7918
  -----------------------------------------------------------
  data required time                                1.7918
  data arrival time                                -1.8324
  -----------------------------------------------------------
  slack (VIOLATED)                                 -0.0406


1
