 
****************************************
Report : area
Design : MyDesign
Version: P-2019.03-SP1
Date   : Tue Nov  9 04:08:42 2021
****************************************

Library(s) Used:

    NangateOpenCellLibrary_PDKv1_2_v2008_10_slow_nldm (File: /afs/eos.ncsu.edu/lockers/research/ece/wdavis/tech/nangate/NangateOpenCellLibrary_PDKv1_2_v2008_10/liberty/520/NangateOpenCellLibrary_PDKv1_2_v2008_10_slow_nldm.db)

Number of ports:                           89
Number of nets:                          1059
Number of cells:                          968
Number of combinational cells:            768
Number of sequential cells:               174
Number of macros/black boxes:               0
Number of buf/inv:                        208
Number of references:                      39

Combinational area:                808.905992
Buf/Inv area:                      111.986001
Noncombinational area:             874.608011
Macro/Black Box area:                0.000000
Net Interconnect area:      undefined  (No wire load specified)

Total cell area:                  1683.514003
Total area:                 undefined
1
