 
****************************************
Report : timing
        -path full
        -delay max
        -max_paths 1
Design : MyDesign
Version: P-2019.03-SP1
Date   : Tue Nov  9 02:21:30 2021
****************************************

Operating Conditions: slow   Library: NangateOpenCellLibrary_PDKv1_2_v2008_10_slow_nldm
Wire Load Model Mode: top

  Startpoint: cnt_fill_reg[1]
              (rising edge-triggered flip-flop clocked by clk)
  Endpoint: R_5 (rising edge-triggered flip-flop clocked by clk)
  Path Group: clk
  Path Type: max

  Point                                    Incr       Path
  -----------------------------------------------------------
  clock clk (rise edge)                  0.0000     0.0000
  clock network delay (ideal)            0.0000     0.0000
  cnt_fill_reg[1]/CK (DFFR_X1)           0.0000     0.0000 r
  cnt_fill_reg[1]/Q (DFFR_X1)            0.7039     0.7039 f
  U823/ZN (NAND2_X1)                     0.1635     0.8675 r
  U706/ZN (NAND2_X2)                     0.0827     0.9502 f
  U489/ZN (NAND3_X1)                     0.1757     1.1259 r
  U556/ZN (NAND2_X2)                     0.1254     1.2513 f
  U1282/ZN (NAND2_X4)                    0.1790     1.4303 r
  U869/ZN (NOR2_X2)                      0.0827     1.5131 f
  U876/ZN (NOR2_X2)                      0.2164     1.7295 r
  U1345/ZN (NAND3_X1)                    0.1047     1.8342 f
  R_5/D (DFFS_X2)                        0.0000     1.8342 f
  data arrival time                                 1.8342

  clock clk (rise edge)                  2.3730     2.3730
  clock network delay (ideal)            0.0000     2.3730
  clock uncertainty                     -0.0500     2.3230
  R_5/CK (DFFS_X2)                       0.0000     2.3230 r
  library setup time                    -0.4877     1.8353
  data required time                                1.8353
  -----------------------------------------------------------
  data required time                                1.8353
  data arrival time                                -1.8342
  -----------------------------------------------------------
  slack (MET)                                       0.0011


1
