 
****************************************
Report : area
Design : MyDesign
Version: P-2019.03-SP1
Date   : Tue Nov  9 06:02:12 2021
****************************************

Library(s) Used:

    NangateOpenCellLibrary_PDKv1_2_v2008_10_slow_nldm (File: /afs/eos.ncsu.edu/lockers/research/ece/wdavis/tech/nangate/NangateOpenCellLibrary_PDKv1_2_v2008_10/liberty/520/NangateOpenCellLibrary_PDKv1_2_v2008_10_slow_nldm.db)

Number of ports:                           89
Number of nets:                          1039
Number of cells:                          957
Number of combinational cells:            807
Number of sequential cells:               116
Number of macros/black boxes:               0
Number of buf/inv:                        181
Number of references:                      46

Combinational area:                842.155990
Buf/Inv area:                       98.686001
Noncombinational area:             603.022005
Macro/Black Box area:                0.000000
Net Interconnect area:      undefined  (No wire load specified)

Total cell area:                  1445.177995
Total area:                 undefined
1
