 
****************************************
Report : area
Design : MyDesign
Version: P-2019.03-SP1
Date   : Thu Nov 11 01:38:56 2021
****************************************

Library(s) Used:

    NangateOpenCellLibrary_PDKv1_2_v2008_10_slow_nldm (File: /afs/eos.ncsu.edu/lockers/research/ece/wdavis/tech/nangate/NangateOpenCellLibrary_PDKv1_2_v2008_10/liberty/520/NangateOpenCellLibrary_PDKv1_2_v2008_10_slow_nldm.db)

Number of ports:                           89
Number of nets:                           989
Number of cells:                          920
Number of combinational cells:            780
Number of sequential cells:               109
Number of macros/black boxes:               0
Number of buf/inv:                        153
Number of references:                      45

Combinational area:                823.269990
Buf/Inv area:                       83.258001
Noncombinational area:             555.940007
Macro/Black Box area:                0.000000
Net Interconnect area:      undefined  (No wire load specified)

Total cell area:                  1379.209997
Total area:                 undefined
1
