 
****************************************
Report : area
Design : MyDesign
Version: P-2019.03-SP1
Date   : Tue Nov  9 05:03:42 2021
****************************************

Library(s) Used:

    NangateOpenCellLibrary_PDKv1_2_v2008_10_slow_nldm (File: /afs/eos.ncsu.edu/lockers/research/ece/wdavis/tech/nangate/NangateOpenCellLibrary_PDKv1_2_v2008_10/liberty/520/NangateOpenCellLibrary_PDKv1_2_v2008_10_slow_nldm.db)

Number of ports:                           89
Number of nets:                          1010
Number of cells:                          931
Number of combinational cells:            791
Number of sequential cells:               110
Number of macros/black boxes:               0
Number of buf/inv:                        165
Number of references:                      47

Combinational area:                825.663989
Buf/Inv area:                       90.972001
Noncombinational area:             568.974006
Macro/Black Box area:                0.000000
Net Interconnect area:      undefined  (No wire load specified)

Total cell area:                  1394.637995
Total area:                 undefined
1
