 
****************************************
Report : area
Design : MyDesign
Version: P-2019.03-SP1
Date   : Tue Nov  9 06:01:41 2021
****************************************

Library(s) Used:

    NangateOpenCellLibrary_PDKv1_2_v2008_10_slow_nldm (File: /afs/eos.ncsu.edu/lockers/research/ece/wdavis/tech/nangate/NangateOpenCellLibrary_PDKv1_2_v2008_10/liberty/520/NangateOpenCellLibrary_PDKv1_2_v2008_10_slow_nldm.db)

Number of ports:                           89
Number of nets:                          1055
Number of cells:                          972
Number of combinational cells:            804
Number of sequential cells:               134
Number of macros/black boxes:               0
Number of buf/inv:                        188
Number of references:                      47

Combinational area:                837.101990
Buf/Inv area:                      102.942001
Noncombinational area:             688.940008
Macro/Black Box area:                0.000000
Net Interconnect area:      undefined  (No wire load specified)

Total cell area:                  1526.041998
Total area:                 undefined
1
