 
****************************************
Report : timing
        -path full
        -delay max
        -max_paths 1
Design : MyDesign
Version: P-2019.03-SP1
Date   : Tue Nov  9 06:01:41 2021
****************************************

Operating Conditions: slow   Library: NangateOpenCellLibrary_PDKv1_2_v2008_10_slow_nldm
Wire Load Model Mode: top

  Startpoint: row0_reg[11]
              (rising edge-triggered flip-flop clocked by clk)
  Endpoint: R_27 (rising edge-triggered flip-flop clocked by clk)
  Path Group: clk
  Path Type: max

  Point                                    Incr       Path
  -----------------------------------------------------------
  clock clk (rise edge)                  0.0000     0.0000
  clock network delay (ideal)            0.0000     0.0000
  row0_reg[11]/CK (DFF_X1)               0.0000     0.0000 r
  row0_reg[11]/Q (DFF_X1)                0.6040     0.6040 f
  U1148/ZN (XNOR2_X2)                    0.3107     0.9147 f
  U778/ZN (NOR2_X1)                      0.2096     1.1243 r
  U713/ZN (INV_X1)                       0.0585     1.1828 f
  U1151/ZN (AOI22_X1)                    0.3453     1.5281 r
  U1152/ZN (NAND2_X1)                    0.1588     1.6869 f
  U770/ZN (NOR2_X2)                      0.1400     1.8269 r
  U769/ZN (NOR2_X2)                      0.0570     1.8839 f
  U768/ZN (NAND2_X2)                     0.1260     2.0099 r
  U767/ZN (NAND2_X2)                     0.0586     2.0685 f
  R_27/D (DFF_X1)                        0.0000     2.0685 f
  data arrival time                                 2.0685

  clock clk (rise edge)                  2.4270     2.4270
  clock network delay (ideal)            0.0000     2.4270
  clock uncertainty                     -0.0500     2.3770
  R_27/CK (DFF_X1)                       0.0000     2.3770 r
  library setup time                    -0.3071     2.0699
  data required time                                2.0699
  -----------------------------------------------------------
  data required time                                2.0699
  data arrival time                                -2.0685
  -----------------------------------------------------------
  slack (MET)                                       0.0014


1
