 
****************************************
Report : area
Design : MyDesign
Version: P-2019.03-SP1
Date   : Thu Nov 11 02:35:19 2021
****************************************

Library(s) Used:

    NangateOpenCellLibrary_PDKv1_2_v2008_10_slow_nldm (File: /afs/eos.ncsu.edu/lockers/research/ece/wdavis/tech/nangate/NangateOpenCellLibrary_PDKv1_2_v2008_10/liberty/520/NangateOpenCellLibrary_PDKv1_2_v2008_10_slow_nldm.db)

Number of ports:                           89
Number of nets:                          1040
Number of cells:                          942
Number of combinational cells:            756
Number of sequential cells:               158
Number of macros/black boxes:               0
Number of buf/inv:                        183
Number of references:                      48

Combinational area:                804.915992
Buf/Inv area:                       99.484001
Noncombinational area:             790.286011
Macro/Black Box area:                0.000000
Net Interconnect area:      undefined  (No wire load specified)

Total cell area:                  1595.202003
Total area:                 undefined
1
