Information: Updating design information... (UID-85)
 
****************************************
Report : timing
        -path full
        -delay max
        -max_paths 1
Design : MyDesign
Version: P-2019.03-SP1
Date   : Thu Nov 11 02:35:15 2021
****************************************

Operating Conditions: slow   Library: NangateOpenCellLibrary_PDKv1_2_v2008_10_slow_nldm
Wire Load Model Mode: top

  Startpoint: weight_reg[0]
              (rising edge-triggered flip-flop clocked by clk)
  Endpoint: R_23 (rising edge-triggered flip-flop clocked by clk)
  Path Group: clk
  Path Type: max

  Point                                    Incr       Path
  -----------------------------------------------------------
  clock clk (rise edge)                  0.0000     0.0000
  clock network delay (ideal)            0.0000     0.0000
  weight_reg[0]/CK (DFF_X2)              0.0000     0.0000 r
  weight_reg[0]/QN (DFF_X2)              0.4529     0.4529 r
  U670/ZN (INV_X8)                       0.0864     0.5393 f
  U668/ZN (XNOR2_X1)                     0.3974     0.9367 r
  U543/ZN (XNOR2_X1)                     0.4002     1.3369 r
  U1221/ZN (XNOR2_X2)                    0.3314     1.6683 r
  U1109/ZN (NAND3_X2)                    0.1157     1.7840 f
  U1107/ZN (OAI21_X1)                    0.2583     2.0423 r
  U1106/ZN (NAND3_X2)                    0.0894     2.1316 f
  U516/ZN (INV_X2)                       0.0813     2.2130 r
  R_23/D (DFF_X1)                        0.0000     2.2130 r
  data arrival time                                 2.2130

  clock clk (rise edge)                  2.4330     2.4330
  clock network delay (ideal)            0.0000     2.4330
  clock uncertainty                     -0.0500     2.3830
  R_23/CK (DFF_X1)                       0.0000     2.3830 r
  library setup time                    -0.1689     2.2141
  data required time                                2.2141
  -----------------------------------------------------------
  data required time                                2.2141
  data arrival time                                -2.2130
  -----------------------------------------------------------
  slack (MET)                                       0.0011


1
