 
****************************************
Report : timing
        -path full
        -delay max
        -max_paths 1
Design : MyDesign
Version: P-2019.03-SP1
Date   : Tue Nov  9 06:56:28 2021
****************************************

Operating Conditions: slow   Library: NangateOpenCellLibrary_PDKv1_2_v2008_10_slow_nldm
Wire Load Model Mode: top

  Startpoint: clk_r_REG146_S2
              (rising edge-triggered flip-flop clocked by clk)
  Endpoint: clk_r_REG132_S2
            (rising edge-triggered flip-flop clocked by clk)
  Path Group: clk
  Path Type: max

  Point                                    Incr       Path
  -----------------------------------------------------------
  clock clk (rise edge)                  0.0000     0.0000
  clock network delay (ideal)            0.0000     0.0000
  clk_r_REG146_S2/CK (DFF_X1)            0.0000     0.0000 r
  clk_r_REG146_S2/Q (DFF_X1)             0.6262     0.6262 f
  U1052/ZN (XNOR2_X2)                    0.2816     0.9077 f
  U701/ZN (XNOR2_X2)                     0.3106     1.2184 f
  U1083/ZN (XNOR2_X2)                    0.2710     1.4893 f
  U1082/ZN (INV_X4)                      0.1194     1.6087 r
  U497/ZN (NAND3_X4)                     0.1041     1.7128 f
  U500/ZN (NAND2_X1)                     0.1248     1.8377 r
  U762/ZN (NAND2_X2)                     0.0699     1.9076 f
  clk_r_REG132_S2/D (DFF_X1)             0.0000     1.9076 f
  data arrival time                                 1.9076

  clock clk (rise edge)                  2.2700     2.2700
  clock network delay (ideal)            0.0000     2.2700
  clock uncertainty                     -0.0500     2.2200
  clk_r_REG132_S2/CK (DFF_X1)            0.0000     2.2200 r
  library setup time                    -0.3122     1.9078
  data required time                                1.9078
  -----------------------------------------------------------
  data required time                                1.9078
  data arrival time                                -1.9076
  -----------------------------------------------------------
  slack (MET)                                       0.0003


1
