 
****************************************
Report : area
Design : MyDesign
Version: P-2019.03-SP1
Date   : Wed Nov 10 01:40:00 2021
****************************************

Library(s) Used:

    NangateOpenCellLibrary_PDKv1_2_v2008_10_slow_nldm (File: /afs/eos.ncsu.edu/lockers/research/ece/wdavis/tech/nangate/NangateOpenCellLibrary_PDKv1_2_v2008_10/liberty/520/NangateOpenCellLibrary_PDKv1_2_v2008_10_slow_nldm.db)

Number of ports:                           89
Number of nets:                          1205
Number of cells:                         1081
Number of combinational cells:            862
Number of sequential cells:               187
Number of macros/black boxes:               0
Number of buf/inv:                        209
Number of references:                      51

Combinational area:                861.839991
Buf/Inv area:                      116.508001
Noncombinational area:             944.566014
Macro/Black Box area:                0.000000
Net Interconnect area:      undefined  (No wire load specified)

Total cell area:                  1806.406004
Total area:                 undefined
1
