 
****************************************
Report : area
Design : MyDesign
Version: P-2019.03-SP1
Date   : Wed Nov 10 23:47:30 2021
****************************************

Library(s) Used:

    NangateOpenCellLibrary_PDKv1_2_v2008_10_slow_nldm (File: /afs/eos.ncsu.edu/lockers/research/ece/wdavis/tech/nangate/NangateOpenCellLibrary_PDKv1_2_v2008_10/liberty/520/NangateOpenCellLibrary_PDKv1_2_v2008_10_slow_nldm.db)

Number of ports:                           89
Number of nets:                          1065
Number of cells:                          995
Number of combinational cells:            801
Number of sequential cells:               164
Number of macros/black boxes:               0
Number of buf/inv:                        209
Number of references:                      43

Combinational area:                826.727990
Buf/Inv area:                      114.114001
Noncombinational area:             833.644010
Macro/Black Box area:                0.000000
Net Interconnect area:      undefined  (No wire load specified)

Total cell area:                  1660.372000
Total area:                 undefined
1
