 
****************************************
Report : area
Design : MyDesign
Version: P-2019.03-SP1
Date   : Thu Nov 11 00:18:33 2021
****************************************

Library(s) Used:

    NangateOpenCellLibrary_PDKv1_2_v2008_10_slow_nldm (File: /afs/eos.ncsu.edu/lockers/research/ece/wdavis/tech/nangate/NangateOpenCellLibrary_PDKv1_2_v2008_10/liberty/520/NangateOpenCellLibrary_PDKv1_2_v2008_10_slow_nldm.db)

Number of ports:                           89
Number of nets:                          1054
Number of cells:                          980
Number of combinational cells:            805
Number of sequential cells:               149
Number of macros/black boxes:               0
Number of buf/inv:                        214
Number of references:                      39

Combinational area:                832.047991
Buf/Inv area:                      116.508001
Noncombinational area:             747.726010
Macro/Black Box area:                0.000000
Net Interconnect area:      undefined  (No wire load specified)

Total cell area:                  1579.774001
Total area:                 undefined
1
