 
****************************************
Report : area
Design : MyDesign
Version: P-2019.03-SP1
Date   : Tue Nov  9 03:35:41 2021
****************************************

Library(s) Used:

    NangateOpenCellLibrary_PDKv1_2_v2008_10_slow_nldm (File: /afs/eos.ncsu.edu/lockers/research/ece/wdavis/tech/nangate/NangateOpenCellLibrary_PDKv1_2_v2008_10/liberty/520/NangateOpenCellLibrary_PDKv1_2_v2008_10_slow_nldm.db)

Number of ports:                           89
Number of nets:                          1138
Number of cells:                         1056
Number of combinational cells:            811
Number of sequential cells:               219
Number of macros/black boxes:               0
Number of buf/inv:                        244
Number of references:                      44

Combinational area:                836.569992
Buf/Inv area:                      132.468001
Noncombinational area:            1102.038014
Macro/Black Box area:                0.000000
Net Interconnect area:      undefined  (No wire load specified)

Total cell area:                  1938.608006
Total area:                 undefined
1
