 
****************************************
Report : area
Design : MyDesign
Version: P-2019.03-SP1
Date   : Tue Nov  9 05:29:19 2021
****************************************

Library(s) Used:

    NangateOpenCellLibrary_PDKv1_2_v2008_10_slow_nldm (File: /afs/eos.ncsu.edu/lockers/research/ece/wdavis/tech/nangate/NangateOpenCellLibrary_PDKv1_2_v2008_10/liberty/520/NangateOpenCellLibrary_PDKv1_2_v2008_10_slow_nldm.db)

Number of ports:                           89
Number of nets:                           967
Number of cells:                          902
Number of combinational cells:            707
Number of sequential cells:               169
Number of macros/black boxes:               0
Number of buf/inv:                        140
Number of references:                      41

Combinational area:                787.093993
Buf/Inv area:                       76.608001
Noncombinational area:             854.658010
Macro/Black Box area:                0.000000
Net Interconnect area:      undefined  (No wire load specified)

Total cell area:                  1641.752003
Total area:                 undefined
1
