 
****************************************
Report : area
Design : MyDesign
Version: P-2019.03-SP1
Date   : Thu Nov 11 00:58:18 2021
****************************************

Library(s) Used:

    NangateOpenCellLibrary_PDKv1_2_v2008_10_slow_nldm (File: /afs/eos.ncsu.edu/lockers/research/ece/wdavis/tech/nangate/NangateOpenCellLibrary_PDKv1_2_v2008_10/liberty/520/NangateOpenCellLibrary_PDKv1_2_v2008_10_slow_nldm.db)

Number of ports:                           89
Number of nets:                          1037
Number of cells:                          941
Number of combinational cells:            732
Number of sequential cells:               183
Number of macros/black boxes:               0
Number of buf/inv:                        165
Number of references:                      42

Combinational area:                793.211992
Buf/Inv area:                       89.642001
Noncombinational area:             904.932014
Macro/Black Box area:                0.000000
Net Interconnect area:      undefined  (No wire load specified)

Total cell area:                  1698.144006
Total area:                 undefined
1
