 
****************************************
Report : area
Design : MyDesign
Version: P-2019.03-SP1
Date   : Thu Nov 11 01:51:29 2021
****************************************

Library(s) Used:

    NangateOpenCellLibrary_PDKv1_2_v2008_10_slow_nldm (File: /afs/eos.ncsu.edu/lockers/research/ece/wdavis/tech/nangate/NangateOpenCellLibrary_PDKv1_2_v2008_10/liberty/520/NangateOpenCellLibrary_PDKv1_2_v2008_10_slow_nldm.db)

Number of ports:                           89
Number of nets:                          1014
Number of cells:                          931
Number of combinational cells:            767
Number of sequential cells:               138
Number of macros/black boxes:               0
Number of buf/inv:                        170
Number of references:                      49

Combinational area:                820.875991
Buf/Inv area:                       92.036001
Noncombinational area:             682.556011
Macro/Black Box area:                0.000000
Net Interconnect area:      undefined  (No wire load specified)

Total cell area:                  1503.432003
Total area:                 undefined
1
