 
****************************************
Report : timing
        -path full
        -delay max
        -max_paths 1
Design : MyDesign
Version: P-2019.03-SP1
Date   : Thu Nov 11 00:13:22 2021
****************************************

Operating Conditions: slow   Library: NangateOpenCellLibrary_PDKv1_2_v2008_10_slow_nldm
Wire Load Model Mode: top

  Startpoint: R_201 (rising edge-triggered flip-flop clocked by clk)
  Endpoint: R_74 (rising edge-triggered flip-flop clocked by clk)
  Path Group: clk
  Path Type: max

  Point                                    Incr       Path
  -----------------------------------------------------------
  clock clk (rise edge)                  0.0000     0.0000
  clock network delay (ideal)            0.0000     0.0000
  R_201/CK (DFF_X2)                      0.0000     0.0000 r
  R_201/Q (DFF_X2)                       0.6051     0.6051 f
  U589/ZN (INV_X8)                       0.1452     0.7503 r
  U749/ZN (XNOR2_X2)                     0.3178     1.0681 r
  U1223/ZN (XNOR2_X2)                    0.3139     1.3821 r
  U697/ZN (XNOR2_X2)                     0.3337     1.7158 r
  U694/ZN (NAND2_X2)                     0.0785     1.7943 f
  U531/ZN (INV_X2)                       0.0787     1.8730 r
  U659/ZN (NAND2_X2)                     0.0457     1.9187 f
  U501/ZN (INV_X2)                       0.0666     1.9853 r
  U521/ZN (AOI21_X2)                     0.0612     2.0465 f
  R_74/D (DFF_X2)                        0.0000     2.0465 f
  data arrival time                                 2.0465

  clock clk (rise edge)                  2.4200     2.4200
  clock network delay (ideal)            0.0000     2.4200
  clock uncertainty                     -0.0500     2.3700
  R_74/CK (DFF_X2)                       0.0000     2.3700 r
  library setup time                    -0.3218     2.0482
  data required time                                2.0482
  -----------------------------------------------------------
  data required time                                2.0482
  data arrival time                                -2.0465
  -----------------------------------------------------------
  slack (MET)                                       0.0017


1
