 
****************************************
Report : area
Design : MyDesign
Version: P-2019.03-SP1
Date   : Thu Nov 11 00:05:11 2021
****************************************

Library(s) Used:

    NangateOpenCellLibrary_PDKv1_2_v2008_10_slow_nldm (File: /afs/eos.ncsu.edu/lockers/research/ece/wdavis/tech/nangate/NangateOpenCellLibrary_PDKv1_2_v2008_10/liberty/520/NangateOpenCellLibrary_PDKv1_2_v2008_10_slow_nldm.db)

Number of ports:                           89
Number of nets:                          1119
Number of cells:                         1024
Number of combinational cells:            811
Number of sequential cells:               184
Number of macros/black boxes:               0
Number of buf/inv:                        230
Number of references:                      47

Combinational area:                833.111991
Buf/Inv area:                      123.424001
Noncombinational area:             922.222013
Macro/Black Box area:                0.000000
Net Interconnect area:      undefined  (No wire load specified)

Total cell area:                  1755.334004
Total area:                 undefined
1
