 
****************************************
Report : area
Design : MyDesign
Version: P-2019.03-SP1
Date   : Thu Nov 11 01:04:14 2021
****************************************

Library(s) Used:

    NangateOpenCellLibrary_PDKv1_2_v2008_10_slow_nldm (File: /afs/eos.ncsu.edu/lockers/research/ece/wdavis/tech/nangate/NangateOpenCellLibrary_PDKv1_2_v2008_10/liberty/520/NangateOpenCellLibrary_PDKv1_2_v2008_10_slow_nldm.db)

Number of ports:                           89
Number of nets:                          1029
Number of cells:                          947
Number of combinational cells:            762
Number of sequential cells:               159
Number of macros/black boxes:               0
Number of buf/inv:                        182
Number of references:                      43

Combinational area:                807.309991
Buf/Inv area:                       98.420001
Noncombinational area:             790.020012
Macro/Black Box area:                0.000000
Net Interconnect area:      undefined  (No wire load specified)

Total cell area:                  1597.330003
Total area:                 undefined
1
