 
****************************************
Report : area
Design : MyDesign
Version: P-2019.03-SP1
Date   : Thu Nov 11 00:09:06 2021
****************************************

Library(s) Used:

    NangateOpenCellLibrary_PDKv1_2_v2008_10_slow_nldm (File: /afs/eos.ncsu.edu/lockers/research/ece/wdavis/tech/nangate/NangateOpenCellLibrary_PDKv1_2_v2008_10/liberty/520/NangateOpenCellLibrary_PDKv1_2_v2008_10_slow_nldm.db)

Number of ports:                           89
Number of nets:                          1048
Number of cells:                          975
Number of combinational cells:            836
Number of sequential cells:               111
Number of macros/black boxes:               0
Number of buf/inv:                        225
Number of references:                      39

Combinational area:                845.879990
Buf/Inv area:                      121.562001
Noncombinational area:             560.462007
Macro/Black Box area:                0.000000
Net Interconnect area:      undefined  (No wire load specified)

Total cell area:                  1406.341997
Total area:                 undefined
1
