 
****************************************
Report : area
Design : MyDesign
Version: P-2019.03-SP1
Date   : Thu Nov 11 00:02:54 2021
****************************************

Library(s) Used:

    NangateOpenCellLibrary_PDKv1_2_v2008_10_slow_nldm (File: /afs/eos.ncsu.edu/lockers/research/ece/wdavis/tech/nangate/NangateOpenCellLibrary_PDKv1_2_v2008_10/liberty/520/NangateOpenCellLibrary_PDKv1_2_v2008_10_slow_nldm.db)

Number of ports:                           89
Number of nets:                          1090
Number of cells:                          998
Number of combinational cells:            811
Number of sequential cells:               161
Number of macros/black boxes:               0
Number of buf/inv:                        221
Number of references:                      43

Combinational area:                829.919991
Buf/Inv area:                      120.764001
Noncombinational area:             795.606013
Macro/Black Box area:                0.000000
Net Interconnect area:      undefined  (No wire load specified)

Total cell area:                  1625.526003
Total area:                 undefined
1
