 
****************************************
Report : timing
        -path full
        -delay max
        -max_paths 1
Design : MyDesign
Version: P-2019.03-SP1
Date   : Thu Nov 11 00:02:54 2021
****************************************

Operating Conditions: slow   Library: NangateOpenCellLibrary_PDKv1_2_v2008_10_slow_nldm
Wire Load Model Mode: top

  Startpoint: row0_reg[10]
              (rising edge-triggered flip-flop clocked by clk)
  Endpoint: R_71 (rising edge-triggered flip-flop clocked by clk)
  Path Group: clk
  Path Type: max

  Point                                    Incr       Path
  -----------------------------------------------------------
  clock clk (rise edge)                  0.0000     0.0000
  clock network delay (ideal)            0.0000     0.0000
  row0_reg[10]/CK (DFF_X1)               0.0000     0.0000 r
  row0_reg[10]/Q (DFF_X1)                0.5855     0.5855 f
  U944/ZN (XNOR2_X1)                     0.4386     1.0241 r
  U855/ZN (INV_X1)                       0.0816     1.1057 f
  U853/ZN (AOI22_X1)                     0.4212     1.5269 r
  U857/ZN (NAND2_X1)                     0.1601     1.6870 f
  U477/ZN (INV_X1)                       0.1165     1.8035 r
  U724/ZN (NAND2_X2)                     0.0533     1.8568 f
  U480/ZN (NAND3_X1)                     0.1791     2.0358 r
  U723/ZN (NAND2_X2)                     0.0900     2.1259 f
  U517/ZN (INV_X2)                       0.0658     2.1916 r
  R_71/D (DFF_X1)                        0.0000     2.1916 r
  data arrival time                                 2.1916

  clock clk (rise edge)                  2.4100     2.4100
  clock network delay (ideal)            0.0000     2.4100
  clock uncertainty                     -0.0500     2.3600
  R_71/CK (DFF_X1)                       0.0000     2.3600 r
  library setup time                    -0.1673     2.1927
  data required time                                2.1927
  -----------------------------------------------------------
  data required time                                2.1927
  data arrival time                                -2.1916
  -----------------------------------------------------------
  slack (MET)                                       0.0011


1
