Information: Updating design information... (UID-85)
 
****************************************
Report : timing
        -path full
        -delay min
        -max_paths 1
Design : MyDesign
Version: P-2019.03-SP1
Date   : Thu Nov 11 00:02:53 2021
****************************************

Operating Conditions: fast   Library: NangateOpenCellLibrary_PDKv1_2_v2008_10_fast_nldm
Wire Load Model Mode: top

  Startpoint: R_53 (rising edge-triggered flip-flop clocked by clk)
  Endpoint: R_13 (rising edge-triggered flip-flop clocked by clk)
  Path Group: clk
  Path Type: min

  Point                                    Incr       Path
  -----------------------------------------------------------
  clock clk (rise edge)                  0.0000     0.0000
  clock network delay (ideal)            0.0000     0.0000
  R_53/CK (DFF_X1)                       0.0000     0.0000 r
  R_53/QN (DFF_X1)                       0.0602     0.0602 f
  R_13/D (DFF_X1)                        0.0000     0.0602 f
  data arrival time                                 0.0602

  clock clk (rise edge)                  0.0000     0.0000
  clock network delay (ideal)            0.0000     0.0000
  clock uncertainty                      0.0500     0.0500
  R_13/CK (DFF_X1)                       0.0000     0.0500 r
  library hold time                     -0.0002     0.0498
  data required time                                0.0498
  -----------------------------------------------------------
  data required time                                0.0498
  data arrival time                                -0.0602
  -----------------------------------------------------------
  slack (MET)                                       0.0104


1
