 
****************************************
Report : area
Design : MyDesign
Version: P-2019.03-SP1
Date   : Thu Nov 11 01:39:53 2021
****************************************

Library(s) Used:

    NangateOpenCellLibrary_PDKv1_2_v2008_10_slow_nldm (File: /afs/eos.ncsu.edu/lockers/research/ece/wdavis/tech/nangate/NangateOpenCellLibrary_PDKv1_2_v2008_10/liberty/520/NangateOpenCellLibrary_PDKv1_2_v2008_10_slow_nldm.db)

Number of ports:                           89
Number of nets:                           998
Number of cells:                          927
Number of combinational cells:            789
Number of sequential cells:               110
Number of macros/black boxes:               0
Number of buf/inv:                        168
Number of references:                      42

Combinational area:                829.653990
Buf/Inv area:                       92.302001
Noncombinational area:             557.004007
Macro/Black Box area:                0.000000
Net Interconnect area:      undefined  (No wire load specified)

Total cell area:                  1386.657998
Total area:                 undefined
1
