Information: Updating design information... (UID-85)
 
****************************************
Report : timing
        -path full
        -delay min
        -max_paths 1
Design : MyDesign
Version: P-2019.03-SP1
Date   : Sun Oct 31 03:38:57 2021
****************************************

Operating Conditions: fast   Library: NangateOpenCellLibrary_PDKv1_2_v2008_10_fast_nldm
Wire Load Model Mode: top

  Startpoint: clk_r_REG55_S5
              (rising edge-triggered flip-flop clocked by clk)
  Endpoint: clk_r_REG56_S6
            (rising edge-triggered flip-flop clocked by clk)
  Path Group: clk
  Path Type: min

  Point                                    Incr       Path
  -----------------------------------------------------------
  clock clk (rise edge)                  0.0000     0.0000
  clock network delay (ideal)            0.0000     0.0000
  clk_r_REG55_S5/CK (DFFR_X1)            0.0000     0.0000 r
  clk_r_REG55_S5/QN (DFFR_X1)            0.0624     0.0624 f
  clk_r_REG56_S6/D (DFF_X1)              0.0000     0.0624 f
  data arrival time                                 0.0624

  clock clk (rise edge)                  0.0000     0.0000
  clock network delay (ideal)            0.0000     0.0000
  clock uncertainty                      0.0500     0.0500
  clk_r_REG56_S6/CK (DFF_X1)             0.0000     0.0500 r
  library hold time                      0.0000     0.0500
  data required time                                0.0500
  -----------------------------------------------------------
  data required time                                0.0500
  data arrival time                                -0.0624
  -----------------------------------------------------------
  slack (MET)                                       0.0124


1
