 
****************************************
Report : area
Design : MyDesign
Version: P-2019.03-SP1
Date   : Tue Nov  9 02:41:37 2021
****************************************

Library(s) Used:

    NangateOpenCellLibrary_PDKv1_2_v2008_10_slow_nldm (File: /afs/eos.ncsu.edu/lockers/research/ece/wdavis/tech/nangate/NangateOpenCellLibrary_PDKv1_2_v2008_10/liberty/520/NangateOpenCellLibrary_PDKv1_2_v2008_10_slow_nldm.db)

Number of ports:                           89
Number of nets:                          1109
Number of cells:                         1027
Number of combinational cells:            818
Number of sequential cells:               183
Number of macros/black boxes:               0
Number of buf/inv:                        246
Number of references:                      46

Combinational area:                839.229991
Buf/Inv area:                      133.000001
Noncombinational area:             928.606011
Macro/Black Box area:                0.000000
Net Interconnect area:      undefined  (No wire load specified)

Total cell area:                  1767.836002
Total area:                 undefined
1
