 
****************************************
Report : timing
        -path full
        -delay max
        -max_paths 1
Design : MyDesign
Version: P-2019.03-SP1
Date   : Tue Nov  9 02:41:37 2021
****************************************

Operating Conditions: slow   Library: NangateOpenCellLibrary_PDKv1_2_v2008_10_slow_nldm
Wire Load Model Mode: top

  Startpoint: dut_run (input port clocked by clk)
  Endpoint: R_88 (rising edge-triggered flip-flop clocked by clk)
  Path Group: clk
  Path Type: max

  Point                                    Incr       Path
  -----------------------------------------------------------
  clock clk (rise edge)                  0.0000     0.0000
  clock network delay (ideal)            0.0000     0.0000
  input external delay                   0.6580     0.6580 f
  dut_run (in)                           0.0207     0.6787 f
  U862/ZN (NAND2_X1)                     0.1351     0.8138 r
  U505/ZN (OAI21_X1)                     0.1099     0.9237 f
  U715/ZN (NAND2_X2)                     0.1004     1.0241 r
  U714/ZN (NAND2_X2)                     0.0875     1.1116 f
  U713/ZN (NAND2_X2)                     0.1149     1.2265 r
  U712/ZN (INV_X4)                       0.0516     1.2781 f
  U494/ZN (NOR2_X2)                      0.1842     1.4623 r
  U508/ZN (INV_X4)                       0.0757     1.5380 f
  U499/ZN (NAND2_X1)                     0.1807     1.7186 r
  U531/ZN (NAND2_X2)                     0.1038     1.8224 f
  U529/ZN (INV_X2)                       0.0874     1.9098 r
  U1314/ZN (NOR2_X1)                     0.0591     1.9690 f
  R_88/D (DFFS_X2)                       0.0000     1.9690 f
  data arrival time                                 1.9690

  clock clk (rise edge)                  2.4900     2.4900
  clock network delay (ideal)            0.0000     2.4900
  clock uncertainty                     -0.0500     2.4400
  R_88/CK (DFFS_X2)                      0.0000     2.4400 r
  library setup time                    -0.4707     1.9693
  data required time                                1.9693
  -----------------------------------------------------------
  data required time                                1.9693
  data arrival time                                -1.9690
  -----------------------------------------------------------
  slack (MET)                                       0.0003


1
