 
****************************************
Report : area
Design : MyDesign
Version: P-2019.03-SP1
Date   : Thu Nov 11 02:21:49 2021
****************************************

Library(s) Used:

    NangateOpenCellLibrary_PDKv1_2_v2008_10_slow_nldm (File: /afs/eos.ncsu.edu/lockers/research/ece/wdavis/tech/nangate/NangateOpenCellLibrary_PDKv1_2_v2008_10/liberty/520/NangateOpenCellLibrary_PDKv1_2_v2008_10_slow_nldm.db)

Number of ports:                           89
Number of nets:                          1062
Number of cells:                          975
Number of combinational cells:            731
Number of sequential cells:               217
Number of macros/black boxes:               0
Number of buf/inv:                        185
Number of references:                      47

Combinational area:                795.871993
Buf/Inv area:                      100.282001
Noncombinational area:            1086.078015
Macro/Black Box area:                0.000000
Net Interconnect area:      undefined  (No wire load specified)

Total cell area:                  1881.950008
Total area:                 undefined
1
