Information: Updating design information... (UID-85)
 
****************************************
Report : timing
        -path full
        -delay max
        -max_paths 1
Design : MyDesign
Version: P-2019.03-SP1
Date   : Thu Nov 11 02:21:45 2021
****************************************

Operating Conditions: slow   Library: NangateOpenCellLibrary_PDKv1_2_v2008_10_slow_nldm
Wire Load Model Mode: top

  Startpoint: R_88 (rising edge-triggered flip-flop clocked by clk)
  Endpoint: R_132 (rising edge-triggered flip-flop clocked by clk)
  Path Group: clk
  Path Type: max

  Point                                    Incr       Path
  -----------------------------------------------------------
  clock clk (rise edge)                  0.0000     0.0000
  clock network delay (ideal)            0.0000     0.0000
  R_88/CK (DFF_X1)                       0.0000     0.0000 r
  R_88/Q (DFF_X1)                        0.6016     0.6016 f
  U722/ZN (XNOR2_X1)                     0.3308     0.9324 r
  U480/ZN (XNOR2_X2)                     0.3413     1.2737 r
  U479/ZN (XNOR2_X2)                     0.3142     1.5879 r
  U670/ZN (INV_X2)                       0.0590     1.6469 f
  U508/ZN (NAND3_X2)                     0.1187     1.7656 r
  U481/ZN (NAND3_X2)                     0.0807     1.8463 f
  U666/ZN (NAND3_X2)                     0.1745     2.0208 r
  U517/ZN (INV_X2)                       0.0480     2.0687 f
  R_132/D (DFF_X1)                       0.0000     2.0687 f
  data arrival time                                 2.0687

  clock clk (rise edge)                  2.4330     2.4330
  clock network delay (ideal)            0.0000     2.4330
  clock uncertainty                     -0.0500     2.3830
  R_132/CK (DFF_X1)                      0.0000     2.3830 r
  library setup time                    -0.3059     2.0771
  data required time                                2.0771
  -----------------------------------------------------------
  data required time                                2.0771
  data arrival time                                -2.0687
  -----------------------------------------------------------
  slack (MET)                                       0.0083


1
