 
****************************************
Report : area
Design : MyDesign
Version: P-2019.03-SP1
Date   : Tue Nov  9 03:33:39 2021
****************************************

Library(s) Used:

    NangateOpenCellLibrary_PDKv1_2_v2008_10_slow_nldm (File: /afs/eos.ncsu.edu/lockers/research/ece/wdavis/tech/nangate/NangateOpenCellLibrary_PDKv1_2_v2008_10/liberty/520/NangateOpenCellLibrary_PDKv1_2_v2008_10_slow_nldm.db)

Number of ports:                           89
Number of nets:                          1081
Number of cells:                         1018
Number of combinational cells:            792
Number of sequential cells:               200
Number of macros/black boxes:               0
Number of buf/inv:                        223
Number of references:                      42

Combinational area:                822.205992
Buf/Inv area:                      122.360001
Noncombinational area:            1010.002013
Macro/Black Box area:                0.000000
Net Interconnect area:      undefined  (No wire load specified)

Total cell area:                  1832.208004
Total area:                 undefined
1
