Information: Updating design information... (UID-85)
 
****************************************
Report : timing
        -path full
        -delay max
        -max_paths 1
Design : MyDesign
Version: P-2019.03-SP1
Date   : Wed Nov 10 01:41:41 2021
****************************************

Operating Conditions: slow   Library: NangateOpenCellLibrary_PDKv1_2_v2008_10_slow_nldm
Wire Load Model Mode: top

  Startpoint: clk_r_REG137_S2
              (rising edge-triggered flip-flop clocked by clk)
  Endpoint: R_11_clk_r_REG123_S2
            (rising edge-triggered flip-flop clocked by clk)
  Path Group: clk
  Path Type: max

  Point                                    Incr       Path
  -----------------------------------------------------------
  clock clk (rise edge)                  0.0000     0.0000
  clock network delay (ideal)            0.0000     0.0000
  clk_r_REG137_S2/CK (DFF_X1)            0.0000     0.0000 r
  clk_r_REG137_S2/Q (DFF_X1)             0.6357     0.6357 f
  U774/ZN (XNOR2_X2)                     0.3227     0.9584 f
  U773/ZN (XNOR2_X2)                     0.3150     1.2734 f
  U772/ZN (XNOR2_X2)                     0.2633     1.5367 f
  U707/ZN (NAND3_X2)                     0.2259     1.7626 r
  U991/ZN (NAND2_X2)                     0.0717     1.8343 f
  R_11_clk_r_REG123_S2/D (DFF_X2)        0.0000     1.8343 f
  data arrival time                                 1.8343

  clock clk (rise edge)                  2.1900     2.1900
  clock network delay (ideal)            0.0000     2.1900
  clock uncertainty                     -0.0500     2.1400
  R_11_clk_r_REG123_S2/CK (DFF_X2)       0.0000     2.1400 r
  library setup time                    -0.3051     1.8349
  data required time                                1.8349
  -----------------------------------------------------------
  data required time                                1.8349
  data arrival time                                -1.8343
  -----------------------------------------------------------
  slack (MET)                                       0.0006


1
