 
****************************************
Report : area
Design : MyDesign
Version: P-2019.03-SP1
Date   : Wed Nov 10 23:43:02 2021
****************************************

Library(s) Used:

    NangateOpenCellLibrary_PDKv1_2_v2008_10_slow_nldm (File: /afs/eos.ncsu.edu/lockers/research/ece/wdavis/tech/nangate/NangateOpenCellLibrary_PDKv1_2_v2008_10/liberty/520/NangateOpenCellLibrary_PDKv1_2_v2008_10_slow_nldm.db)

Number of ports:                           89
Number of nets:                          1099
Number of cells:                         1016
Number of combinational cells:            875
Number of sequential cells:               108
Number of macros/black boxes:               0
Number of buf/inv:                        236
Number of references:                      54

Combinational area:                881.789988
Buf/Inv area:                      133.798001
Noncombinational area:             562.324006
Macro/Black Box area:                0.000000
Net Interconnect area:      undefined  (No wire load specified)

Total cell area:                  1444.113994
Total area:                 undefined
1
