Information: Updating design information... (UID-85)
 
****************************************
Report : timing
        -path full
        -delay min
        -max_paths 1
Design : MyDesign
Version: P-2019.03-SP1
Date   : Wed Nov 10 23:43:00 2021
****************************************

Operating Conditions: fast   Library: NangateOpenCellLibrary_PDKv1_2_v2008_10_fast_nldm
Wire Load Model Mode: top

  Startpoint: row1_reg[9]
              (rising edge-triggered flip-flop clocked by clk)
  Endpoint: row0_reg[9]
            (rising edge-triggered flip-flop clocked by clk)
  Path Group: clk
  Path Type: min

  Point                                    Incr       Path
  -----------------------------------------------------------
  clock clk (rise edge)                  0.0000     0.0000
  clock network delay (ideal)            0.0000     0.0000
  row1_reg[9]/CK (SDFF_X1)               0.0000     0.0000 r
  row1_reg[9]/Q (SDFF_X1)                0.0561     0.0561 f
  row0_reg[9]/D (DFF_X2)                 0.0000     0.0561 f
  data arrival time                                 0.0561

  clock clk (rise edge)                  0.0000     0.0000
  clock network delay (ideal)            0.0000     0.0000
  clock uncertainty                      0.0500     0.0500
  row0_reg[9]/CK (DFF_X2)                0.0000     0.0500 r
  library hold time                     -0.0012     0.0488
  data required time                                0.0488
  -----------------------------------------------------------
  data required time                                0.0488
  data arrival time                                -0.0561
  -----------------------------------------------------------
  slack (MET)                                       0.0073


1
