 
****************************************
Report : area
Design : MyDesign
Version: P-2019.03-SP1
Date   : Thu Nov 11 01:50:34 2021
****************************************

Library(s) Used:

    NangateOpenCellLibrary_PDKv1_2_v2008_10_slow_nldm (File: /afs/eos.ncsu.edu/lockers/research/ece/wdavis/tech/nangate/NangateOpenCellLibrary_PDKv1_2_v2008_10/liberty/520/NangateOpenCellLibrary_PDKv1_2_v2008_10_slow_nldm.db)

Number of ports:                           89
Number of nets:                          1035
Number of cells:                          947
Number of combinational cells:            782
Number of sequential cells:               132
Number of macros/black boxes:               0
Number of buf/inv:                        192
Number of references:                      50

Combinational area:                822.205991
Buf/Inv area:                      104.272001
Noncombinational area:             665.532011
Macro/Black Box area:                0.000000
Net Interconnect area:      undefined  (No wire load specified)

Total cell area:                  1487.738002
Total area:                 undefined
1
