 
****************************************
Report : area
Design : MyDesign
Version: P-2019.03-SP1
Date   : Tue Nov  9 02:56:54 2021
****************************************

Library(s) Used:

    NangateOpenCellLibrary_PDKv1_2_v2008_10_slow_nldm (File: /afs/eos.ncsu.edu/lockers/research/ece/wdavis/tech/nangate/NangateOpenCellLibrary_PDKv1_2_v2008_10/liberty/520/NangateOpenCellLibrary_PDKv1_2_v2008_10_slow_nldm.db)

Number of ports:                           89
Number of nets:                          1070
Number of cells:                         1006
Number of combinational cells:            801
Number of sequential cells:               179
Number of macros/black boxes:               0
Number of buf/inv:                        220
Number of references:                      41

Combinational area:                829.919992
Buf/Inv area:                      118.902001
Noncombinational area:             902.538011
Macro/Black Box area:                0.000000
Net Interconnect area:      undefined  (No wire load specified)

Total cell area:                  1732.458003
Total area:                 undefined
1
