 
****************************************
Report : area
Design : MyDesign
Version: P-2019.03-SP1
Date   : Thu Nov 11 01:01:33 2021
****************************************

Library(s) Used:

    NangateOpenCellLibrary_PDKv1_2_v2008_10_slow_nldm (File: /afs/eos.ncsu.edu/lockers/research/ece/wdavis/tech/nangate/NangateOpenCellLibrary_PDKv1_2_v2008_10/liberty/520/NangateOpenCellLibrary_PDKv1_2_v2008_10_slow_nldm.db)

Number of ports:                           89
Number of nets:                          1014
Number of cells:                          921
Number of combinational cells:            738
Number of sequential cells:               157
Number of macros/black boxes:               0
Number of buf/inv:                        160
Number of references:                      43

Combinational area:                795.339991
Buf/Inv area:                       86.716001
Noncombinational area:             780.444012
Macro/Black Box area:                0.000000
Net Interconnect area:      undefined  (No wire load specified)

Total cell area:                  1575.784003
Total area:                 undefined
1
