 
****************************************
Report : area
Design : MyDesign
Version: P-2019.03-SP1
Date   : Thu Nov 11 01:32:30 2021
****************************************

Library(s) Used:

    NangateOpenCellLibrary_PDKv1_2_v2008_10_slow_nldm (File: /afs/eos.ncsu.edu/lockers/research/ece/wdavis/tech/nangate/NangateOpenCellLibrary_PDKv1_2_v2008_10/liberty/520/NangateOpenCellLibrary_PDKv1_2_v2008_10_slow_nldm.db)

Number of ports:                           89
Number of nets:                           998
Number of cells:                          925
Number of combinational cells:            702
Number of sequential cells:               197
Number of macros/black boxes:               0
Number of buf/inv:                        137
Number of references:                      44

Combinational area:                779.379992
Buf/Inv area:                       73.948001
Noncombinational area:             979.678015
Macro/Black Box area:                0.000000
Net Interconnect area:      undefined  (No wire load specified)

Total cell area:                  1759.058007
Total area:                 undefined
1
