 
****************************************
Report : area
Design : MyDesign
Version: P-2019.03-SP1
Date   : Tue Nov  9 04:08:23 2021
****************************************

Library(s) Used:

    NangateOpenCellLibrary_PDKv1_2_v2008_10_slow_nldm (File: /afs/eos.ncsu.edu/lockers/research/ece/wdavis/tech/nangate/NangateOpenCellLibrary_PDKv1_2_v2008_10/liberty/520/NangateOpenCellLibrary_PDKv1_2_v2008_10_slow_nldm.db)

Number of ports:                           89
Number of nets:                          1046
Number of cells:                          950
Number of combinational cells:            778
Number of sequential cells:               146
Number of macros/black boxes:               0
Number of buf/inv:                        211
Number of references:                      41

Combinational area:                815.289991
Buf/Inv area:                      113.848001
Noncombinational area:             733.362010
Macro/Black Box area:                0.000000
Net Interconnect area:      undefined  (No wire load specified)

Total cell area:                  1548.652001
Total area:                 undefined
1
