 
****************************************
Report : area
Design : MyDesign
Version: P-2019.03-SP1
Date   : Tue Nov  9 05:51:26 2021
****************************************

Library(s) Used:

    NangateOpenCellLibrary_PDKv1_2_v2008_10_slow_nldm (File: /afs/eos.ncsu.edu/lockers/research/ece/wdavis/tech/nangate/NangateOpenCellLibrary_PDKv1_2_v2008_10/liberty/520/NangateOpenCellLibrary_PDKv1_2_v2008_10_slow_nldm.db)

Number of ports:                           89
Number of nets:                          1042
Number of cells:                          955
Number of combinational cells:            809
Number of sequential cells:               113
Number of macros/black boxes:               0
Number of buf/inv:                        183
Number of references:                      43

Combinational area:                845.347990
Buf/Inv area:                      100.016001
Noncombinational area:             587.328005
Macro/Black Box area:                0.000000
Net Interconnect area:      undefined  (No wire load specified)

Total cell area:                  1432.675995
Total area:                 undefined
1
