 
****************************************
Report : timing
        -path full
        -delay max
        -max_paths 1
Design : MyDesign
Version: P-2019.03-SP1
Date   : Tue Nov  9 05:51:26 2021
****************************************

Operating Conditions: slow   Library: NangateOpenCellLibrary_PDKv1_2_v2008_10_slow_nldm
Wire Load Model Mode: top

  Startpoint: cnt_fill_reg[1]
              (rising edge-triggered flip-flop clocked by clk)
  Endpoint: cnt_w_reg[3]
            (rising edge-triggered flip-flop clocked by clk)
  Path Group: clk
  Path Type: max

  Point                                    Incr       Path
  -----------------------------------------------------------
  clock clk (rise edge)                  0.0000     0.0000
  clock network delay (ideal)            0.0000     0.0000
  cnt_fill_reg[1]/CK (DFFR_X1)           0.0000     0.0000 r
  cnt_fill_reg[1]/Q (DFFR_X1)            0.7152     0.7152 f
  U1214/ZN (NAND2_X2)                    0.1283     0.8435 r
  U720/ZN (NAND3_X2)                     0.0716     0.9150 f
  U707/ZN (NAND3_X2)                     0.2330     1.1480 r
  U706/ZN (NAND2_X2)                     0.1230     1.2710 f
  U516/ZN (NAND2_X1)                     0.2766     1.5476 r
  U566/ZN (NOR2_X2)                      0.1027     1.6503 f
  U1364/ZN (NAND3_X1)                    0.2182     1.8685 r
  U1367/ZN (NAND2_X1)                    0.0945     1.9629 f
  cnt_w_reg[3]/D (DFFR_X1)               0.0000     1.9629 f
  data arrival time                                 1.9629

  clock clk (rise edge)                  2.4370     2.4370
  clock network delay (ideal)            0.0000     2.4370
  clock uncertainty                     -0.0500     2.3870
  cnt_w_reg[3]/CK (DFFR_X1)              0.0000     2.3870 r
  library setup time                    -0.4236     1.9634
  data required time                                1.9634
  -----------------------------------------------------------
  data required time                                1.9634
  data arrival time                                -1.9629
  -----------------------------------------------------------
  slack (MET)                                       0.0005


1
