Information: Updating design information... (UID-85)
 
****************************************
Report : timing
        -path full
        -delay max
        -max_paths 1
Design : MyDesign
Version: P-2019.03-SP1
Date   : Tue Nov  9 04:27:53 2021
****************************************

Operating Conditions: slow   Library: NangateOpenCellLibrary_PDKv1_2_v2008_10_slow_nldm
Wire Load Model Mode: top

  Startpoint: row0_reg[7]
              (rising edge-triggered flip-flop clocked by clk)
  Endpoint: R_8 (rising edge-triggered flip-flop clocked by clk)
  Path Group: clk
  Path Type: max

  Point                                    Incr       Path
  -----------------------------------------------------------
  clock clk (rise edge)                  0.0000     0.0000
  clock network delay (ideal)            0.0000     0.0000
  row0_reg[7]/CK (DFF_X2)                0.0000     0.0000 r
  row0_reg[7]/Q (DFF_X2)                 0.6139     0.6139 f
  U862/ZN (XNOR2_X1)                     0.4403     1.0543 r
  U772/ZN (XNOR2_X2)                     0.3690     1.4233 r
  U771/ZN (XNOR2_X2)                     0.3670     1.7902 r
  U767/ZN (NAND2_X2)                     0.0830     1.8733 f
  U766/ZN (NAND3_X2)                     0.1894     2.0627 r
  U814/ZN (NAND2_X2)                     0.0783     2.1410 f
  U999/ZN (INV_X2)                       0.0613     2.2023 r
  R_8/D (DFF_X2)                         0.0000     2.2023 r
  data arrival time                                 2.2023

  clock clk (rise edge)                  2.4200     2.4200
  clock network delay (ideal)            0.0000     2.4200
  clock uncertainty                     -0.0500     2.3700
  R_8/CK (DFF_X2)                        0.0000     2.3700 r
  library setup time                    -0.1670     2.2030
  data required time                                2.2030
  -----------------------------------------------------------
  data required time                                2.2030
  data arrival time                                -2.2023
  -----------------------------------------------------------
  slack (MET)                                       0.0007


1
