 
****************************************
Report : area
Design : MyDesign
Version: P-2019.03-SP1
Date   : Wed Nov 10 23:57:08 2021
****************************************

Library(s) Used:

    NangateOpenCellLibrary_PDKv1_2_v2008_10_slow_nldm (File: /afs/eos.ncsu.edu/lockers/research/ece/wdavis/tech/nangate/NangateOpenCellLibrary_PDKv1_2_v2008_10/liberty/520/NangateOpenCellLibrary_PDKv1_2_v2008_10_slow_nldm.db)

Number of ports:                           89
Number of nets:                          1043
Number of cells:                          970
Number of combinational cells:            826
Number of sequential cells:               116
Number of macros/black boxes:               0
Number of buf/inv:                        221
Number of references:                      41

Combinational area:                841.091990
Buf/Inv area:                      119.434001
Noncombinational area:             585.200007
Macro/Black Box area:                0.000000
Net Interconnect area:      undefined  (No wire load specified)

Total cell area:                  1426.291998
Total area:                 undefined
1
