 
****************************************
Report : area
Design : MyDesign
Version: P-2019.03-SP1
Date   : Thu Nov 11 00:04:24 2021
****************************************

Library(s) Used:

    NangateOpenCellLibrary_PDKv1_2_v2008_10_slow_nldm (File: /afs/eos.ncsu.edu/lockers/research/ece/wdavis/tech/nangate/NangateOpenCellLibrary_PDKv1_2_v2008_10/liberty/520/NangateOpenCellLibrary_PDKv1_2_v2008_10_slow_nldm.db)

Number of ports:                           89
Number of nets:                          1079
Number of cells:                          989
Number of combinational cells:            789
Number of sequential cells:               174
Number of macros/black boxes:               0
Number of buf/inv:                        209
Number of references:                      39

Combinational area:                813.161991
Buf/Inv area:                      113.050001
Noncombinational area:             861.042014
Macro/Black Box area:                0.000000
Net Interconnect area:      undefined  (No wire load specified)

Total cell area:                  1674.204005
Total area:                 undefined
1
