Information: Updating design information... (UID-85)
 
****************************************
Report : timing
        -path full
        -delay max
        -max_paths 1
Design : MyDesign
Version: P-2019.03-SP1
Date   : Thu Nov 11 00:04:21 2021
****************************************

Operating Conditions: slow   Library: NangateOpenCellLibrary_PDKv1_2_v2008_10_slow_nldm
Wire Load Model Mode: top

  Startpoint: weight_reg[4]
              (rising edge-triggered flip-flop clocked by clk)
  Endpoint: R_11 (rising edge-triggered flip-flop clocked by clk)
  Path Group: clk
  Path Type: max

  Point                                    Incr       Path
  -----------------------------------------------------------
  clock clk (rise edge)                  0.0000     0.0000
  clock network delay (ideal)            0.0000     0.0000
  weight_reg[4]/CK (DFF_X2)              0.0000     0.0000 r
  weight_reg[4]/QN (DFF_X2)              0.3586     0.3586 f
  U1132/ZN (INV_X8)                      0.1565     0.5152 r
  U900/ZN (XNOR2_X1)                     0.3172     0.8323 r
  U775/ZN (INV_X1)                       0.0782     0.9106 f
  U554/ZN (INV_X2)                       0.1190     1.0295 r
  U505/ZN (INV_X2)                       0.0452     1.0747 f
  U1168/ZN (AOI22_X2)                    0.3190     1.3937 r
  U1170/ZN (NAND2_X2)                    0.0830     1.4766 f
  U1174/ZN (INV_X1)                      0.0907     1.5673 r
  U1175/ZN (NAND2_X1)                    0.0576     1.6249 f
  U1040/ZN (NAND4_X1)                    0.2916     1.9165 r
  U1039/ZN (NAND3_X1)                    0.1515     2.0681 f
  R_11/D (DFF_X1)                        0.0000     2.0681 f
  data arrival time                                 2.0681

  clock clk (rise edge)                  2.4500     2.4500
  clock network delay (ideal)            0.0000     2.4500
  clock uncertainty                     -0.0500     2.4000
  R_11/CK (DFF_X1)                       0.0000     2.4000 r
  library setup time                    -0.3260     2.0740
  data required time                                2.0740
  -----------------------------------------------------------
  data required time                                2.0740
  data arrival time                                -2.0681
  -----------------------------------------------------------
  slack (MET)                                       0.0059


1
