 
****************************************
Report : area
Design : MyDesign
Version: P-2019.03-SP1
Date   : Tue Nov  9 06:28:08 2021
****************************************

Library(s) Used:

    NangateOpenCellLibrary_PDKv1_2_v2008_10_slow_nldm (File: /afs/eos.ncsu.edu/lockers/research/ece/wdavis/tech/nangate/NangateOpenCellLibrary_PDKv1_2_v2008_10/liberty/520/NangateOpenCellLibrary_PDKv1_2_v2008_10_slow_nldm.db)

Number of ports:                           89
Number of nets:                          1089
Number of cells:                         1009
Number of combinational cells:            838
Number of sequential cells:               138
Number of macros/black boxes:               0
Number of buf/inv:                        215
Number of references:                      50

Combinational area:                858.913989
Buf/Inv area:                      122.892000
Noncombinational area:             708.624009
Macro/Black Box area:                0.000000
Net Interconnect area:      undefined  (No wire load specified)

Total cell area:                  1567.537998
Total area:                 undefined
1
