 
****************************************
Report : area
Design : MyDesign
Version: P-2019.03-SP1
Date   : Tue Nov  9 05:27:28 2021
****************************************

Library(s) Used:

    NangateOpenCellLibrary_PDKv1_2_v2008_10_slow_nldm (File: /afs/eos.ncsu.edu/lockers/research/ece/wdavis/tech/nangate/NangateOpenCellLibrary_PDKv1_2_v2008_10/liberty/520/NangateOpenCellLibrary_PDKv1_2_v2008_10_slow_nldm.db)

Number of ports:                           89
Number of nets:                           971
Number of cells:                          906
Number of combinational cells:            700
Number of sequential cells:               180
Number of macros/black boxes:               0
Number of buf/inv:                        140
Number of references:                      43

Combinational area:                780.709993
Buf/Inv area:                       76.076001
Noncombinational area:             908.124011
Macro/Black Box area:                0.000000
Net Interconnect area:      undefined  (No wire load specified)

Total cell area:                  1688.834004
Total area:                 undefined
1
