Information: Updating design information... (UID-85)
 
****************************************
Report : timing
        -path full
        -delay max
        -max_paths 1
Design : MyDesign
Version: P-2019.03-SP1
Date   : Tue Nov  9 05:27:25 2021
****************************************

Operating Conditions: slow   Library: NangateOpenCellLibrary_PDKv1_2_v2008_10_slow_nldm
Wire Load Model Mode: top

  Startpoint: row1_reg[11]
              (rising edge-triggered flip-flop clocked by clk)
  Endpoint: R_92 (rising edge-triggered flip-flop clocked by clk)
  Path Group: clk
  Path Type: max

  Point                                    Incr       Path
  -----------------------------------------------------------
  clock clk (rise edge)                  0.0000     0.0000
  clock network delay (ideal)            0.0000     0.0000
  row1_reg[11]/CK (DFF_X1)               0.0000     0.0000 r
  row1_reg[11]/Q (DFF_X1)                0.5826     0.5826 f
  U887/ZN (XNOR2_X1)                     0.3222     0.9047 f
  U804/ZN (NOR2_X1)                      0.2179     1.1226 r
  U803/ZN (INV_X1)                       0.0585     1.1811 f
  U745/ZN (AOI22_X1)                     0.3873     1.5684 r
  U1247/ZN (NAND2_X2)                    0.0875     1.6559 f
  U533/ZN (INV_X1)                       0.1008     1.7567 r
  U1033/ZN (NAND2_X1)                    0.0593     1.8160 f
  U948/ZN (NAND4_X1)                     0.3122     2.1282 r
  R_92/D (DFF_X2)                        0.0000     2.1282 r
  data arrival time                                 2.1282

  clock clk (rise edge)                  2.4310     2.4310
  clock network delay (ideal)            0.0000     2.4310
  clock uncertainty                     -0.0500     2.3810
  R_92/CK (DFF_X2)                       0.0000     2.3810 r
  library setup time                    -0.2527     2.1283
  data required time                                2.1283
  -----------------------------------------------------------
  data required time                                2.1283
  data arrival time                                -2.1282
  -----------------------------------------------------------
  slack (MET)                                       0.0001


1
