Information: Updating design information... (UID-85)
 
****************************************
Report : timing
        -path full
        -delay min
        -max_paths 1
Design : MyDesign
Version: P-2019.03-SP1
Date   : Sat Oct 30 19:24:34 2021
****************************************

Operating Conditions: fast   Library: NangateOpenCellLibrary_PDKv1_2_v2008_10_fast_nldm
Wire Load Model Mode: top

  Startpoint: clk_r_REG15_S2
              (rising edge-triggered flip-flop clocked by clk)
  Endpoint: clk_r_REG16_S3_IP
            (rising edge-triggered flip-flop clocked by clk)
  Path Group: clk
  Path Type: min

  Point                                    Incr       Path
  -----------------------------------------------------------
  clock clk (rise edge)                  0.0000     0.0000
  clock network delay (ideal)            0.0000     0.0000
  clk_r_REG15_S2/CK (DFF_X1)             0.0000     0.0000 r
  clk_r_REG15_S2/QN (DFF_X1)             0.0605     0.0605 f
  clk_r_REG16_S3_IP/D (DFFR_X1)          0.0000     0.0605 f
  data arrival time                                 0.0605

  clock clk (rise edge)                  0.0000     0.0000
  clock network delay (ideal)            0.0000     0.0000
  clock uncertainty                      0.0500     0.0500
  clk_r_REG16_S3_IP/CK (DFFR_X1)         0.0000     0.0500 r
  library hold time                      0.0017     0.0517
  data required time                                0.0517
  -----------------------------------------------------------
  data required time                                0.0517
  data arrival time                                -0.0605
  -----------------------------------------------------------
  slack (MET)                                       0.0089


1
