Information: Updating design information... (UID-85)
 
****************************************
Report : timing
        -path full
        -delay min
        -max_paths 1
Design : MyDesign
Version: P-2019.03-SP1
Date   : Tue Nov  9 03:54:14 2021
****************************************

Operating Conditions: fast   Library: NangateOpenCellLibrary_PDKv1_2_v2008_10_fast_nldm
Wire Load Model Mode: top

  Startpoint: cnt_r_reg[3]
              (rising edge-triggered flip-flop clocked by clk)
  Endpoint: R_145 (rising edge-triggered flip-flop clocked by clk)
  Path Group: clk
  Path Type: min

  Point                                    Incr       Path
  -----------------------------------------------------------
  clock clk (rise edge)                  0.0000     0.0000
  clock network delay (ideal)            0.0000     0.0000
  cnt_r_reg[3]/CK (DFFR_X1)              0.0000     0.0000 r
  cnt_r_reg[3]/QN (DFFR_X1)              0.0640     0.0640 f
  R_145/D (DFFS_X2)                      0.0000     0.0640 f
  data arrival time                                 0.0640

  clock clk (rise edge)                  0.0000     0.0000
  clock network delay (ideal)            0.0000     0.0000
  clock uncertainty                      0.0500     0.0500
  R_145/CK (DFFS_X2)                     0.0000     0.0500 r
  library hold time                     -0.0045     0.0455
  data required time                                0.0455
  -----------------------------------------------------------
  data required time                                0.0455
  data arrival time                                -0.0640
  -----------------------------------------------------------
  slack (MET)                                       0.0185


1
