 
****************************************
Report : timing
        -path full
        -delay max
        -max_paths 1
Design : MyDesign
Version: P-2019.03-SP1
Date   : Tue Nov  9 03:54:15 2021
****************************************

Operating Conditions: slow   Library: NangateOpenCellLibrary_PDKv1_2_v2008_10_slow_nldm
Wire Load Model Mode: top

  Startpoint: row1_reg[9]
              (rising edge-triggered flip-flop clocked by clk)
  Endpoint: R_91 (rising edge-triggered flip-flop clocked by clk)
  Path Group: clk
  Path Type: max

  Point                                    Incr       Path
  -----------------------------------------------------------
  clock clk (rise edge)                  0.0000     0.0000
  clock network delay (ideal)            0.0000     0.0000
  row1_reg[9]/CK (DFF_X1)                0.0000     0.0000 r
  row1_reg[9]/Q (DFF_X1)                 0.6411     0.6411 f
  U682/ZN (XNOR2_X2)                     0.3140     0.9551 r
  U681/ZN (XNOR2_X2)                     0.3237     1.2788 r
  U717/ZN (XNOR2_X1)                     0.3572     1.6360 r
  U534/ZN (AND3_X2)                      0.2372     1.8732 r
  U886/ZN (NAND2_X1)                     0.0628     1.9360 f
  U1045/ZN (INV_X1)                      0.0994     2.0354 r
  U1044/ZN (NOR2_X1)                     0.0565     2.0919 f
  R_91/D (DFF_X1)                        0.0000     2.0919 f
  data arrival time                                 2.0919

  clock clk (rise edge)                  2.4500     2.4500
  clock network delay (ideal)            0.0000     2.4500
  clock uncertainty                     -0.0500     2.4000
  R_91/CK (DFF_X1)                       0.0000     2.4000 r
  library setup time                    -0.3076     2.0924
  data required time                                2.0924
  -----------------------------------------------------------
  data required time                                2.0924
  data arrival time                                -2.0919
  -----------------------------------------------------------
  slack (MET)                                       0.0005


1
