 
****************************************
Report : area
Design : MyDesign
Version: P-2019.03-SP1
Date   : Thu Nov 11 00:26:14 2021
****************************************

Library(s) Used:

    NangateOpenCellLibrary_PDKv1_2_v2008_10_slow_nldm (File: /afs/eos.ncsu.edu/lockers/research/ece/wdavis/tech/nangate/NangateOpenCellLibrary_PDKv1_2_v2008_10/liberty/520/NangateOpenCellLibrary_PDKv1_2_v2008_10_slow_nldm.db)

Number of ports:                           89
Number of nets:                          1135
Number of cells:                         1040
Number of combinational cells:            798
Number of sequential cells:               216
Number of macros/black boxes:               0
Number of buf/inv:                        237
Number of references:                      47

Combinational area:                826.993992
Buf/Inv area:                      128.212001
Noncombinational area:            1079.694015
Macro/Black Box area:                0.000000
Net Interconnect area:      undefined  (No wire load specified)

Total cell area:                  1906.688007
Total area:                 undefined
1
