Information: Updating design information... (UID-85)
 
****************************************
Report : timing
        -path full
        -delay min
        -max_paths 1
Design : MyDesign
Version: P-2019.03-SP1
Date   : Sun Oct 31 03:38:11 2021
****************************************

Operating Conditions: fast   Library: NangateOpenCellLibrary_PDKv1_2_v2008_10_fast_nldm
Wire Load Model Mode: top

  Startpoint: clk_r_REG52_S4
              (rising edge-triggered flip-flop clocked by clk)
  Endpoint: R_11_clk_r_REG54_S5
            (rising edge-triggered flip-flop clocked by clk)
  Path Group: clk
  Path Type: min

  Point                                    Incr       Path
  -----------------------------------------------------------
  clock clk (rise edge)                  0.0000     0.0000
  clock network delay (ideal)            0.0000     0.0000
  clk_r_REG52_S4/CK (DFF_X1)             0.0000     0.0000 r
  clk_r_REG52_S4/QN (DFF_X1)             0.0634     0.0634 f
  R_11_clk_r_REG54_S5/D (DFFR_X2)        0.0000     0.0634 f
  data arrival time                                 0.0634

  clock clk (rise edge)                  0.0000     0.0000
  clock network delay (ideal)            0.0000     0.0000
  clock uncertainty                      0.0500     0.0500
  R_11_clk_r_REG54_S5/CK (DFFR_X2)       0.0000     0.0500 r
  library hold time                      0.0015     0.0515
  data required time                                0.0515
  -----------------------------------------------------------
  data required time                                0.0515
  data arrival time                                -0.0634
  -----------------------------------------------------------
  slack (MET)                                       0.0119


1
