 
****************************************
Report : area
Design : MyDesign
Version: P-2019.03-SP1
Date   : Tue Nov  9 05:02:48 2021
****************************************

Library(s) Used:

    NangateOpenCellLibrary_PDKv1_2_v2008_10_slow_nldm (File: /afs/eos.ncsu.edu/lockers/research/ece/wdavis/tech/nangate/NangateOpenCellLibrary_PDKv1_2_v2008_10/liberty/520/NangateOpenCellLibrary_PDKv1_2_v2008_10_slow_nldm.db)

Number of ports:                           89
Number of nets:                           987
Number of cells:                          917
Number of combinational cells:            723
Number of sequential cells:               164
Number of macros/black boxes:               0
Number of buf/inv:                        140
Number of references:                      43

Combinational area:                792.679991
Buf/Inv area:                       77.406000
Noncombinational area:             833.644010
Macro/Black Box area:                0.000000
Net Interconnect area:      undefined  (No wire load specified)

Total cell area:                  1626.324001
Total area:                 undefined
1
