 
****************************************
Report : area
Design : MyDesign
Version: P-2019.03-SP1
Date   : Thu Nov 11 01:15:10 2021
****************************************

Library(s) Used:

    NangateOpenCellLibrary_PDKv1_2_v2008_10_slow_nldm (File: /afs/eos.ncsu.edu/lockers/research/ece/wdavis/tech/nangate/NangateOpenCellLibrary_PDKv1_2_v2008_10/liberty/520/NangateOpenCellLibrary_PDKv1_2_v2008_10_slow_nldm.db)

Number of ports:                           89
Number of nets:                          1031
Number of cells:                          942
Number of combinational cells:            761
Number of sequential cells:               155
Number of macros/black boxes:               0
Number of buf/inv:                        183
Number of references:                      48

Combinational area:                807.575992
Buf/Inv area:                       99.218001
Noncombinational area:             767.144012
Macro/Black Box area:                0.000000
Net Interconnect area:      undefined  (No wire load specified)

Total cell area:                  1574.720004
Total area:                 undefined
1
