 
****************************************
Report : area
Design : MyDesign
Version: P-2019.03-SP1
Date   : Tue Nov  9 02:21:46 2021
****************************************

Library(s) Used:

    NangateOpenCellLibrary_PDKv1_2_v2008_10_slow_nldm (File: /afs/eos.ncsu.edu/lockers/research/ece/wdavis/tech/nangate/NangateOpenCellLibrary_PDKv1_2_v2008_10/liberty/520/NangateOpenCellLibrary_PDKv1_2_v2008_10_slow_nldm.db)

Number of ports:                           89
Number of nets:                          1091
Number of cells:                         1024
Number of combinational cells:            845
Number of sequential cells:               149
Number of macros/black boxes:               0
Number of buf/inv:                        234
Number of references:                      44

Combinational area:                854.391990
Buf/Inv area:                      128.212001
Noncombinational area:             764.218008
Macro/Black Box area:                0.000000
Net Interconnect area:      undefined  (No wire load specified)

Total cell area:                  1618.609997
Total area:                 undefined
1
