 
****************************************
Report : area
Design : MyDesign
Version: P-2019.03-SP1
Date   : Thu Nov 11 00:04:02 2021
****************************************

Library(s) Used:

    NangateOpenCellLibrary_PDKv1_2_v2008_10_slow_nldm (File: /afs/eos.ncsu.edu/lockers/research/ece/wdavis/tech/nangate/NangateOpenCellLibrary_PDKv1_2_v2008_10/liberty/520/NangateOpenCellLibrary_PDKv1_2_v2008_10_slow_nldm.db)

Number of ports:                           89
Number of nets:                          1075
Number of cells:                          980
Number of combinational cells:            777
Number of sequential cells:               177
Number of macros/black boxes:               0
Number of buf/inv:                        209
Number of references:                      44

Combinational area:                811.033992
Buf/Inv area:                      112.784001
Noncombinational area:             873.810014
Macro/Black Box area:                0.000000
Net Interconnect area:      undefined  (No wire load specified)

Total cell area:                  1684.844006
Total area:                 undefined
1
