 
****************************************
Report : area
Design : MyDesign
Version: P-2019.03-SP1
Date   : Tue Nov  9 02:15:53 2021
****************************************

Library(s) Used:

    NangateOpenCellLibrary_PDKv1_2_v2008_10_slow_nldm (File: /afs/eos.ncsu.edu/lockers/research/ece/wdavis/tech/nangate/NangateOpenCellLibrary_PDKv1_2_v2008_10/liberty/520/NangateOpenCellLibrary_PDKv1_2_v2008_10_slow_nldm.db)

Number of ports:                           89
Number of nets:                          1073
Number of cells:                         1010
Number of combinational cells:            799
Number of sequential cells:               185
Number of macros/black boxes:               0
Number of buf/inv:                        219
Number of references:                      43

Combinational area:                830.717992
Buf/Inv area:                      118.902001
Noncombinational area:             931.532012
Macro/Black Box area:                0.000000
Net Interconnect area:      undefined  (No wire load specified)

Total cell area:                  1762.250004
Total area:                 undefined
1
