 
****************************************
Report : area
Design : MyDesign
Version: P-2019.03-SP1
Date   : Tue Nov  9 06:53:38 2021
****************************************

Library(s) Used:

    NangateOpenCellLibrary_PDKv1_2_v2008_10_slow_nldm (File: /afs/eos.ncsu.edu/lockers/research/ece/wdavis/tech/nangate/NangateOpenCellLibrary_PDKv1_2_v2008_10/liberty/520/NangateOpenCellLibrary_PDKv1_2_v2008_10_slow_nldm.db)

Number of ports:                           89
Number of nets:                          1178
Number of cells:                         1054
Number of combinational cells:            841
Number of sequential cells:               185
Number of macros/black boxes:               0
Number of buf/inv:                        189
Number of references:                      51

Combinational area:                854.657991
Buf/Inv area:                      104.538001
Noncombinational area:             926.478014
Macro/Black Box area:                0.000000
Net Interconnect area:      undefined  (No wire load specified)

Total cell area:                  1781.136005
Total area:                 undefined
1
