Information: Updating design information... (UID-85)
 
****************************************
Report : timing
        -path full
        -delay min
        -max_paths 1
Design : MyDesign
Version: P-2019.03-SP1
Date   : Tue Nov  9 06:53:37 2021
****************************************

Operating Conditions: fast   Library: NangateOpenCellLibrary_PDKv1_2_v2008_10_fast_nldm
Wire Load Model Mode: top

  Startpoint: clk_r_REG0_S1
              (rising edge-triggered flip-flop clocked by clk)
  Endpoint: clk_r_REG1_S2
            (rising edge-triggered flip-flop clocked by clk)
  Path Group: clk
  Path Type: min

  Point                                    Incr       Path
  -----------------------------------------------------------
  clock clk (rise edge)                  0.0000     0.0000
  clock network delay (ideal)            0.0000     0.0000
  clk_r_REG0_S1/CK (DFFR_X1)             0.0000     0.0000 r
  clk_r_REG0_S1/QN (DFFR_X1)             0.0663     0.0663 f
  clk_r_REG1_S2/D (DFF_X1)               0.0000     0.0663 f
  data arrival time                                 0.0663

  clock clk (rise edge)                  0.0000     0.0000
  clock network delay (ideal)            0.0000     0.0000
  clock uncertainty                      0.0500     0.0500
  clk_r_REG1_S2/CK (DFF_X1)              0.0000     0.0500 r
  library hold time                     -0.0003     0.0497
  data required time                                0.0497
  -----------------------------------------------------------
  data required time                                0.0497
  data arrival time                                -0.0663
  -----------------------------------------------------------
  slack (MET)                                       0.0166


1
