 
****************************************
Report : area
Design : MyDesign
Version: P-2019.03-SP1
Date   : Thu Nov 11 02:40:41 2021
****************************************

Library(s) Used:

    NangateOpenCellLibrary_PDKv1_2_v2008_10_slow_nldm (File: /afs/eos.ncsu.edu/lockers/research/ece/wdavis/tech/nangate/NangateOpenCellLibrary_PDKv1_2_v2008_10/liberty/520/NangateOpenCellLibrary_PDKv1_2_v2008_10_slow_nldm.db)

Number of ports:                           89
Number of nets:                          1056
Number of cells:                          958
Number of combinational cells:            769
Number of sequential cells:               163
Number of macros/black boxes:               0
Number of buf/inv:                        161
Number of references:                      41

Combinational area:                822.205992
Buf/Inv area:                       86.982001
Noncombinational area:             809.970012
Macro/Black Box area:                0.000000
Net Interconnect area:      undefined  (No wire load specified)

Total cell area:                  1632.176004
Total area:                 undefined
1
