 
****************************************
Report : area
Design : MyDesign
Version: P-2019.03-SP1
Date   : Wed Nov 10 01:38:50 2021
****************************************

Library(s) Used:

    NangateOpenCellLibrary_PDKv1_2_v2008_10_slow_nldm (File: /afs/eos.ncsu.edu/lockers/research/ece/wdavis/tech/nangate/NangateOpenCellLibrary_PDKv1_2_v2008_10/liberty/520/NangateOpenCellLibrary_PDKv1_2_v2008_10_slow_nldm.db)

Number of ports:                           89
Number of nets:                          1232
Number of cells:                         1112
Number of combinational cells:            898
Number of sequential cells:               183
Number of macros/black boxes:               0
Number of buf/inv:                        233
Number of references:                      55

Combinational area:                882.321990
Buf/Inv area:                      130.872001
Noncombinational area:             924.084013
Macro/Black Box area:                0.000000
Net Interconnect area:      undefined  (No wire load specified)

Total cell area:                  1806.406004
Total area:                 undefined
1
