 
****************************************
Report : area
Design : MyDesign
Version: P-2019.03-SP1
Date   : Tue Nov  9 04:51:45 2021
****************************************

Library(s) Used:

    NangateOpenCellLibrary_PDKv1_2_v2008_10_slow_nldm (File: /afs/eos.ncsu.edu/lockers/research/ece/wdavis/tech/nangate/NangateOpenCellLibrary_PDKv1_2_v2008_10/liberty/520/NangateOpenCellLibrary_PDKv1_2_v2008_10_slow_nldm.db)

Number of ports:                           89
Number of nets:                          1020
Number of cells:                          951
Number of combinational cells:            790
Number of sequential cells:               134
Number of macros/black boxes:               0
Number of buf/inv:                        167
Number of references:                      43

Combinational area:                830.451990
Buf/Inv area:                       92.302001
Noncombinational area:             683.620007
Macro/Black Box area:                0.000000
Net Interconnect area:      undefined  (No wire load specified)

Total cell area:                  1514.071997
Total area:                 undefined
1
