Information: Updating design information... (UID-85)
 
****************************************
Report : timing
        -path full
        -delay max
        -max_paths 1
Design : MyDesign
Version: P-2019.03-SP1
Date   : Thu Nov 11 02:08:52 2021
****************************************

Operating Conditions: slow   Library: NangateOpenCellLibrary_PDKv1_2_v2008_10_slow_nldm
Wire Load Model Mode: top

  Startpoint: R_192 (rising edge-triggered flip-flop clocked by clk)
  Endpoint: dim_reg[0] (rising edge-triggered flip-flop clocked by clk)
  Path Group: clk
  Path Type: max

  Point                                    Incr       Path
  -----------------------------------------------------------
  clock clk (rise edge)                  0.0000     0.0000
  clock network delay (ideal)            0.0000     0.0000
  R_192/CK (DFFS_X2)                     0.0000     0.0000 r
  R_192/QN (DFFS_X2)                     0.4902     0.4902 r
  U524/ZN (INV_X1)                       0.0579     0.5481 f
  U480/ZN (NAND3_X1)                     0.2304     0.7785 r
  U746/ZN (NOR2_X2)                      0.0789     0.8575 f
  U1201/ZN (NAND2_X2)                    0.0919     0.9494 r
  U677/ZN (NAND3_X2)                     0.1021     1.0515 f
  U1202/ZN (NAND2_X4)                    0.1323     1.1838 r
  U565/Z (MUX2_X1)                       0.7650     1.9488 f
  dim_reg[0]/D (DFFR_X2)                 0.0000     1.9488 f
  data arrival time                                 1.9488

  clock clk (rise edge)                  2.4320     2.4320
  clock network delay (ideal)            0.0000     2.4320
  clock uncertainty                     -0.0500     2.3820
  dim_reg[0]/CK (DFFR_X2)                0.0000     2.3820 r
  library setup time                    -0.4330     1.9490
  data required time                                1.9490
  -----------------------------------------------------------
  data required time                                1.9490
  data arrival time                                -1.9488
  -----------------------------------------------------------
  slack (MET)                                       0.0002


1
