 
****************************************
Report : area
Design : MyDesign
Version: P-2019.03-SP1
Date   : Thu Nov 11 02:09:49 2021
****************************************

Library(s) Used:

    NangateOpenCellLibrary_PDKv1_2_v2008_10_slow_nldm (File: /afs/eos.ncsu.edu/lockers/research/ece/wdavis/tech/nangate/NangateOpenCellLibrary_PDKv1_2_v2008_10/liberty/520/NangateOpenCellLibrary_PDKv1_2_v2008_10_slow_nldm.db)

Number of ports:                           89
Number of nets:                          1028
Number of cells:                          957
Number of combinational cells:            731
Number of sequential cells:               199
Number of macros/black boxes:               0
Number of buf/inv:                        184
Number of references:                      44

Combinational area:                790.285992
Buf/Inv area:                       99.218001
Noncombinational area:             989.520015
Macro/Black Box area:                0.000000
Net Interconnect area:      undefined  (No wire load specified)

Total cell area:                  1779.806007
Total area:                 undefined
1
