Information: Updating design information... (UID-85)
 
****************************************
Report : timing
        -path full
        -delay max
        -max_paths 1
Design : MyDesign
Version: P-2019.03-SP1
Date   : Wed Nov 10 23:39:37 2021
****************************************

Operating Conditions: slow   Library: NangateOpenCellLibrary_PDKv1_2_v2008_10_slow_nldm
Wire Load Model Mode: top

  Startpoint: row0_reg[12]
              (rising edge-triggered flip-flop clocked by clk)
  Endpoint: R_43 (rising edge-triggered flip-flop clocked by clk)
  Path Group: clk
  Path Type: max

  Point                                    Incr       Path
  -----------------------------------------------------------
  clock clk (rise edge)                  0.0000     0.0000
  clock network delay (ideal)            0.0000     0.0000
  row0_reg[12]/CK (DFF_X1)               0.0000     0.0000 r
  row0_reg[12]/Q (DFF_X1)                0.5880     0.5880 f
  U665/ZN (XNOR2_X1)                     0.3661     0.9540 r
  U673/ZN (XNOR2_X1)                     0.3917     1.3457 r
  U476/ZN (XNOR2_X1)                     0.3622     1.7079 r
  U473/ZN (INV_X1)                       0.0930     1.8009 f
  U674/ZN (AOI21_X1)                     0.3715     2.1724 r
  U479/ZN (AND2_X1)                      0.2102     2.3826 r
  U677/ZN (NOR2_X1)                      0.0564     2.4390 f
  R_43/D (DFF_X1)                        0.0000     2.4390 f
  data arrival time                                 2.4390

  clock clk (rise edge)                  2.8000     2.8000
  clock network delay (ideal)            0.0000     2.8000
  clock uncertainty                     -0.0500     2.7500
  R_43/CK (DFF_X1)                       0.0000     2.7500 r
  library setup time                    -0.3074     2.4426
  data required time                                2.4426
  -----------------------------------------------------------
  data required time                                2.4426
  data arrival time                                -2.4390
  -----------------------------------------------------------
  slack (MET)                                       0.0036


1
