 
****************************************
Report : area
Design : MyDesign
Version: P-2019.03-SP1
Date   : Tue Nov  9 05:49:05 2021
****************************************

Library(s) Used:

    NangateOpenCellLibrary_PDKv1_2_v2008_10_slow_nldm (File: /afs/eos.ncsu.edu/lockers/research/ece/wdavis/tech/nangate/NangateOpenCellLibrary_PDKv1_2_v2008_10/liberty/520/NangateOpenCellLibrary_PDKv1_2_v2008_10_slow_nldm.db)

Number of ports:                           89
Number of nets:                          1060
Number of cells:                          973
Number of combinational cells:            820
Number of sequential cells:               120
Number of macros/black boxes:               0
Number of buf/inv:                        194
Number of references:                      42

Combinational area:                850.933990
Buf/Inv area:                      105.868001
Noncombinational area:             620.844006
Macro/Black Box area:                0.000000
Net Interconnect area:      undefined  (No wire load specified)

Total cell area:                  1471.777996
Total area:                 undefined
1
