Information: Updating design information... (UID-85)
 
****************************************
Report : timing
        -path full
        -delay max
        -max_paths 1
Design : MyDesign
Version: P-2019.03-SP1
Date   : Tue Nov  9 05:49:02 2021
****************************************

Operating Conditions: slow   Library: NangateOpenCellLibrary_PDKv1_2_v2008_10_slow_nldm
Wire Load Model Mode: top

  Startpoint: row0_reg[2]
              (rising edge-triggered flip-flop clocked by clk)
  Endpoint: dut_sram_write_data_reg[1]
            (rising edge-triggered flip-flop clocked by clk)
  Path Group: clk
  Path Type: max

  Point                                                   Incr       Path
  --------------------------------------------------------------------------
  clock clk (rise edge)                                 0.0000     0.0000
  clock network delay (ideal)                           0.0000     0.0000
  row0_reg[2]/CK (DFF_X1)                               0.0000     0.0000 r
  row0_reg[2]/Q (DFF_X1)                                0.6074     0.6074 f
  U795/ZN (XNOR2_X2)                                    0.3028     0.9102 f
  U569/ZN (OR2_X1)                                      0.2976     1.2077 f
  U949/ZN (AOI22_X1)                                    0.3864     1.5941 r
  U974/ZN (NAND4_X1)                                    0.2166     1.8107 f
  U1043/ZN (NAND3_X2)                                   0.1635     1.9742 r
  U1042/ZN (NAND3_X2)                                   0.1015     2.0757 f
  dut_sram_write_data_reg[1]/D (DFF_X2)                 0.0000     2.0757 f
  data arrival time                                                2.0757

  clock clk (rise edge)                                 2.4330     2.4330
  clock network delay (ideal)                           0.0000     2.4330
  clock uncertainty                                    -0.0500     2.3830
  dut_sram_write_data_reg[1]/CK (DFF_X2)                0.0000     2.3830 r
  library setup time                                   -0.3066     2.0764
  data required time                                               2.0764
  --------------------------------------------------------------------------
  data required time                                               2.0764
  data arrival time                                               -2.0757
  --------------------------------------------------------------------------
  slack (MET)                                                      0.0008


1
