 
****************************************
Report : area
Design : MyDesign
Version: P-2019.03-SP1
Date   : Thu Nov 11 02:43:17 2021
****************************************

Library(s) Used:

    NangateOpenCellLibrary_PDKv1_2_v2008_10_slow_nldm (File: /afs/eos.ncsu.edu/lockers/research/ece/wdavis/tech/nangate/NangateOpenCellLibrary_PDKv1_2_v2008_10/liberty/520/NangateOpenCellLibrary_PDKv1_2_v2008_10_slow_nldm.db)

Number of ports:                           89
Number of nets:                          1039
Number of cells:                          951
Number of combinational cells:            746
Number of sequential cells:               179
Number of macros/black boxes:               0
Number of buf/inv:                        149
Number of references:                      40

Combinational area:                811.033993
Buf/Inv area:                       80.864001
Noncombinational area:             889.770013
Macro/Black Box area:                0.000000
Net Interconnect area:      undefined  (No wire load specified)

Total cell area:                  1700.804006
Total area:                 undefined
1
