Information: Updating design information... (UID-85)
 
****************************************
Report : timing
        -path full
        -delay max
        -max_paths 1
Design : MyDesign
Version: P-2019.03-SP1
Date   : Tue Nov  2 13:15:36 2021
****************************************

Operating Conditions: slow   Library: NangateOpenCellLibrary_PDKv1_2_v2008_10_slow_nldm
Wire Load Model Mode: top

  Startpoint: clk_r_REG145_S1
              (rising edge-triggered flip-flop clocked by clk)
  Endpoint: clk_r_REG73_S2
            (rising edge-triggered flip-flop clocked by clk)
  Path Group: clk
  Path Type: max

  Point                                    Incr       Path
  -----------------------------------------------------------
  clock clk (rise edge)                  0.0000     0.0000
  clock network delay (ideal)            0.0000     0.0000
  clk_r_REG145_S1/CK (DFFR_X2)           0.0000     0.0000 r
  clk_r_REG145_S1/Q (DFFR_X2)            0.7588     0.7588 f
  U1114/ZN (XNOR2_X2)                    0.2804     1.0392 f
  U703/ZN (XNOR2_X2)                     0.2700     1.3092 f
  U702/ZN (XNOR2_X2)                     0.2741     1.5833 f
  U1060/ZN (NAND4_X2)                    0.1850     1.7683 r
  U1059/ZN (NAND2_X2)                    0.0749     1.8432 f
  clk_r_REG73_S2/D (DFF_X2)              0.0000     1.8432 f
  data arrival time                                 1.8432

  clock clk (rise edge)                  2.0000     2.0000
  clock network delay (ideal)            0.0000     2.0000
  clock uncertainty                     -0.0500     1.9500
  clk_r_REG73_S2/CK (DFF_X2)             0.0000     1.9500 r
  library setup time                    -0.3083     1.6417
  data required time                                1.6417
  -----------------------------------------------------------
  data required time                                1.6417
  data arrival time                                -1.8432
  -----------------------------------------------------------
  slack (VIOLATED)                                 -0.2015


1
