 
****************************************
Report : area
Design : MyDesign
Version: P-2019.03-SP1
Date   : Thu Nov 11 00:07:05 2021
****************************************

Library(s) Used:

    NangateOpenCellLibrary_PDKv1_2_v2008_10_slow_nldm (File: /afs/eos.ncsu.edu/lockers/research/ece/wdavis/tech/nangate/NangateOpenCellLibrary_PDKv1_2_v2008_10/liberty/520/NangateOpenCellLibrary_PDKv1_2_v2008_10_slow_nldm.db)

Number of ports:                           89
Number of nets:                          1081
Number of cells:                         1002
Number of combinational cells:            794
Number of sequential cells:               182
Number of macros/black boxes:               0
Number of buf/inv:                        213
Number of references:                      40

Combinational area:                819.279991
Buf/Inv area:                      114.646001
Noncombinational area:             908.124013
Macro/Black Box area:                0.000000
Net Interconnect area:      undefined  (No wire load specified)

Total cell area:                  1727.404004
Total area:                 undefined
1
