Information: Updating design information... (UID-85)
 
****************************************
Report : timing
        -path full
        -delay max
        -max_paths 1
Design : MyDesign
Version: P-2019.03-SP1
Date   : Wed Nov 10 01:33:27 2021
****************************************

Operating Conditions: slow   Library: NangateOpenCellLibrary_PDKv1_2_v2008_10_slow_nldm
Wire Load Model Mode: top

  Startpoint: weight_reg[5]
              (rising edge-triggered flip-flop clocked by clk)
  Endpoint: R_79 (rising edge-triggered flip-flop clocked by clk)
  Path Group: clk
  Path Type: max

  Point                                    Incr       Path
  -----------------------------------------------------------
  clock clk (rise edge)                  0.0000     0.0000
  clock network delay (ideal)            0.0000     0.0000
  weight_reg[5]/CK (DFFR_X2)             0.0000     0.0000 r
  weight_reg[5]/QN (DFFR_X2)             0.4121     0.4121 f
  U731/ZN (INV_X8)                       0.1454     0.5575 r
  U726/ZN (XNOR2_X2)                     0.3223     0.8798 r
  U1286/ZN (XNOR2_X2)                    0.3176     1.1974 r
  U1147/ZN (XNOR2_X2)                    0.3188     1.5162 r
  U691/ZN (NAND3_X2)                     0.1195     1.6357 f
  U690/ZN (NAND2_X2)                     0.0940     1.7297 r
  U1145/ZN (NAND2_X2)                    0.0596     1.7893 f
  U1142/ZN (NAND2_X2)                    0.0801     1.8694 r
  U1141/ZN (INV_X2)                      0.0414     1.9109 f
  R_79/D (DFF_X2)                        0.0000     1.9109 f
  data arrival time                                 1.9109

  clock clk (rise edge)                  2.1900     2.1900
  clock network delay (ideal)            0.0000     2.1900
  clock uncertainty                     -0.0500     2.1400
  R_79/CK (DFF_X2)                       0.0000     2.1400 r
  library setup time                    -0.2922     1.8478
  data required time                                1.8478
  -----------------------------------------------------------
  data required time                                1.8478
  data arrival time                                -1.9109
  -----------------------------------------------------------
  slack (VIOLATED)                                 -0.0631


1
