 
****************************************
Report : area
Design : MyDesign
Version: R-2020.09
Date   : Mon Nov 15 19:34:24 2021
****************************************

Library(s) Used:

    NangateOpenCellLibrary_PDKv1_2_v2008_10_slow_nldm (File: /afs/eos.ncsu.edu/lockers/research/ece/wdavis/tech/nangate/NangateOpenCellLibrary_PDKv1_2_v2008_10/liberty/520/NangateOpenCellLibrary_PDKv1_2_v2008_10_slow_nldm.db)

Number of ports:                           89
Number of nets:                          1052
Number of cells:                          963
Number of combinational cells:            765
Number of sequential cells:               172
Number of macros/black boxes:               0
Number of buf/inv:                        172
Number of references:                      42

Combinational area:                818.747991
Buf/Inv area:                       92.568001
Noncombinational area:             873.810015
Macro/Black Box area:                0.000000
Net Interconnect area:      undefined  (No wire load specified)

Total cell area:                  1692.558006
Total area:                 undefined
1
