Information: Updating design information... (UID-85)
 
****************************************
Report : timing
        -path full
        -delay max
        -max_paths 1
Design : MyDesign
Version: P-2019.03-SP1
Date   : Tue Nov  9 03:42:54 2021
****************************************

Operating Conditions: slow   Library: NangateOpenCellLibrary_PDKv1_2_v2008_10_slow_nldm
Wire Load Model Mode: top

  Startpoint: weight_reg[5]
              (rising edge-triggered flip-flop clocked by clk)
  Endpoint: R_26 (rising edge-triggered flip-flop clocked by clk)
  Path Group: clk
  Path Type: max

  Point                                    Incr       Path
  -----------------------------------------------------------
  clock clk (rise edge)                  0.0000     0.0000
  clock network delay (ideal)            0.0000     0.0000
  weight_reg[5]/CK (DFFR_X2)             0.0000     0.0000 r
  weight_reg[5]/QN (DFFR_X2)             0.4261     0.4261 f
  U482/ZN (INV_X4)                       0.2100     0.6361 r
  U888/ZN (XNOR2_X1)                     0.3338     0.9700 r
  U559/ZN (INV_X2)                       0.0742     1.0441 f
  U695/ZN (INV_X4)                       0.0783     1.1225 r
  U697/ZN (XNOR2_X2)                     0.2654     1.3879 r
  U887/ZN (XNOR2_X1)                     0.3431     1.7309 r
  U486/ZN (INV_X1)                       0.1060     1.8369 f
  U671/ZN (NAND3_X2)                     0.1633     2.0002 r
  U673/ZN (NOR2_X1)                      0.0736     2.0738 f
  U1102/ZN (INV_X1)                      0.1220     2.1959 r
  R_26/D (DFF_X1)                        0.0000     2.1959 r
  data arrival time                                 2.1959

  clock clk (rise edge)                  2.4300     2.4300
  clock network delay (ideal)            0.0000     2.4300
  clock uncertainty                     -0.0500     2.3800
  R_26/CK (DFF_X1)                       0.0000     2.3800 r
  library setup time                    -0.1821     2.1979
  data required time                                2.1979
  -----------------------------------------------------------
  data required time                                2.1979
  data arrival time                                -2.1959
  -----------------------------------------------------------
  slack (MET)                                       0.0021


1
