Information: Updating design information... (UID-85)
 
****************************************
Report : timing
        -path full
        -delay max
        -max_paths 1
Design : MyDesign
Version: P-2019.03-SP1
Date   : Wed Nov 10 23:49:29 2021
****************************************

Operating Conditions: slow   Library: NangateOpenCellLibrary_PDKv1_2_v2008_10_slow_nldm
Wire Load Model Mode: top

  Startpoint: weight_reg[1]
              (rising edge-triggered flip-flop clocked by clk)
  Endpoint: R_86 (rising edge-triggered flip-flop clocked by clk)
  Path Group: clk
  Path Type: max

  Point                                    Incr       Path
  -----------------------------------------------------------
  clock clk (rise edge)                  0.0000     0.0000
  clock network delay (ideal)            0.0000     0.0000
  weight_reg[1]/CK (DFFR_X2)             0.0000     0.0000 r
  weight_reg[1]/QN (DFFR_X2)             0.4348     0.4348 f
  U1197/ZN (INV_X8)                      0.1738     0.6086 r
  U754/Z (XOR2_X2)                       0.4090     1.0176 r
  U590/ZN (XNOR2_X1)                     0.3572     1.3748 r
  U872/ZN (XNOR2_X1)                     0.3793     1.7541 r
  U572/ZN (INV_X2)                       0.0857     1.8398 f
  U761/ZN (NOR2_X2)                      0.1139     1.9537 r
  U1110/ZN (AOI22_X1)                    0.1205     2.0741 f
  R_86/D (DFF_X2)                        0.0000     2.0741 f
  data arrival time                                 2.0741

  clock clk (rise edge)                  2.4700     2.4700
  clock network delay (ideal)            0.0000     2.4700
  clock uncertainty                     -0.0500     2.4200
  R_86/CK (DFF_X2)                       0.0000     2.4200 r
  library setup time                    -0.3455     2.0745
  data required time                                2.0745
  -----------------------------------------------------------
  data required time                                2.0745
  data arrival time                                -2.0741
  -----------------------------------------------------------
  slack (MET)                                       0.0003


1
