 
****************************************
Report : timing
        -path full
        -delay max
        -max_paths 1
Design : MyDesign
Version: P-2019.03-SP1
Date   : Thu Nov 11 02:23:09 2021
****************************************

Operating Conditions: slow   Library: NangateOpenCellLibrary_PDKv1_2_v2008_10_slow_nldm
Wire Load Model Mode: top

  Startpoint: R_216 (rising edge-triggered flip-flop clocked by clk)
  Endpoint: dut_sram_write_address_reg[2]
            (rising edge-triggered flip-flop clocked by clk)
  Path Group: clk
  Path Type: max

  Point                                                   Incr       Path
  --------------------------------------------------------------------------
  clock clk (rise edge)                                 0.0000     0.0000
  clock network delay (ideal)                           0.0000     0.0000
  R_216/CK (DFFS_X2)                                    0.0000     0.0000 r
  R_216/Q (DFFS_X2)                                     0.6971     0.6971 f
  U675/ZN (AOI211_X4)                                   0.4785     1.1756 r
  U643/ZN (NOR2_X1)                                     0.1576     1.3332 f
  U879/ZN (AOI21_X1)                                    0.4363     1.7695 r
  U848/ZN (OAI22_X1)                                    0.1796     1.9491 f
  dut_sram_write_address_reg[2]/D (DFFR_X2)             0.0000     1.9491 f
  data arrival time                                                1.9491

  clock clk (rise edge)                                 2.4360     2.4360
  clock network delay (ideal)                           0.0000     2.4360
  clock uncertainty                                    -0.0500     2.3860
  dut_sram_write_address_reg[2]/CK (DFFR_X2)            0.0000     2.3860 r
  library setup time                                   -0.4367     1.9493
  data required time                                               1.9493
  --------------------------------------------------------------------------
  data required time                                               1.9493
  data arrival time                                               -1.9491
  --------------------------------------------------------------------------
  slack (MET)                                                      0.0003


1
