 
****************************************
Report : area
Design : MyDesign
Version: P-2019.03-SP1
Date   : Thu Nov 11 01:42:26 2021
****************************************

Library(s) Used:

    NangateOpenCellLibrary_PDKv1_2_v2008_10_slow_nldm (File: /afs/eos.ncsu.edu/lockers/research/ece/wdavis/tech/nangate/NangateOpenCellLibrary_PDKv1_2_v2008_10/liberty/520/NangateOpenCellLibrary_PDKv1_2_v2008_10_slow_nldm.db)

Number of ports:                           89
Number of nets:                          1094
Number of cells:                          992
Number of combinational cells:            770
Number of sequential cells:               195
Number of macros/black boxes:               0
Number of buf/inv:                        179
Number of references:                      45

Combinational area:                827.525993
Buf/Inv area:                       96.292001
Noncombinational area:             934.990021
Macro/Black Box area:                0.000000
Net Interconnect area:      undefined  (No wire load specified)

Total cell area:                  1762.516013
Total area:                 undefined
1
