 
****************************************
Report : area
Design : MyDesign
Version: P-2019.03-SP1
Date   : Tue Nov  9 02:15:40 2021
****************************************

Library(s) Used:

    NangateOpenCellLibrary_PDKv1_2_v2008_10_slow_nldm (File: /afs/eos.ncsu.edu/lockers/research/ece/wdavis/tech/nangate/NangateOpenCellLibrary_PDKv1_2_v2008_10/liberty/520/NangateOpenCellLibrary_PDKv1_2_v2008_10_slow_nldm.db)

Number of ports:                           89
Number of nets:                          1079
Number of cells:                         1015
Number of combinational cells:            835
Number of sequential cells:               152
Number of macros/black boxes:               0
Number of buf/inv:                        229
Number of references:                      46

Combinational area:                848.007990
Buf/Inv area:                      125.020001
Noncombinational area:             777.252008
Macro/Black Box area:                0.000000
Net Interconnect area:      undefined  (No wire load specified)

Total cell area:                  1625.259998
Total area:                 undefined
1
