Information: Updating design information... (UID-85)
 
****************************************
Report : timing
        -path full
        -delay max
        -max_paths 1
Design : MyDesign
Version: P-2019.03-SP1
Date   : Tue Nov  9 02:15:38 2021
****************************************

Operating Conditions: slow   Library: NangateOpenCellLibrary_PDKv1_2_v2008_10_slow_nldm
Wire Load Model Mode: top

  Startpoint: weight_reg[5]
              (rising edge-triggered flip-flop clocked by clk)
  Endpoint: R_51 (rising edge-triggered flip-flop clocked by clk)
  Path Group: clk
  Path Type: max

  Point                                    Incr       Path
  -----------------------------------------------------------
  clock clk (rise edge)                  0.0000     0.0000
  clock network delay (ideal)            0.0000     0.0000
  weight_reg[5]/CK (DFFR_X2)             0.0000     0.0000 r
  weight_reg[5]/QN (DFFR_X2)             0.5025     0.5025 r
  U1202/ZN (INV_X8)                      0.0946     0.5970 f
  U886/ZN (XNOR2_X1)                     0.4314     1.0285 r
  U924/ZN (OAI21_X1)                     0.1722     1.2006 f
  U922/ZN (NAND2_X1)                     0.2308     1.4314 r
  U928/ZN (INV_X1)                       0.0664     1.4978 f
  U927/ZN (NAND2_X1)                     0.1923     1.6902 r
  U931/ZN (INV_X1)                       0.0626     1.7528 f
  U930/ZN (NAND2_X1)                     0.1241     1.8768 r
  U1294/ZN (NAND3_X2)                    0.1054     1.9822 f
  U1111/ZN (NAND3_X2)                    0.1468     2.1290 r
  R_51/D (DFF_X2)                        0.0000     2.1290 r
  data arrival time                                 2.1290

  clock clk (rise edge)                  2.3800     2.3800
  clock network delay (ideal)            0.0000     2.3800
  clock uncertainty                     -0.0500     2.3300
  R_51/CK (DFF_X2)                       0.0000     2.3300 r
  library setup time                    -0.2009     2.1291
  data required time                                2.1291
  -----------------------------------------------------------
  data required time                                2.1291
  data arrival time                                -2.1290
  -----------------------------------------------------------
  slack (MET)                                       0.0001


1
