 
****************************************
Report : area
Design : MyDesign
Version: P-2019.03-SP1
Date   : Tue Nov  9 04:52:42 2021
****************************************

Library(s) Used:

    NangateOpenCellLibrary_PDKv1_2_v2008_10_slow_nldm (File: /afs/eos.ncsu.edu/lockers/research/ece/wdavis/tech/nangate/NangateOpenCellLibrary_PDKv1_2_v2008_10/liberty/520/NangateOpenCellLibrary_PDKv1_2_v2008_10_slow_nldm.db)

Number of ports:                           89
Number of nets:                           994
Number of cells:                          929
Number of combinational cells:            761
Number of sequential cells:               134
Number of macros/black boxes:               0
Number of buf/inv:                        146
Number of references:                      45

Combinational area:                813.161990
Buf/Inv area:                       80.864000
Noncombinational area:             693.728007
Macro/Black Box area:                0.000000
Net Interconnect area:      undefined  (No wire load specified)

Total cell area:                  1506.889997
Total area:                 undefined
1
