Information: Updating design information... (UID-85)
 
****************************************
Report : timing
        -path full
        -delay min
        -max_paths 1
Design : MyDesign
Version: P-2019.03-SP1
Date   : Tue Nov  9 04:52:41 2021
****************************************

Operating Conditions: fast   Library: NangateOpenCellLibrary_PDKv1_2_v2008_10_fast_nldm
Wire Load Model Mode: top

  Startpoint: flag_last_reg
              (rising edge-triggered flip-flop clocked by clk)
  Endpoint: dut_sram_read_address_reg[1]
            (rising edge-triggered flip-flop clocked by clk)
  Path Group: clk
  Path Type: min

  Point                                                   Incr       Path
  --------------------------------------------------------------------------
  clock clk (rise edge)                                 0.0000     0.0000
  clock network delay (ideal)                           0.0000     0.0000
  flag_last_reg/CK (DFF_X1)                             0.0000     0.0000 r
  flag_last_reg/Q (DFF_X1)                              0.0570     0.0570 r
  U1352/ZN (NOR2_X1)                                    0.0185     0.0755 f
  dut_sram_read_address_reg[1]/D (DFFRS_X2)             0.0000     0.0755 f
  data arrival time                                                0.0755

  clock clk (rise edge)                                 0.0000     0.0000
  clock network delay (ideal)                           0.0000     0.0000
  clock uncertainty                                     0.0500     0.0500
  dut_sram_read_address_reg[1]/CK (DFFRS_X2)            0.0000     0.0500 r
  library hold time                                     0.0219     0.0719
  data required time                                               0.0719
  --------------------------------------------------------------------------
  data required time                                               0.0719
  data arrival time                                               -0.0755
  --------------------------------------------------------------------------
  slack (MET)                                                      0.0036


1
