 
****************************************
Report : area
Design : MyDesign
Version: P-2019.03-SP1
Date   : Thu Nov 11 02:20:56 2021
****************************************

Library(s) Used:

    NangateOpenCellLibrary_PDKv1_2_v2008_10_slow_nldm (File: /afs/eos.ncsu.edu/lockers/research/ece/wdavis/tech/nangate/NangateOpenCellLibrary_PDKv1_2_v2008_10/liberty/520/NangateOpenCellLibrary_PDKv1_2_v2008_10_slow_nldm.db)

Number of ports:                           89
Number of nets:                          1099
Number of cells:                         1010
Number of combinational cells:            744
Number of sequential cells:               237
Number of macros/black boxes:               0
Number of buf/inv:                        189
Number of references:                      52

Combinational area:                803.851992
Buf/Inv area:                      103.474001
Noncombinational area:            1183.168017
Macro/Black Box area:                0.000000
Net Interconnect area:      undefined  (No wire load specified)

Total cell area:                  1987.020009
Total area:                 undefined
1
