 
****************************************
Report : area
Design : MyDesign
Version: P-2019.03-SP1
Date   : Wed Nov 10 23:40:03 2021
****************************************

Library(s) Used:

    NangateOpenCellLibrary_PDKv1_2_v2008_10_slow_nldm (File: /afs/eos.ncsu.edu/lockers/research/ece/wdavis/tech/nangate/NangateOpenCellLibrary_PDKv1_2_v2008_10/liberty/520/NangateOpenCellLibrary_PDKv1_2_v2008_10_slow_nldm.db)

Number of ports:                           89
Number of nets:                           999
Number of cells:                          933
Number of combinational cells:            729
Number of sequential cells:               178
Number of macros/black boxes:               0
Number of buf/inv:                        174
Number of references:                      34

Combinational area:                826.195993
Buf/Inv area:                       96.026001
Noncombinational area:             879.662014
Macro/Black Box area:                0.000000
Net Interconnect area:      undefined  (No wire load specified)

Total cell area:                  1705.858007
Total area:                 undefined
1
