Information: Updating design information... (UID-85)
 
****************************************
Report : timing
        -path full
        -delay max
        -max_paths 1
Design : MyDesign
Version: P-2019.03-SP1
Date   : Wed Nov 10 23:40:00 2021
****************************************

Operating Conditions: slow   Library: NangateOpenCellLibrary_PDKv1_2_v2008_10_slow_nldm
Wire Load Model Mode: top

  Startpoint: R_93 (rising edge-triggered flip-flop clocked by clk)
  Endpoint: cnt_w_reg[4]
            (rising edge-triggered flip-flop clocked by clk)
  Path Group: clk
  Path Type: max

  Point                                    Incr       Path
  -----------------------------------------------------------
  clock clk (rise edge)                  0.0000     0.0000
  clock network delay (ideal)            0.0000     0.0000
  R_93/CK (DFFS_X2)                      0.0000     0.0000 r
  R_93/Q (DFFS_X2)                       0.6697     0.6697 f
  U776/ZN (AOI211_X1)                    0.8364     1.5061 r
  U800/Z (CLKBUF_X3)                     0.4614     1.9675 r
  U801/ZN (NAND2_X1)                     0.1561     2.1236 f
  U802/ZN (INV_X1)                       0.1565     2.2802 r
  U884/ZN (OAI211_X1)                    0.1585     2.4387 f
  U886/ZN (NAND2_X1)                     0.1357     2.5744 r
  cnt_w_reg[4]/D (DFFR_X1)               0.0000     2.5744 r
  data arrival time                                 2.5744

  clock clk (rise edge)                  2.9000     2.9000
  clock network delay (ideal)            0.0000     2.9000
  clock uncertainty                     -0.0500     2.8500
  cnt_w_reg[4]/CK (DFFR_X1)              0.0000     2.8500 r
  library setup time                    -0.2673     2.5827
  data required time                                2.5827
  -----------------------------------------------------------
  data required time                                2.5827
  data arrival time                                -2.5744
  -----------------------------------------------------------
  slack (MET)                                       0.0084


1
