 
****************************************
Report : area
Design : MyDesign
Version: P-2019.03-SP1
Date   : Tue Nov  9 05:59:52 2021
****************************************

Library(s) Used:

    NangateOpenCellLibrary_PDKv1_2_v2008_10_slow_nldm (File: /afs/eos.ncsu.edu/lockers/research/ece/wdavis/tech/nangate/NangateOpenCellLibrary_PDKv1_2_v2008_10/liberty/520/NangateOpenCellLibrary_PDKv1_2_v2008_10_slow_nldm.db)

Number of ports:                           89
Number of nets:                          1009
Number of cells:                          945
Number of combinational cells:            708
Number of sequential cells:               210
Number of macros/black boxes:               0
Number of buf/inv:                        152
Number of references:                      47

Combinational area:                790.019993
Buf/Inv area:                       83.258001
Noncombinational area:            1062.138012
Macro/Black Box area:                0.000000
Net Interconnect area:      undefined  (No wire load specified)

Total cell area:                  1852.158006
Total area:                 undefined
1
