Information: Updating design information... (UID-85)
 
****************************************
Report : timing
        -path full
        -delay max
        -max_paths 1
Design : MyDesign
Version: P-2019.03-SP1
Date   : Tue Nov  9 05:59:49 2021
****************************************

Operating Conditions: slow   Library: NangateOpenCellLibrary_PDKv1_2_v2008_10_slow_nldm
Wire Load Model Mode: top

  Startpoint: R_0 (rising edge-triggered flip-flop clocked by clk)
  Endpoint: R_96 (rising edge-triggered flip-flop clocked by clk)
  Path Group: clk
  Path Type: max

  Point                                    Incr       Path
  -----------------------------------------------------------
  clock clk (rise edge)                  0.0000     0.0000
  clock network delay (ideal)            0.0000     0.0000
  R_0/CK (DFFR_X2)                       0.0000     0.0000 r
  R_0/QN (DFFR_X2)                       0.5418     0.5418 r
  U824/ZN (XNOR2_X1)                     0.3929     0.9347 r
  U562/ZN (XNOR2_X1)                     0.3989     1.3336 r
  U556/ZN (XNOR2_X1)                     0.3556     1.6892 r
  U507/ZN (NAND3_X1)                     0.1475     1.8367 f
  U546/ZN (INV_X2)                       0.1151     1.9518 r
  U1277/ZN (AOI211_X2)                   0.0781     2.0299 f
  R_96/D (DFF_X1)                        0.0000     2.0299 f
  data arrival time                                 2.0299

  clock clk (rise edge)                  2.4230     2.4230
  clock network delay (ideal)            0.0000     2.4230
  clock uncertainty                     -0.0500     2.3730
  R_96/CK (DFF_X1)                       0.0000     2.3730 r
  library setup time                    -0.3428     2.0302
  data required time                                2.0302
  -----------------------------------------------------------
  data required time                                2.0302
  data arrival time                                -2.0299
  -----------------------------------------------------------
  slack (MET)                                       0.0003


1
