 
****************************************
Report : area
Design : MyDesign
Version: P-2019.03-SP1
Date   : Thu Nov 11 01:02:05 2021
****************************************

Library(s) Used:

    NangateOpenCellLibrary_PDKv1_2_v2008_10_slow_nldm (File: /afs/eos.ncsu.edu/lockers/research/ece/wdavis/tech/nangate/NangateOpenCellLibrary_PDKv1_2_v2008_10/liberty/520/NangateOpenCellLibrary_PDKv1_2_v2008_10_slow_nldm.db)

Number of ports:                           89
Number of nets:                          1027
Number of cells:                          934
Number of combinational cells:            742
Number of sequential cells:               166
Number of macros/black boxes:               0
Number of buf/inv:                        162
Number of references:                      44

Combinational area:                797.733991
Buf/Inv area:                       87.780001
Noncombinational area:             823.536013
Macro/Black Box area:                0.000000
Net Interconnect area:      undefined  (No wire load specified)

Total cell area:                  1621.270004
Total area:                 undefined
1
