 
****************************************
Report : area
Design : MyDesign
Version: P-2019.03-SP1
Date   : Wed Nov 10 23:24:04 2021
****************************************

Library(s) Used:

    NangateOpenCellLibrary_PDKv1_2_v2008_10_slow_nldm (File: /afs/eos.ncsu.edu/lockers/research/ece/wdavis/tech/nangate/NangateOpenCellLibrary_PDKv1_2_v2008_10/liberty/520/NangateOpenCellLibrary_PDKv1_2_v2008_10_slow_nldm.db)

Number of ports:                           89
Number of nets:                          1205
Number of cells:                         1109
Number of combinational cells:            830
Number of sequential cells:               251
Number of macros/black boxes:               0
Number of buf/inv:                        259
Number of references:                      49

Combinational area:                837.101991
Buf/Inv area:                      141.512001
Noncombinational area:            1222.270024
Macro/Black Box area:                0.000000
Net Interconnect area:      undefined  (No wire load specified)

Total cell area:                  2059.372015
Total area:                 undefined
1
