Information: Updating design information... (UID-85)
 
****************************************
Report : timing
        -path full
        -delay max
        -max_paths 1
Design : MyDesign
Version: P-2019.03-SP1
Date   : Wed Nov 10 23:24:00 2021
****************************************

Operating Conditions: slow   Library: NangateOpenCellLibrary_PDKv1_2_v2008_10_slow_nldm
Wire Load Model Mode: top

  Startpoint: row2_reg[9]
              (rising edge-triggered flip-flop clocked by clk)
  Endpoint: R_186 (rising edge-triggered flip-flop clocked by clk)
  Path Group: clk
  Path Type: max

  Point                                    Incr       Path
  -----------------------------------------------------------
  clock clk (rise edge)                  0.0000     0.0000
  clock network delay (ideal)            0.0000     0.0000
  row2_reg[9]/CK (DFF_X1)                0.0000     0.0000 r
  row2_reg[9]/Q (DFF_X1)                 0.5629     0.5629 r
  U701/ZN (XNOR2_X2)                     0.3203     0.8832 r
  U551/ZN (INV_X2)                       0.0656     0.9488 f
  U731/ZN (INV_X4)                       0.0731     1.0219 r
  U1122/ZN (XNOR2_X2)                    0.2600     1.2819 r
  U1184/ZN (XNOR2_X2)                    0.3026     1.5845 r
  U1107/ZN (NAND3_X1)                    0.1395     1.7240 f
  R_186/D (DFF_X2)                       0.0000     1.7240 f
  data arrival time                                 1.7240

  clock clk (rise edge)                  2.1000     2.1000
  clock network delay (ideal)            0.0000     2.1000
  clock uncertainty                     -0.0500     2.0500
  R_186/CK (DFF_X2)                      0.0000     2.0500 r
  library setup time                    -0.3259     1.7241
  data required time                                1.7241
  -----------------------------------------------------------
  data required time                                1.7241
  data arrival time                                -1.7240
  -----------------------------------------------------------
  slack (MET)                                       0.0002


1
