Information: Updating design information... (UID-85)
 
****************************************
Report : timing
        -path full
        -delay max
        -max_paths 1
Design : MyDesign
Version: P-2019.03-SP1
Date   : Tue Nov  9 05:14:57 2021
****************************************

Operating Conditions: slow   Library: NangateOpenCellLibrary_PDKv1_2_v2008_10_slow_nldm
Wire Load Model Mode: top

  Startpoint: weight_reg[2]
              (rising edge-triggered flip-flop clocked by clk)
  Endpoint: R_161 (rising edge-triggered flip-flop clocked by clk)
  Path Group: clk
  Path Type: max

  Point                                    Incr       Path
  -----------------------------------------------------------
  clock clk (rise edge)                  0.0000     0.0000
  clock network delay (ideal)            0.0000     0.0000
  weight_reg[2]/CK (DFFR_X2)             0.0000     0.0000 r
  weight_reg[2]/QN (DFFR_X2)             0.3857     0.3857 f
  U485/ZN (INV_X4)                       0.2349     0.6205 r
  U836/ZN (XNOR2_X1)                     0.4268     1.0474 r
  U688/ZN (INV_X1)                       0.1032     1.1506 f
  U1250/ZN (AOI22_X2)                    0.3571     1.5077 r
  U1262/ZN (NAND2_X2)                    0.1145     1.6223 f
  U755/ZN (OR2_X1)                       0.2159     1.8382 f
  U982/ZN (NAND4_X1)                     0.3173     2.1555 r
  R_161/D (DFF_X2)                       0.0000     2.1555 r
  data arrival time                                 2.1555

  clock clk (rise edge)                  2.4600     2.4600
  clock network delay (ideal)            0.0000     2.4600
  clock uncertainty                     -0.0500     2.4100
  R_161/CK (DFF_X2)                      0.0000     2.4100 r
  library setup time                    -0.2527     2.1573
  data required time                                2.1573
  -----------------------------------------------------------
  data required time                                2.1573
  data arrival time                                -2.1555
  -----------------------------------------------------------
  slack (MET)                                       0.0018


1
