 
****************************************
Report : area
Design : MyDesign
Version: P-2019.03-SP1
Date   : Thu Nov 11 00:51:05 2021
****************************************

Library(s) Used:

    NangateOpenCellLibrary_PDKv1_2_v2008_10_slow_nldm (File: /afs/eos.ncsu.edu/lockers/research/ece/wdavis/tech/nangate/NangateOpenCellLibrary_PDKv1_2_v2008_10/liberty/520/NangateOpenCellLibrary_PDKv1_2_v2008_10_slow_nldm.db)

Number of ports:                           89
Number of nets:                          1002
Number of cells:                          931
Number of combinational cells:            747
Number of sequential cells:               156
Number of macros/black boxes:               0
Number of buf/inv:                        155
Number of references:                      45

Combinational area:                801.457991
Buf/Inv area:                       84.854001
Noncombinational area:             787.892010
Macro/Black Box area:                0.000000
Net Interconnect area:      undefined  (No wire load specified)

Total cell area:                  1589.350001
Total area:                 undefined
1
