 
****************************************
Report : area
Design : MyDesign
Version: P-2019.03-SP1
Date   : Wed Nov 10 01:17:24 2021
****************************************

Library(s) Used:

    NangateOpenCellLibrary_PDKv1_2_v2008_10_slow_nldm (File: /afs/eos.ncsu.edu/lockers/research/ece/wdavis/tech/nangate/NangateOpenCellLibrary_PDKv1_2_v2008_10/liberty/520/NangateOpenCellLibrary_PDKv1_2_v2008_10_slow_nldm.db)

Number of ports:                           89
Number of nets:                          1024
Number of cells:                          941
Number of combinational cells:            721
Number of sequential cells:               194
Number of macros/black boxes:               0
Number of buf/inv:                        172
Number of references:                      41

Combinational area:                784.965993
Buf/Inv area:                       92.036001
Noncombinational area:             971.964013
Macro/Black Box area:                0.000000
Net Interconnect area:      undefined  (No wire load specified)

Total cell area:                  1756.930006
Total area:                 undefined
1
