 
****************************************
Report : area
Design : MyDesign
Version: P-2019.03-SP1
Date   : Wed Nov 10 23:37:11 2021
****************************************

Library(s) Used:

    NangateOpenCellLibrary_PDKv1_2_v2008_10_slow_nldm (File: /afs/eos.ncsu.edu/lockers/research/ece/wdavis/tech/nangate/NangateOpenCellLibrary_PDKv1_2_v2008_10/liberty/520/NangateOpenCellLibrary_PDKv1_2_v2008_10_slow_nldm.db)

Number of ports:                           89
Number of nets:                          1114
Number of cells:                         1035
Number of combinational cells:            861
Number of sequential cells:               145
Number of macros/black boxes:               0
Number of buf/inv:                        234
Number of references:                      48

Combinational area:                854.391989
Buf/Inv area:                      127.946001
Noncombinational area:             725.116011
Macro/Black Box area:                0.000000
Net Interconnect area:      undefined  (No wire load specified)

Total cell area:                  1579.508000
Total area:                 undefined
1
