 
****************************************
Report : timing
        -path full
        -delay max
        -max_paths 1
Design : MyDesign
Version: P-2019.03-SP1
Date   : Wed Nov 10 23:37:11 2021
****************************************

Operating Conditions: slow   Library: NangateOpenCellLibrary_PDKv1_2_v2008_10_slow_nldm
Wire Load Model Mode: top

  Startpoint: weight_reg[2]
              (rising edge-triggered flip-flop clocked by clk)
  Endpoint: dut_sram_write_data_reg[8]
            (rising edge-triggered flip-flop clocked by clk)
  Path Group: clk
  Path Type: max

  Point                                                   Incr       Path
  --------------------------------------------------------------------------
  clock clk (rise edge)                                 0.0000     0.0000
  clock network delay (ideal)                           0.0000     0.0000
  weight_reg[2]/CK (SDFF_X2)                            0.0000     0.0000 r
  weight_reg[2]/QN (SDFF_X2)                            0.6416     0.6416 f
  U1050/ZN (XNOR2_X2)                                   0.2394     0.8810 r
  U688/ZN (XNOR2_X2)                                    0.3176     1.1987 r
  U750/ZN (XNOR2_X2)                                    0.3174     1.5160 r
  U678/ZN (INV_X2)                                      0.0563     1.5723 f
  U677/ZN (NAND3_X2)                                    0.1714     1.7437 r
  U676/ZN (NAND2_X2)                                    0.0869     1.8306 f
  U675/ZN (INV_X4)                                      0.0576     1.8882 r
  U1151/ZN (AOI21_X2)                                   0.0518     1.9399 f
  dut_sram_write_data_reg[8]/D (DFF_X2)                 0.0000     1.9399 f
  data arrival time                                                1.9399

  clock clk (rise edge)                                 2.2000     2.2000
  clock network delay (ideal)                           0.0000     2.2000
  clock uncertainty                                    -0.0500     2.1500
  dut_sram_write_data_reg[8]/CK (DFF_X2)                0.0000     2.1500 r
  library setup time                                   -0.3043     1.8457
  data required time                                               1.8457
  --------------------------------------------------------------------------
  data required time                                               1.8457
  data arrival time                                               -1.9399
  --------------------------------------------------------------------------
  slack (VIOLATED)                                                -0.0943


1
