 
****************************************
Report : area
Design : MyDesign
Version: P-2019.03-SP1
Date   : Tue Nov  9 06:19:46 2021
****************************************

Library(s) Used:

    NangateOpenCellLibrary_PDKv1_2_v2008_10_slow_nldm (File: /afs/eos.ncsu.edu/lockers/research/ece/wdavis/tech/nangate/NangateOpenCellLibrary_PDKv1_2_v2008_10/liberty/520/NangateOpenCellLibrary_PDKv1_2_v2008_10_slow_nldm.db)

Number of ports:                           89
Number of nets:                          1089
Number of cells:                         1006
Number of combinational cells:            861
Number of sequential cells:               110
Number of macros/black boxes:               0
Number of buf/inv:                        204
Number of references:                      46

Combinational area:                866.095988
Buf/Inv area:                      114.646001
Noncombinational area:             575.624006
Macro/Black Box area:                0.000000
Net Interconnect area:      undefined  (No wire load specified)

Total cell area:                  1441.719994
Total area:                 undefined
1
