 
****************************************
Report : area
Design : MyDesign
Version: P-2019.03-SP1
Date   : Wed Nov 10 23:56:45 2021
****************************************

Library(s) Used:

    NangateOpenCellLibrary_PDKv1_2_v2008_10_slow_nldm (File: /afs/eos.ncsu.edu/lockers/research/ece/wdavis/tech/nangate/NangateOpenCellLibrary_PDKv1_2_v2008_10/liberty/520/NangateOpenCellLibrary_PDKv1_2_v2008_10_slow_nldm.db)

Number of ports:                           89
Number of nets:                          1078
Number of cells:                         1003
Number of combinational cells:            864
Number of sequential cells:               109
Number of macros/black boxes:               0
Number of buf/inv:                        239
Number of references:                      46

Combinational area:                861.839989
Buf/Inv area:                      132.202001
Noncombinational area:             555.142007
Macro/Black Box area:                0.000000
Net Interconnect area:      undefined  (No wire load specified)

Total cell area:                  1416.981996
Total area:                 undefined
1
