 
****************************************
Report : area
Design : MyDesign
Version: P-2019.03-SP1
Date   : Thu Nov 11 01:33:22 2021
****************************************

Library(s) Used:

    NangateOpenCellLibrary_PDKv1_2_v2008_10_slow_nldm (File: /afs/eos.ncsu.edu/lockers/research/ece/wdavis/tech/nangate/NangateOpenCellLibrary_PDKv1_2_v2008_10/liberty/520/NangateOpenCellLibrary_PDKv1_2_v2008_10_slow_nldm.db)

Number of ports:                           89
Number of nets:                          1013
Number of cells:                          930
Number of combinational cells:            697
Number of sequential cells:               207
Number of macros/black boxes:               0
Number of buf/inv:                        133
Number of references:                      44

Combinational area:                780.443992
Buf/Inv area:                       72.086001
Noncombinational area:            1025.430016
Macro/Black Box area:                0.000000
Net Interconnect area:      undefined  (No wire load specified)

Total cell area:                  1805.874009
Total area:                 undefined
1
