 
****************************************
Report : area
Design : MyDesign
Version: P-2019.03-SP1
Date   : Tue Nov  9 02:40:47 2021
****************************************

Library(s) Used:

    NangateOpenCellLibrary_PDKv1_2_v2008_10_slow_nldm (File: /afs/eos.ncsu.edu/lockers/research/ece/wdavis/tech/nangate/NangateOpenCellLibrary_PDKv1_2_v2008_10/liberty/520/NangateOpenCellLibrary_PDKv1_2_v2008_10_slow_nldm.db)

Number of ports:                           89
Number of nets:                          1070
Number of cells:                         1009
Number of combinational cells:            800
Number of sequential cells:               183
Number of macros/black boxes:               0
Number of buf/inv:                        221
Number of references:                      40

Combinational area:                830.717992
Buf/Inv area:                      120.232001
Noncombinational area:             924.882011
Macro/Black Box area:                0.000000
Net Interconnect area:      undefined  (No wire load specified)

Total cell area:                  1755.600003
Total area:                 undefined
1
