 
****************************************
Report : timing
        -path full
        -delay max
        -max_paths 1
Design : MyDesign
Version: P-2019.03-SP1
Date   : Tue Nov  9 02:40:47 2021
****************************************

Operating Conditions: slow   Library: NangateOpenCellLibrary_PDKv1_2_v2008_10_slow_nldm
Wire Load Model Mode: top

  Startpoint: row2_reg[13]
              (rising edge-triggered flip-flop clocked by clk)
  Endpoint: R_51 (rising edge-triggered flip-flop clocked by clk)
  Path Group: clk
  Path Type: max

  Point                                    Incr       Path
  -----------------------------------------------------------
  clock clk (rise edge)                  0.0000     0.0000
  clock network delay (ideal)            0.0000     0.0000
  row2_reg[13]/CK (DFF_X1)               0.0000     0.0000 r
  row2_reg[13]/QN (DFF_X1)               0.5534     0.5534 r
  U677/ZN (XNOR2_X1)                     0.4298     0.9832 r
  U1220/ZN (XNOR2_X2)                    0.3401     1.3233 r
  U1221/ZN (XNOR2_X2)                    0.3048     1.6282 r
  U1222/ZN (NAND3_X2)                    0.1217     1.7499 f
  U480/ZN (OAI211_X2)                    0.2083     1.9581 r
  U505/ZN (NAND3_X1)                     0.1131     2.0712 f
  R_51/D (DFF_X1)                        0.0000     2.0712 f
  data arrival time                                 2.0712

  clock clk (rise edge)                  2.4500     2.4500
  clock network delay (ideal)            0.0000     2.4500
  clock uncertainty                     -0.0500     2.4000
  R_51/CK (DFF_X1)                       0.0000     2.4000 r
  library setup time                    -0.3270     2.0730
  data required time                                2.0730
  -----------------------------------------------------------
  data required time                                2.0730
  data arrival time                                -2.0712
  -----------------------------------------------------------
  slack (MET)                                       0.0018


1
