 
****************************************
Report : area
Design : MyDesign
Version: P-2019.03-SP1
Date   : Thu Nov 11 01:57:51 2021
****************************************

Library(s) Used:

    NangateOpenCellLibrary_PDKv1_2_v2008_10_slow_nldm (File: /afs/eos.ncsu.edu/lockers/research/ece/wdavis/tech/nangate/NangateOpenCellLibrary_PDKv1_2_v2008_10/liberty/520/NangateOpenCellLibrary_PDKv1_2_v2008_10_slow_nldm.db)

Number of ports:                           89
Number of nets:                           997
Number of cells:                          927
Number of combinational cells:            746
Number of sequential cells:               155
Number of macros/black boxes:               0
Number of buf/inv:                        158
Number of references:                      41

Combinational area:                802.255991
Buf/Inv area:                       86.184001
Noncombinational area:             771.400012
Macro/Black Box area:                0.000000
Net Interconnect area:      undefined  (No wire load specified)

Total cell area:                  1573.656003
Total area:                 undefined
1
