Information: Updating design information... (UID-85)
 
****************************************
Report : timing
        -path full
        -delay max
        -max_paths 1
Design : MyDesign
Version: P-2019.03-SP1
Date   : Thu Nov 11 01:57:47 2021
****************************************

Operating Conditions: slow   Library: NangateOpenCellLibrary_PDKv1_2_v2008_10_slow_nldm
Wire Load Model Mode: top

  Startpoint: weight_reg[1]
              (rising edge-triggered flip-flop clocked by clk)
  Endpoint: R_44 (rising edge-triggered flip-flop clocked by clk)
  Path Group: clk
  Path Type: max

  Point                                    Incr       Path
  -----------------------------------------------------------
  clock clk (rise edge)                  0.0000     0.0000
  clock network delay (ideal)            0.0000     0.0000
  weight_reg[1]/CK (DFF_X2)              0.0000     0.0000 r
  weight_reg[1]/QN (DFF_X2)              0.4924     0.4924 r
  U1166/ZN (INV_X8)                      0.1008     0.5932 f
  U1225/ZN (XNOR2_X2)                    0.2939     0.8871 r
  U941/ZN (XNOR2_X1)                     0.4019     1.2890 r
  U716/ZN (XNOR2_X2)                     0.3298     1.6188 r
  U493/ZN (NAND3_X1)                     0.1584     1.7772 f
  U553/ZN (OAI21_X2)                     0.2066     1.9838 r
  U712/ZN (NAND3_X2)                     0.0837     2.0674 f
  R_44/D (DFF_X1)                        0.0000     2.0674 f
  data arrival time                                 2.0674

  clock clk (rise edge)                  2.4370     2.4370
  clock network delay (ideal)            0.0000     2.4370
  clock uncertainty                     -0.0500     2.3870
  R_44/CK (DFF_X1)                       0.0000     2.3870 r
  library setup time                    -0.3192     2.0678
  data required time                                2.0678
  -----------------------------------------------------------
  data required time                                2.0678
  data arrival time                                -2.0674
  -----------------------------------------------------------
  slack (MET)                                       0.0004


1
