Information: Updating design information... (UID-85)
 
****************************************
Report : timing
        -path full
        -delay max
        -max_paths 1
Design : MyDesign
Version: P-2019.03-SP1
Date   : Thu Nov 11 02:07:01 2021
****************************************

Operating Conditions: slow   Library: NangateOpenCellLibrary_PDKv1_2_v2008_10_slow_nldm
Wire Load Model Mode: top

  Startpoint: weight_reg[2]
              (rising edge-triggered flip-flop clocked by clk)
  Endpoint: R_197 (rising edge-triggered flip-flop clocked by clk)
  Path Group: clk
  Path Type: max

  Point                                    Incr       Path
  -----------------------------------------------------------
  clock clk (rise edge)                  0.0000     0.0000
  clock network delay (ideal)            0.0000     0.0000
  weight_reg[2]/CK (DFF_X1)              0.0000     0.0000 r
  weight_reg[2]/QN (DFF_X1)              0.3551     0.3551 f
  U498/ZN (INV_X4)                       0.2731     0.6282 r
  U1182/ZN (XNOR2_X2)                    0.3488     0.9770 r
  U784/ZN (XNOR2_X1)                     0.3751     1.3521 r
  U783/ZN (XNOR2_X1)                     0.3826     1.7347 r
  U1040/ZN (INV_X1)                      0.0734     1.8081 f
  U1039/ZN (NOR2_X1)                     0.1532     1.9613 r
  U1188/ZN (NAND3_X1)                    0.0999     2.0612 f
  R_197/D (DFF_X1)                       0.0000     2.0612 f
  data arrival time                                 2.0612

  clock clk (rise edge)                  2.4390     2.4390
  clock network delay (ideal)            0.0000     2.4390
  clock uncertainty                     -0.0500     2.3890
  R_197/CK (DFF_X1)                      0.0000     2.3890 r
  library setup time                    -0.3275     2.0615
  data required time                                2.0615
  -----------------------------------------------------------
  data required time                                2.0615
  data arrival time                                -2.0612
  -----------------------------------------------------------
  slack (MET)                                       0.0003


1
