Information: Updating design information... (UID-85)
 
****************************************
Report : timing
        -path full
        -delay max
        -max_paths 1
Design : MyDesign
Version: P-2019.03-SP1
Date   : Wed Nov 10 23:24:27 2021
****************************************

Operating Conditions: slow   Library: NangateOpenCellLibrary_PDKv1_2_v2008_10_slow_nldm
Wire Load Model Mode: top

  Startpoint: weight_reg[4]
              (rising edge-triggered flip-flop clocked by clk)
  Endpoint: R_124 (rising edge-triggered flip-flop clocked by clk)
  Path Group: clk
  Path Type: max

  Point                                    Incr       Path
  -----------------------------------------------------------
  clock clk (rise edge)                  0.0000     0.0000
  clock network delay (ideal)            0.0000     0.0000
  weight_reg[4]/CK (DFF_X2)              0.0000     0.0000 r
  weight_reg[4]/QN (DFF_X2)              0.4647     0.4647 r
  U1149/ZN (INV_X8)                      0.0827     0.5474 f
  U861/ZN (XNOR2_X1)                     0.4314     0.9787 r
  U847/ZN (XNOR2_X2)                     0.3464     1.3251 r
  U836/ZN (XNOR2_X2)                     0.3050     1.6301 r
  U1248/ZN (NAND3_X2)                    0.1166     1.7467 f
  U1279/ZN (OAI21_X2)                    0.1829     1.9296 r
  R_124/D (DFF_X2)                       0.0000     1.9296 r
  data arrival time                                 1.9296

  clock clk (rise edge)                  2.2000     2.2000
  clock network delay (ideal)            0.0000     2.2000
  clock uncertainty                     -0.0500     2.1500
  R_124/CK (DFF_X2)                      0.0000     2.1500 r
  library setup time                    -0.2195     1.9305
  data required time                                1.9305
  -----------------------------------------------------------
  data required time                                1.9305
  data arrival time                                -1.9296
  -----------------------------------------------------------
  slack (MET)                                       0.0008


1
