Information: Updating design information... (UID-85)
 
****************************************
Report : timing
        -path full
        -delay max
        -max_paths 1
Design : MyDesign
Version: P-2019.03-SP1
Date   : Thu Nov 11 00:18:01 2021
****************************************

Operating Conditions: slow   Library: NangateOpenCellLibrary_PDKv1_2_v2008_10_slow_nldm
Wire Load Model Mode: top

  Startpoint: weight_reg[5]
              (rising edge-triggered flip-flop clocked by clk)
  Endpoint: R_54 (rising edge-triggered flip-flop clocked by clk)
  Path Group: clk
  Path Type: max

  Point                                    Incr       Path
  -----------------------------------------------------------
  clock clk (rise edge)                  0.0000     0.0000
  clock network delay (ideal)            0.0000     0.0000
  weight_reg[5]/CK (DFF_X2)              0.0000     0.0000 r
  weight_reg[5]/QN (DFF_X2)              0.4529     0.4529 r
  U1142/ZN (INV_X8)                      0.0906     0.5435 f
  U823/ZN (XNOR2_X1)                     0.4303     0.9738 r
  U1188/ZN (XNOR2_X2)                    0.3694     1.3433 r
  U708/ZN (XNOR2_X2)                     0.3220     1.6652 r
  U704/ZN (NAND3_X2)                     0.1030     1.7683 f
  U703/ZN (NAND2_X2)                     0.1020     1.8703 r
  U702/ZN (NAND2_X2)                     0.0685     1.9387 f
  U701/ZN (NAND2_X2)                     0.0707     2.0095 r
  U498/ZN (INV_X1)                       0.0532     2.0627 f
  R_54/D (DFF_X1)                        0.0000     2.0627 f
  data arrival time                                 2.0627

  clock clk (rise edge)                  2.4200     2.4200
  clock network delay (ideal)            0.0000     2.4200
  clock uncertainty                     -0.0500     2.3700
  R_54/CK (DFF_X1)                       0.0000     2.3700 r
  library setup time                    -0.3043     2.0657
  data required time                                2.0657
  -----------------------------------------------------------
  data required time                                2.0657
  data arrival time                                -2.0627
  -----------------------------------------------------------
  slack (MET)                                       0.0030


1
