Information: Updating design information... (UID-85)
 
****************************************
Report : timing
        -path full
        -delay min
        -max_paths 1
Design : MyDesign
Version: P-2019.03-SP1
Date   : Thu Nov 11 01:45:30 2021
****************************************

Operating Conditions: fast   Library: NangateOpenCellLibrary_PDKv1_2_v2008_10_fast_nldm
Wire Load Model Mode: top

  Startpoint: R_166 (rising edge-triggered flip-flop clocked by clk)
  Endpoint: R_157 (rising edge-triggered flip-flop clocked by clk)
  Path Group: clk
  Path Type: min

  Point                                    Incr       Path
  -----------------------------------------------------------
  clock clk (rise edge)                  0.0000     0.0000
  clock network delay (ideal)            0.0000     0.0000
  R_166/CK (DFF_X1)                      0.0000     0.0000 r
  R_166/QN (DFF_X1)                      0.0626     0.0626 f
  R_157/D (DFF_X1)                       0.0000     0.0626 f
  data arrival time                                 0.0626

  clock clk (rise edge)                  0.0000     0.0000
  clock network delay (ideal)            0.0000     0.0000
  clock uncertainty                      0.0500     0.0500
  R_157/CK (DFF_X1)                      0.0000     0.0500 r
  library hold time                     -0.0004     0.0496
  data required time                                0.0496
  -----------------------------------------------------------
  data required time                                0.0496
  data arrival time                                -0.0626
  -----------------------------------------------------------
  slack (MET)                                       0.0131


1
