Information: Updating design information... (UID-85)
 
****************************************
Report : timing
        -path full
        -delay max
        -max_paths 1
Design : MyDesign
Version: P-2019.03-SP1
Date   : Tue Nov  9 04:41:49 2021
****************************************

Operating Conditions: slow   Library: NangateOpenCellLibrary_PDKv1_2_v2008_10_slow_nldm
Wire Load Model Mode: top

  Startpoint: row1_reg[4]
              (rising edge-triggered flip-flop clocked by clk)
  Endpoint: R_43 (rising edge-triggered flip-flop clocked by clk)
  Path Group: clk
  Path Type: max

  Point                                    Incr       Path
  -----------------------------------------------------------
  clock clk (rise edge)                  0.0000     0.0000
  clock network delay (ideal)            0.0000     0.0000
  row1_reg[4]/CK (DFF_X1)                0.0000     0.0000 r
  row1_reg[4]/Q (DFF_X1)                 0.6429     0.6429 f
  U707/ZN (XNOR2_X2)                     0.3141     0.9570 f
  U621/ZN (INV_X2)                       0.1231     1.0801 r
  U706/ZN (XNOR2_X2)                     0.2718     1.3519 r
  U705/ZN (XNOR2_X2)                     0.3142     1.6661 r
  U583/ZN (INV_X2)                       0.0704     1.7365 f
  U1186/ZN (NAND3_X1)                    0.1969     1.9334 r
  U1189/ZN (AOI22_X2)                    0.1120     2.0454 f
  R_43/D (DFF_X2)                        0.0000     2.0454 f
  data arrival time                                 2.0454

  clock clk (rise edge)                  2.4200     2.4200
  clock network delay (ideal)            0.0000     2.4200
  clock uncertainty                     -0.0500     2.3700
  R_43/CK (DFF_X2)                       0.0000     2.3700 r
  library setup time                    -0.3237     2.0463
  data required time                                2.0463
  -----------------------------------------------------------
  data required time                                2.0463
  data arrival time                                -2.0454
  -----------------------------------------------------------
  slack (MET)                                       0.0010


1
