 
****************************************
Report : area
Design : MyDesign
Version: P-2019.03-SP1
Date   : Thu Nov 11 02:24:31 2021
****************************************

Library(s) Used:

    NangateOpenCellLibrary_PDKv1_2_v2008_10_slow_nldm (File: /afs/eos.ncsu.edu/lockers/research/ece/wdavis/tech/nangate/NangateOpenCellLibrary_PDKv1_2_v2008_10/liberty/520/NangateOpenCellLibrary_PDKv1_2_v2008_10_slow_nldm.db)

Number of ports:                           89
Number of nets:                          1054
Number of cells:                          968
Number of combinational cells:            765
Number of sequential cells:               172
Number of macros/black boxes:               0
Number of buf/inv:                        181
Number of references:                      51

Combinational area:                813.959991
Buf/Inv area:                       97.888001
Noncombinational area:             869.288013
Macro/Black Box area:                0.000000
Net Interconnect area:      undefined  (No wire load specified)

Total cell area:                  1683.248004
Total area:                 undefined
1
