 
****************************************
Report : area
Design : MyDesign
Version: P-2019.03-SP1
Date   : Tue Nov  9 03:34:18 2021
****************************************

Library(s) Used:

    NangateOpenCellLibrary_PDKv1_2_v2008_10_slow_nldm (File: /afs/eos.ncsu.edu/lockers/research/ece/wdavis/tech/nangate/NangateOpenCellLibrary_PDKv1_2_v2008_10/liberty/520/NangateOpenCellLibrary_PDKv1_2_v2008_10_slow_nldm.db)

Number of ports:                           89
Number of nets:                          1079
Number of cells:                         1017
Number of combinational cells:            792
Number of sequential cells:               199
Number of macros/black boxes:               0
Number of buf/inv:                        219
Number of references:                      39

Combinational area:                820.077992
Buf/Inv area:                      117.572001
Noncombinational area:            1004.682012
Macro/Black Box area:                0.000000
Net Interconnect area:      undefined  (No wire load specified)

Total cell area:                  1824.760004
Total area:                 undefined
1
