 
****************************************
Report : timing
        -path full
        -delay max
        -max_paths 1
Design : MyDesign
Version: P-2019.03-SP1
Date   : Tue Nov  9 03:34:18 2021
****************************************

Operating Conditions: slow   Library: NangateOpenCellLibrary_PDKv1_2_v2008_10_slow_nldm
Wire Load Model Mode: top

  Startpoint: weight_reg[8]
              (rising edge-triggered flip-flop clocked by clk)
  Endpoint: R_135 (rising edge-triggered flip-flop clocked by clk)
  Path Group: clk
  Path Type: max

  Point                                    Incr       Path
  -----------------------------------------------------------
  clock clk (rise edge)                  0.0000     0.0000
  clock network delay (ideal)            0.0000     0.0000
  weight_reg[8]/CK (DFFR_X1)             0.0000     0.0000 r
  weight_reg[8]/QN (DFFR_X1)             0.4061     0.4061 f
  U1187/ZN (INV_X4)                      0.2310     0.6371 r
  U805/ZN (XNOR2_X1)                     0.3745     1.0116 r
  U759/ZN (XNOR2_X1)                     0.3917     1.4033 r
  U758/ZN (XNOR2_X1)                     0.3543     1.7575 r
  U892/ZN (NAND3_X1)                     0.1697     1.9273 f
  U538/ZN (OAI211_X2)                    0.2232     2.1505 r
  R_135/D (DFF_X2)                       0.0000     2.1505 r
  data arrival time                                 2.1505

  clock clk (rise edge)                  2.4400     2.4400
  clock network delay (ideal)            0.0000     2.4400
  clock uncertainty                     -0.0500     2.3900
  R_135/CK (DFF_X2)                      0.0000     2.3900 r
  library setup time                    -0.2378     2.1522
  data required time                                2.1522
  -----------------------------------------------------------
  data required time                                2.1522
  data arrival time                                -2.1505
  -----------------------------------------------------------
  slack (MET)                                       0.0017


1
