 
****************************************
Report : area
Design : MyDesign
Version: R-2020.09
Date   : Mon Nov 15 19:36:28 2021
****************************************

Library(s) Used:

    NangateOpenCellLibrary_PDKv1_2_v2008_10_slow_nldm (File: /afs/eos.ncsu.edu/lockers/research/ece/wdavis/tech/nangate/NangateOpenCellLibrary_PDKv1_2_v2008_10/liberty/520/NangateOpenCellLibrary_PDKv1_2_v2008_10_slow_nldm.db)

Number of ports:                           89
Number of nets:                          1052
Number of cells:                          962
Number of combinational cells:            761
Number of sequential cells:               175
Number of macros/black boxes:               0
Number of buf/inv:                        164
Number of references:                      41

Combinational area:                815.555991
Buf/Inv area:                       88.046001
Noncombinational area:             889.238015
Macro/Black Box area:                0.000000
Net Interconnect area:      undefined  (No wire load specified)

Total cell area:                  1704.794005
Total area:                 undefined
1
