 
****************************************
Report : area
Design : MyDesign
Version: P-2019.03-SP1
Date   : Tue Nov  2 13:12:33 2021
****************************************

Library(s) Used:

    NangateOpenCellLibrary_PDKv1_2_v2008_10_slow_nldm (File: /afs/eos.ncsu.edu/lockers/research/ece/wdavis/tech/nangate/NangateOpenCellLibrary_PDKv1_2_v2008_10/liberty/520/NangateOpenCellLibrary_PDKv1_2_v2008_10_slow_nldm.db)

Number of ports:                           89
Number of nets:                           717
Number of cells:                          574
Number of combinational cells:            443
Number of sequential cells:               104
Number of macros/black boxes:               0
Number of buf/inv:                         71
Number of references:                      28

Combinational area:                638.932012
Buf/Inv area:                       38.038000
Noncombinational area:             529.872005
Macro/Black Box area:                0.000000
Net Interconnect area:      undefined  (No wire load specified)

Total cell area:                  1168.804017
Total area:                 undefined
1
