 
****************************************
Report : area
Design : MyDesign
Version: P-2019.03-SP1
Date   : Thu Nov 11 02:24:04 2021
****************************************

Library(s) Used:

    NangateOpenCellLibrary_PDKv1_2_v2008_10_slow_nldm (File: /afs/eos.ncsu.edu/lockers/research/ece/wdavis/tech/nangate/NangateOpenCellLibrary_PDKv1_2_v2008_10/liberty/520/NangateOpenCellLibrary_PDKv1_2_v2008_10_slow_nldm.db)

Number of ports:                           89
Number of nets:                          1070
Number of cells:                          976
Number of combinational cells:            770
Number of sequential cells:               176
Number of macros/black boxes:               0
Number of buf/inv:                        184
Number of references:                      47

Combinational area:                816.353991
Buf/Inv area:                       99.218001
Noncombinational area:             887.110012
Macro/Black Box area:                0.000000
Net Interconnect area:      undefined  (No wire load specified)

Total cell area:                  1703.464004
Total area:                 undefined
1
