Information: Updating design information... (UID-85)
 
****************************************
Report : timing
        -path full
        -delay max
        -max_paths 1
Design : MyDesign
Version: P-2019.03-SP1
Date   : Thu Nov 11 02:24:00 2021
****************************************

Operating Conditions: slow   Library: NangateOpenCellLibrary_PDKv1_2_v2008_10_slow_nldm
Wire Load Model Mode: top

  Startpoint: R_52 (rising edge-triggered flip-flop clocked by clk)
  Endpoint: R_67 (rising edge-triggered flip-flop clocked by clk)
  Path Group: clk
  Path Type: max

  Point                                    Incr       Path
  -----------------------------------------------------------
  clock clk (rise edge)                  0.0000     0.0000
  clock network delay (ideal)            0.0000     0.0000
  R_52/CK (DFF_X2)                       0.0000     0.0000 r
  R_52/QN (DFF_X2)                       0.4543     0.4543 r
  U1149/Z (XOR2_X2)                      0.3955     0.8498 r
  U819/ZN (XNOR2_X2)                     0.3331     1.1829 r
  U967/ZN (XNOR2_X1)                     0.3868     1.5697 r
  U1081/ZN (NOR2_X2)                     0.1153     1.6851 f
  U584/ZN (NAND2_X2)                     0.1328     1.8179 r
  U822/ZN (NAND3_X2)                     0.0755     1.8934 f
  U1076/ZN (NAND3_X2)                    0.1396     2.0330 r
  U562/ZN (INV_X2)                       0.0480     2.0809 f
  R_67/D (DFF_X1)                        0.0000     2.0809 f
  data arrival time                                 2.0809

  clock clk (rise edge)                  2.4380     2.4380
  clock network delay (ideal)            0.0000     2.4380
  clock uncertainty                     -0.0500     2.3880
  R_67/CK (DFF_X1)                       0.0000     2.3880 r
  library setup time                    -0.3059     2.0821
  data required time                                2.0821
  -----------------------------------------------------------
  data required time                                2.0821
  data arrival time                                -2.0809
  -----------------------------------------------------------
  slack (MET)                                       0.0012


1
