 
****************************************
Report : area
Design : MyDesign
Version: R-2020.09
Date   : Mon Nov 15 19:33:35 2021
****************************************

Library(s) Used:

    NangateOpenCellLibrary_PDKv1_2_v2008_10_slow_nldm (File: /afs/eos.ncsu.edu/lockers/research/ece/wdavis/tech/nangate/NangateOpenCellLibrary_PDKv1_2_v2008_10/liberty/520/NangateOpenCellLibrary_PDKv1_2_v2008_10_slow_nldm.db)

Number of ports:                           89
Number of nets:                          1066
Number of cells:                          978
Number of combinational cells:            780
Number of sequential cells:               172
Number of macros/black boxes:               0
Number of buf/inv:                        187
Number of references:                      43

Combinational area:                826.993991
Buf/Inv area:                      102.144001
Noncombinational area:             872.214016
Macro/Black Box area:                0.000000
Net Interconnect area:      undefined  (No wire load specified)

Total cell area:                  1699.208007
Total area:                 undefined
1
