 
****************************************
Report : area
Design : MyDesign
Version: P-2019.03-SP1
Date   : Thu Nov 11 00:17:38 2021
****************************************

Library(s) Used:

    NangateOpenCellLibrary_PDKv1_2_v2008_10_slow_nldm (File: /afs/eos.ncsu.edu/lockers/research/ece/wdavis/tech/nangate/NangateOpenCellLibrary_PDKv1_2_v2008_10/liberty/520/NangateOpenCellLibrary_PDKv1_2_v2008_10_slow_nldm.db)

Number of ports:                           89
Number of nets:                          1082
Number of cells:                         1006
Number of combinational cells:            834
Number of sequential cells:               144
Number of macros/black boxes:               0
Number of buf/inv:                        233
Number of references:                      48

Combinational area:                845.613990
Buf/Inv area:                      127.680001
Noncombinational area:             727.776010
Macro/Black Box area:                0.000000
Net Interconnect area:      undefined  (No wire load specified)

Total cell area:                  1573.390000
Total area:                 undefined
1
