Information: Updating design information... (UID-85)
 
****************************************
Report : timing
        -path full
        -delay max
        -max_paths 1
Design : MyDesign
Version: P-2019.03-SP1
Date   : Thu Nov 11 02:47:15 2021
****************************************

Operating Conditions: slow   Library: NangateOpenCellLibrary_PDKv1_2_v2008_10_slow_nldm
Wire Load Model Mode: top

  Startpoint: R_26 (rising edge-triggered flip-flop clocked by clk)
  Endpoint: dut_sram_write_data_reg[0]
            (rising edge-triggered flip-flop clocked by clk)
  Path Group: clk
  Path Type: max

  Point                                                   Incr       Path
  --------------------------------------------------------------------------
  clock clk (rise edge)                                 0.0000     0.0000
  clock network delay (ideal)                           0.0000     0.0000
  R_26/CK (DFF_X1)                                      0.0000     0.0000 r
  R_26/Q (DFF_X1)                                       0.5574     0.5574 f
  U811/ZN (XNOR2_X1)                                    0.2537     0.8112 f
  U580/ZN (INV_X2)                                      0.0978     0.9090 r
  U816/ZN (XNOR2_X1)                                    0.3040     1.2129 r
  U552/ZN (XNOR2_X1)                                    0.3949     1.6079 r
  U612/ZN (NOR2_X2)                                     0.1071     1.7150 f
  U572/ZN (AND3_X1)                                     0.2009     1.9158 f
  U551/ZN (OAI21_X1)                                    0.2238     2.1396 r
  dut_sram_write_data_reg[0]/D (DFF_X2)                 0.0000     2.1396 r
  data arrival time                                                2.1396

  clock clk (rise edge)                                 2.4320     2.4320
  clock network delay (ideal)                           0.0000     2.4320
  clock uncertainty                                    -0.0500     2.3820
  dut_sram_write_data_reg[0]/CK (DFF_X2)                0.0000     2.3820 r
  library setup time                                   -0.2406     2.1414
  data required time                                               2.1414
  --------------------------------------------------------------------------
  data required time                                               2.1414
  data arrival time                                               -2.1396
  --------------------------------------------------------------------------
  slack (MET)                                                      0.0018


1
