 
****************************************
Report : area
Design : MyDesign
Version: P-2019.03-SP1
Date   : Thu Nov 11 00:14:03 2021
****************************************

Library(s) Used:

    NangateOpenCellLibrary_PDKv1_2_v2008_10_slow_nldm (File: /afs/eos.ncsu.edu/lockers/research/ece/wdavis/tech/nangate/NangateOpenCellLibrary_PDKv1_2_v2008_10/liberty/520/NangateOpenCellLibrary_PDKv1_2_v2008_10_slow_nldm.db)

Number of ports:                           89
Number of nets:                          1100
Number of cells:                         1001
Number of combinational cells:            751
Number of sequential cells:               224
Number of macros/black boxes:               0
Number of buf/inv:                        213
Number of references:                      43

Combinational area:                796.137992
Buf/Inv area:                      114.114001
Noncombinational area:            1111.614017
Macro/Black Box area:                0.000000
Net Interconnect area:      undefined  (No wire load specified)

Total cell area:                  1907.752009
Total area:                 undefined
1
