 
****************************************
Report : timing
        -path full
        -delay max
        -max_paths 1
Design : MyDesign
Version: P-2019.03-SP1
Date   : Thu Nov 11 01:13:51 2021
****************************************

Operating Conditions: slow   Library: NangateOpenCellLibrary_PDKv1_2_v2008_10_slow_nldm
Wire Load Model Mode: top

  Startpoint: row2_reg[4]
              (rising edge-triggered flip-flop clocked by clk)
  Endpoint: R_57 (rising edge-triggered flip-flop clocked by clk)
  Path Group: clk
  Path Type: max

  Point                                    Incr       Path
  -----------------------------------------------------------
  clock clk (rise edge)                  0.0000     0.0000
  clock network delay (ideal)            0.0000     0.0000
  row2_reg[4]/CK (DFF_X1)                0.0000     0.0000 r
  row2_reg[4]/Q (DFF_X1)                 0.5640     0.5640 r
  U654/ZN (XNOR2_X2)                     0.3615     0.9255 r
  U776/ZN (XNOR2_X2)                     0.3054     1.2309 r
  U667/ZN (XNOR2_X1)                     0.3602     1.5912 r
  U1267/ZN (INV_X1)                      0.1219     1.7131 f
  U660/ZN (NAND2_X2)                     0.1277     1.8408 r
  U664/ZN (OAI21_X1)                     0.0823     1.9230 f
  U663/ZN (NAND2_X2)                     0.1267     2.0498 r
  U662/ZN (INV_X2)                       0.0414     2.0912 f
  R_57/D (DFF_X2)                        0.0000     2.0912 f
  data arrival time                                 2.0912

  clock clk (rise edge)                  2.4360     2.4360
  clock network delay (ideal)            0.0000     2.4360
  clock uncertainty                     -0.0500     2.3860
  R_57/CK (DFF_X2)                       0.0000     2.3860 r
  library setup time                    -0.2922     2.0938
  data required time                                2.0938
  -----------------------------------------------------------
  data required time                                2.0938
  data arrival time                                -2.0912
  -----------------------------------------------------------
  slack (MET)                                       0.0026


1
