 
****************************************
Report : area
Design : MyDesign
Version: P-2019.03-SP1
Date   : Thu Nov 11 02:37:40 2021
****************************************

Library(s) Used:

    NangateOpenCellLibrary_PDKv1_2_v2008_10_slow_nldm (File: /afs/eos.ncsu.edu/lockers/research/ece/wdavis/tech/nangate/NangateOpenCellLibrary_PDKv1_2_v2008_10/liberty/520/NangateOpenCellLibrary_PDKv1_2_v2008_10_slow_nldm.db)

Number of ports:                           89
Number of nets:                          1044
Number of cells:                          946
Number of combinational cells:            750
Number of sequential cells:               167
Number of macros/black boxes:               0
Number of buf/inv:                        181
Number of references:                      50

Combinational area:                803.851993
Buf/Inv area:                       98.154001
Noncombinational area:             835.772013
Macro/Black Box area:                0.000000
Net Interconnect area:      undefined  (No wire load specified)

Total cell area:                  1639.624006
Total area:                 undefined
1
