 
****************************************
Report : area
Design : MyDesign
Version: P-2019.03-SP1
Date   : Tue Nov  9 06:01:13 2021
****************************************

Library(s) Used:

    NangateOpenCellLibrary_PDKv1_2_v2008_10_slow_nldm (File: /afs/eos.ncsu.edu/lockers/research/ece/wdavis/tech/nangate/NangateOpenCellLibrary_PDKv1_2_v2008_10/liberty/520/NangateOpenCellLibrary_PDKv1_2_v2008_10_slow_nldm.db)

Number of ports:                           89
Number of nets:                          1068
Number of cells:                          986
Number of combinational cells:            813
Number of sequential cells:               141
Number of macros/black boxes:               0
Number of buf/inv:                        205
Number of references:                      45

Combinational area:                844.815991
Buf/Inv area:                      113.050001
Noncombinational area:             719.796009
Macro/Black Box area:                0.000000
Net Interconnect area:      undefined  (No wire load specified)

Total cell area:                  1564.612000
Total area:                 undefined
1
