 
****************************************
Report : area
Design : MyDesign
Version: P-2019.03-SP1
Date   : Tue Nov  9 05:13:07 2021
****************************************

Library(s) Used:

    NangateOpenCellLibrary_PDKv1_2_v2008_10_slow_nldm (File: /afs/eos.ncsu.edu/lockers/research/ece/wdavis/tech/nangate/NangateOpenCellLibrary_PDKv1_2_v2008_10/liberty/520/NangateOpenCellLibrary_PDKv1_2_v2008_10_slow_nldm.db)

Number of ports:                           89
Number of nets:                           998
Number of cells:                          935
Number of combinational cells:            716
Number of sequential cells:               193
Number of macros/black boxes:               0
Number of buf/inv:                        151
Number of references:                      42

Combinational area:                784.433993
Buf/Inv area:                       81.396001
Noncombinational area:             972.762012
Macro/Black Box area:                0.000000
Net Interconnect area:      undefined  (No wire load specified)

Total cell area:                  1757.196005
Total area:                 undefined
1
