Information: Updating design information... (UID-85)
 
****************************************
Report : timing
        -path full
        -delay max
        -max_paths 1
Design : MyDesign
Version: P-2019.03-SP1
Date   : Tue Nov  9 05:13:04 2021
****************************************

Operating Conditions: slow   Library: NangateOpenCellLibrary_PDKv1_2_v2008_10_slow_nldm
Wire Load Model Mode: top

  Startpoint: R_158 (rising edge-triggered flip-flop clocked by clk)
  Endpoint: R_122 (rising edge-triggered flip-flop clocked by clk)
  Path Group: clk
  Path Type: max

  Point                                    Incr       Path
  -----------------------------------------------------------
  clock clk (rise edge)                  0.0000     0.0000
  clock network delay (ideal)            0.0000     0.0000
  R_158/CK (DFFR_X1)                     0.0000     0.0000 r
  R_158/Q (DFFR_X1)                      0.6832     0.6832 f
  U740/ZN (XNOR2_X2)                     0.2659     0.9491 f
  U829/ZN (INV_X1)                       0.0969     1.0459 r
  U902/ZN (NAND2_X1)                     0.0683     1.1142 f
  U901/ZN (AOI22_X1)                     0.3896     1.5038 r
  U489/ZN (NAND2_X1)                     0.1424     1.6463 f
  U528/ZN (INV_X2)                       0.1011     1.7473 r
  U1265/ZN (NAND2_X2)                    0.0467     1.7940 f
  U1086/ZN (NAND4_X1)                    0.3084     2.1024 r
  R_122/D (DFF_X1)                       0.0000     2.1024 r
  data arrival time                                 2.1024

  clock clk (rise edge)                  2.4100     2.4100
  clock network delay (ideal)            0.0000     2.4100
  clock uncertainty                     -0.0500     2.3600
  R_122/CK (DFF_X1)                      0.0000     2.3600 r
  library setup time                    -0.2532     2.1068
  data required time                                2.1068
  -----------------------------------------------------------
  data required time                                2.1068
  data arrival time                                -2.1024
  -----------------------------------------------------------
  slack (MET)                                       0.0044


1
